#
# There is insufficient memory for the Java Runtime Environment to continue.
# Native memory allocation (mmap) failed to map 270532608 bytes for committing reserved memory.
# Possible reasons:
#   The system is out of physical RAM or swap space
#   In 32 bit mode, the process size limit was hit
# Possible solutions:
#   Reduce memory load on the system
#   Increase physical memory or swap space
#   Check if swap backing store is full
#   Use 64 bit Java on a 64 bit OS
#   Decrease Java heap size (-Xmx/-Xms)
#   Decrease number of Java threads
#   Decrease Java thread stack sizes (-Xss)
#   Set larger code cache with -XX:ReservedCodeCacheSize=
# This output file may be truncated or incomplete.
#
#  Out of Memory Error (os_linux.cpp:2627), pid=5952, tid=0x00007fdef2f21700
#
# JRE version: OpenJDK Runtime Environment (8.0_112-b06) (build 1.8.0_112-release-b06)
# Java VM: OpenJDK 64-Bit Server VM (25.112-b06 mixed mode linux-amd64 compressed oops)
# Failed to write core dump. Core dumps have been disabled. To enable core dumping, try "ulimit -c unlimited" before starting Java again
#

---------------  T H R E A D  ---------------

Current thread (0x00007fdf10077800):  VMThread [stack: 0x00007fdef2e21000,0x00007fdef2f22000] [id=5961]

Stack: [0x00007fdef2e21000,0x00007fdef2f22000],  sp=0x00007fdef2f204d0,  free space=1021k
Native frames: (J=compiled Java code, j=interpreted, Vv=VM code, C=native code)
V  [libjvm.so+0x9e465d]  VMError::report_and_die()+0x15d
V  [libjvm.so+0x4b6ada]  report_vm_out_of_memory(char const*, int, unsigned long, VMErrorType, char const*)+0x8a
V  [libjvm.so+0x84c860]  os::pd_commit_memory(char*, unsigned long, unsigned long, bool)+0xf0
V  [libjvm.so+0x84737f]  os::commit_memory(char*, unsigned long, unsigned long, bool)+0x1f
V  [libjvm.so+0x8bd3db]  PSVirtualSpace::expand_by(unsigned long)+0x5b
V  [libjvm.so+0x8ae1bb]  PSOldGen::expand_by(unsigned long) [clone .part.109]+0x1b
V  [libjvm.so+0x8ae37b]  PSOldGen::expand(unsigned long) [clone .part.111]+0xdb
V  [libjvm.so+0x8aec58]  PSOldGen::resize(unsigned long)+0x188
V  [libjvm.so+0x8b426c]  PSParallelCompact::invoke_no_policy(bool)+0x97c
V  [libjvm.so+0x8bb37d]  PSScavenge::invoke()+0x17d
V  [libjvm.so+0x86fcf3]  ParallelScavengeHeap::failed_mem_allocate(unsigned long)+0x63
V  [libjvm.so+0x9e6124]  VM_ParallelGCFailedAllocation::doit()+0x84
V  [libjvm.so+0x9ea537]  VM_Operation::evaluate()+0x47
V  [libjvm.so+0x9e8ff8]  VMThread::evaluate_operation(VM_Operation*)+0x2c8
V  [libjvm.so+0x9e9479]  VMThread::loop()+0x219
V  [libjvm.so+0x9e98c2]  VMThread::run()+0x72
V  [libjvm.so+0x849c82]  java_start(Thread*)+0xf2

VM_Operation (0x00007fdef1dfbfc0): ParallelGCFailedAllocation, mode: safepoint, requested by thread 0x00007fdf101af800


---------------  P R O C E S S  ---------------

Java Threads: ( => current thread )
  0x00007fdf101b5000 JavaThread "pool-2-thread-4" [_thread_blocked, id=5974, stack(0x00007fdef1afb000,0x00007fdef1bfc000)]
  0x00007fdf101b1000 JavaThread "pool-2-thread-3" [_thread_blocked, id=5973, stack(0x00007fdef1bfc000,0x00007fdef1cfd000)]
  0x00007fdf101af800 JavaThread "pool-2-thread-2" [_thread_blocked, id=5972, stack(0x00007fdef1cfd000,0x00007fdef1dfe000)]
  0x00007fdf101ad800 JavaThread "pool-3-thread-1" [_thread_blocked, id=5971, stack(0x00007fdef1dfe000,0x00007fdef1eff000)]
  0x00007fdf101ac800 JavaThread "pool-2-thread-1" [_thread_blocked, id=5970, stack(0x00007fdef1eff000,0x00007fdef2000000)]
  0x00007fdf100c7800 JavaThread "Service Thread" daemon [_thread_blocked, id=5968, stack(0x00007fdef21cd000,0x00007fdef22ce000)]
  0x00007fdf100bc800 JavaThread "C1 CompilerThread2" daemon [_thread_blocked, id=5967, stack(0x00007fdef22ce000,0x00007fdef23cf000)]
  0x00007fdf100ba800 JavaThread "C2 CompilerThread1" daemon [_thread_blocked, id=5966, stack(0x00007fdef23cf000,0x00007fdef24d0000)]
  0x00007fdf100b7800 JavaThread "C2 CompilerThread0" daemon [_thread_blocked, id=5965, stack(0x00007fdef24d0000,0x00007fdef25d1000)]
  0x00007fdf100b6800 JavaThread "Signal Dispatcher" daemon [_thread_blocked, id=5964, stack(0x00007fdef25d1000,0x00007fdef26d2000)]
  0x00007fdf10083800 JavaThread "Finalizer" daemon [_thread_blocked, id=5963, stack(0x00007fdef2c1f000,0x00007fdef2d20000)]
  0x00007fdf1007f000 JavaThread "Reference Handler" daemon [_thread_blocked, id=5962, stack(0x00007fdef2d20000,0x00007fdef2e21000)]
  0x00007fdf1000a000 JavaThread "main" [_thread_blocked, id=5954, stack(0x00007fdf18437000,0x00007fdf18538000)]

Other Threads:
=>0x00007fdf10077800 VMThread [stack: 0x00007fdef2e21000,0x00007fdef2f22000] [id=5961]
  0x00007fdf100ca000 WatcherThread [stack: 0x00007fdef20cc000,0x00007fdef21cd000] [id=5969]

VM state:at safepoint (normal execution)

VM Mutex/Monitor currently owned by a thread:  ([mutex/lock_event])
[0x00007fdf10005f00] ExpandHeap_lock - owner thread: 0x00007fdf10077800
[0x00007fdf10006580] Threads_lock - owner thread: 0x00007fdf10077800
[0x00007fdf10006a80] Heap_lock - owner thread: 0x00007fdf101af800

Heap:
 PSYoungGen      total 919040K, used 105421K [0x000000076ab00000, 0x00000007b2e00000, 0x00000007c0000000)
  eden space 732672K, 0% used [0x000000076ab00000,0x000000076ab00000,0x0000000797680000)
  from space 186368K, 56% used [0x00000007a3e80000,0x00000007aa573420,0x00000007af480000)
  to   space 204800K, 0% used [0x0000000797680000,0x0000000797680000,0x00000007a3e80000)
 ParOldGen       total 475136K, used 474984K [0x00000006c0000000, 0x00000006dd000000, 0x000000076ab00000)
  object space 475136K, 99% used [0x00000006c0000000,0x00000006dcfda2b8,0x00000006dd000000)
 Metaspace       used 6391K, capacity 7280K, committed 7552K, reserved 1056768K
  class space    used 582K, capacity 616K, committed 640K, reserved 1048576K

Card table byte_map: [0x00007fdf14ac7000,0x00007fdf152c8000] byte_map_base: 0x00007fdf114c7000

Marking Bits: (ParMarkBitMap*) 0x00007fdf17904340
 Begin Bits: [0x00007fdee4000000, 0x00007fdee8000000)
 End Bits:   [0x00007fdee8000000, 0x00007fdeec000000)

Polling page: 0x00007fdf18557000

CodeCache: size=245760Kb used=13938Kb max_used=13958Kb free=231821Kb
 bounds [0x00007fdf01000000, 0x00007fdf01db0000, 0x00007fdf10000000]
 total_blobs=2908 nmethods=2646 adapters=176
 compilation: enabled

Compilation events (10 events):
Event: 15.064 Thread 0x00007fdf100b7800 nmethod 2827 0x00007fdf01d26850 code [0x00007fdf01d26a20, 0x00007fdf01d27558]
Event: 15.064 Thread 0x00007fdf100b7800 2828       4       com.android.dx.dex.code.RopTranslator::outputInstructions (69 bytes)
Event: 15.085 Thread 0x00007fdf100bc800 2830 %     3       com.android.dx.dex.cf.AttributeTranslator::translateInnerClasses @ 46 (356 bytes)
Event: 15.090 Thread 0x00007fdf100bc800 nmethod 2830% 0x00007fdf01d9d7d0 code [0x00007fdf01d9de00, 0x00007fdf01da2438]
Event: 15.095 Thread 0x00007fdf100bc800 2832 %     3       java.util.ArrayList::indexOf @ 36 (67 bytes)
Event: 15.096 Thread 0x00007fdf100bc800 nmethod 2832% 0x00007fdf01d84850 code [0x00007fdf01d84a00, 0x00007fdf01d84f28]
Event: 15.096 Thread 0x00007fdf100bc800 2833       3       java.util.ArrayList::indexOf (67 bytes)
Event: 15.096 Thread 0x00007fdf100bc800 nmethod 2833 0x00007fdf01d83f90 code [0x00007fdf01d84140, 0x00007fdf01d84628]
Event: 15.228 Thread 0x00007fdf100b7800 nmethod 2828 0x00007fdf01da8ad0 code [0x00007fdf01da8e20, 0x00007fdf01dab0a8]
Event: 15.228 Thread 0x00007fdf100b7800 2831       4       com.android.dx.ssa.back.FirstFitLocalCombiningAllocator::handleLocalAssociatedOther (151 bytes)

GC Heap History (10 events):
Event: 9.573 GC heap after
Heap after GC invocations=13 (full 2):
 PSYoungGen      total 681472K, used 82650K [0x000000076ab00000, 0x00000007a3380000, 0x00000007c0000000)
  eden space 560128K, 0% used [0x000000076ab00000,0x000000076ab00000,0x000000078ce00000)
  from space 121344K, 68% used [0x000000078ce00000,0x0000000791eb6828,0x0000000794480000)
  to   space 128512K, 0% used [0x000000079b600000,0x000000079b600000,0x00000007a3380000)
 ParOldGen       total 290816K, used 234899K [0x00000006c0000000, 0x00000006d1c00000, 0x000000076ab00000)
  object space 290816K, 80% used [0x00000006c0000000,0x00000006ce564e18,0x00000006d1c00000)
 Metaspace       used 6380K, capacity 7280K, committed 7552K, reserved 1056768K
  class space    used 581K, capacity 616K, committed 640K, reserved 1048576K
}
Event: 9.573 GC heap before
{Heap before GC invocations=14 (full 3):
 PSYoungGen      total 681472K, used 82650K [0x000000076ab00000, 0x00000007a3380000, 0x00000007c0000000)
  eden space 560128K, 0% used [0x000000076ab00000,0x000000076ab00000,0x000000078ce00000)
  from space 121344K, 68% used [0x000000078ce00000,0x0000000791eb6828,0x0000000794480000)
  to   space 128512K, 0% used [0x000000079b600000,0x000000079b600000,0x00000007a3380000)
 ParOldGen       total 290816K, used 234899K [0x00000006c0000000, 0x00000006d1c00000, 0x000000076ab00000)
  object space 290816K, 80% used [0x00000006c0000000,0x00000006ce564e18,0x00000006d1c00000)
 Metaspace       used 6380K, capacity 7280K, committed 7552K, reserved 1056768K
  class space    used 581K, capacity 616K, committed 640K, reserved 1048576K
Event: 10.596 GC heap after
Heap after GC invocations=14 (full 3):
 PSYoungGen      total 681472K, used 22888K [0x000000076ab00000, 0x00000007a3380000, 0x00000007c0000000)
  eden space 560128K, 0% used [0x000000076ab00000,0x000000076ab00000,0x000000078ce00000)
  from space 121344K, 18% used [0x000000078ce00000,0x000000078e45a0f0,0x0000000794480000)
  to   space 128512K, 0% used [0x000000079b600000,0x000000079b600000,0x00000007a3380000)
 ParOldGen       total 475136K, used 290351K [0x00000006c0000000, 0x00000006dd000000, 0x000000076ab00000)
  object space 475136K, 61% used [0x00000006c0000000,0x00000006d1b8be98,0x00000006dd000000)
 Metaspace       used 6380K, capacity 7280K, committed 7552K, reserved 1056768K
  class space    used 581K, capacity 616K, committed 640K, reserved 1048576K
}
Event: 11.952 GC heap before
{Heap before GC invocations=15 (full 3):
 PSYoungGen      total 681472K, used 583016K [0x000000076ab00000, 0x00000007a3380000, 0x00000007c0000000)
  eden space 560128K, 100% used [0x000000076ab00000,0x000000078ce00000,0x000000078ce00000)
  from space 121344K, 18% used [0x000000078ce00000,0x000000078e45a0f0,0x0000000794480000)
  to   space 128512K, 0% used [0x000000079b600000,0x000000079b600000,0x00000007a3380000)
 ParOldGen       total 475136K, used 290351K [0x00000006c0000000, 0x00000006dd000000, 0x000000076ab00000)
  object space 475136K, 61% used [0x00000006c0000000,0x00000006d1b8be98,0x00000006dd000000)
 Metaspace       used 6386K, capacity 7280K, committed 7552K, reserved 1056768K
  class space    used 582K, capacity 616K, committed 640K, reserved 1048576K
Event: 12.141 GC heap after
Heap after GC invocations=15 (full 3):
 PSYoungGen      total 772608K, used 107483K [0x000000076ab00000, 0x00000007a3700000, 0x00000007c0000000)
  eden space 644096K, 0% used [0x000000076ab00000,0x000000076ab00000,0x0000000792000000)
  from space 128512K, 83% used [0x000000079b600000,0x00000007a1ef6df0,0x00000007a3380000)
  to   space 142848K, 0% used [0x0000000792000000,0x0000000792000000,0x000000079ab80000)
 ParOldGen       total 475136K, used 290351K [0x00000006c0000000, 0x00000006dd000000, 0x000000076ab00000)
  object space 475136K, 61% used [0x00000006c0000000,0x00000006d1b8be98,0x00000006dd000000)
 Metaspace       used 6386K, capacity 7280K, committed 7552K, reserved 1056768K
  class space    used 582K, capacity 616K, committed 640K, reserved 1048576K
}
Event: 13.577 GC heap before
{Heap before GC invocations=16 (full 3):
 PSYoungGen      total 772608K, used 751579K [0x000000076ab00000, 0x00000007a3700000, 0x00000007c0000000)
  eden space 644096K, 100% used [0x000000076ab00000,0x0000000792000000,0x0000000792000000)
  from space 128512K, 83% used [0x000000079b600000,0x00000007a1ef6df0,0x00000007a3380000)
  to   space 142848K, 0% used [0x0000000792000000,0x0000000792000000,0x000000079ab80000)
 ParOldGen       total 475136K, used 290351K [0x00000006c0000000, 0x00000006dd000000, 0x000000076ab00000)
  object space 475136K, 61% used [0x00000006c0000000,0x00000006d1b8be98,0x00000006dd000000)
 Metaspace       used 6391K, capacity 7280K, committed 7552K, reserved 1056768K
  class space    used 582K, capacity 616K, committed 640K, reserved 1048576K
Event: 13.799 GC heap after
Heap after GC invocations=16 (full 3):
 PSYoungGen      total 786944K, used 142838K [0x000000076ab00000, 0x00000007af480000, 0x00000007c0000000)
  eden space 644096K, 0% used [0x000000076ab00000,0x000000076ab00000,0x0000000792000000)
  from space 142848K, 99% used [0x0000000792000000,0x000000079ab7d870,0x000000079ab80000)
  to   space 186368K, 0% used [0x00000007a3e80000,0x00000007a3e80000,0x00000007af480000)
 ParOldGen       total 475136K, used 341702K [0x00000006c0000000, 0x00000006dd000000, 0x000000076ab00000)
  object space 475136K, 71% used [0x00000006c0000000,0x00000006d4db19a0,0x00000006dd000000)
 Metaspace       used 6391K, capacity 7280K, committed 7552K, reserved 1056768K
  class space    used 582K, capacity 616K, committed 640K, reserved 1048576K
}
Event: 15.237 GC heap before
{Heap before GC invocations=17 (full 3):
 PSYoungGen      total 786944K, used 786934K [0x000000076ab00000, 0x00000007af480000, 0x00000007c0000000)
  eden space 644096K, 100% used [0x000000076ab00000,0x0000000792000000,0x0000000792000000)
  from space 142848K, 99% used [0x0000000792000000,0x000000079ab7d870,0x000000079ab80000)
  to   space 186368K, 0% used [0x00000007a3e80000,0x00000007a3e80000,0x00000007af480000)
 ParOldGen       total 475136K, used 341702K [0x00000006c0000000, 0x00000006dd000000, 0x000000076ab00000)
  object space 475136K, 71% used [0x00000006c0000000,0x00000006d4db19a0,0x00000006dd000000)
 Metaspace       used 6391K, capacity 7280K, committed 7552K, reserved 1056768K
  class space    used 582K, capacity 616K, committed 640K, reserved 1048576K
Event: 15.626 GC heap after
Heap after GC invocations=17 (full 3):
 PSYoungGen      total 919040K, used 147992K [0x000000076ab00000, 0x00000007b2e00000, 0x00000007c0000000)
  eden space 732672K, 0% used [0x000000076ab00000,0x000000076ab00000,0x0000000797680000)
  from space 186368K, 79% used [0x00000007a3e80000,0x00000007acf06248,0x00000007af480000)
  to   space 204800K, 0% used [0x0000000797680000,0x0000000797680000,0x00000007a3e80000)
 ParOldGen       total 475136K, used 439129K [0x00000006c0000000, 0x00000006dd000000, 0x000000076ab00000)
  object space 475136K, 92% used [0x00000006c0000000,0x00000006dacd6558,0x00000006dd000000)
 Metaspace       used 6391K, capacity 7280K, committed 7552K, reserved 1056768K
  class space    used 582K, capacity 616K, committed 640K, reserved 1048576K
}
Event: 15.626 GC heap before
{Heap before GC invocations=18 (full 4):
 PSYoungGen      total 919040K, used 147992K [0x000000076ab00000, 0x00000007b2e00000, 0x00000007c0000000)
  eden space 732672K, 0% used [0x000000076ab00000,0x000000076ab00000,0x0000000797680000)
  from space 186368K, 79% used [0x00000007a3e80000,0x00000007acf06248,0x00000007af480000)
  to   space 204800K, 0% used [0x0000000797680000,0x0000000797680000,0x00000007a3e80000)
 ParOldGen       total 475136K, used 439129K [0x00000006c0000000, 0x00000006dd000000, 0x000000076ab00000)
  object space 475136K, 92% used [0x00000006c0000000,0x00000006dacd6558,0x00000006dd000000)
 Metaspace       used 6391K, capacity 7280K, committed 7552K, reserved 1056768K
  class space    used 582K, capacity 616K, committed 640K, reserved 1048576K

Deoptimization events (10 events):
Event: 11.758 Thread 0x00007fdf101af800 Uncommon trap: reason=speculate_class_check action=maybe_recompile pc=0x00007fdf01bac910 method=com.android.dx.rop.cst.TypedConstant.getBasicType()I @ 1
Event: 11.758 Thread 0x00007fdf101af800 Uncommon trap: reason=speculate_class_check action=maybe_recompile pc=0x00007fdf01bac910 method=com.android.dx.rop.cst.TypedConstant.getBasicType()I @ 1
Event: 11.851 Thread 0x00007fdf101b5000 Uncommon trap: reason=unstable_if action=reinterpret pc=0x00007fdf01c2e294 method=com.android.dx.cf.code.RopperMachine.updateReturnOp(Lcom/android/dx/rop/code/Rop;Lcom/android/dx/rop/code/SourcePosition;)V @ 106
Event: 12.657 Thread 0x00007fdf101b5000 Uncommon trap: reason=class_check action=maybe_recompile pc=0x00007fdf01c1f01c method=com.android.dx.ssa.SCCP.simulateBranch(Lcom/android/dx/ssa/SsaInsn;)V @ 339
Event: 12.668 Thread 0x00007fdf101b5000 Uncommon trap: reason=class_check action=maybe_recompile pc=0x00007fdf01c1f01c method=com.android.dx.ssa.SCCP.simulateBranch(Lcom/android/dx/ssa/SsaInsn;)V @ 339
Event: 12.814 Thread 0x00007fdf101af800 Uncommon trap: reason=unstable_if action=reinterpret pc=0x00007fdf01c90dd4 method=com.android.dx.ssa.back.IdenticalBlockCombiner.replaceSucc(Lcom/android/dx/rop/code/BasicBlock;II)V @ 30
Event: 14.850 Thread 0x00007fdf101af800 Uncommon trap: reason=bimorphic action=maybe_recompile pc=0x00007fdf01d4c0ac method=com.android.dx.cf.code.Merger.mergeType(Lcom/android/dx/rop/type/TypeBearer;Lcom/android/dx/rop/type/TypeBearer;)Lcom/android/dx/rop/type/TypeBearer; @ 28
Event: 14.852 Thread 0x00007fdf101af800 Uncommon trap: reason=unstable_if action=reinterpret pc=0x00007fdf01d4b6e0 method=com.android.dx.cf.code.Merger.mergeType(Lcom/android/dx/rop/type/TypeBearer;Lcom/android/dx/rop/type/TypeBearer;)Lcom/android/dx/rop/type/TypeBearer; @ 133
Event: 14.852 Thread 0x00007fdf101af800 Uncommon trap: reason=unstable_if action=reinterpret pc=0x00007fdf01d180f4 method=com.android.dx.rop.code.DexTranslationAdvice.hasConstantOperation(Lcom/android/dx/rop/code/Rop;Lcom/android/dx/rop/code/RegisterSpec;Lcom/android/dx/rop/code/RegisterSpec;)Z
Event: 14.962 Thread 0x00007fdf101b5000 Uncommon trap: reason=unstable_if action=reinterpret pc=0x00007fdf01d8b1ac method=com.android.dx.cf.code.Merger.isPossiblyAssignableFrom(Lcom/android/dx/rop/type/TypeBearer;Lcom/android/dx/rop/type/TypeBearer;)Z @ 131

Internal exceptions (9 events):
Event: 0.015 Thread 0x00007fdf1000a000 Exception <a 'java/lang/NoSuchMethodError': Method sun.misc.Unsafe.defineClass(Ljava/lang/String;[BII)Ljava/lang/Class; name or signature does not match> (0x000000076ab07c78) thrown at [/ssd/Android/AOSP-openjdk/external/jetbrains/jdk/hotspot/src/share/vm
Event: 0.015 Thread 0x00007fdf1000a000 Exception <a 'java/lang/NoSuchMethodError': Method sun.misc.Unsafe.prefetchRead(Ljava/lang/Object;J)V name or signature does not match> (0x000000076ab07f60) thrown at [/ssd/Android/AOSP-openjdk/external/jetbrains/jdk/hotspot/src/share/vm/prims/jni.cpp, li
Event: 0.315 Thread 0x00007fdf1000a000 Implicit null exception at 0x00007fdf01163434 to 0x00007fdf01163a7d
Event: 0.945 Thread 0x00007fdf101af800 Implicit null exception at 0x00007fdf0131fb59 to 0x00007fdf013224a5
Event: 1.164 Thread 0x00007fdf1000a000 Implicit null exception at 0x00007fdf01418d50 to 0x00007fdf01418f39
Event: 1.668 Thread 0x00007fdf101b1000 Exception <a 'java/lang/ArrayIndexOutOfBoundsException': 18> (0x000000076f212628) thrown at [/ssd/Android/AOSP-openjdk/external/jetbrains/jdk/hotspot/src/share/vm/interpreter/interpreterRuntime.cpp, line 366]
Event: 1.669 Thread 0x00007fdf101b1000 Exception <a 'java/lang/ArrayIndexOutOfBoundsException': 145> (0x000000076f2141a8) thrown at [/ssd/Android/AOSP-openjdk/external/jetbrains/jdk/hotspot/src/share/vm/interpreter/interpreterRuntime.cpp, line 366]
Event: 1.688 Thread 0x00007fdf101b1000 Exception <a 'java/lang/ArrayIndexOutOfBoundsException'> (0x000000076f215490) thrown at [/ssd/Android/AOSP-openjdk/external/jetbrains/jdk/hotspot/src/share/vm/runtime/sharedRuntime.cpp, line 605]
Event: 11.478 Thread 0x00007fdf101b1000 Implicit null exception at 0x00007fdf014690f9 to 0x00007fdf0146c311

Events (10 events):
Event: 14.962 Thread 0x00007fdf101b5000 Uncommon trap: trap_request=0xffffff65 fr.pc=0x00007fdf01d8b1ac
Event: 14.962 Thread 0x00007fdf101b5000 DEOPT PACKING pc=0x00007fdf01d8b1ac sp=0x00007fdef1bf9cf0
Event: 14.962 Thread 0x00007fdf101b5000 DEOPT UNPACKING pc=0x00007fdf01004f69 sp=0x00007fdef1bf9c38 mode 2
Event: 15.045 Thread 0x00007fdf1000a000 DEOPT PACKING pc=0x00007fdf0170b1fc sp=0x00007fdf18535850
Event: 15.048 Thread 0x00007fdf1000a000 DEOPT UNPACKING pc=0x00007fdf01047373 sp=0x00007fdf18535598 mode 0
Event: 15.096 Thread 0x00007fdf101ac800 DEOPT PACKING pc=0x00007fdf0136fcf4 sp=0x00007fdef1ffddc0
Event: 15.096 Thread 0x00007fdf101ac800 DEOPT UNPACKING pc=0x00007fdf01047373 sp=0x00007fdef1ffdb08 mode 0
Event: 15.191 Thread 0x00007fdf101ac800 DEOPT PACKING pc=0x00007fdf0170b1fc sp=0x00007fdef1ffe150
Event: 15.191 Thread 0x00007fdf101ac800 DEOPT UNPACKING pc=0x00007fdf01047373 sp=0x00007fdef1ffde98 mode 0
Event: 15.236 Executing VM operation: ParallelGCFailedAllocation


Dynamic libraries:
00400000-00401000 r-xp 00000000 08:05 929732                             /opt/android-studio/jre/bin/java
00600000-00601000 r--p 00000000 08:05 929732                             /opt/android-studio/jre/bin/java
00601000-00602000 rw-p 00001000 08:05 929732                             /opt/android-studio/jre/bin/java
01466000-01487000 rw-p 00000000 00:00 0                                  [heap]
6c0000000-6dd000000 rw-p 00000000 00:00 0 
6ed200000-76ab00000 ---p 00000000 00:00 0 
76ab00000-7b2e00000 rw-p 00000000 00:00 0 
7b2e00000-7c0000000 ---p 00000000 00:00 0 
7c0000000-7c00a0000 rw-p 00000000 00:00 0 
7c00a0000-800000000 ---p 00000000 00:00 0 
7fdea8000000-7fdea8023000 rw-p 00000000 00:00 0 
7fdea8023000-7fdeac000000 ---p 00000000 00:00 0 
7fdeb0000000-7fdeb0021000 rw-p 00000000 00:00 0 
7fdeb0021000-7fdeb4000000 ---p 00000000 00:00 0 
7fdeb4000000-7fdeb403e000 rw-p 00000000 00:00 0 
7fdeb403e000-7fdeb8000000 ---p 00000000 00:00 0 
7fdeb8000000-7fdeb8030000 rw-p 00000000 00:00 0 
7fdeb8030000-7fdebc000000 ---p 00000000 00:00 0 
7fdebc000000-7fdebc021000 rw-p 00000000 00:00 0 
7fdebc021000-7fdec0000000 ---p 00000000 00:00 0 
7fdec0000000-7fdec0021000 rw-p 00000000 00:00 0 
7fdec0021000-7fdec4000000 ---p 00000000 00:00 0 
7fdec4000000-7fdec4021000 rw-p 00000000 00:00 0 
7fdec4021000-7fdec8000000 ---p 00000000 00:00 0 
7fdec8000000-7fdec9bc6000 rw-p 00000000 00:00 0 
7fdec9bc6000-7fdecc000000 ---p 00000000 00:00 0 
7fdecc000000-7fdecc9d9000 rw-p 00000000 00:00 0 
7fdecc9d9000-7fded0000000 ---p 00000000 00:00 0 
7fded0000000-7fded0021000 rw-p 00000000 00:00 0 
7fded0021000-7fded4000000 ---p 00000000 00:00 0 
7fded4000000-7fded5c93000 rw-p 00000000 00:00 0 
7fded5c93000-7fded8000000 ---p 00000000 00:00 0 
7fded8000000-7fded8021000 rw-p 00000000 00:00 0 
7fded8021000-7fdedc000000 ---p 00000000 00:00 0 
7fdedc000000-7fdedc021000 rw-p 00000000 00:00 0 
7fdedc021000-7fdee0000000 ---p 00000000 00:00 0 
7fdee0000000-7fdee0282000 rw-p 00000000 00:00 0 
7fdee0282000-7fdee4000000 ---p 00000000 00:00 0 
7fdee4000000-7fdeec000000 rw-p 00000000 00:00 0 
7fdeec000000-7fdeec021000 rw-p 00000000 00:00 0 
7fdeec021000-7fdef0000000 ---p 00000000 00:00 0 
7fdef1ad6000-7fdef1afb000 r--p 00000000 08:05 144167                     /usr/share/locale-langpack/es/LC_MESSAGES/libc.mo
7fdef1afb000-7fdef1afe000 ---p 00000000 00:00 0 
7fdef1afe000-7fdef1bfc000 rw-p 00000000 00:00 0 
7fdef1bfc000-7fdef1bff000 ---p 00000000 00:00 0 
7fdef1bff000-7fdef1cfd000 rw-p 00000000 00:00 0 
7fdef1cfd000-7fdef1d00000 ---p 00000000 00:00 0 
7fdef1d00000-7fdef1dfe000 rw-p 00000000 00:00 0 
7fdef1dfe000-7fdef1e01000 ---p 00000000 00:00 0 
7fdef1e01000-7fdef1eff000 rw-p 00000000 00:00 0 
7fdef1eff000-7fdef1f02000 ---p 00000000 00:00 0 
7fdef1f02000-7fdef2000000 rw-p 00000000 00:00 0 
7fdef2000000-7fdef20cc000 r--s 0096d000 08:06 408882                     /home/lester/CONVERSA/Conversa-Android/app/build/intermediates/transforms/jarMerging/debug/jars/1/1f/combined.jar
7fdef20cc000-7fdef20cd000 ---p 00000000 00:00 0 
7fdef20cd000-7fdef21cd000 rw-p 00000000 00:00 0 
7fdef21cd000-7fdef21d0000 ---p 00000000 00:00 0 
7fdef21d0000-7fdef22ce000 rw-p 00000000 00:00 0 
7fdef22ce000-7fdef22d1000 ---p 00000000 00:00 0 
7fdef22d1000-7fdef23cf000 rw-p 00000000 00:00 0 
7fdef23cf000-7fdef23d2000 ---p 00000000 00:00 0 
7fdef23d2000-7fdef24d0000 rw-p 00000000 00:00 0 
7fdef24d0000-7fdef24d3000 ---p 00000000 00:00 0 
7fdef24d3000-7fdef25d1000 rw-p 00000000 00:00 0 
7fdef25d1000-7fdef25d4000 ---p 00000000 00:00 0 
7fdef25d4000-7fdef26d2000 rw-p 00000000 00:00 0 
7fdef26d2000-7fdef2c1f000 r--p 00000000 08:05 1051794                    /usr/lib/locale/locale-archive
7fdef2c1f000-7fdef2c22000 ---p 00000000 00:00 0 
7fdef2c22000-7fdef2d20000 rw-p 00000000 00:00 0 
7fdef2d20000-7fdef2d23000 ---p 00000000 00:00 0 
7fdef2d23000-7fdef2e21000 rw-p 00000000 00:00 0 
7fdef2e21000-7fdef2e22000 ---p 00000000 00:00 0 
7fdef2e22000-7fdef3e31000 rw-p 00000000 00:00 0 
7fdef3e31000-7fdef4000000 r--s 03c1b000 08:05 929783                     /opt/android-studio/jre/jre/lib/rt.jar
7fdef4000000-7fdef4021000 rw-p 00000000 00:00 0 
7fdef4021000-7fdef8000000 ---p 00000000 00:00 0 
7fdef8000000-7fdef8021000 rw-p 00000000 00:00 0 
7fdef8021000-7fdefc000000 ---p 00000000 00:00 0 
7fdefc000000-7fdefc021000 rw-p 00000000 00:00 0 
7fdefc021000-7fdf00000000 ---p 00000000 00:00 0 
7fdf00000000-7fdf006c0000 rw-p 00000000 00:00 0 
7fdf006c0000-7fdf00800000 ---p 00000000 00:00 0 
7fdf00800000-7fdf01000000 rw-p 00000000 00:00 0 
7fdf01000000-7fdf01db0000 rwxp 00000000 00:00 0 
7fdf01db0000-7fdf10000000 ---p 00000000 00:00 0 
7fdf10000000-7fdf10394000 rw-p 00000000 00:00 0 
7fdf10394000-7fdf14000000 ---p 00000000 00:00 0 
7fdf14004000-7fdf1416d000 rw-p 00000000 00:00 0 
7fdf1416d000-7fdf1416e000 ---p 00000000 00:00 0 
7fdf1416e000-7fdf1426e000 rw-p 00000000 00:00 0 
7fdf1426e000-7fdf1426f000 ---p 00000000 00:00 0 
7fdf1426f000-7fdf1436f000 rw-p 00000000 00:00 0 
7fdf1436f000-7fdf14370000 ---p 00000000 00:00 0 
7fdf14370000-7fdf14470000 rw-p 00000000 00:00 0 
7fdf14470000-7fdf14471000 ---p 00000000 00:00 0 
7fdf14471000-7fdf14659000 rw-p 00000000 00:00 0 
7fdf14659000-7fdf14ac7000 ---p 00000000 00:00 0 
7fdf14ac7000-7fdf14baf000 rw-p 00000000 00:00 0 
7fdf14baf000-7fdf1501c000 ---p 00000000 00:00 0 
7fdf1501c000-7fdf1525e000 rw-p 00000000 00:00 0 
7fdf1525e000-7fdf152c7000 ---p 00000000 00:00 0 
7fdf152c7000-7fdf152ff000 rw-p 00000000 00:00 0 
7fdf152ff000-7fdf15688000 ---p 00000000 00:00 0 
7fdf15688000-7fdf156a2000 r-xp 00000000 08:05 929798                     /opt/android-studio/jre/jre/lib/amd64/libzip.so
7fdf156a2000-7fdf158a2000 ---p 0001a000 08:05 929798                     /opt/android-studio/jre/jre/lib/amd64/libzip.so
7fdf158a2000-7fdf158a3000 r--p 0001a000 08:05 929798                     /opt/android-studio/jre/jre/lib/amd64/libzip.so
7fdf158a3000-7fdf158a4000 rw-p 0001b000 08:05 929798                     /opt/android-studio/jre/jre/lib/amd64/libzip.so
7fdf158a4000-7fdf158af000 r-xp 00000000 08:05 657657                     /lib/x86_64-linux-gnu/libnss_files-2.23.so
7fdf158af000-7fdf15aae000 ---p 0000b000 08:05 657657                     /lib/x86_64-linux-gnu/libnss_files-2.23.so
7fdf15aae000-7fdf15aaf000 r--p 0000a000 08:05 657657                     /lib/x86_64-linux-gnu/libnss_files-2.23.so
7fdf15aaf000-7fdf15ab0000 rw-p 0000b000 08:05 657657                     /lib/x86_64-linux-gnu/libnss_files-2.23.so
7fdf15ab0000-7fdf15ab6000 rw-p 00000000 00:00 0 
7fdf15ab6000-7fdf15ac1000 r-xp 00000000 08:05 657660                     /lib/x86_64-linux-gnu/libnss_nis-2.23.so
7fdf15ac1000-7fdf15cc0000 ---p 0000b000 08:05 657660                     /lib/x86_64-linux-gnu/libnss_nis-2.23.so
7fdf15cc0000-7fdf15cc1000 r--p 0000a000 08:05 657660                     /lib/x86_64-linux-gnu/libnss_nis-2.23.so
7fdf15cc1000-7fdf15cc2000 rw-p 0000b000 08:05 657660                     /lib/x86_64-linux-gnu/libnss_nis-2.23.so
7fdf15cc2000-7fdf15cd8000 r-xp 00000000 08:05 657653                     /lib/x86_64-linux-gnu/libnsl-2.23.so
7fdf15cd8000-7fdf15ed7000 ---p 00016000 08:05 657653                     /lib/x86_64-linux-gnu/libnsl-2.23.so
7fdf15ed7000-7fdf15ed8000 r--p 00015000 08:05 657653                     /lib/x86_64-linux-gnu/libnsl-2.23.so
7fdf15ed8000-7fdf15ed9000 rw-p 00016000 08:05 657653                     /lib/x86_64-linux-gnu/libnsl-2.23.so
7fdf15ed9000-7fdf15edb000 rw-p 00000000 00:00 0 
7fdf15edb000-7fdf15ee3000 r-xp 00000000 08:05 657666                     /lib/x86_64-linux-gnu/libnss_compat-2.23.so
7fdf15ee3000-7fdf160e2000 ---p 00008000 08:05 657666                     /lib/x86_64-linux-gnu/libnss_compat-2.23.so
7fdf160e2000-7fdf160e3000 r--p 00007000 08:05 657666                     /lib/x86_64-linux-gnu/libnss_compat-2.23.so
7fdf160e3000-7fdf160e4000 rw-p 00008000 08:05 657666                     /lib/x86_64-linux-gnu/libnss_compat-2.23.so
7fdf160e4000-7fdf16111000 r-xp 00000000 08:05 929815                     /opt/android-studio/jre/jre/lib/amd64/libjava.so
7fdf16111000-7fdf16310000 ---p 0002d000 08:05 929815                     /opt/android-studio/jre/jre/lib/amd64/libjava.so
7fdf16310000-7fdf16311000 r--p 0002c000 08:05 929815                     /opt/android-studio/jre/jre/lib/amd64/libjava.so
7fdf16311000-7fdf16313000 rw-p 0002d000 08:05 929815                     /opt/android-studio/jre/jre/lib/amd64/libjava.so
7fdf16313000-7fdf16323000 r-xp 00000000 08:05 929788                     /opt/android-studio/jre/jre/lib/amd64/libverify.so
7fdf16323000-7fdf16522000 ---p 00010000 08:05 929788                     /opt/android-studio/jre/jre/lib/amd64/libverify.so
7fdf16522000-7fdf16524000 r--p 0000f000 08:05 929788                     /opt/android-studio/jre/jre/lib/amd64/libverify.so
7fdf16524000-7fdf16525000 rw-p 00011000 08:05 929788                     /opt/android-studio/jre/jre/lib/amd64/libverify.so
7fdf16525000-7fdf1652c000 r-xp 00000000 08:05 657662                     /lib/x86_64-linux-gnu/librt-2.23.so
7fdf1652c000-7fdf1672b000 ---p 00007000 08:05 657662                     /lib/x86_64-linux-gnu/librt-2.23.so
7fdf1672b000-7fdf1672c000 r--p 00006000 08:05 657662                     /lib/x86_64-linux-gnu/librt-2.23.so
7fdf1672c000-7fdf1672d000 rw-p 00007000 08:05 657662                     /lib/x86_64-linux-gnu/librt-2.23.so
7fdf1672d000-7fdf16835000 r-xp 00000000 08:05 657671                     /lib/x86_64-linux-gnu/libm-2.23.so
7fdf16835000-7fdf16a34000 ---p 00108000 08:05 657671                     /lib/x86_64-linux-gnu/libm-2.23.so
7fdf16a34000-7fdf16a35000 r--p 00107000 08:05 657671                     /lib/x86_64-linux-gnu/libm-2.23.so
7fdf16a35000-7fdf16a36000 rw-p 00108000 08:05 657671                     /lib/x86_64-linux-gnu/libm-2.23.so
7fdf16a36000-7fdf17627000 r-xp 00000000 08:05 929796                     /opt/android-studio/jre/jre/lib/amd64/server/libjvm.so
7fdf17627000-7fdf17827000 ---p 00bf1000 08:05 929796                     /opt/android-studio/jre/jre/lib/amd64/server/libjvm.so
7fdf17827000-7fdf178c6000 r--p 00bf1000 08:05 929796                     /opt/android-studio/jre/jre/lib/amd64/server/libjvm.so
7fdf178c6000-7fdf178ef000 rw-p 00c90000 08:05 929796                     /opt/android-studio/jre/jre/lib/amd64/server/libjvm.so
7fdf178ef000-7fdf17933000 rw-p 00000000 00:00 0 
7fdf17933000-7fdf1794b000 r-xp 00000000 08:05 657659                     /lib/x86_64-linux-gnu/libpthread-2.23.so
7fdf1794b000-7fdf17b4a000 ---p 00018000 08:05 657659                     /lib/x86_64-linux-gnu/libpthread-2.23.so
7fdf17b4a000-7fdf17b4b000 r--p 00017000 08:05 657659                     /lib/x86_64-linux-gnu/libpthread-2.23.so
7fdf17b4b000-7fdf17b4c000 rw-p 00018000 08:05 657659                     /lib/x86_64-linux-gnu/libpthread-2.23.so
7fdf17b4c000-7fdf17b50000 rw-p 00000000 00:00 0 
7fdf17b50000-7fdf17b53000 r-xp 00000000 08:05 657665                     /lib/x86_64-linux-gnu/libdl-2.23.so
7fdf17b53000-7fdf17d52000 ---p 00003000 08:05 657665                     /lib/x86_64-linux-gnu/libdl-2.23.so
7fdf17d52000-7fdf17d53000 r--p 00002000 08:05 657665                     /lib/x86_64-linux-gnu/libdl-2.23.so
7fdf17d53000-7fdf17d54000 rw-p 00003000 08:05 657665                     /lib/x86_64-linux-gnu/libdl-2.23.so
7fdf17d54000-7fdf17f14000 r-xp 00000000 08:05 657676                     /lib/x86_64-linux-gnu/libc-2.23.so
7fdf17f14000-7fdf18114000 ---p 001c0000 08:05 657676                     /lib/x86_64-linux-gnu/libc-2.23.so
7fdf18114000-7fdf18118000 r--p 001c0000 08:05 657676                     /lib/x86_64-linux-gnu/libc-2.23.so
7fdf18118000-7fdf1811a000 rw-p 001c4000 08:05 657676                     /lib/x86_64-linux-gnu/libc-2.23.so
7fdf1811a000-7fdf1811e000 rw-p 00000000 00:00 0 
7fdf1811e000-7fdf18134000 r-xp 00000000 08:05 929747                     /opt/android-studio/jre/lib/amd64/jli/libjli.so
7fdf18134000-7fdf18333000 ---p 00016000 08:05 929747                     /opt/android-studio/jre/lib/amd64/jli/libjli.so
7fdf18333000-7fdf18334000 r--p 00015000 08:05 929747                     /opt/android-studio/jre/lib/amd64/jli/libjli.so
7fdf18334000-7fdf18335000 rw-p 00016000 08:05 929747                     /opt/android-studio/jre/lib/amd64/jli/libjli.so
7fdf18335000-7fdf1835b000 r-xp 00000000 08:05 657654                     /lib/x86_64-linux-gnu/ld-2.23.so
7fdf1835d000-7fdf18364000 r--s 00000000 08:05 8623                       /usr/lib/x86_64-linux-gnu/gconv/gconv-modules.cache
7fdf18364000-7fdf18437000 rw-p 00000000 00:00 0 
7fdf18437000-7fdf1843a000 ---p 00000000 00:00 0 
7fdf1843a000-7fdf1853c000 rw-p 00000000 00:00 0 
7fdf18540000-7fdf1854e000 r--s 000e0000 08:05 582483                     /root/Android/Sdk/build-tools/25.0.2/lib/dx.jar
7fdf1854e000-7fdf18556000 rw-s 00000000 08:05 2116331                    /tmp/hsperfdata_root/5952
7fdf18556000-7fdf18557000 rw-p 00000000 00:00 0 
7fdf18557000-7fdf18558000 ---p 00000000 00:00 0 
7fdf18558000-7fdf1855a000 rw-p 00000000 00:00 0 
7fdf1855a000-7fdf1855b000 r--p 00025000 08:05 657654                     /lib/x86_64-linux-gnu/ld-2.23.so
7fdf1855b000-7fdf1855c000 rw-p 00026000 08:05 657654                     /lib/x86_64-linux-gnu/ld-2.23.so
7fdf1855c000-7fdf1855d000 rw-p 00000000 00:00 0 
7ffcdd7b5000-7ffcdd7d6000 rw-p 00000000 00:00 0                          [stack]
7ffcdd7e7000-7ffcdd7e9000 r--p 00000000 00:00 0                          [vvar]
7ffcdd7e9000-7ffcdd7eb000 r-xp 00000000 00:00 0                          [vdso]
ffffffffff600000-ffffffffff601000 r-xp 00000000 00:00 0                  [vsyscall]

VM Arguments:
jvm_args: -Djava.awt.headless=true -Xmx4g -Dfile.encoding=UTF-8 -Duser.country=GT -Duser.language=es -Duser.variant 
java_command: com.android.dx.command.Main --dex --num-threads=4 --multi-dex --main-dex-list /home/lester/CONVERSA/Conversa-Android/app/build/intermediates/multi-dex/debug/maindexlist.txt --output /home/lester/CONVERSA/Conversa-Android/app/build/intermediates/transforms/dex/debug/folders/1000/1f/main /home/lester/CONVERSA/Conversa-Android/app/build/intermediates/transforms/jarMerging/debug/jars/1/1f/combined.jar
java_class_path (initial): /root/Android/Sdk/build-tools/25.0.2/lib/dx.jar
Launcher Type: SUN_STANDARD

Environment Variables:
PATH=/usr/local/sbin:/usr/local/bin:/usr/sbin:/usr/bin:/sbin:/bin:/snap/bin
USERNAME=root
LD_LIBRARY_PATH=/opt/android-studio/bin:
SHELL=/bin/bash
DISPLAY=:0

Signal Handlers:
SIGSEGV: [libjvm.so+0x9e5150], sa_mask[0]=11111111011111111101111111111110, sa_flags=SA_RESTART|SA_SIGINFO
SIGBUS: [libjvm.so+0x9e5150], sa_mask[0]=11111111011111111101111111111110, sa_flags=SA_RESTART|SA_SIGINFO
SIGFPE: [libjvm.so+0x848450], sa_mask[0]=11111111011111111101111111111110, sa_flags=SA_RESTART|SA_SIGINFO
SIGPIPE: [libjvm.so+0x848450], sa_mask[0]=11111111011111111101111111111110, sa_flags=SA_RESTART|SA_SIGINFO
SIGXFSZ: [libjvm.so+0x848450], sa_mask[0]=11111111011111111101111111111110, sa_flags=SA_RESTART|SA_SIGINFO
SIGILL: [libjvm.so+0x848450], sa_mask[0]=11111111011111111101111111111110, sa_flags=SA_RESTART|SA_SIGINFO
SIGUSR1: SIG_DFL, sa_mask[0]=00000000000000000000000000000000, sa_flags=none
SIGUSR2: [libjvm.so+0x848320], sa_mask[0]=00100000000000000000000000000000, sa_flags=SA_RESTART|SA_SIGINFO
SIGHUP: [libjvm.so+0x848510], sa_mask[0]=11111111011111111101111111111110, sa_flags=SA_RESTART|SA_SIGINFO
SIGINT: [libjvm.so+0x848510], sa_mask[0]=11111111011111111101111111111110, sa_flags=SA_RESTART|SA_SIGINFO
SIGTERM: [libjvm.so+0x848510], sa_mask[0]=11111111011111111101111111111110, sa_flags=SA_RESTART|SA_SIGINFO
SIGQUIT: [libjvm.so+0x848510], sa_mask[0]=11111111011111111101111111111110, sa_flags=SA_RESTART|SA_SIGINFO


---------------  S Y S T E M  ---------------

OS:DISTRIB_ID=Ubuntu
DISTRIB_RELEASE=16.04
DISTRIB_CODENAME=xenial
DISTRIB_DESCRIPTION="Ubuntu 16.04.3 LTS"

uname:Linux 4.4.0-92-generic #115-Ubuntu SMP Thu Aug 10 09:04:33 UTC 2017 x86_64
libc:glibc 2.23 NPTL 2.23 
rlimit: STACK 8192k, CORE 0k, NPROC 31122, NOFILE 1048576, AS infinity
load average:4.03 3.05 1.97

/proc/meminfo:
MemTotal:        8075520 kB
MemFree:          136072 kB
MemAvailable:     117276 kB
Buffers:           11648 kB
Cached:           864136 kB
SwapCached:            0 kB
Active:          5931948 kB
Inactive:         745632 kB
Active(anon):    5845444 kB
Inactive(anon):   664484 kB
Active(file):      86504 kB
Inactive(file):    81148 kB
Unevictable:          36 kB
Mlocked:              36 kB
SwapTotal:             0 kB
SwapFree:              0 kB
Dirty:             18460 kB
Writeback:           256 kB
AnonPages:       5802128 kB
Mapped:          1405880 kB
Shmem:            707884 kB
Slab:             119984 kB
SReclaimable:      72772 kB
SUnreclaim:        47212 kB
KernelStack:       12032 kB
PageTables:        48656 kB
NFS_Unstable:          0 kB
Bounce:                0 kB
WritebackTmp:          0 kB
CommitLimit:     4037760 kB
Committed_AS:   11555120 kB
VmallocTotal:   34359738367 kB
VmallocUsed:           0 kB
VmallocChunk:          0 kB
HardwareCorrupted:     0 kB
AnonHugePages:   3858432 kB
CmaTotal:              0 kB
CmaFree:               0 kB
HugePages_Total:       0
HugePages_Free:        0
HugePages_Rsvd:        0
HugePages_Surp:        0
Hugepagesize:       2048 kB
DirectMap4k:      189228 kB
DirectMap2M:     6002688 kB
DirectMap1G:     3145728 kB


CPU:total 4 (2 cores per cpu, 2 threads per core) family 6 model 61 stepping 4, cmov, cx8, fxsr, mmx, sse, sse2, sse3, ssse3, sse4.1, sse4.2, popcnt, avx, avx2, aes, clmul, erms, 3dnowpref, lzcnt, ht, tsc, tscinvbit, bmi1, bmi2, adx

/proc/cpuinfo:
processor	: 0
vendor_id	: GenuineIntel
cpu family	: 6
model		: 61
model name	: Intel(R) Core(TM) i7-5500U CPU @ 2.40GHz
stepping	: 4
microcode	: 0x18
cpu MHz		: 2560.125
cache size	: 4096 KB
physical id	: 0
siblings	: 4
core id		: 0
cpu cores	: 2
apicid		: 0
initial apicid	: 0
fpu		: yes
fpu_exception	: yes
cpuid level	: 20
wp		: yes
flags		: fpu vme de pse tsc msr pae mce cx8 apic sep mtrr pge mca cmov pat pse36 clflush dts acpi mmx fxsr sse sse2 ss ht tm pbe syscall nx pdpe1gb rdtscp lm constant_tsc arch_perfmon pebs bts rep_good nopl xtopology nonstop_tsc aperfmperf eagerfpu pni pclmulqdq dtes64 monitor ds_cpl vmx est tm2 ssse3 sdbg fma cx16 xtpr pdcm pcid sse4_1 sse4_2 x2apic movbe popcnt tsc_deadline_timer aes xsave avx f16c rdrand lahf_lm abm 3dnowprefetch epb intel_pt tpr_shadow vnmi flexpriority ept vpid fsgsbase tsc_adjust bmi1 avx2 smep bmi2 erms invpcid rdseed adx smap xsaveopt dtherm ida arat pln pts
bugs		:
bogomips	: 4789.42
clflush size	: 64
cache_alignment	: 64
address sizes	: 39 bits physical, 48 bits virtual
power management:

processor	: 1
vendor_id	: GenuineIntel
cpu family	: 6
model		: 61
model name	: Intel(R) Core(TM) i7-5500U CPU @ 2.40GHz
stepping	: 4
microcode	: 0x18
cpu MHz		: 2373.468
cache size	: 4096 KB
physical id	: 0
siblings	: 4
core id		: 1
cpu cores	: 2
apicid		: 2
initial apicid	: 2
fpu		: yes
fpu_exception	: yes
cpuid level	: 20
wp		: yes
flags		: fpu vme de pse tsc msr pae mce cx8 apic sep mtrr pge mca cmov pat pse36 clflush dts acpi mmx fxsr sse sse2 ss ht tm pbe syscall nx pdpe1gb rdtscp lm constant_tsc arch_perfmon pebs bts rep_good nopl xtopology nonstop_tsc aperfmperf eagerfpu pni pclmulqdq dtes64 monitor ds_cpl vmx est tm2 ssse3 sdbg fma cx16 xtpr pdcm pcid sse4_1 sse4_2 x2apic movbe popcnt tsc_deadline_timer aes xsave avx f16c rdrand lahf_lm abm 3dnowprefetch epb intel_pt tpr_shadow vnmi flexpriority ept vpid fsgsbase tsc_adjust bmi1 avx2 smep bmi2 erms invpcid rdseed adx smap xsaveopt dtherm ida arat pln pts
bugs		:
bogomips	: 4789.42
clflush size	: 64
cache_alignment	: 64
address sizes	: 39 bits physical, 48 bits virtual
power management:

processor	: 2
vendor_id	: GenuineIntel
cpu family	: 6
model		: 61
model name	: Intel(R) Core(TM) i7-5500U CPU @ 2.40GHz
stepping	: 4
microcode	: 0x18
cpu MHz		: 2399.250
cache size	: 4096 KB
physical id	: 0
siblings	: 4
core id		: 0
cpu cores	: 2
apicid		: 1
initial apicid	: 1
fpu		: yes
fpu_exception	: yes
cpuid level	: 20
wp		: yes
flags		: fpu vme de pse tsc msr pae mce cx8 apic sep mtrr pge mca cmov pat pse36 clflush dts acpi mmx fxsr sse sse2 ss ht tm pbe syscall nx pdpe1gb rdtscp lm constant_tsc arch_perfmon pebs bts rep_good nopl xtopology nonstop_tsc aperfmperf eagerfpu pni pclmulqdq dtes64 monitor ds_cpl vmx est tm2 ssse3 sdbg fma cx16 xtpr pdcm pcid sse4_1 sse4_2 x2apic movbe popcnt tsc_deadline_timer aes xsave avx f16c rdrand lahf_lm abm 3dnowprefetch epb intel_pt tpr_shadow vnmi flexpriority ept vpid fsgsbase tsc_adjust bmi1 avx2 smep bmi2 erms invpcid rdseed adx smap xsaveopt dtherm ida arat pln pts
bugs		:
bogomips	: 4789.42
clflush size	: 64
cache_alignment	: 64
address sizes	: 39 bits physical, 48 bits virtual
power management:

processor	: 3
vendor_id	: GenuineIntel
cpu family	: 6
model		: 61
model name	: Intel(R) Core(TM) i7-5500U CPU @ 2.40GHz
stepping	: 4
microcode	: 0x18
cpu MHz		: 2381.250
cache size	: 4096 KB
physical id	: 0
siblings	: 4
core id		: 1
cpu cores	: 2
apicid		: 3
initial apicid	: 3
fpu		: yes
fpu_exception	: yes
cpuid level	: 20
wp		: yes
flags		: fpu vme de pse tsc msr pae mce cx8 apic sep mtrr pge mca cmov pat pse36 clflush dts acpi mmx fxsr sse sse2 ss ht tm pbe syscall nx pdpe1gb rdtscp lm constant_tsc arch_perfmon pebs bts rep_good nopl xtopology nonstop_tsc aperfmperf eagerfpu pni pclmulqdq dtes64 monitor ds_cpl vmx est tm2 ssse3 sdbg fma cx16 xtpr pdcm pcid sse4_1 sse4_2 x2apic movbe popcnt tsc_deadline_timer aes xsave avx f16c rdrand lahf_lm abm 3dnowprefetch epb intel_pt tpr_shadow vnmi flexpriority ept vpid fsgsbase tsc_adjust bmi1 avx2 smep bmi2 erms invpcid rdseed adx smap xsaveopt dtherm ida arat pln pts
bugs		:
bogomips	: 4789.42
clflush size	: 64
cache_alignment	: 64
address sizes	: 39 bits physical, 48 bits virtual
power management:



Memory: 4k page, physical 8075520k(136072k free), swap 0k(0k free)

vm_info: OpenJDK 64-Bit Server VM (25.112-b06) for linux-amd64 JRE (1.8.0_112-release-b06), built on Dec  6 2016 12:11:18 by "builder" with gcc 4.8.4

time: Thu Sep  7 23:17:18 2017
elapsed time: 19 seconds (0d 0h 0m 19s)

