#
# There is insufficient memory for the Java Runtime Environment to continue.
# Native memory allocation (mmap) failed to map 227540992 bytes for committing reserved memory.
# Possible reasons:
#   The system is out of physical RAM or swap space
#   In 32 bit mode, the process size limit was hit
# Possible solutions:
#   Reduce memory load on the system
#   Increase physical memory or swap space
#   Check if swap backing store is full
#   Use 64 bit Java on a 64 bit OS
#   Decrease Java heap size (-Xmx/-Xms)
#   Decrease number of Java threads
#   Decrease Java thread stack sizes (-Xss)
#   Set larger code cache with -XX:ReservedCodeCacheSize=
# This output file may be truncated or incomplete.
#
#  Out of Memory Error (os_linux.cpp:2627), pid=23694, tid=0x00007f0cc5fe0700
#
# JRE version: OpenJDK Runtime Environment (8.0_112-b06) (build 1.8.0_112-release-b06)
# Java VM: OpenJDK 64-Bit Server VM (25.112-b06 mixed mode linux-amd64 compressed oops)
# Failed to write core dump. Core dumps have been disabled. To enable core dumping, try "ulimit -c unlimited" before starting Java again
#

---------------  T H R E A D  ---------------

Current thread (0x00007f0ce4077800):  VMThread [stack: 0x00007f0cc5ee0000,0x00007f0cc5fe1000] [id=23704]

Stack: [0x00007f0cc5ee0000,0x00007f0cc5fe1000],  sp=0x00007f0cc5fdf4c0,  free space=1021k
Native frames: (J=compiled Java code, j=interpreted, Vv=VM code, C=native code)
V  [libjvm.so+0x9e465d]  VMError::report_and_die()+0x15d
V  [libjvm.so+0x4b6ada]  report_vm_out_of_memory(char const*, int, unsigned long, VMErrorType, char const*)+0x8a
V  [libjvm.so+0x84c860]  os::pd_commit_memory(char*, unsigned long, unsigned long, bool)+0xf0
V  [libjvm.so+0x84737f]  os::commit_memory(char*, unsigned long, unsigned long, bool)+0x1f
V  [libjvm.so+0x8bd3db]  PSVirtualSpace::expand_by(unsigned long)+0x5b
V  [libjvm.so+0x8be050]  PSYoungGen::resize_generation(unsigned long, unsigned long)+0xb0
V  [libjvm.so+0x8be36b]  PSYoungGen::resize(unsigned long, unsigned long)+0x1b
V  [libjvm.so+0x8baa5c]  PSScavenge::invoke_no_policy()+0xdac
V  [libjvm.so+0x8bb238]  PSScavenge::invoke()+0x38
V  [libjvm.so+0x86fcf3]  ParallelScavengeHeap::failed_mem_allocate(unsigned long)+0x63
V  [libjvm.so+0x9e6124]  VM_ParallelGCFailedAllocation::doit()+0x84
V  [libjvm.so+0x9ea537]  VM_Operation::evaluate()+0x47
V  [libjvm.so+0x9e8ff8]  VMThread::evaluate_operation(VM_Operation*)+0x2c8
V  [libjvm.so+0x9e9479]  VMThread::loop()+0x219
V  [libjvm.so+0x9e98c2]  VMThread::run()+0x72
V  [libjvm.so+0x849c82]  java_start(Thread*)+0xf2

VM_Operation (0x00007f0cc4fbf280): ParallelGCFailedAllocation, mode: safepoint, requested by thread 0x00007f0ce4175000


---------------  P R O C E S S  ---------------

Java Threads: ( => current thread )
  0x00007f0ce4175000 JavaThread "pool-1-thread-1" [_thread_blocked, id=23718, stack(0x00007f0cc4ec0000,0x00007f0cc4fc1000)]
  0x00007f0ce40bf800 JavaThread "Service Thread" daemon [_thread_blocked, id=23711, stack(0x00007f0cc528c000,0x00007f0cc538d000)]
  0x00007f0ce40bc800 JavaThread "C1 CompilerThread2" daemon [_thread_blocked, id=23710, stack(0x00007f0cc538d000,0x00007f0cc548e000)]
  0x00007f0ce40ba800 JavaThread "C2 CompilerThread1" daemon [_thread_blocked, id=23709, stack(0x00007f0cc548e000,0x00007f0cc558f000)]
  0x00007f0ce40b7800 JavaThread "C2 CompilerThread0" daemon [_thread_blocked, id=23708, stack(0x00007f0cc558f000,0x00007f0cc5690000)]
  0x00007f0ce40b6800 JavaThread "Signal Dispatcher" daemon [_thread_blocked, id=23707, stack(0x00007f0cc5690000,0x00007f0cc5791000)]
  0x00007f0ce4083800 JavaThread "Finalizer" daemon [_thread_blocked, id=23706, stack(0x00007f0cc5cde000,0x00007f0cc5ddf000)]
  0x00007f0ce407f000 JavaThread "Reference Handler" daemon [_thread_blocked, id=23705, stack(0x00007f0cc5ddf000,0x00007f0cc5ee0000)]
  0x00007f0ce400a000 JavaThread "main" [_thread_blocked, id=23699, stack(0x00007f0ceb509000,0x00007f0ceb60a000)]

Other Threads:
=>0x00007f0ce4077800 VMThread [stack: 0x00007f0cc5ee0000,0x00007f0cc5fe1000] [id=23704]
  0x00007f0ce40c2000 WatcherThread [stack: 0x00007f0cc518b000,0x00007f0cc528c000] [id=23712]

VM state:at safepoint (normal execution)

VM Mutex/Monitor currently owned by a thread:  ([mutex/lock_event])
[0x00007f0ce4006580] Threads_lock - owner thread: 0x00007f0ce4077800
[0x00007f0ce4006a80] Heap_lock - owner thread: 0x00007f0ce4175000

Heap:
 PSYoungGen      total 908800K, used 218088K [0x000000076ab00000, 0x00000007b2700000, 0x00000007c0000000)
  eden space 690688K, 0% used [0x000000076ab00000,0x000000076ab00000,0x0000000794d80000)
  from space 218112K, 99% used [0x0000000794d80000,0x00000007a227a3b0,0x00000007a2280000)
  to   space 186368K, 0% used [0x00000007a2280000,0x00000007a2280000,0x00000007ad880000)
 ParOldGen       total 489472K, used 488392K [0x00000006c0000000, 0x00000006dde00000, 0x000000076ab00000)
  object space 489472K, 99% used [0x00000006c0000000,0x00000006ddcf2248,0x00000006dde00000)
 Metaspace       used 6740K, capacity 7536K, committed 7808K, reserved 1056768K
  class space    used 600K, capacity 616K, committed 640K, reserved 1048576K

Card table byte_map: [0x00007f0cd47ff000,0x00007f0cd5000000] byte_map_base: 0x00007f0cd11ff000

Marking Bits: (ParMarkBitMap*) 0x00007f0cea9d6340
 Begin Bits: [0x00007f0cb8000000, 0x00007f0cbc000000)
 End Bits:   [0x00007f0cbc000000, 0x00007f0cc0000000)

Polling page: 0x00007f0ceb629000

CodeCache: size=245760Kb used=13563Kb max_used=15104Kb free=232196Kb
 bounds [0x00007f0cd5000000, 0x00007f0cd5ed0000, 0x00007f0ce4000000]
 total_blobs=3160 nmethods=2898 adapters=176
 compilation: enabled

Compilation events (10 events):
Event: 18.771 Thread 0x00007f0ce40bc800 3529       2       com.android.dx.dex.code.DalvCode::getCatches (9 bytes)
Event: 18.771 Thread 0x00007f0ce40bc800 nmethod 3529 0x00007f0cd556b890 code [0x00007f0cd556ba00, 0x00007f0cd556bb88]
Event: 18.785 Thread 0x00007f0ce40bc800 3531       2       com.android.dex.Leb128::writeSignedLeb128 (83 bytes)
Event: 18.786 Thread 0x00007f0ce40bc800 nmethod 3531 0x00007f0cd54d8fd0 code [0x00007f0cd54d9140, 0x00007f0cd54d9388]
Event: 18.789 Thread 0x00007f0ce40ba800 nmethod 3457% 0x00007f0cd54c6990 code [0x00007f0cd54c6e20, 0x00007f0cd54cabb0]
Event: 18.789 Thread 0x00007f0ce40ba800 3492       4       com.android.dx.dex.code.StdCatchBuilder::build (262 bytes)
Event: 18.807 Thread 0x00007f0ce40bc800 3534       2       com.android.dx.dex.code.form.Form12x::compatibleRegs (159 bytes)
Event: 18.807 Thread 0x00007f0ce40bc800 nmethod 3534 0x00007f0cd566c810 code [0x00007f0cd566ca60, 0x00007f0cd566d0a8]
Event: 18.823 Thread 0x00007f0ce40bc800 3535       2       com.android.dx.util.ByteArrayAnnotatedOutput::<init> (54 bytes)
Event: 18.823 Thread 0x00007f0ce40bc800 nmethod 3535 0x00007f0cd54d8b50 code [0x00007f0cd54d8cc0, 0x00007f0cd54d8f08]

GC Heap History (10 events):
Event: 9.631 GC heap after
Heap after GC invocations=13 (full 2):
 PSYoungGen      total 675328K, used 86109K [0x000000076ab00000, 0x00000007a3100000, 0x00000007c0000000)
  eden space 552448K, 0% used [0x000000076ab00000,0x000000076ab00000,0x000000078c680000)
  from space 122880K, 70% used [0x000000078c680000,0x0000000791a975d8,0x0000000793e80000)
  to   space 131072K, 0% used [0x000000079b100000,0x000000079b100000,0x00000007a3100000)
 ParOldGen       total 294912K, used 238996K [0x00000006c0000000, 0x00000006d2000000, 0x000000076ab00000)
  object space 294912K, 81% used [0x00000006c0000000,0x00000006ce965398,0x00000006d2000000)
 Metaspace       used 6373K, capacity 7280K, committed 7552K, reserved 1056768K
  class space    used 582K, capacity 616K, committed 640K, reserved 1048576K
}
Event: 9.632 GC heap before
{Heap before GC invocations=14 (full 3):
 PSYoungGen      total 675328K, used 86109K [0x000000076ab00000, 0x00000007a3100000, 0x00000007c0000000)
  eden space 552448K, 0% used [0x000000076ab00000,0x000000076ab00000,0x000000078c680000)
  from space 122880K, 70% used [0x000000078c680000,0x0000000791a975d8,0x0000000793e80000)
  to   space 131072K, 0% used [0x000000079b100000,0x000000079b100000,0x00000007a3100000)
 ParOldGen       total 294912K, used 238996K [0x00000006c0000000, 0x00000006d2000000, 0x000000076ab00000)
  object space 294912K, 81% used [0x00000006c0000000,0x00000006ce965398,0x00000006d2000000)
 Metaspace       used 6373K, capacity 7280K, committed 7552K, reserved 1056768K
  class space    used 582K, capacity 616K, committed 640K, reserved 1048576K
Event: 11.370 GC heap after
Heap after GC invocations=14 (full 3):
 PSYoungGen      total 675328K, used 24314K [0x000000076ab00000, 0x00000007a3100000, 0x00000007c0000000)
  eden space 552448K, 0% used [0x000000076ab00000,0x000000076ab00000,0x000000078c680000)
  from space 122880K, 19% used [0x000000078c680000,0x000000078de3e950,0x0000000793e80000)
  to   space 131072K, 0% used [0x000000079b100000,0x000000079b100000,0x00000007a3100000)
 ParOldGen       total 485888K, used 294877K [0x00000006c0000000, 0x00000006dda80000, 0x000000076ab00000)
  object space 485888K, 60% used [0x00000006c0000000,0x00000006d1ff7578,0x00000006dda80000)
 Metaspace       used 6373K, capacity 7280K, committed 7552K, reserved 1056768K
  class space    used 582K, capacity 616K, committed 640K, reserved 1048576K
}
Event: 12.709 GC heap before
{Heap before GC invocations=15 (full 3):
 PSYoungGen      total 675328K, used 576762K [0x000000076ab00000, 0x00000007a3100000, 0x00000007c0000000)
  eden space 552448K, 100% used [0x000000076ab00000,0x000000078c680000,0x000000078c680000)
  from space 122880K, 19% used [0x000000078c680000,0x000000078de3e950,0x0000000793e80000)
  to   space 131072K, 0% used [0x000000079b100000,0x000000079b100000,0x00000007a3100000)
 ParOldGen       total 485888K, used 294877K [0x00000006c0000000, 0x00000006dda80000, 0x000000076ab00000)
  object space 485888K, 60% used [0x00000006c0000000,0x00000006d1ff7578,0x00000006dda80000)
 Metaspace       used 6381K, capacity 7280K, committed 7552K, reserved 1056768K
  class space    used 582K, capacity 616K, committed 640K, reserved 1048576K
Event: 12.932 GC heap after
Heap after GC invocations=15 (full 3):
 PSYoungGen      total 750592K, used 105193K [0x000000076ab00000, 0x00000007a2980000, 0x00000007c0000000)
  eden space 627200K, 0% used [0x000000076ab00000,0x000000076ab00000,0x0000000790f80000)
  from space 123392K, 85% used [0x000000079b100000,0x00000007a17ba718,0x00000007a2980000)
  to   space 144384K, 0% used [0x0000000790f80000,0x0000000790f80000,0x0000000799c80000)
 ParOldGen       total 485888K, used 294877K [0x00000006c0000000, 0x00000006dda80000, 0x000000076ab00000)
  object space 485888K, 60% used [0x00000006c0000000,0x00000006d1ff7578,0x00000006dda80000)
 Metaspace       used 6381K, capacity 7280K, committed 7552K, reserved 1056768K
  class space    used 582K, capacity 616K, committed 640K, reserved 1048576K
}
Event: 14.241 GC heap before
{Heap before GC invocations=16 (full 3):
 PSYoungGen      total 750592K, used 732393K [0x000000076ab00000, 0x00000007a2980000, 0x00000007c0000000)
  eden space 627200K, 100% used [0x000000076ab00000,0x0000000790f80000,0x0000000790f80000)
  from space 123392K, 85% used [0x000000079b100000,0x00000007a17ba718,0x00000007a2980000)
  to   space 144384K, 0% used [0x0000000790f80000,0x0000000790f80000,0x0000000799c80000)
 ParOldGen       total 485888K, used 294877K [0x00000006c0000000, 0x00000006dda80000, 0x000000076ab00000)
  object space 485888K, 60% used [0x00000006c0000000,0x00000006d1ff7578,0x00000006dda80000)
 Metaspace       used 6385K, capacity 7280K, committed 7552K, reserved 1056768K
  class space    used 582K, capacity 616K, committed 640K, reserved 1048576K
Event: 14.467 GC heap after
Heap after GC invocations=16 (full 3):
 PSYoungGen      total 771584K, used 144375K [0x000000076ab00000, 0x00000007ad880000, 0x00000007c0000000)
  eden space 627200K, 0% used [0x000000076ab00000,0x000000076ab00000,0x0000000790f80000)
  from space 144384K, 99% used [0x0000000790f80000,0x0000000799c7dd70,0x0000000799c80000)
  to   space 186368K, 0% used [0x00000007a2280000,0x00000007a2280000,0x00000007ad880000)
 ParOldGen       total 485888K, used 341341K [0x00000006c0000000, 0x00000006dda80000, 0x000000076ab00000)
  object space 485888K, 70% used [0x00000006c0000000,0x00000006d4d57640,0x00000006dda80000)
 Metaspace       used 6385K, capacity 7280K, committed 7552K, reserved 1056768K
  class space    used 582K, capacity 616K, committed 640K, reserved 1048576K
}
Event: 15.751 GC heap before
{Heap before GC invocations=17 (full 3):
 PSYoungGen      total 771584K, used 771575K [0x000000076ab00000, 0x00000007ad880000, 0x00000007c0000000)
  eden space 627200K, 100% used [0x000000076ab00000,0x0000000790f80000,0x0000000790f80000)
  from space 144384K, 99% used [0x0000000790f80000,0x0000000799c7dd70,0x0000000799c80000)
  to   space 186368K, 0% used [0x00000007a2280000,0x00000007a2280000,0x00000007ad880000)
 ParOldGen       total 485888K, used 341341K [0x00000006c0000000, 0x00000006dda80000, 0x000000076ab00000)
  object space 485888K, 70% used [0x00000006c0000000,0x00000006d4d57640,0x00000006dda80000)
 Metaspace       used 6387K, capacity 7280K, committed 7552K, reserved 1056768K
  class space    used 582K, capacity 616K, committed 640K, reserved 1048576K
Event: 16.086 GC heap after
Heap after GC invocations=17 (full 3):
 PSYoungGen      total 877056K, used 184460K [0x000000076ab00000, 0x00000007b2700000, 0x00000007c0000000)
  eden space 690688K, 0% used [0x000000076ab00000,0x000000076ab00000,0x0000000794d80000)
  from space 186368K, 98% used [0x00000007a2280000,0x00000007ad6a32f0,0x00000007ad880000)
  to   space 218112K, 0% used [0x0000000794d80000,0x0000000794d80000,0x00000007a2280000)
 ParOldGen       total 485888K, used 405141K [0x00000006c0000000, 0x00000006dda80000, 0x000000076ab00000)
  object space 485888K, 83% used [0x00000006c0000000,0x00000006d8ba54d0,0x00000006dda80000)
 Metaspace       used 6387K, capacity 7280K, committed 7552K, reserved 1056768K
  class space    used 582K, capacity 616K, committed 640K, reserved 1048576K
}
Event: 18.824 GC heap before
{Heap before GC invocations=18 (full 3):
 PSYoungGen      total 877056K, used 875148K [0x000000076ab00000, 0x00000007b2700000, 0x00000007c0000000)
  eden space 690688K, 100% used [0x000000076ab00000,0x0000000794d80000,0x0000000794d80000)
  from space 186368K, 98% used [0x00000007a2280000,0x00000007ad6a32f0,0x00000007ad880000)
  to   space 218112K, 0% used [0x0000000794d80000,0x0000000794d80000,0x00000007a2280000)
 ParOldGen       total 485888K, used 405141K [0x00000006c0000000, 0x00000006dda80000, 0x000000076ab00000)
  object space 485888K, 83% used [0x00000006c0000000,0x00000006d8ba54d0,0x00000006dda80000)
 Metaspace       used 6740K, capacity 7536K, committed 7808K, reserved 1056768K
  class space    used 600K, capacity 616K, committed 640K, reserved 1048576K

Deoptimization events (10 events):
Event: 18.490 Thread 0x00007f0ce4175000 Uncommon trap: reason=unstable_if action=reinterpret pc=0x00007f0cd54faf10 method=java.util.BitSet.set(IZ)V @ 1
Event: 18.507 Thread 0x00007f0ce4175000 Uncommon trap: reason=predicate action=maybe_recompile pc=0x00007f0cd5e535b8 method=java.util.ComparableTimSort.binarySort([Ljava/lang/Object;III)V @ 37
Event: 18.530 Thread 0x00007f0ce4175000 Uncommon trap: reason=array_check action=maybe_recompile pc=0x00007f0cd56a80ac method=java.util.ComparableTimSort.binarySort([Ljava/lang/Object;III)V @ 215
Event: 18.576 Thread 0x00007f0ce4175000 Uncommon trap: reason=array_check action=maybe_recompile pc=0x00007f0cd56a8164 method=java.util.ComparableTimSort.binarySort([Ljava/lang/Object;III)V @ 193
Event: 18.578 Thread 0x00007f0ce4175000 Uncommon trap: reason=array_check action=maybe_recompile pc=0x00007f0cd56a8164 method=java.util.ComparableTimSort.binarySort([Ljava/lang/Object;III)V @ 193
Event: 18.597 Thread 0x00007f0ce4175000 Uncommon trap: reason=array_check action=maybe_recompile pc=0x00007f0cd56a8164 method=java.util.ComparableTimSort.binarySort([Ljava/lang/Object;III)V @ 193
Event: 18.624 Thread 0x00007f0ce4175000 Uncommon trap: reason=array_check action=maybe_recompile pc=0x00007f0cd5a839a4 method=java.util.ComparableTimSort.binarySort([Ljava/lang/Object;III)V @ 183
Event: 18.630 Thread 0x00007f0ce4175000 Uncommon trap: reason=unstable_if action=reinterpret pc=0x00007f0cd526c044 method=com.android.dx.dex.code.OutputFinisher.align64bits([Lcom/android/dx/dex/code/Dop;)V @ 205
Event: 18.677 Thread 0x00007f0ce4175000 Uncommon trap: reason=array_check action=maybe_recompile pc=0x00007f0cd5a839a4 method=java.util.ComparableTimSort.binarySort([Ljava/lang/Object;III)V @ 183
Event: 18.702 Thread 0x00007f0ce4175000 Uncommon trap: reason=unstable_if action=reinterpret pc=0x00007f0cd5725fbc method=com.android.dx.dex.code.LocalList$MakeState.filterSpec(Lcom/android/dx/rop/code/RegisterSpec;)Lcom/android/dx/rop/code/RegisterSpec; @ 11

Internal exceptions (7 events):
Event: 0.018 Thread 0x00007f0ce400a000 Exception <a 'java/lang/NoSuchMethodError': Method sun.misc.Unsafe.defineClass(Ljava/lang/String;[BII)Ljava/lang/Class; name or signature does not match> (0x000000076ab07c78) thrown at [/ssd/Android/AOSP-openjdk/external/jetbrains/jdk/hotspot/src/share/vm
Event: 0.018 Thread 0x00007f0ce400a000 Exception <a 'java/lang/NoSuchMethodError': Method sun.misc.Unsafe.prefetchRead(Ljava/lang/Object;J)V name or signature does not match> (0x000000076ab07f60) thrown at [/ssd/Android/AOSP-openjdk/external/jetbrains/jdk/hotspot/src/share/vm/prims/jni.cpp, li
Event: 0.836 Thread 0x00007f0ce4177800 Implicit null exception at 0x00007f0cd531f248 to 0x00007f0cd53218f5
Event: 1.216 Thread 0x00007f0ce4175000 Implicit null exception at 0x00007f0cd530fd19 to 0x00007f0cd5312239
Event: 1.581 Thread 0x00007f0ce417b000 Exception <a 'java/lang/ArrayIndexOutOfBoundsException': 18> (0x000000076f7b6440) thrown at [/ssd/Android/AOSP-openjdk/external/jetbrains/jdk/hotspot/src/share/vm/interpreter/interpreterRuntime.cpp, line 366]
Event: 1.581 Thread 0x00007f0ce417b000 Exception <a 'java/lang/ArrayIndexOutOfBoundsException': 145> (0x000000076f7b7fc0) thrown at [/ssd/Android/AOSP-openjdk/external/jetbrains/jdk/hotspot/src/share/vm/interpreter/interpreterRuntime.cpp, line 366]
Event: 1.582 Thread 0x00007f0ce417b000 Exception <a 'java/lang/ArrayIndexOutOfBoundsException'> (0x000000076f7b92a8) thrown at [/ssd/Android/AOSP-openjdk/external/jetbrains/jdk/hotspot/src/share/vm/runtime/sharedRuntime.cpp, line 605]

Events (10 events):
Event: 18.812 Thread 0x00007f0ce4175000 DEOPT UNPACKING pc=0x00007f0cd5047373 sp=0x00007f0cc4fbf108 mode 0
Event: 18.818 Thread 0x00007f0ce4175000 DEOPT PACKING pc=0x00007f0cd55a5679 sp=0x00007f0cc4fbf400
Event: 18.818 Thread 0x00007f0ce4175000 DEOPT UNPACKING pc=0x00007f0cd5047373 sp=0x00007f0cc4fbf170 mode 0
Event: 18.819 Thread 0x00007f0ce4175000 DEOPT PACKING pc=0x00007f0cd57ffb03 sp=0x00007f0cc4fbf370
Event: 18.819 Thread 0x00007f0ce4175000 DEOPT UNPACKING pc=0x00007f0cd5047373 sp=0x00007f0cc4fbf108 mode 0
Event: 18.822 Thread 0x00007f0ce4175000 DEOPT PACKING pc=0x00007f0cd55a5679 sp=0x00007f0cc4fbf400
Event: 18.822 Thread 0x00007f0ce4175000 DEOPT UNPACKING pc=0x00007f0cd5047373 sp=0x00007f0cc4fbf170 mode 0
Event: 18.823 Thread 0x00007f0ce4175000 DEOPT PACKING pc=0x00007f0cd57ffb03 sp=0x00007f0cc4fbf370
Event: 18.823 Thread 0x00007f0ce4175000 DEOPT UNPACKING pc=0x00007f0cd5047373 sp=0x00007f0cc4fbf108 mode 0
Event: 18.824 Executing VM operation: ParallelGCFailedAllocation


Dynamic libraries:
00400000-00401000 r-xp 00000000 08:05 929732                             /opt/android-studio/jre/bin/java
00600000-00601000 r--p 00000000 08:05 929732                             /opt/android-studio/jre/bin/java
00601000-00602000 rw-p 00001000 08:05 929732                             /opt/android-studio/jre/bin/java
01b74000-01b95000 rw-p 00000000 00:00 0                                  [heap]
6c0000000-6dde00000 rw-p 00000000 00:00 0 
6dde00000-76ab00000 ---p 00000000 00:00 0 
76ab00000-7b2700000 rw-p 00000000 00:00 0 
7c0000000-7c00a0000 rw-p 00000000 00:00 0 
7c00a0000-800000000 ---p 00000000 00:00 0 
7f0c80000000-7f0c8005e000 rw-p 00000000 00:00 0 
7f0c8005e000-7f0c84000000 ---p 00000000 00:00 0 
7f0c84000000-7f0c84086000 rw-p 00000000 00:00 0 
7f0c84086000-7f0c88000000 ---p 00000000 00:00 0 
7f0c88000000-7f0c88025000 rw-p 00000000 00:00 0 
7f0c88025000-7f0c8c000000 ---p 00000000 00:00 0 
7f0c8c000000-7f0c8c05c000 rw-p 00000000 00:00 0 
7f0c8c05c000-7f0c90000000 ---p 00000000 00:00 0 
7f0c90000000-7f0c90021000 rw-p 00000000 00:00 0 
7f0c90021000-7f0c94000000 ---p 00000000 00:00 0 
7f0c94000000-7f0c94053000 rw-p 00000000 00:00 0 
7f0c94053000-7f0c98000000 ---p 00000000 00:00 0 
7f0c98000000-7f0c98e14000 rw-p 00000000 00:00 0 
7f0c98e14000-7f0c9c000000 ---p 00000000 00:00 0 
7f0c9c000000-7f0c9c021000 rw-p 00000000 00:00 0 
7f0c9c021000-7f0ca0000000 ---p 00000000 00:00 0 
7f0ca0000000-7f0ca179e000 rw-p 00000000 00:00 0 
7f0ca179e000-7f0ca4000000 ---p 00000000 00:00 0 
7f0ca4000000-7f0ca54f8000 rw-p 00000000 00:00 0 
7f0ca54f8000-7f0ca8000000 ---p 00000000 00:00 0 
7f0ca8000000-7f0ca8021000 rw-p 00000000 00:00 0 
7f0ca8021000-7f0cac000000 ---p 00000000 00:00 0 
7f0cac000000-7f0cac021000 rw-p 00000000 00:00 0 
7f0cac021000-7f0cb0000000 ---p 00000000 00:00 0 
7f0cb0000000-7f0cb0283000 rw-p 00000000 00:00 0 
7f0cb0283000-7f0cb4000000 ---p 00000000 00:00 0 
7f0cb4000000-7f0cb4021000 rw-p 00000000 00:00 0 
7f0cb4021000-7f0cb8000000 ---p 00000000 00:00 0 
7f0cb8000000-7f0cc0000000 rw-p 00000000 00:00 0 
7f0cc0000000-7f0cc0021000 rw-p 00000000 00:00 0 
7f0cc0021000-7f0cc4000000 ---p 00000000 00:00 0 
7f0cc4bbd000-7f0cc4bc0000 ---p 00000000 00:00 0 
7f0cc4bc0000-7f0cc4cbe000 rw-p 00000000 00:00 0 
7f0cc4cbe000-7f0cc4cc1000 ---p 00000000 00:00 0 
7f0cc4cc1000-7f0cc4dbf000 rw-p 00000000 00:00 0 
7f0cc4dbf000-7f0cc4dc2000 ---p 00000000 00:00 0 
7f0cc4dc2000-7f0cc4ec0000 rw-p 00000000 00:00 0 
7f0cc4ec0000-7f0cc4ec3000 ---p 00000000 00:00 0 
7f0cc4ec3000-7f0cc4fc1000 rw-p 00000000 00:00 0 
7f0cc4fc1000-7f0cc4fc4000 ---p 00000000 00:00 0 
7f0cc4fc4000-7f0cc50c2000 rw-p 00000000 00:00 0 
7f0cc5166000-7f0cc518b000 r--p 00000000 08:05 144167                     /usr/share/locale-langpack/es/LC_MESSAGES/libc.mo
7f0cc518b000-7f0cc518c000 ---p 00000000 00:00 0 
7f0cc518c000-7f0cc528c000 rw-p 00000000 00:00 0 
7f0cc528c000-7f0cc528f000 ---p 00000000 00:00 0 
7f0cc528f000-7f0cc538d000 rw-p 00000000 00:00 0 
7f0cc538d000-7f0cc5390000 ---p 00000000 00:00 0 
7f0cc5390000-7f0cc548e000 rw-p 00000000 00:00 0 
7f0cc548e000-7f0cc5491000 ---p 00000000 00:00 0 
7f0cc5491000-7f0cc558f000 rw-p 00000000 00:00 0 
7f0cc558f000-7f0cc5592000 ---p 00000000 00:00 0 
7f0cc5592000-7f0cc5690000 rw-p 00000000 00:00 0 
7f0cc5690000-7f0cc5693000 ---p 00000000 00:00 0 
7f0cc5693000-7f0cc5791000 rw-p 00000000 00:00 0 
7f0cc5791000-7f0cc5cde000 r--p 00000000 08:05 1051794                    /usr/lib/locale/locale-archive
7f0cc5cde000-7f0cc5ce1000 ---p 00000000 00:00 0 
7f0cc5ce1000-7f0cc5ddf000 rw-p 00000000 00:00 0 
7f0cc5ddf000-7f0cc5de2000 ---p 00000000 00:00 0 
7f0cc5de2000-7f0cc5ee0000 rw-p 00000000 00:00 0 
7f0cc5ee0000-7f0cc5ee1000 ---p 00000000 00:00 0 
7f0cc5ee1000-7f0cc6e31000 rw-p 00000000 00:00 0 
7f0cc6e31000-7f0cc7000000 r--s 03c1b000 08:05 929783                     /opt/android-studio/jre/jre/lib/rt.jar
7f0cc7000000-7f0cc7700000 rw-p 00000000 00:00 0 
7f0cc7700000-7f0cc7800000 ---p 00000000 00:00 0 
7f0cc7800000-7f0cc8000000 rw-p 00000000 00:00 0 
7f0cc8000000-7f0cc8021000 rw-p 00000000 00:00 0 
7f0cc8021000-7f0ccc000000 ---p 00000000 00:00 0 
7f0ccc000000-7f0ccc027000 rw-p 00000000 00:00 0 
7f0ccc027000-7f0cd0000000 ---p 00000000 00:00 0 
7f0cd0000000-7f0cd0021000 rw-p 00000000 00:00 0 
7f0cd0021000-7f0cd4000000 ---p 00000000 00:00 0 
7f0cd4017000-7f0cd41a8000 rw-p 00000000 00:00 0 
7f0cd41a8000-7f0cd41a9000 ---p 00000000 00:00 0 
7f0cd41a9000-7f0cd4398000 rw-p 00000000 00:00 0 
7f0cd4398000-7f0cd47ff000 ---p 00000000 00:00 0 
7f0cd47ff000-7f0cd48ee000 rw-p 00000000 00:00 0 
7f0cd48ee000-7f0cd4d54000 ---p 00000000 00:00 0 
7f0cd4d54000-7f0cd4f93000 rw-p 00000000 00:00 0 
7f0cd4f93000-7f0cd4fff000 ---p 00000000 00:00 0 
7f0cd4fff000-7f0cd5000000 rw-p 00000000 00:00 0 
7f0cd5000000-7f0cd5ed0000 rwxp 00000000 00:00 0 
7f0cd5ed0000-7f0ce4000000 ---p 00000000 00:00 0 
7f0ce4000000-7f0ce4395000 rw-p 00000000 00:00 0 
7f0ce4395000-7f0ce8000000 ---p 00000000 00:00 0 
7f0ce8000000-7f0ce8097000 rw-p 00000000 00:00 0 
7f0ce8097000-7f0ce8098000 ---p 00000000 00:00 0 
7f0ce8098000-7f0ce8198000 rw-p 00000000 00:00 0 
7f0ce8198000-7f0ce8199000 ---p 00000000 00:00 0 
7f0ce8199000-7f0ce8299000 rw-p 00000000 00:00 0 
7f0ce8299000-7f0ce829a000 ---p 00000000 00:00 0 
7f0ce829a000-7f0ce83d6000 rw-p 00000000 00:00 0 
7f0ce83d6000-7f0ce875a000 ---p 00000000 00:00 0 
7f0ce875a000-7f0ce8774000 r-xp 00000000 08:05 929798                     /opt/android-studio/jre/jre/lib/amd64/libzip.so
7f0ce8774000-7f0ce8974000 ---p 0001a000 08:05 929798                     /opt/android-studio/jre/jre/lib/amd64/libzip.so
7f0ce8974000-7f0ce8975000 r--p 0001a000 08:05 929798                     /opt/android-studio/jre/jre/lib/amd64/libzip.so
7f0ce8975000-7f0ce8976000 rw-p 0001b000 08:05 929798                     /opt/android-studio/jre/jre/lib/amd64/libzip.so
7f0ce8976000-7f0ce8981000 r-xp 00000000 08:05 657657                     /lib/x86_64-linux-gnu/libnss_files-2.23.so
7f0ce8981000-7f0ce8b80000 ---p 0000b000 08:05 657657                     /lib/x86_64-linux-gnu/libnss_files-2.23.so
7f0ce8b80000-7f0ce8b81000 r--p 0000a000 08:05 657657                     /lib/x86_64-linux-gnu/libnss_files-2.23.so
7f0ce8b81000-7f0ce8b82000 rw-p 0000b000 08:05 657657                     /lib/x86_64-linux-gnu/libnss_files-2.23.so
7f0ce8b82000-7f0ce8b88000 rw-p 00000000 00:00 0 
7f0ce8b88000-7f0ce8b93000 r-xp 00000000 08:05 657660                     /lib/x86_64-linux-gnu/libnss_nis-2.23.so
7f0ce8b93000-7f0ce8d92000 ---p 0000b000 08:05 657660                     /lib/x86_64-linux-gnu/libnss_nis-2.23.so
7f0ce8d92000-7f0ce8d93000 r--p 0000a000 08:05 657660                     /lib/x86_64-linux-gnu/libnss_nis-2.23.so
7f0ce8d93000-7f0ce8d94000 rw-p 0000b000 08:05 657660                     /lib/x86_64-linux-gnu/libnss_nis-2.23.so
7f0ce8d94000-7f0ce8daa000 r-xp 00000000 08:05 657653                     /lib/x86_64-linux-gnu/libnsl-2.23.so
7f0ce8daa000-7f0ce8fa9000 ---p 00016000 08:05 657653                     /lib/x86_64-linux-gnu/libnsl-2.23.so
7f0ce8fa9000-7f0ce8faa000 r--p 00015000 08:05 657653                     /lib/x86_64-linux-gnu/libnsl-2.23.so
7f0ce8faa000-7f0ce8fab000 rw-p 00016000 08:05 657653                     /lib/x86_64-linux-gnu/libnsl-2.23.so
7f0ce8fab000-7f0ce8fad000 rw-p 00000000 00:00 0 
7f0ce8fad000-7f0ce8fb5000 r-xp 00000000 08:05 657666                     /lib/x86_64-linux-gnu/libnss_compat-2.23.so
7f0ce8fb5000-7f0ce91b4000 ---p 00008000 08:05 657666                     /lib/x86_64-linux-gnu/libnss_compat-2.23.so
7f0ce91b4000-7f0ce91b5000 r--p 00007000 08:05 657666                     /lib/x86_64-linux-gnu/libnss_compat-2.23.so
7f0ce91b5000-7f0ce91b6000 rw-p 00008000 08:05 657666                     /lib/x86_64-linux-gnu/libnss_compat-2.23.so
7f0ce91b6000-7f0ce91e3000 r-xp 00000000 08:05 929815                     /opt/android-studio/jre/jre/lib/amd64/libjava.so
7f0ce91e3000-7f0ce93e2000 ---p 0002d000 08:05 929815                     /opt/android-studio/jre/jre/lib/amd64/libjava.so
7f0ce93e2000-7f0ce93e3000 r--p 0002c000 08:05 929815                     /opt/android-studio/jre/jre/lib/amd64/libjava.so
7f0ce93e3000-7f0ce93e5000 rw-p 0002d000 08:05 929815                     /opt/android-studio/jre/jre/lib/amd64/libjava.so
7f0ce93e5000-7f0ce93f5000 r-xp 00000000 08:05 929788                     /opt/android-studio/jre/jre/lib/amd64/libverify.so
7f0ce93f5000-7f0ce95f4000 ---p 00010000 08:05 929788                     /opt/android-studio/jre/jre/lib/amd64/libverify.so
7f0ce95f4000-7f0ce95f6000 r--p 0000f000 08:05 929788                     /opt/android-studio/jre/jre/lib/amd64/libverify.so
7f0ce95f6000-7f0ce95f7000 rw-p 00011000 08:05 929788                     /opt/android-studio/jre/jre/lib/amd64/libverify.so
7f0ce95f7000-7f0ce95fe000 r-xp 00000000 08:05 657662                     /lib/x86_64-linux-gnu/librt-2.23.so
7f0ce95fe000-7f0ce97fd000 ---p 00007000 08:05 657662                     /lib/x86_64-linux-gnu/librt-2.23.so
7f0ce97fd000-7f0ce97fe000 r--p 00006000 08:05 657662                     /lib/x86_64-linux-gnu/librt-2.23.so
7f0ce97fe000-7f0ce97ff000 rw-p 00007000 08:05 657662                     /lib/x86_64-linux-gnu/librt-2.23.so
7f0ce97ff000-7f0ce9907000 r-xp 00000000 08:05 657671                     /lib/x86_64-linux-gnu/libm-2.23.so
7f0ce9907000-7f0ce9b06000 ---p 00108000 08:05 657671                     /lib/x86_64-linux-gnu/libm-2.23.so
7f0ce9b06000-7f0ce9b07000 r--p 00107000 08:05 657671                     /lib/x86_64-linux-gnu/libm-2.23.so
7f0ce9b07000-7f0ce9b08000 rw-p 00108000 08:05 657671                     /lib/x86_64-linux-gnu/libm-2.23.so
7f0ce9b08000-7f0cea6f9000 r-xp 00000000 08:05 929796                     /opt/android-studio/jre/jre/lib/amd64/server/libjvm.so
7f0cea6f9000-7f0cea8f9000 ---p 00bf1000 08:05 929796                     /opt/android-studio/jre/jre/lib/amd64/server/libjvm.so
7f0cea8f9000-7f0cea998000 r--p 00bf1000 08:05 929796                     /opt/android-studio/jre/jre/lib/amd64/server/libjvm.so
7f0cea998000-7f0cea9c1000 rw-p 00c90000 08:05 929796                     /opt/android-studio/jre/jre/lib/amd64/server/libjvm.so
7f0cea9c1000-7f0ceaa05000 rw-p 00000000 00:00 0 
7f0ceaa05000-7f0ceaa1d000 r-xp 00000000 08:05 657659                     /lib/x86_64-linux-gnu/libpthread-2.23.so
7f0ceaa1d000-7f0ceac1c000 ---p 00018000 08:05 657659                     /lib/x86_64-linux-gnu/libpthread-2.23.so
7f0ceac1c000-7f0ceac1d000 r--p 00017000 08:05 657659                     /lib/x86_64-linux-gnu/libpthread-2.23.so
7f0ceac1d000-7f0ceac1e000 rw-p 00018000 08:05 657659                     /lib/x86_64-linux-gnu/libpthread-2.23.so
7f0ceac1e000-7f0ceac22000 rw-p 00000000 00:00 0 
7f0ceac22000-7f0ceac25000 r-xp 00000000 08:05 657665                     /lib/x86_64-linux-gnu/libdl-2.23.so
7f0ceac25000-7f0ceae24000 ---p 00003000 08:05 657665                     /lib/x86_64-linux-gnu/libdl-2.23.so
7f0ceae24000-7f0ceae25000 r--p 00002000 08:05 657665                     /lib/x86_64-linux-gnu/libdl-2.23.so
7f0ceae25000-7f0ceae26000 rw-p 00003000 08:05 657665                     /lib/x86_64-linux-gnu/libdl-2.23.so
7f0ceae26000-7f0ceafe6000 r-xp 00000000 08:05 657676                     /lib/x86_64-linux-gnu/libc-2.23.so
7f0ceafe6000-7f0ceb1e6000 ---p 001c0000 08:05 657676                     /lib/x86_64-linux-gnu/libc-2.23.so
7f0ceb1e6000-7f0ceb1ea000 r--p 001c0000 08:05 657676                     /lib/x86_64-linux-gnu/libc-2.23.so
7f0ceb1ea000-7f0ceb1ec000 rw-p 001c4000 08:05 657676                     /lib/x86_64-linux-gnu/libc-2.23.so
7f0ceb1ec000-7f0ceb1f0000 rw-p 00000000 00:00 0 
7f0ceb1f0000-7f0ceb206000 r-xp 00000000 08:05 929747                     /opt/android-studio/jre/lib/amd64/jli/libjli.so
7f0ceb206000-7f0ceb405000 ---p 00016000 08:05 929747                     /opt/android-studio/jre/lib/amd64/jli/libjli.so
7f0ceb405000-7f0ceb406000 r--p 00015000 08:05 929747                     /opt/android-studio/jre/lib/amd64/jli/libjli.so
7f0ceb406000-7f0ceb407000 rw-p 00016000 08:05 929747                     /opt/android-studio/jre/lib/amd64/jli/libjli.so
7f0ceb407000-7f0ceb42d000 r-xp 00000000 08:05 657654                     /lib/x86_64-linux-gnu/ld-2.23.so
7f0ceb42f000-7f0ceb436000 r--s 00000000 08:05 8623                       /usr/lib/x86_64-linux-gnu/gconv/gconv-modules.cache
7f0ceb436000-7f0ceb509000 rw-p 00000000 00:00 0 
7f0ceb509000-7f0ceb50c000 ---p 00000000 00:00 0 
7f0ceb50c000-7f0ceb60e000 rw-p 00000000 00:00 0 
7f0ceb612000-7f0ceb620000 r--s 000e0000 08:05 582483                     /root/Android/Sdk/build-tools/25.0.2/lib/dx.jar
7f0ceb620000-7f0ceb628000 rw-s 00000000 08:05 1855084                    /tmp/hsperfdata_root/23694
7f0ceb628000-7f0ceb629000 rw-p 00000000 00:00 0 
7f0ceb629000-7f0ceb62a000 ---p 00000000 00:00 0 
7f0ceb62a000-7f0ceb62c000 rw-p 00000000 00:00 0 
7f0ceb62c000-7f0ceb62d000 r--p 00025000 08:05 657654                     /lib/x86_64-linux-gnu/ld-2.23.so
7f0ceb62d000-7f0ceb62e000 rw-p 00026000 08:05 657654                     /lib/x86_64-linux-gnu/ld-2.23.so
7f0ceb62e000-7f0ceb62f000 rw-p 00000000 00:00 0 
7ffdb5518000-7ffdb5539000 rw-p 00000000 00:00 0                          [stack]
7ffdb55f4000-7ffdb55f6000 r--p 00000000 00:00 0                          [vvar]
7ffdb55f6000-7ffdb55f8000 r-xp 00000000 00:00 0                          [vdso]
ffffffffff600000-ffffffffff601000 r-xp 00000000 00:00 0                  [vsyscall]

VM Arguments:
jvm_args: -Djava.awt.headless=true -Xmx4g -Dfile.encoding=UTF-8 -Duser.country=GT -Duser.language=es -Duser.variant 
java_command: com.android.dx.command.Main --dex --num-threads=4 --multi-dex --main-dex-list /home/lester/CONVERSA/Conversa-Android/app/build/intermediates/multi-dex/debug/maindexlist.txt --output /home/lester/CONVERSA/Conversa-Android/app/build/intermediates/transforms/dex/debug/folders/1000/1f/main /home/lester/CONVERSA/Conversa-Android/app/build/intermediates/transforms/jarMerging/debug/jars/1/1f/combined.jar
java_class_path (initial): /root/Android/Sdk/build-tools/25.0.2/lib/dx.jar
Launcher Type: SUN_STANDARD

Environment Variables:
PATH=/usr/local/sbin:/usr/local/bin:/usr/sbin:/usr/bin:/sbin:/bin:/snap/bin
USERNAME=root
LD_LIBRARY_PATH=/opt/android-studio/bin:
SHELL=/bin/bash
DISPLAY=:0

Signal Handlers:
SIGSEGV: [libjvm.so+0x9e5150], sa_mask[0]=11111111011111111101111111111110, sa_flags=SA_RESTART|SA_SIGINFO
SIGBUS: [libjvm.so+0x9e5150], sa_mask[0]=11111111011111111101111111111110, sa_flags=SA_RESTART|SA_SIGINFO
SIGFPE: [libjvm.so+0x848450], sa_mask[0]=11111111011111111101111111111110, sa_flags=SA_RESTART|SA_SIGINFO
SIGPIPE: [libjvm.so+0x848450], sa_mask[0]=11111111011111111101111111111110, sa_flags=SA_RESTART|SA_SIGINFO
SIGXFSZ: [libjvm.so+0x848450], sa_mask[0]=11111111011111111101111111111110, sa_flags=SA_RESTART|SA_SIGINFO
SIGILL: [libjvm.so+0x848450], sa_mask[0]=11111111011111111101111111111110, sa_flags=SA_RESTART|SA_SIGINFO
SIGUSR1: SIG_DFL, sa_mask[0]=00000000000000000000000000000000, sa_flags=none
SIGUSR2: [libjvm.so+0x848320], sa_mask[0]=00100000000000000000000000000000, sa_flags=SA_RESTART|SA_SIGINFO
SIGHUP: [libjvm.so+0x848510], sa_mask[0]=11111111011111111101111111111110, sa_flags=SA_RESTART|SA_SIGINFO
SIGINT: [libjvm.so+0x848510], sa_mask[0]=11111111011111111101111111111110, sa_flags=SA_RESTART|SA_SIGINFO
SIGTERM: [libjvm.so+0x848510], sa_mask[0]=11111111011111111101111111111110, sa_flags=SA_RESTART|SA_SIGINFO
SIGQUIT: [libjvm.so+0x848510], sa_mask[0]=11111111011111111101111111111110, sa_flags=SA_RESTART|SA_SIGINFO


---------------  S Y S T E M  ---------------

OS:DISTRIB_ID=Ubuntu
DISTRIB_RELEASE=16.04
DISTRIB_CODENAME=xenial
DISTRIB_DESCRIPTION="Ubuntu 16.04.3 LTS"

uname:Linux 4.4.0-92-generic #115-Ubuntu SMP Thu Aug 10 09:04:33 UTC 2017 x86_64
libc:glibc 2.23 NPTL 2.23 
rlimit: STACK 8192k, CORE 0k, NPROC 31122, NOFILE 1048576, AS infinity
load average:14.44 17.65 15.85

/proc/meminfo:
MemTotal:        8075520 kB
MemFree:          144932 kB
MemAvailable:      33616 kB
Buffers:             316 kB
Cached:           495792 kB
SwapCached:            0 kB
Active:          7283848 kB
Inactive:         437912 kB
Active(anon):    7279340 kB
Inactive(anon):   433472 kB
Active(file):       4508 kB
Inactive(file):     4440 kB
Unevictable:          32 kB
Mlocked:              32 kB
SwapTotal:             0 kB
SwapFree:              0 kB
Dirty:               100 kB
Writeback:             0 kB
AnonPages:       7226212 kB
Mapped:           135464 kB
Shmem:            486632 kB
Slab:              88724 kB
SReclaimable:      46440 kB
SUnreclaim:        42284 kB
KernelStack:       12176 kB
PageTables:        51120 kB
NFS_Unstable:          0 kB
Bounce:                0 kB
WritebackTmp:          0 kB
CommitLimit:     4037760 kB
Committed_AS:   11607284 kB
VmallocTotal:   34359738367 kB
VmallocUsed:           0 kB
VmallocChunk:          0 kB
HardwareCorrupted:     0 kB
AnonHugePages:   4614144 kB
CmaTotal:              0 kB
CmaFree:               0 kB
HugePages_Total:       0
HugePages_Free:        0
HugePages_Rsvd:        0
HugePages_Surp:        0
Hugepagesize:       2048 kB
DirectMap4k:      185132 kB
DirectMap2M:     7055360 kB
DirectMap1G:     2097152 kB


CPU:total 4 (2 cores per cpu, 2 threads per core) family 6 model 61 stepping 4, cmov, cx8, fxsr, mmx, sse, sse2, sse3, ssse3, sse4.1, sse4.2, popcnt, avx, avx2, aes, clmul, erms, 3dnowpref, lzcnt, ht, tsc, tscinvbit, bmi1, bmi2, adx

/proc/cpuinfo:
processor	: 0
vendor_id	: GenuineIntel
cpu family	: 6
model		: 61
model name	: Intel(R) Core(TM) i7-5500U CPU @ 2.40GHz
stepping	: 4
microcode	: 0x18
cpu MHz		: 813.000
cache size	: 4096 KB
physical id	: 0
siblings	: 4
core id		: 0
cpu cores	: 2
apicid		: 0
initial apicid	: 0
fpu		: yes
fpu_exception	: yes
cpuid level	: 20
wp		: yes
flags		: fpu vme de pse tsc msr pae mce cx8 apic sep mtrr pge mca cmov pat pse36 clflush dts acpi mmx fxsr sse sse2 ss ht tm pbe syscall nx pdpe1gb rdtscp lm constant_tsc arch_perfmon pebs bts rep_good nopl xtopology nonstop_tsc aperfmperf eagerfpu pni pclmulqdq dtes64 monitor ds_cpl vmx est tm2 ssse3 sdbg fma cx16 xtpr pdcm pcid sse4_1 sse4_2 x2apic movbe popcnt tsc_deadline_timer aes xsave avx f16c rdrand lahf_lm abm 3dnowprefetch epb intel_pt tpr_shadow vnmi flexpriority ept vpid fsgsbase tsc_adjust bmi1 avx2 smep bmi2 erms invpcid rdseed adx smap xsaveopt dtherm ida arat pln pts
bugs		:
bogomips	: 4788.55
clflush size	: 64
cache_alignment	: 64
address sizes	: 39 bits physical, 48 bits virtual
power management:

processor	: 1
vendor_id	: GenuineIntel
cpu family	: 6
model		: 61
model name	: Intel(R) Core(TM) i7-5500U CPU @ 2.40GHz
stepping	: 4
microcode	: 0x18
cpu MHz		: 1116.468
cache size	: 4096 KB
physical id	: 0
siblings	: 4
core id		: 1
cpu cores	: 2
apicid		: 2
initial apicid	: 2
fpu		: yes
fpu_exception	: yes
cpuid level	: 20
wp		: yes
flags		: fpu vme de pse tsc msr pae mce cx8 apic sep mtrr pge mca cmov pat pse36 clflush dts acpi mmx fxsr sse sse2 ss ht tm pbe syscall nx pdpe1gb rdtscp lm constant_tsc arch_perfmon pebs bts rep_good nopl xtopology nonstop_tsc aperfmperf eagerfpu pni pclmulqdq dtes64 monitor ds_cpl vmx est tm2 ssse3 sdbg fma cx16 xtpr pdcm pcid sse4_1 sse4_2 x2apic movbe popcnt tsc_deadline_timer aes xsave avx f16c rdrand lahf_lm abm 3dnowprefetch epb intel_pt tpr_shadow vnmi flexpriority ept vpid fsgsbase tsc_adjust bmi1 avx2 smep bmi2 erms invpcid rdseed adx smap xsaveopt dtherm ida arat pln pts
bugs		:
bogomips	: 4788.55
clflush size	: 64
cache_alignment	: 64
address sizes	: 39 bits physical, 48 bits virtual
power management:

processor	: 2
vendor_id	: GenuineIntel
cpu family	: 6
model		: 61
model name	: Intel(R) Core(TM) i7-5500U CPU @ 2.40GHz
stepping	: 4
microcode	: 0x18
cpu MHz		: 1786.968
cache size	: 4096 KB
physical id	: 0
siblings	: 4
core id		: 0
cpu cores	: 2
apicid		: 1
initial apicid	: 1
fpu		: yes
fpu_exception	: yes
cpuid level	: 20
wp		: yes
flags		: fpu vme de pse tsc msr pae mce cx8 apic sep mtrr pge mca cmov pat pse36 clflush dts acpi mmx fxsr sse sse2 ss ht tm pbe syscall nx pdpe1gb rdtscp lm constant_tsc arch_perfmon pebs bts rep_good nopl xtopology nonstop_tsc aperfmperf eagerfpu pni pclmulqdq dtes64 monitor ds_cpl vmx est tm2 ssse3 sdbg fma cx16 xtpr pdcm pcid sse4_1 sse4_2 x2apic movbe popcnt tsc_deadline_timer aes xsave avx f16c rdrand lahf_lm abm 3dnowprefetch epb intel_pt tpr_shadow vnmi flexpriority ept vpid fsgsbase tsc_adjust bmi1 avx2 smep bmi2 erms invpcid rdseed adx smap xsaveopt dtherm ida arat pln pts
bugs		:
bogomips	: 4788.55
clflush size	: 64
cache_alignment	: 64
address sizes	: 39 bits physical, 48 bits virtual
power management:

processor	: 3
vendor_id	: GenuineIntel
cpu family	: 6
model		: 61
model name	: Intel(R) Core(TM) i7-5500U CPU @ 2.40GHz
stepping	: 4
microcode	: 0x18
cpu MHz		: 1356.937
cache size	: 4096 KB
physical id	: 0
siblings	: 4
core id		: 1
cpu cores	: 2
apicid		: 3
initial apicid	: 3
fpu		: yes
fpu_exception	: yes
cpuid level	: 20
wp		: yes
flags		: fpu vme de pse tsc msr pae mce cx8 apic sep mtrr pge mca cmov pat pse36 clflush dts acpi mmx fxsr sse sse2 ss ht tm pbe syscall nx pdpe1gb rdtscp lm constant_tsc arch_perfmon pebs bts rep_good nopl xtopology nonstop_tsc aperfmperf eagerfpu pni pclmulqdq dtes64 monitor ds_cpl vmx est tm2 ssse3 sdbg fma cx16 xtpr pdcm pcid sse4_1 sse4_2 x2apic movbe popcnt tsc_deadline_timer aes xsave avx f16c rdrand lahf_lm abm 3dnowprefetch epb intel_pt tpr_shadow vnmi flexpriority ept vpid fsgsbase tsc_adjust bmi1 avx2 smep bmi2 erms invpcid rdseed adx smap xsaveopt dtherm ida arat pln pts
bugs		:
bogomips	: 4788.55
clflush size	: 64
cache_alignment	: 64
address sizes	: 39 bits physical, 48 bits virtual
power management:



Memory: 4k page, physical 8075520k(144852k free), swap 0k(0k free)

vm_info: OpenJDK 64-Bit Server VM (25.112-b06) for linux-amd64 JRE (1.8.0_112-release-b06), built on Dec  6 2016 12:11:18 by "builder" with gcc 4.8.4

time: Thu Aug 24 19:18:21 2017
elapsed time: 52 seconds (0d 0h 0m 52s)

