#
# There is insufficient memory for the Java Runtime Environment to continue.
# Native memory allocation (mmap) failed to map 352845824 bytes for committing reserved memory.
# Possible reasons:
#   The system is out of physical RAM or swap space
#   In 32 bit mode, the process size limit was hit
# Possible solutions:
#   Reduce memory load on the system
#   Increase physical memory or swap space
#   Check if swap backing store is full
#   Use 64 bit Java on a 64 bit OS
#   Decrease Java heap size (-Xmx/-Xms)
#   Decrease number of Java threads
#   Decrease Java thread stack sizes (-Xss)
#   Set larger code cache with -XX:ReservedCodeCacheSize=
# This output file may be truncated or incomplete.
#
#  Out of Memory Error (os_linux.cpp:2627), pid=9311, tid=0x00007f0f6f2f2700
#
# JRE version: OpenJDK Runtime Environment (8.0_112-b06) (build 1.8.0_112-release-b06)
# Java VM: OpenJDK 64-Bit Server VM (25.112-b06 mixed mode linux-amd64 compressed oops)
# Failed to write core dump. Core dumps have been disabled. To enable core dumping, try "ulimit -c unlimited" before starting Java again
#

---------------  T H R E A D  ---------------

Current thread (0x00007f0f98077800):  VMThread [stack: 0x00007f0f6f1f2000,0x00007f0f6f2f3000] [id=9322]

Stack: [0x00007f0f6f1f2000,0x00007f0f6f2f3000],  sp=0x00007f0f6f2f14d0,  free space=1021k
Native frames: (J=compiled Java code, j=interpreted, Vv=VM code, C=native code)
V  [libjvm.so+0x9e465d]  VMError::report_and_die()+0x15d
V  [libjvm.so+0x4b6ada]  report_vm_out_of_memory(char const*, int, unsigned long, VMErrorType, char const*)+0x8a
V  [libjvm.so+0x84c860]  os::pd_commit_memory(char*, unsigned long, unsigned long, bool)+0xf0
V  [libjvm.so+0x84737f]  os::commit_memory(char*, unsigned long, unsigned long, bool)+0x1f
V  [libjvm.so+0x8bd3db]  PSVirtualSpace::expand_by(unsigned long)+0x5b
V  [libjvm.so+0x8ae1bb]  PSOldGen::expand_by(unsigned long) [clone .part.109]+0x1b
V  [libjvm.so+0x8ae37b]  PSOldGen::expand(unsigned long) [clone .part.111]+0xdb
V  [libjvm.so+0x8aec58]  PSOldGen::resize(unsigned long)+0x188
V  [libjvm.so+0x8b426c]  PSParallelCompact::invoke_no_policy(bool)+0x97c
V  [libjvm.so+0x8bb37d]  PSScavenge::invoke()+0x17d
V  [libjvm.so+0x86fcf3]  ParallelScavengeHeap::failed_mem_allocate(unsigned long)+0x63
V  [libjvm.so+0x9e6124]  VM_ParallelGCFailedAllocation::doit()+0x84
V  [libjvm.so+0x9ea537]  VM_Operation::evaluate()+0x47
V  [libjvm.so+0x9e8ff8]  VMThread::evaluate_operation(VM_Operation*)+0x2c8
V  [libjvm.so+0x9e9479]  VMThread::loop()+0x219
V  [libjvm.so+0x9e98c2]  VMThread::run()+0x72
V  [libjvm.so+0x849c82]  java_start(Thread*)+0xf2

VM_Operation (0x00007f0f6dfabee0): ParallelGCFailedAllocation, mode: safepoint, requested by thread 0x00007f0f98170800


---------------  P R O C E S S  ---------------

Java Threads: ( => current thread )
  0x00007f0f98176800 JavaThread "pool-1-thread-1" [_thread_blocked, id=9341, stack(0x00007f0f6daad000,0x00007f0f6dbae000)]
  0x00007f0f98170800 JavaThread "pool-2-thread-4" [_thread_blocked, id=9335, stack(0x00007f0f6dead000,0x00007f0f6dfae000)]
  0x00007f0f9816f000 JavaThread "pool-2-thread-3" [_thread_blocked, id=9334, stack(0x00007f0f6dfae000,0x00007f0f6e0af000)]
  0x00007f0f9816d800 JavaThread "pool-2-thread-2" [_thread_blocked, id=9333, stack(0x00007f0f6e0af000,0x00007f0f6e1b0000)]
  0x00007f0f9816b800 JavaThread "pool-3-thread-1" [_thread_blocked, id=9332, stack(0x00007f0f6e1b0000,0x00007f0f6e2b1000)]
  0x00007f0f9816a800 JavaThread "pool-2-thread-1" [_thread_blocked, id=9331, stack(0x00007f0f6e2b1000,0x00007f0f6e3b2000)]
  0x00007f0f980bf800 JavaThread "Service Thread" daemon [_thread_blocked, id=9329, stack(0x00007f0f6e59e000,0x00007f0f6e69f000)]
  0x00007f0f980bc800 JavaThread "C1 CompilerThread2" daemon [_thread_blocked, id=9328, stack(0x00007f0f6e69f000,0x00007f0f6e7a0000)]
  0x00007f0f980ba800 JavaThread "C2 CompilerThread1" daemon [_thread_blocked, id=9327, stack(0x00007f0f6e7a0000,0x00007f0f6e8a1000)]
  0x00007f0f980b7800 JavaThread "C2 CompilerThread0" daemon [_thread_blocked, id=9326, stack(0x00007f0f6e8a1000,0x00007f0f6e9a2000)]
  0x00007f0f980b6800 JavaThread "Signal Dispatcher" daemon [_thread_blocked, id=9325, stack(0x00007f0f6e9a2000,0x00007f0f6eaa3000)]
  0x00007f0f98083800 JavaThread "Finalizer" daemon [_thread_blocked, id=9324, stack(0x00007f0f6eff0000,0x00007f0f6f0f1000)]
  0x00007f0f9807f000 JavaThread "Reference Handler" daemon [_thread_blocked, id=9323, stack(0x00007f0f6f0f1000,0x00007f0f6f1f2000)]
  0x00007f0f9800a000 JavaThread "main" [_thread_blocked, id=9317, stack(0x00007f0fa081d000,0x00007f0fa091e000)]

Other Threads:
=>0x00007f0f98077800 VMThread [stack: 0x00007f0f6f1f2000,0x00007f0f6f2f3000] [id=9322]
  0x00007f0f980c2000 WatcherThread [stack: 0x00007f0f6e49d000,0x00007f0f6e59e000] [id=9330]

VM state:at safepoint (normal execution)

VM Mutex/Monitor currently owned by a thread:  ([mutex/lock_event])
[0x00007f0f98005ef0] ExpandHeap_lock - owner thread: 0x00007f0f98077800
[0x00007f0f98006570] Threads_lock - owner thread: 0x00007f0f98077800
[0x00007f0f98006a70] Heap_lock - owner thread: 0x00007f0f98170800

Heap:
 PSYoungGen      total 823296K, used 0K [0x000000076ab00000, 0x00000007ad980000, 0x00000007c0000000)
  eden space 632832K, 0% used [0x000000076ab00000,0x000000076ab00000,0x0000000791500000)
  from space 190464K, 0% used [0x0000000791500000,0x0000000791500000,0x000000079cf00000)
  to   space 189440K, 0% used [0x00000007a2080000,0x00000007a2080000,0x00000007ad980000)
 ParOldGen       total 747520K, used 746127K [0x00000006c0000000, 0x00000006eda00000, 0x000000076ab00000)
  object space 747520K, 99% used [0x00000006c0000000,0x00000006ed8a3e00,0x00000006eda00000)
 Metaspace       used 6436K, capacity 7280K, committed 7552K, reserved 1056768K
  class space    used 588K, capacity 616K, committed 640K, reserved 1048576K

Card table byte_map: [0x00007f0f9cead000,0x00007f0f9d6ae000] byte_map_base: 0x00007f0f998ad000

Marking Bits: (ParMarkBitMap*) 0x00007f0f9fcea340
 Begin Bits: [0x00007f0f70000000, 0x00007f0f74000000)
 End Bits:   [0x00007f0f74000000, 0x00007f0f78000000)

Polling page: 0x00007f0fa093d000

CodeCache: size=245760Kb used=11907Kb max_used=15199Kb free=233852Kb
 bounds [0x00007f0f89000000, 0x00007f0f89f00000, 0x00007f0f98000000]
 total_blobs=2781 nmethods=2519 adapters=176
 compilation: enabled

Compilation events (10 events):
Event: 22.279 Thread 0x00007f0f980ba800 3285       4       com.android.dx.util.FixedSizeList::hashCode (8 bytes)
Event: 22.279 Thread 0x00007f0f980bc800 3306       3       com.android.dx.dex.file.ClassDefItem::addContents (201 bytes)
Event: 22.281 Thread 0x00007f0f980bc800 nmethod 3306 0x00007f0f89edb190 code [0x00007f0f89edb480, 0x00007f0f89edd1a8]
Event: 22.281 Thread 0x00007f0f980bc800 3307       3       com.android.dx.dex.file.ClassDataItem::isEmpty (46 bytes)
Event: 22.282 Thread 0x00007f0f980bc800 nmethod 3307 0x00007f0f89256210 code [0x00007f0f892563c0, 0x00007f0f89256990]
Event: 22.282 Thread 0x00007f0f980bc800 3308       3       com.android.dx.dex.file.AnnotationsDirectoryItem::isEmpty (34 bytes)
Event: 22.282 Thread 0x00007f0f980bc800 nmethod 3308 0x00007f0f898b4710 code [0x00007f0f898b4880, 0x00007f0f898b4af0]
Event: 22.282 Thread 0x00007f0f980bc800 3310       3       com.android.dx.rop.type.StdTypeList::hashContents (40 bytes)
Event: 22.283 Thread 0x00007f0f980bc800 nmethod 3310 0x00007f0f8934bd10 code [0x00007f0f8934bec0, 0x00007f0f8934c3e8]
Event: 22.283 Thread 0x00007f0f980bc800 3309       3       com.android.dx.dex.file.TypeListItem::hashCode (8 bytes)

GC Heap History (10 events):
Event: 15.101 GC heap after
Heap after GC invocations=19 (full 3):
 PSYoungGen      total 710144K, used 134138K [0x000000076ab00000, 0x00000007a3e80000, 0x00000007c0000000)
  eden space 576000K, 0% used [0x000000076ab00000,0x000000076ab00000,0x000000078dd80000)
  from space 134144K, 99% used [0x0000000797b80000,0x000000079fe7e950,0x000000079fe80000)
  to   space 161792K, 0% used [0x000000078dd80000,0x000000078dd80000,0x0000000797b80000)
 ParOldGen       total 435712K, used 353430K [0x00000006c0000000, 0x00000006da980000, 0x000000076ab00000)
  object space 435712K, 81% used [0x00000006c0000000,0x00000006d5925a80,0x00000006da980000)
 Metaspace       used 6378K, capacity 7280K, committed 7552K, reserved 1056768K
  class space    used 583K, capacity 616K, committed 640K, reserved 1048576K
}
Event: 16.343 GC heap before
{Heap before GC invocations=20 (full 3):
 PSYoungGen      total 710144K, used 710138K [0x000000076ab00000, 0x00000007a3e80000, 0x00000007c0000000)
  eden space 576000K, 100% used [0x000000076ab00000,0x000000078dd80000,0x000000078dd80000)
  from space 134144K, 99% used [0x0000000797b80000,0x000000079fe7e950,0x000000079fe80000)
  to   space 161792K, 0% used [0x000000078dd80000,0x000000078dd80000,0x0000000797b80000)
 ParOldGen       total 435712K, used 353430K [0x00000006c0000000, 0x00000006da980000, 0x000000076ab00000)
  object space 435712K, 81% used [0x00000006c0000000,0x00000006d5925a80,0x00000006da980000)
 Metaspace       used 6378K, capacity 7280K, committed 7552K, reserved 1056768K
  class space    used 583K, capacity 616K, committed 640K, reserved 1048576K
Event: 16.580 GC heap after
Heap after GC invocations=20 (full 3):
 PSYoungGen      total 737792K, used 88271K [0x000000076ab00000, 0x00000007a6d80000, 0x00000007c0000000)
  eden space 576000K, 0% used [0x000000076ab00000,0x000000076ab00000,0x000000078dd80000)
  from space 161792K, 54% used [0x000000078dd80000,0x00000007933b3c80,0x0000000797b80000)
  to   space 162304K, 0% used [0x000000079cf00000,0x000000079cf00000,0x00000007a6d80000)
 ParOldGen       total 487936K, used 487410K [0x00000006c0000000, 0x00000006ddc80000, 0x000000076ab00000)
  object space 487936K, 99% used [0x00000006c0000000,0x00000006ddbfc8f0,0x00000006ddc80000)
 Metaspace       used 6378K, capacity 7280K, committed 7552K, reserved 1056768K
  class space    used 583K, capacity 616K, committed 640K, reserved 1048576K
}
Event: 16.580 GC heap before
{Heap before GC invocations=21 (full 4):
 PSYoungGen      total 737792K, used 88271K [0x000000076ab00000, 0x00000007a6d80000, 0x00000007c0000000)
  eden space 576000K, 0% used [0x000000076ab00000,0x000000076ab00000,0x000000078dd80000)
  from space 161792K, 54% used [0x000000078dd80000,0x00000007933b3c80,0x0000000797b80000)
  to   space 162304K, 0% used [0x000000079cf00000,0x000000079cf00000,0x00000007a6d80000)
 ParOldGen       total 487936K, used 487410K [0x00000006c0000000, 0x00000006ddc80000, 0x000000076ab00000)
  object space 487936K, 99% used [0x00000006c0000000,0x00000006ddbfc8f0,0x00000006ddc80000)
 Metaspace       used 6378K, capacity 7280K, committed 7552K, reserved 1056768K
  class space    used 583K, capacity 616K, committed 640K, reserved 1048576K
Event: 18.931 GC heap after
Heap after GC invocations=21 (full 4):
 PSYoungGen      total 737792K, used 79393K [0x000000076ab00000, 0x00000007a6d80000, 0x00000007c0000000)
  eden space 576000K, 0% used [0x000000076ab00000,0x000000076ab00000,0x000000078dd80000)
  from space 161792K, 49% used [0x000000078dd80000,0x0000000792b08538,0x0000000797b80000)
  to   space 162304K, 0% used [0x000000079cf00000,0x000000079cf00000,0x00000007a6d80000)
 ParOldGen       total 747520K, used 487481K [0x00000006c0000000, 0x00000006eda00000, 0x000000076ab00000)
  object space 747520K, 65% used [0x00000006c0000000,0x00000006ddc0e670,0x00000006eda00000)
 Metaspace       used 6378K, capacity 7280K, committed 7552K, reserved 1056768K
  class space    used 583K, capacity 616K, committed 640K, reserved 1048576K
}
Event: 20.203 GC heap before
{Heap before GC invocations=22 (full 4):
 PSYoungGen      total 737792K, used 655393K [0x000000076ab00000, 0x00000007a6d80000, 0x00000007c0000000)
  eden space 576000K, 100% used [0x000000076ab00000,0x000000078dd80000,0x000000078dd80000)
  from space 161792K, 49% used [0x000000078dd80000,0x0000000792b08538,0x0000000797b80000)
  to   space 162304K, 0% used [0x000000079cf00000,0x000000079cf00000,0x00000007a6d80000)
 ParOldGen       total 747520K, used 487481K [0x00000006c0000000, 0x00000006eda00000, 0x000000076ab00000)
  object space 747520K, 65% used [0x00000006c0000000,0x00000006ddc0e670,0x00000006eda00000)
 Metaspace       used 6391K, capacity 7280K, committed 7552K, reserved 1056768K
  class space    used 584K, capacity 616K, committed 640K, reserved 1048576K
Event: 20.484 GC heap after
Heap after GC invocations=22 (full 4):
 PSYoungGen      total 795136K, used 162289K [0x000000076ab00000, 0x00000007a9780000, 0x00000007c0000000)
  eden space 632832K, 0% used [0x000000076ab00000,0x000000076ab00000,0x0000000791500000)
  from space 162304K, 99% used [0x000000079cf00000,0x00000007a6d7c5b0,0x00000007a6d80000)
  to   space 190464K, 0% used [0x0000000791500000,0x0000000791500000,0x000000079cf00000)
 ParOldGen       total 747520K, used 489961K [0x00000006c0000000, 0x00000006eda00000, 0x000000076ab00000)
  object space 747520K, 65% used [0x00000006c0000000,0x00000006dde7a400,0x00000006eda00000)
 Metaspace       used 6391K, capacity 7280K, committed 7552K, reserved 1056768K
  class space    used 584K, capacity 616K, committed 640K, reserved 1048576K
}
Event: 22.283 GC heap before
{Heap before GC invocations=23 (full 4):
 PSYoungGen      total 795136K, used 795121K [0x000000076ab00000, 0x00000007a9780000, 0x00000007c0000000)
  eden space 632832K, 100% used [0x000000076ab00000,0x0000000791500000,0x0000000791500000)
  from space 162304K, 99% used [0x000000079cf00000,0x00000007a6d7c5b0,0x00000007a6d80000)
  to   space 190464K, 0% used [0x0000000791500000,0x0000000791500000,0x000000079cf00000)
 ParOldGen       total 747520K, used 489961K [0x00000006c0000000, 0x00000006eda00000, 0x000000076ab00000)
  object space 747520K, 65% used [0x00000006c0000000,0x00000006dde7a400,0x00000006eda00000)
 Metaspace       used 6436K, capacity 7280K, committed 7552K, reserved 1056768K
  class space    used 588K, capacity 616K, committed 640K, reserved 1048576K
Event: 22.636 GC heap after
Heap after GC invocations=23 (full 4):
 PSYoungGen      total 823296K, used 101518K [0x000000076ab00000, 0x00000007ad980000, 0x00000007c0000000)
  eden space 632832K, 0% used [0x000000076ab00000,0x000000076ab00000,0x0000000791500000)
  from space 190464K, 53% used [0x0000000791500000,0x00000007978238a0,0x000000079cf00000)
  to   space 189440K, 0% used [0x00000007a2080000,0x00000007a2080000,0x00000007ad980000)
 ParOldGen       total 747520K, used 652173K [0x00000006c0000000, 0x00000006eda00000, 0x000000076ab00000)
  object space 747520K, 87% used [0x00000006c0000000,0x00000006e7ce36d0,0x00000006eda00000)
 Metaspace       used 6436K, capacity 7280K, committed 7552K, reserved 1056768K
  class space    used 588K, capacity 616K, committed 640K, reserved 1048576K
}
Event: 22.850 GC heap before
{Heap before GC invocations=24 (full 5):
 PSYoungGen      total 823296K, used 101518K [0x000000076ab00000, 0x00000007ad980000, 0x00000007c0000000)
  eden space 632832K, 0% used [0x000000076ab00000,0x000000076ab00000,0x0000000791500000)
  from space 190464K, 53% used [0x0000000791500000,0x00000007978238a0,0x000000079cf00000)
  to   space 189440K, 0% used [0x00000007a2080000,0x00000007a2080000,0x00000007ad980000)
 ParOldGen       total 747520K, used 652173K [0x00000006c0000000, 0x00000006eda00000, 0x000000076ab00000)
  object space 747520K, 87% used [0x00000006c0000000,0x00000006e7ce36d0,0x00000006eda00000)
 Metaspace       used 6436K, capacity 7280K, committed 7552K, reserved 1056768K
  class space    used 588K, capacity 616K, committed 640K, reserved 1048576K

Deoptimization events (10 events):
Event: 21.098 Thread 0x00007f0f9816a800 Uncommon trap: reason=bimorphic action=maybe_recompile pc=0x00007f0f89db006c method=com.android.dx.cf.code.BytecodeArray.parseInstruction(ILcom/android/dx/cf/code/BytecodeArray$Visitor;)I @ 1357
Event: 21.098 Thread 0x00007f0f9816a800 Uncommon trap: reason=bimorphic action=maybe_recompile pc=0x00007f0f89db006c method=com.android.dx.cf.code.BytecodeArray.parseInstruction(ILcom/android/dx/cf/code/BytecodeArray$Visitor;)I @ 1357
Event: 21.102 Thread 0x00007f0f9816a800 Uncommon trap: reason=unstable_if action=reinterpret pc=0x00007f0f89c9a6a0 method=com.android.dx.rop.code.Insn.contentEquals(Lcom/android/dx/rop/code/Insn;)Z @ 47
Event: 21.193 Thread 0x00007f0f98170800 Uncommon trap: reason=bimorphic action=maybe_recompile pc=0x00007f0f89ee04e8 method=com.android.dx.ssa.LiteralOpUpgrader.tryReplacingWithConstant(Lcom/android/dx/ssa/NormalSsaInsn;)Z @ 62
Event: 21.582 Thread 0x00007f0f9816a800 Uncommon trap: reason=bimorphic action=maybe_recompile pc=0x00007f0f89ee04e8 method=com.android.dx.ssa.LiteralOpUpgrader.tryReplacingWithConstant(Lcom/android/dx/ssa/NormalSsaInsn;)Z @ 62
Event: 22.270 Thread 0x00007f0f98176800 Uncommon trap: reason=class_check action=maybe_recompile pc=0x00007f0f89ebe71c method=java.util.Arrays.hashCode([Ljava/lang/Object;)I @ 43
Event: 22.270 Thread 0x00007f0f98176800 Uncommon trap: reason=class_check action=maybe_recompile pc=0x00007f0f89ebe71c method=java.util.Arrays.hashCode([Ljava/lang/Object;)I @ 43
Event: 22.270 Thread 0x00007f0f98176800 Uncommon trap: reason=class_check action=maybe_recompile pc=0x00007f0f89ebe71c method=java.util.Arrays.hashCode([Ljava/lang/Object;)I @ 43
Event: 22.270 Thread 0x00007f0f98176800 Uncommon trap: reason=class_check action=maybe_recompile pc=0x00007f0f89ebe71c method=java.util.Arrays.hashCode([Ljava/lang/Object;)I @ 43
Event: 22.270 Thread 0x00007f0f98176800 Uncommon trap: reason=class_check action=maybe_recompile pc=0x00007f0f897749fc method=java.util.Arrays.hashCode([Ljava/lang/Object;)I @ 43

Internal exceptions (10 events):
Event: 0.307 Thread 0x00007f0f9800a000 Exception <a 'java/lang/NoSuchMethodError': Method sun.misc.Unsafe.defineClass(Ljava/lang/String;[BII)Ljava/lang/Class; name or signature does not match> (0x000000076ab07c78) thrown at [/ssd/Android/AOSP-openjdk/external/jetbrains/jdk/hotspot/src/share/vm
Event: 0.307 Thread 0x00007f0f9800a000 Exception <a 'java/lang/NoSuchMethodError': Method sun.misc.Unsafe.prefetchRead(Ljava/lang/Object;J)V name or signature does not match> (0x000000076ab07f60) thrown at [/ssd/Android/AOSP-openjdk/external/jetbrains/jdk/hotspot/src/share/vm/prims/jni.cpp, li
Event: 1.060 Thread 0x00007f0f9800a000 Implicit null exception at 0x00007f0f8915b6f4 to 0x00007f0f8915bd3d
Event: 1.897 Thread 0x00007f0f9816f000 Implicit null exception at 0x00007f0f8937041c to 0x00007f0f89372e39
Event: 2.061 Thread 0x00007f0f9816d800 Implicit null exception at 0x00007f0f89324ab3 to 0x00007f0f89327449
Event: 2.149 Thread 0x00007f0f9816d800 Implicit null exception at 0x00007f0f893fe1d8 to 0x00007f0f893fe3bd
Event: 2.479 Thread 0x00007f0f98170800 Exception <a 'java/lang/ArrayIndexOutOfBoundsException': 18> (0x000000076c5245e8) thrown at [/ssd/Android/AOSP-openjdk/external/jetbrains/jdk/hotspot/src/share/vm/interpreter/interpreterRuntime.cpp, line 366]
Event: 2.480 Thread 0x00007f0f98170800 Exception <a 'java/lang/ArrayIndexOutOfBoundsException': 145> (0x000000076c526168) thrown at [/ssd/Android/AOSP-openjdk/external/jetbrains/jdk/hotspot/src/share/vm/interpreter/interpreterRuntime.cpp, line 366]
Event: 2.480 Thread 0x00007f0f98170800 Exception <a 'java/lang/ArrayIndexOutOfBoundsException'> (0x000000076c527450) thrown at [/ssd/Android/AOSP-openjdk/external/jetbrains/jdk/hotspot/src/share/vm/runtime/sharedRuntime.cpp, line 605]
Event: 16.183 Thread 0x00007f0f9816a800 Implicit null exception at 0x00007f0f89136f95 to 0x00007f0f89138371

Events (10 events):
Event: 22.270 Thread 0x00007f0f98176800 DEOPT UNPACKING pc=0x00007f0f89004f69 sp=0x00007f0f6dbabfb0 mode 2
Event: 22.270 Thread 0x00007f0f98176800 Uncommon trap: trap_request=0xffffffde fr.pc=0x00007f0f89ebe71c
Event: 22.270 Thread 0x00007f0f98176800 DEOPT PACKING pc=0x00007f0f89ebe71c sp=0x00007f0f6dbac060
Event: 22.270 Thread 0x00007f0f98176800 DEOPT UNPACKING pc=0x00007f0f89004f69 sp=0x00007f0f6dbabfb0 mode 2
Event: 22.270 Thread 0x00007f0f98176800 Uncommon trap: trap_request=0xffffffde fr.pc=0x00007f0f897749fc
Event: 22.270 Thread 0x00007f0f98176800 DEOPT PACKING pc=0x00007f0f897749fc sp=0x00007f0f6dbac010
Event: 22.270 Thread 0x00007f0f98176800 DEOPT UNPACKING pc=0x00007f0f89004f69 sp=0x00007f0f6dbabfb8 mode 2
Event: 22.273 loading class com/android/dx/rop/cst/Zeroes
Event: 22.273 loading class com/android/dx/rop/cst/Zeroes done
Event: 22.283 Executing VM operation: ParallelGCFailedAllocation


Dynamic libraries:
00400000-00401000 r-xp 00000000 08:05 929732                             /opt/android-studio/jre/bin/java
00600000-00601000 r--p 00000000 08:05 929732                             /opt/android-studio/jre/bin/java
00601000-00602000 rw-p 00001000 08:05 929732                             /opt/android-studio/jre/bin/java
00df2000-00e13000 rw-p 00000000 00:00 0                                  [heap]
6c0000000-6eda00000 rw-p 00000000 00:00 0 
702a80000-76ab00000 ---p 00000000 00:00 0 
76ab00000-7ad980000 rw-p 00000000 00:00 0 
7ad980000-7c0000000 ---p 00000000 00:00 0 
7c0000000-7c00a0000 rw-p 00000000 00:00 0 
7c00a0000-800000000 ---p 00000000 00:00 0 
7f0f30000000-7f0f30042000 rw-p 00000000 00:00 0 
7f0f30042000-7f0f34000000 ---p 00000000 00:00 0 
7f0f34000000-7f0f34021000 rw-p 00000000 00:00 0 
7f0f34021000-7f0f38000000 ---p 00000000 00:00 0 
7f0f38000000-7f0f38031000 rw-p 00000000 00:00 0 
7f0f38031000-7f0f3c000000 ---p 00000000 00:00 0 
7f0f3c000000-7f0f3c022000 rw-p 00000000 00:00 0 
7f0f3c022000-7f0f40000000 ---p 00000000 00:00 0 
7f0f40000000-7f0f4007c000 rw-p 00000000 00:00 0 
7f0f4007c000-7f0f44000000 ---p 00000000 00:00 0 
7f0f44000000-7f0f44021000 rw-p 00000000 00:00 0 
7f0f44021000-7f0f48000000 ---p 00000000 00:00 0 
7f0f48000000-7f0f48021000 rw-p 00000000 00:00 0 
7f0f48021000-7f0f4c000000 ---p 00000000 00:00 0 
7f0f4c000000-7f0f4c021000 rw-p 00000000 00:00 0 
7f0f4c021000-7f0f50000000 ---p 00000000 00:00 0 
7f0f50000000-7f0f5194c000 rw-p 00000000 00:00 0 
7f0f5194c000-7f0f54000000 ---p 00000000 00:00 0 
7f0f54000000-7f0f54a65000 rw-p 00000000 00:00 0 
7f0f54a65000-7f0f58000000 ---p 00000000 00:00 0 
7f0f58000000-7f0f58021000 rw-p 00000000 00:00 0 
7f0f58021000-7f0f5c000000 ---p 00000000 00:00 0 
7f0f5c000000-7f0f5da82000 rw-p 00000000 00:00 0 
7f0f5da82000-7f0f60000000 ---p 00000000 00:00 0 
7f0f60000000-7f0f60021000 rw-p 00000000 00:00 0 
7f0f60021000-7f0f64000000 ---p 00000000 00:00 0 
7f0f64000000-7f0f64021000 rw-p 00000000 00:00 0 
7f0f64021000-7f0f68000000 ---p 00000000 00:00 0 
7f0f68000000-7f0f68284000 rw-p 00000000 00:00 0 
7f0f68284000-7f0f6c000000 ---p 00000000 00:00 0 
7f0f6daad000-7f0f6dab0000 ---p 00000000 00:00 0 
7f0f6dab0000-7f0f6dbae000 rw-p 00000000 00:00 0 
7f0f6de88000-7f0f6dead000 r--p 00000000 08:05 144167                     /usr/share/locale-langpack/es/LC_MESSAGES/libc.mo
7f0f6dead000-7f0f6deb0000 ---p 00000000 00:00 0 
7f0f6deb0000-7f0f6dfae000 rw-p 00000000 00:00 0 
7f0f6dfae000-7f0f6dfb1000 ---p 00000000 00:00 0 
7f0f6dfb1000-7f0f6e0af000 rw-p 00000000 00:00 0 
7f0f6e0af000-7f0f6e0b2000 ---p 00000000 00:00 0 
7f0f6e0b2000-7f0f6e1b0000 rw-p 00000000 00:00 0 
7f0f6e1b0000-7f0f6e1b3000 ---p 00000000 00:00 0 
7f0f6e1b3000-7f0f6e2b1000 rw-p 00000000 00:00 0 
7f0f6e2b1000-7f0f6e2b4000 ---p 00000000 00:00 0 
7f0f6e2b4000-7f0f6e3b2000 rw-p 00000000 00:00 0 
7f0f6e3b2000-7f0f6e49d000 r--s 00adf000 08:06 1059643                    /home/lester/CONVERSA/Conversa-Android/app/build/intermediates/transforms/jarMerging/debug/jars/1/1f/combined.jar
7f0f6e49d000-7f0f6e49e000 ---p 00000000 00:00 0 
7f0f6e49e000-7f0f6e59e000 rw-p 00000000 00:00 0 
7f0f6e59e000-7f0f6e5a1000 ---p 00000000 00:00 0 
7f0f6e5a1000-7f0f6e69f000 rw-p 00000000 00:00 0 
7f0f6e69f000-7f0f6e6a2000 ---p 00000000 00:00 0 
7f0f6e6a2000-7f0f6e7a0000 rw-p 00000000 00:00 0 
7f0f6e7a0000-7f0f6e7a3000 ---p 00000000 00:00 0 
7f0f6e7a3000-7f0f6e8a1000 rw-p 00000000 00:00 0 
7f0f6e8a1000-7f0f6e8a4000 ---p 00000000 00:00 0 
7f0f6e8a4000-7f0f6e9a2000 rw-p 00000000 00:00 0 
7f0f6e9a2000-7f0f6e9a5000 ---p 00000000 00:00 0 
7f0f6e9a5000-7f0f6eaa3000 rw-p 00000000 00:00 0 
7f0f6eaa3000-7f0f6eff0000 r--p 00000000 08:05 1051794                    /usr/lib/locale/locale-archive
7f0f6eff0000-7f0f6eff3000 ---p 00000000 00:00 0 
7f0f6eff3000-7f0f6f0f1000 rw-p 00000000 00:00 0 
7f0f6f0f1000-7f0f6f0f4000 ---p 00000000 00:00 0 
7f0f6f0f4000-7f0f6f1f2000 rw-p 00000000 00:00 0 
7f0f6f1f2000-7f0f6f1f3000 ---p 00000000 00:00 0 
7f0f6f1f3000-7f0f78000000 rw-p 00000000 00:00 0 
7f0f78000000-7f0f78021000 rw-p 00000000 00:00 0 
7f0f78021000-7f0f7c000000 ---p 00000000 00:00 0 
7f0f7c000000-7f0f7c021000 rw-p 00000000 00:00 0 
7f0f7c021000-7f0f80000000 ---p 00000000 00:00 0 
7f0f80000000-7f0f80021000 rw-p 00000000 00:00 0 
7f0f80021000-7f0f84000000 ---p 00000000 00:00 0 
7f0f84000000-7f0f84021000 rw-p 00000000 00:00 0 
7f0f84021000-7f0f88000000 ---p 00000000 00:00 0 
7f0f88000000-7f0f886c0000 rw-p 00000000 00:00 0 
7f0f886c0000-7f0f88800000 ---p 00000000 00:00 0 
7f0f88800000-7f0f89000000 rw-p 00000000 00:00 0 
7f0f89000000-7f0f89f00000 rwxp 00000000 00:00 0 
7f0f89f00000-7f0f98000000 ---p 00000000 00:00 0 
7f0f98000000-7f0f98395000 rw-p 00000000 00:00 0 
7f0f98395000-7f0f9c000000 ---p 00000000 00:00 0 
7f0f9c019000-7f0f9c30e000 rw-p 00000000 00:00 0 
7f0f9c30e000-7f0f9c4dd000 r--s 03c1b000 08:05 929783                     /opt/android-studio/jre/jre/lib/rt.jar
7f0f9c4dd000-7f0f9c553000 rw-p 00000000 00:00 0 
7f0f9c553000-7f0f9c554000 ---p 00000000 00:00 0 
7f0f9c554000-7f0f9c654000 rw-p 00000000 00:00 0 
7f0f9c654000-7f0f9c655000 ---p 00000000 00:00 0 
7f0f9c655000-7f0f9c755000 rw-p 00000000 00:00 0 
7f0f9c755000-7f0f9c756000 ---p 00000000 00:00 0 
7f0f9c756000-7f0f9c856000 rw-p 00000000 00:00 0 
7f0f9c856000-7f0f9c857000 ---p 00000000 00:00 0 
7f0f9c857000-7f0f9cac4000 rw-p 00000000 00:00 0 
7f0f9cac4000-7f0f9cead000 ---p 00000000 00:00 0 
7f0f9cead000-7f0f9d01a000 rw-p 00000000 00:00 0 
7f0f9d01a000-7f0f9d402000 ---p 00000000 00:00 0 
7f0f9d402000-7f0f9d61a000 rw-p 00000000 00:00 0 
7f0f9d61a000-7f0f9d6ad000 ---p 00000000 00:00 0 
7f0f9d6ad000-7f0f9d6ea000 rw-p 00000000 00:00 0 
7f0f9d6ea000-7f0f9da6e000 ---p 00000000 00:00 0 
7f0f9da6e000-7f0f9da88000 r-xp 00000000 08:05 929798                     /opt/android-studio/jre/jre/lib/amd64/libzip.so
7f0f9da88000-7f0f9dc88000 ---p 0001a000 08:05 929798                     /opt/android-studio/jre/jre/lib/amd64/libzip.so
7f0f9dc88000-7f0f9dc89000 r--p 0001a000 08:05 929798                     /opt/android-studio/jre/jre/lib/amd64/libzip.so
7f0f9dc89000-7f0f9dc8a000 rw-p 0001b000 08:05 929798                     /opt/android-studio/jre/jre/lib/amd64/libzip.so
7f0f9dc8a000-7f0f9dc95000 r-xp 00000000 08:05 657657                     /lib/x86_64-linux-gnu/libnss_files-2.23.so
7f0f9dc95000-7f0f9de94000 ---p 0000b000 08:05 657657                     /lib/x86_64-linux-gnu/libnss_files-2.23.so
7f0f9de94000-7f0f9de95000 r--p 0000a000 08:05 657657                     /lib/x86_64-linux-gnu/libnss_files-2.23.so
7f0f9de95000-7f0f9de96000 rw-p 0000b000 08:05 657657                     /lib/x86_64-linux-gnu/libnss_files-2.23.so
7f0f9de96000-7f0f9de9c000 rw-p 00000000 00:00 0 
7f0f9de9c000-7f0f9dea7000 r-xp 00000000 08:05 657660                     /lib/x86_64-linux-gnu/libnss_nis-2.23.so
7f0f9dea7000-7f0f9e0a6000 ---p 0000b000 08:05 657660                     /lib/x86_64-linux-gnu/libnss_nis-2.23.so
7f0f9e0a6000-7f0f9e0a7000 r--p 0000a000 08:05 657660                     /lib/x86_64-linux-gnu/libnss_nis-2.23.so
7f0f9e0a7000-7f0f9e0a8000 rw-p 0000b000 08:05 657660                     /lib/x86_64-linux-gnu/libnss_nis-2.23.so
7f0f9e0a8000-7f0f9e0be000 r-xp 00000000 08:05 657653                     /lib/x86_64-linux-gnu/libnsl-2.23.so
7f0f9e0be000-7f0f9e2bd000 ---p 00016000 08:05 657653                     /lib/x86_64-linux-gnu/libnsl-2.23.so
7f0f9e2bd000-7f0f9e2be000 r--p 00015000 08:05 657653                     /lib/x86_64-linux-gnu/libnsl-2.23.so
7f0f9e2be000-7f0f9e2bf000 rw-p 00016000 08:05 657653                     /lib/x86_64-linux-gnu/libnsl-2.23.so
7f0f9e2bf000-7f0f9e2c1000 rw-p 00000000 00:00 0 
7f0f9e2c1000-7f0f9e2c9000 r-xp 00000000 08:05 657666                     /lib/x86_64-linux-gnu/libnss_compat-2.23.so
7f0f9e2c9000-7f0f9e4c8000 ---p 00008000 08:05 657666                     /lib/x86_64-linux-gnu/libnss_compat-2.23.so
7f0f9e4c8000-7f0f9e4c9000 r--p 00007000 08:05 657666                     /lib/x86_64-linux-gnu/libnss_compat-2.23.so
7f0f9e4c9000-7f0f9e4ca000 rw-p 00008000 08:05 657666                     /lib/x86_64-linux-gnu/libnss_compat-2.23.so
7f0f9e4ca000-7f0f9e4f7000 r-xp 00000000 08:05 929815                     /opt/android-studio/jre/jre/lib/amd64/libjava.so
7f0f9e4f7000-7f0f9e6f6000 ---p 0002d000 08:05 929815                     /opt/android-studio/jre/jre/lib/amd64/libjava.so
7f0f9e6f6000-7f0f9e6f7000 r--p 0002c000 08:05 929815                     /opt/android-studio/jre/jre/lib/amd64/libjava.so
7f0f9e6f7000-7f0f9e6f9000 rw-p 0002d000 08:05 929815                     /opt/android-studio/jre/jre/lib/amd64/libjava.so
7f0f9e6f9000-7f0f9e709000 r-xp 00000000 08:05 929788                     /opt/android-studio/jre/jre/lib/amd64/libverify.so
7f0f9e709000-7f0f9e908000 ---p 00010000 08:05 929788                     /opt/android-studio/jre/jre/lib/amd64/libverify.so
7f0f9e908000-7f0f9e90a000 r--p 0000f000 08:05 929788                     /opt/android-studio/jre/jre/lib/amd64/libverify.so
7f0f9e90a000-7f0f9e90b000 rw-p 00011000 08:05 929788                     /opt/android-studio/jre/jre/lib/amd64/libverify.so
7f0f9e90b000-7f0f9e912000 r-xp 00000000 08:05 657662                     /lib/x86_64-linux-gnu/librt-2.23.so
7f0f9e912000-7f0f9eb11000 ---p 00007000 08:05 657662                     /lib/x86_64-linux-gnu/librt-2.23.so
7f0f9eb11000-7f0f9eb12000 r--p 00006000 08:05 657662                     /lib/x86_64-linux-gnu/librt-2.23.so
7f0f9eb12000-7f0f9eb13000 rw-p 00007000 08:05 657662                     /lib/x86_64-linux-gnu/librt-2.23.so
7f0f9eb13000-7f0f9ec1b000 r-xp 00000000 08:05 657671                     /lib/x86_64-linux-gnu/libm-2.23.so
7f0f9ec1b000-7f0f9ee1a000 ---p 00108000 08:05 657671                     /lib/x86_64-linux-gnu/libm-2.23.so
7f0f9ee1a000-7f0f9ee1b000 r--p 00107000 08:05 657671                     /lib/x86_64-linux-gnu/libm-2.23.so
7f0f9ee1b000-7f0f9ee1c000 rw-p 00108000 08:05 657671                     /lib/x86_64-linux-gnu/libm-2.23.so
7f0f9ee1c000-7f0f9fa0d000 r-xp 00000000 08:05 929796                     /opt/android-studio/jre/jre/lib/amd64/server/libjvm.so
7f0f9fa0d000-7f0f9fc0d000 ---p 00bf1000 08:05 929796                     /opt/android-studio/jre/jre/lib/amd64/server/libjvm.so
7f0f9fc0d000-7f0f9fcac000 r--p 00bf1000 08:05 929796                     /opt/android-studio/jre/jre/lib/amd64/server/libjvm.so
7f0f9fcac000-7f0f9fcd5000 rw-p 00c90000 08:05 929796                     /opt/android-studio/jre/jre/lib/amd64/server/libjvm.so
7f0f9fcd5000-7f0f9fd19000 rw-p 00000000 00:00 0 
7f0f9fd19000-7f0f9fd31000 r-xp 00000000 08:05 657659                     /lib/x86_64-linux-gnu/libpthread-2.23.so
7f0f9fd31000-7f0f9ff30000 ---p 00018000 08:05 657659                     /lib/x86_64-linux-gnu/libpthread-2.23.so
7f0f9ff30000-7f0f9ff31000 r--p 00017000 08:05 657659                     /lib/x86_64-linux-gnu/libpthread-2.23.so
7f0f9ff31000-7f0f9ff32000 rw-p 00018000 08:05 657659                     /lib/x86_64-linux-gnu/libpthread-2.23.so
7f0f9ff32000-7f0f9ff36000 rw-p 00000000 00:00 0 
7f0f9ff36000-7f0f9ff39000 r-xp 00000000 08:05 657665                     /lib/x86_64-linux-gnu/libdl-2.23.so
7f0f9ff39000-7f0fa0138000 ---p 00003000 08:05 657665                     /lib/x86_64-linux-gnu/libdl-2.23.so
7f0fa0138000-7f0fa0139000 r--p 00002000 08:05 657665                     /lib/x86_64-linux-gnu/libdl-2.23.so
7f0fa0139000-7f0fa013a000 rw-p 00003000 08:05 657665                     /lib/x86_64-linux-gnu/libdl-2.23.so
7f0fa013a000-7f0fa02fa000 r-xp 00000000 08:05 657676                     /lib/x86_64-linux-gnu/libc-2.23.so
7f0fa02fa000-7f0fa04fa000 ---p 001c0000 08:05 657676                     /lib/x86_64-linux-gnu/libc-2.23.so
7f0fa04fa000-7f0fa04fe000 r--p 001c0000 08:05 657676                     /lib/x86_64-linux-gnu/libc-2.23.so
7f0fa04fe000-7f0fa0500000 rw-p 001c4000 08:05 657676                     /lib/x86_64-linux-gnu/libc-2.23.so
7f0fa0500000-7f0fa0504000 rw-p 00000000 00:00 0 
7f0fa0504000-7f0fa051a000 r-xp 00000000 08:05 929747                     /opt/android-studio/jre/lib/amd64/jli/libjli.so
7f0fa051a000-7f0fa0719000 ---p 00016000 08:05 929747                     /opt/android-studio/jre/lib/amd64/jli/libjli.so
7f0fa0719000-7f0fa071a000 r--p 00015000 08:05 929747                     /opt/android-studio/jre/lib/amd64/jli/libjli.so
7f0fa071a000-7f0fa071b000 rw-p 00016000 08:05 929747                     /opt/android-studio/jre/lib/amd64/jli/libjli.so
7f0fa071b000-7f0fa0741000 r-xp 00000000 08:05 657654                     /lib/x86_64-linux-gnu/ld-2.23.so
7f0fa0743000-7f0fa074a000 r--s 00000000 08:05 8623                       /usr/lib/x86_64-linux-gnu/gconv/gconv-modules.cache
7f0fa074a000-7f0fa081d000 rw-p 00000000 00:00 0 
7f0fa081d000-7f0fa0820000 ---p 00000000 00:00 0 
7f0fa0820000-7f0fa0922000 rw-p 00000000 00:00 0 
7f0fa0926000-7f0fa0934000 r--s 000e0000 08:05 806433                     /root/Android/Sdk/build-tools/25.0.3/lib/dx.jar
7f0fa0934000-7f0fa093c000 rw-s 00000000 08:05 806423                     /tmp/hsperfdata_lester/9311
7f0fa093c000-7f0fa093d000 rw-p 00000000 00:00 0 
7f0fa093d000-7f0fa093e000 ---p 00000000 00:00 0 
7f0fa093e000-7f0fa0940000 rw-p 00000000 00:00 0 
7f0fa0940000-7f0fa0941000 r--p 00025000 08:05 657654                     /lib/x86_64-linux-gnu/ld-2.23.so
7f0fa0941000-7f0fa0942000 rw-p 00026000 08:05 657654                     /lib/x86_64-linux-gnu/ld-2.23.so
7f0fa0942000-7f0fa0943000 rw-p 00000000 00:00 0 
7ffe61ca1000-7ffe61cc2000 rw-p 00000000 00:00 0                          [stack]
7ffe61d92000-7ffe61d94000 r--p 00000000 00:00 0                          [vvar]
7ffe61d94000-7ffe61d96000 r-xp 00000000 00:00 0                          [vdso]
ffffffffff600000-ffffffffff601000 r-xp 00000000 00:00 0                  [vsyscall]

VM Arguments:
jvm_args: -Djava.awt.headless=true -Xmx4g -Dfile.encoding=UTF-8 -Duser.country=GT -Duser.language=es -Duser.variant 
java_command: com.android.dx.command.Main --dex --num-threads=4 --multi-dex --main-dex-list /home/lester/CONVERSA/Conversa-Android/app/build/intermediates/multi-dex/debug/maindexlist.txt --output /home/lester/CONVERSA/Conversa-Android/app/build/intermediates/transforms/dex/debug/folders/1000/1f/main /home/lester/CONVERSA/Conversa-Android/app/build/intermediates/transforms/jarMerging/debug/jars/1/1f/combined.jar
java_class_path (initial): /root/Android/Sdk/build-tools/25.0.3/lib/dx.jar
Launcher Type: SUN_STANDARD

Environment Variables:
PATH=/home/lester/bin:/home/lester/.local/bin:/usr/local/sbin:/usr/local/bin:/usr/sbin:/usr/bin:/sbin:/bin:/usr/games:/usr/local/games:/snap/bin
SHELL=/bin/bash
DISPLAY=:0

Signal Handlers:
SIGSEGV: [libjvm.so+0x9e5150], sa_mask[0]=11111111011111111101111111111110, sa_flags=SA_RESTART|SA_SIGINFO
SIGBUS: [libjvm.so+0x9e5150], sa_mask[0]=11111111011111111101111111111110, sa_flags=SA_RESTART|SA_SIGINFO
SIGFPE: [libjvm.so+0x848450], sa_mask[0]=11111111011111111101111111111110, sa_flags=SA_RESTART|SA_SIGINFO
SIGPIPE: [libjvm.so+0x848450], sa_mask[0]=11111111011111111101111111111110, sa_flags=SA_RESTART|SA_SIGINFO
SIGXFSZ: [libjvm.so+0x848450], sa_mask[0]=11111111011111111101111111111110, sa_flags=SA_RESTART|SA_SIGINFO
SIGILL: [libjvm.so+0x848450], sa_mask[0]=11111111011111111101111111111110, sa_flags=SA_RESTART|SA_SIGINFO
SIGUSR1: SIG_DFL, sa_mask[0]=00000000000000000000000000000000, sa_flags=none
SIGUSR2: [libjvm.so+0x848320], sa_mask[0]=00100000000000000000000000000000, sa_flags=SA_RESTART|SA_SIGINFO
SIGHUP: [libjvm.so+0x848510], sa_mask[0]=11111111011111111101111111111110, sa_flags=SA_RESTART|SA_SIGINFO
SIGINT: [libjvm.so+0x848510], sa_mask[0]=11111111011111111101111111111110, sa_flags=SA_RESTART|SA_SIGINFO
SIGTERM: [libjvm.so+0x848510], sa_mask[0]=11111111011111111101111111111110, sa_flags=SA_RESTART|SA_SIGINFO
SIGQUIT: [libjvm.so+0x848510], sa_mask[0]=11111111011111111101111111111110, sa_flags=SA_RESTART|SA_SIGINFO


---------------  S Y S T E M  ---------------

OS:DISTRIB_ID=Ubuntu
DISTRIB_RELEASE=16.04
DISTRIB_CODENAME=xenial
DISTRIB_DESCRIPTION="Ubuntu 16.04.3 LTS"

uname:Linux 4.4.0-97-generic #120-Ubuntu SMP Tue Sep 19 17:28:18 UTC 2017 x86_64
libc:glibc 2.23 NPTL 2.23 
rlimit: STACK 8192k, CORE 0k, NPROC 31122, NOFILE 1048576, AS infinity
load average:25.70 6.94 5.01

/proc/meminfo:
MemTotal:        8075500 kB
MemFree:          128504 kB
MemAvailable:      30336 kB
Buffers:             704 kB
Cached:           791764 kB
SwapCached:            0 kB
Active:          6302392 kB
Inactive:         679124 kB
Active(anon):    6294800 kB
Inactive(anon):   660292 kB
Active(file):       7592 kB
Inactive(file):    18832 kB
Unevictable:          32 kB
Mlocked:              32 kB
SwapTotal:             0 kB
SwapFree:              0 kB
Dirty:               124 kB
Writeback:             0 kB
AnonPages:       6190384 kB
Mapped:          1031532 kB
Shmem:            764740 kB
Slab:             101600 kB
SReclaimable:      55260 kB
SUnreclaim:        46340 kB
KernelStack:       12160 kB
PageTables:        48444 kB
NFS_Unstable:          0 kB
Bounce:                0 kB
WritebackTmp:          0 kB
CommitLimit:     4037748 kB
Committed_AS:   12072896 kB
VmallocTotal:   34359738367 kB
VmallocUsed:           0 kB
VmallocChunk:          0 kB
HardwareCorrupted:     0 kB
AnonHugePages:   3809280 kB
CmaTotal:              0 kB
CmaFree:               0 kB
HugePages_Total:       0
HugePages_Free:        0
HugePages_Rsvd:        0
HugePages_Surp:        0
Hugepagesize:       2048 kB
DirectMap4k:      209708 kB
DirectMap2M:     8079360 kB
DirectMap1G:     1048576 kB


CPU:total 4 (2 cores per cpu, 2 threads per core) family 6 model 61 stepping 4, cmov, cx8, fxsr, mmx, sse, sse2, sse3, ssse3, sse4.1, sse4.2, popcnt, avx, avx2, aes, clmul, erms, 3dnowpref, lzcnt, ht, tsc, tscinvbit, bmi1, bmi2, adx

/proc/cpuinfo:
processor	: 0
vendor_id	: GenuineIntel
cpu family	: 6
model		: 61
model name	: Intel(R) Core(TM) i7-5500U CPU @ 2.40GHz
stepping	: 4
microcode	: 0x18
cpu MHz		: 1979.625
cache size	: 4096 KB
physical id	: 0
siblings	: 4
core id		: 0
cpu cores	: 2
apicid		: 0
initial apicid	: 0
fpu		: yes
fpu_exception	: yes
cpuid level	: 20
wp		: yes
flags		: fpu vme de pse tsc msr pae mce cx8 apic sep mtrr pge mca cmov pat pse36 clflush dts acpi mmx fxsr sse sse2 ss ht tm pbe syscall nx pdpe1gb rdtscp lm constant_tsc arch_perfmon pebs bts rep_good nopl xtopology nonstop_tsc aperfmperf eagerfpu pni pclmulqdq dtes64 monitor ds_cpl vmx est tm2 ssse3 sdbg fma cx16 xtpr pdcm pcid sse4_1 sse4_2 x2apic movbe popcnt tsc_deadline_timer aes xsave avx f16c rdrand lahf_lm abm 3dnowprefetch epb intel_pt tpr_shadow vnmi flexpriority ept vpid fsgsbase tsc_adjust bmi1 avx2 smep bmi2 erms invpcid rdseed adx smap xsaveopt dtherm ida arat pln pts
bugs		:
bogomips	: 4788.95
clflush size	: 64
cache_alignment	: 64
address sizes	: 39 bits physical, 48 bits virtual
power management:

processor	: 1
vendor_id	: GenuineIntel
cpu family	: 6
model		: 61
model name	: Intel(R) Core(TM) i7-5500U CPU @ 2.40GHz
stepping	: 4
microcode	: 0x18
cpu MHz		: 1417.593
cache size	: 4096 KB
physical id	: 0
siblings	: 4
core id		: 1
cpu cores	: 2
apicid		: 2
initial apicid	: 2
fpu		: yes
fpu_exception	: yes
cpuid level	: 20
wp		: yes
flags		: fpu vme de pse tsc msr pae mce cx8 apic sep mtrr pge mca cmov pat pse36 clflush dts acpi mmx fxsr sse sse2 ss ht tm pbe syscall nx pdpe1gb rdtscp lm constant_tsc arch_perfmon pebs bts rep_good nopl xtopology nonstop_tsc aperfmperf eagerfpu pni pclmulqdq dtes64 monitor ds_cpl vmx est tm2 ssse3 sdbg fma cx16 xtpr pdcm pcid sse4_1 sse4_2 x2apic movbe popcnt tsc_deadline_timer aes xsave avx f16c rdrand lahf_lm abm 3dnowprefetch epb intel_pt tpr_shadow vnmi flexpriority ept vpid fsgsbase tsc_adjust bmi1 avx2 smep bmi2 erms invpcid rdseed adx smap xsaveopt dtherm ida arat pln pts
bugs		:
bogomips	: 4788.95
clflush size	: 64
cache_alignment	: 64
address sizes	: 39 bits physical, 48 bits virtual
power management:

processor	: 2
vendor_id	: GenuineIntel
cpu family	: 6
model		: 61
model name	: Intel(R) Core(TM) i7-5500U CPU @ 2.40GHz
stepping	: 4
microcode	: 0x18
cpu MHz		: 1445.156
cache size	: 4096 KB
physical id	: 0
siblings	: 4
core id		: 0
cpu cores	: 2
apicid		: 1
initial apicid	: 1
fpu		: yes
fpu_exception	: yes
cpuid level	: 20
wp		: yes
flags		: fpu vme de pse tsc msr pae mce cx8 apic sep mtrr pge mca cmov pat pse36 clflush dts acpi mmx fxsr sse sse2 ss ht tm pbe syscall nx pdpe1gb rdtscp lm constant_tsc arch_perfmon pebs bts rep_good nopl xtopology nonstop_tsc aperfmperf eagerfpu pni pclmulqdq dtes64 monitor ds_cpl vmx est tm2 ssse3 sdbg fma cx16 xtpr pdcm pcid sse4_1 sse4_2 x2apic movbe popcnt tsc_deadline_timer aes xsave avx f16c rdrand lahf_lm abm 3dnowprefetch epb intel_pt tpr_shadow vnmi flexpriority ept vpid fsgsbase tsc_adjust bmi1 avx2 smep bmi2 erms invpcid rdseed adx smap xsaveopt dtherm ida arat pln pts
bugs		:
bogomips	: 4788.95
clflush size	: 64
cache_alignment	: 64
address sizes	: 39 bits physical, 48 bits virtual
power management:

processor	: 3
vendor_id	: GenuineIntel
cpu family	: 6
model		: 61
model name	: Intel(R) Core(TM) i7-5500U CPU @ 2.40GHz
stepping	: 4
microcode	: 0x18
cpu MHz		: 1929.281
cache size	: 4096 KB
physical id	: 0
siblings	: 4
core id		: 1
cpu cores	: 2
apicid		: 3
initial apicid	: 3
fpu		: yes
fpu_exception	: yes
cpuid level	: 20
wp		: yes
flags		: fpu vme de pse tsc msr pae mce cx8 apic sep mtrr pge mca cmov pat pse36 clflush dts acpi mmx fxsr sse sse2 ss ht tm pbe syscall nx pdpe1gb rdtscp lm constant_tsc arch_perfmon pebs bts rep_good nopl xtopology nonstop_tsc aperfmperf eagerfpu pni pclmulqdq dtes64 monitor ds_cpl vmx est tm2 ssse3 sdbg fma cx16 xtpr pdcm pcid sse4_1 sse4_2 x2apic movbe popcnt tsc_deadline_timer aes xsave avx f16c rdrand lahf_lm abm 3dnowprefetch epb intel_pt tpr_shadow vnmi flexpriority ept vpid fsgsbase tsc_adjust bmi1 avx2 smep bmi2 erms invpcid rdseed adx smap xsaveopt dtherm ida arat pln pts
bugs		:
bogomips	: 4788.95
clflush size	: 64
cache_alignment	: 64
address sizes	: 39 bits physical, 48 bits virtual
power management:



Memory: 4k page, physical 8075500k(128504k free), swap 0k(0k free)

vm_info: OpenJDK 64-Bit Server VM (25.112-b06) for linux-amd64 JRE (1.8.0_112-release-b06), built on Dec  6 2016 12:11:18 by "builder" with gcc 4.8.4

time: Fri Nov  3 13:41:18 2017
elapsed time: 73 seconds (0d 0h 1m 13s)

