#
# There is insufficient memory for the Java Runtime Environment to continue.
# Native memory allocation (mmap) failed to map 343408640 bytes for committing reserved memory.
# Possible reasons:
#   The system is out of physical RAM or swap space
#   In 32 bit mode, the process size limit was hit
# Possible solutions:
#   Reduce memory load on the system
#   Increase physical memory or swap space
#   Check if swap backing store is full
#   Use 64 bit Java on a 64 bit OS
#   Decrease Java heap size (-Xmx/-Xms)
#   Decrease number of Java threads
#   Decrease Java thread stack sizes (-Xss)
#   Set larger code cache with -XX:ReservedCodeCacheSize=
# This output file may be truncated or incomplete.
#
#  Out of Memory Error (os_linux.cpp:2627), pid=32617, tid=0x00007f73bf3d2700
#
# JRE version: OpenJDK Runtime Environment (8.0_112-b06) (build 1.8.0_112-release-b06)
# Java VM: OpenJDK 64-Bit Server VM (25.112-b06 mixed mode linux-amd64 compressed oops)
# Failed to write core dump. Core dumps have been disabled. To enable core dumping, try "ulimit -c unlimited" before starting Java again
#

---------------  T H R E A D  ---------------

Current thread (0x00007f73d4077800):  VMThread [stack: 0x00007f73bf2d2000,0x00007f73bf3d3000] [id=32627]

Stack: [0x00007f73bf2d2000,0x00007f73bf3d3000],  sp=0x00007f73bf3d14d0,  free space=1021k
Native frames: (J=compiled Java code, j=interpreted, Vv=VM code, C=native code)
V  [libjvm.so+0x9e465d]  VMError::report_and_die()+0x15d
V  [libjvm.so+0x4b6ada]  report_vm_out_of_memory(char const*, int, unsigned long, VMErrorType, char const*)+0x8a
V  [libjvm.so+0x84c860]  os::pd_commit_memory(char*, unsigned long, unsigned long, bool)+0xf0
V  [libjvm.so+0x84737f]  os::commit_memory(char*, unsigned long, unsigned long, bool)+0x1f
V  [libjvm.so+0x8bd3db]  PSVirtualSpace::expand_by(unsigned long)+0x5b
V  [libjvm.so+0x8ae1bb]  PSOldGen::expand_by(unsigned long) [clone .part.109]+0x1b
V  [libjvm.so+0x8ae37b]  PSOldGen::expand(unsigned long) [clone .part.111]+0xdb
V  [libjvm.so+0x8aec58]  PSOldGen::resize(unsigned long)+0x188
V  [libjvm.so+0x8b426c]  PSParallelCompact::invoke_no_policy(bool)+0x97c
V  [libjvm.so+0x8bb37d]  PSScavenge::invoke()+0x17d
V  [libjvm.so+0x86fcf3]  ParallelScavengeHeap::failed_mem_allocate(unsigned long)+0x63
V  [libjvm.so+0x9e6124]  VM_ParallelGCFailedAllocation::doit()+0x84
V  [libjvm.so+0x9ea537]  VM_Operation::evaluate()+0x47
V  [libjvm.so+0x9e8ff8]  VMThread::evaluate_operation(VM_Operation*)+0x2c8
V  [libjvm.so+0x9e9479]  VMThread::loop()+0x219
V  [libjvm.so+0x9e98c2]  VMThread::run()+0x72
V  [libjvm.so+0x849c82]  java_start(Thread*)+0xf2

VM_Operation (0x00007f73bdf8b250): ParallelGCFailedAllocation, mode: safepoint, requested by thread 0x00007f73d41b0000


---------------  P R O C E S S  ---------------

Java Threads: ( => current thread )
  0x00007f73d4198800 JavaThread "pool-1-thread-2" [_thread_blocked, id=32642, stack(0x00007f73be290000,0x00007f73be391000)]
  0x00007f73d41b0000 JavaThread "pool-1-thread-1" [_thread_blocked, id=32641, stack(0x00007f73bde8c000,0x00007f73bdf8d000)]
  0x00007f73d40bf800 JavaThread "Service Thread" daemon [_thread_blocked, id=32634, stack(0x00007f73be67e000,0x00007f73be77f000)]
  0x00007f73d40bc800 JavaThread "C1 CompilerThread2" daemon [_thread_blocked, id=32633, stack(0x00007f73be77f000,0x00007f73be880000)]
  0x00007f73d40ba800 JavaThread "C2 CompilerThread1" daemon [_thread_blocked, id=32632, stack(0x00007f73be880000,0x00007f73be981000)]
  0x00007f73d40b7800 JavaThread "C2 CompilerThread0" daemon [_thread_blocked, id=32631, stack(0x00007f73be981000,0x00007f73bea82000)]
  0x00007f73d40b6800 JavaThread "Signal Dispatcher" daemon [_thread_blocked, id=32630, stack(0x00007f73bea82000,0x00007f73beb83000)]
  0x00007f73d4083800 JavaThread "Finalizer" daemon [_thread_blocked, id=32629, stack(0x00007f73bf0d0000,0x00007f73bf1d1000)]
  0x00007f73d407f000 JavaThread "Reference Handler" daemon [_thread_blocked, id=32628, stack(0x00007f73bf1d1000,0x00007f73bf2d2000)]
  0x00007f73d400a000 JavaThread "main" [_thread_blocked, id=32622, stack(0x00007f73dc8f1000,0x00007f73dc9f2000)]

Other Threads:
=>0x00007f73d4077800 VMThread [stack: 0x00007f73bf2d2000,0x00007f73bf3d3000] [id=32627]
  0x00007f73d40c1800 WatcherThread [stack: 0x00007f73be57d000,0x00007f73be67e000] [id=32635]

VM state:at safepoint (normal execution)

VM Mutex/Monitor currently owned by a thread:  ([mutex/lock_event])
[0x00007f73d4005ef0] ExpandHeap_lock - owner thread: 0x00007f73d4077800
[0x00007f73d4006570] Threads_lock - owner thread: 0x00007f73d4077800
[0x00007f73d4006a70] Heap_lock - owner thread: 0x00007f73d41b0000

Heap:
 PSYoungGen      total 884224K, used 31393K [0x000000076ab00000, 0x00000007b0880000, 0x00000007c0000000)
  eden space 653824K, 0% used [0x000000076ab00000,0x000000076ab00000,0x0000000792980000)
  from space 230400K, 13% used [0x00000007a1280000,0x00000007a3128540,0x00000007af380000)
  to   space 238592K, 0% used [0x0000000792980000,0x0000000792980000,0x00000007a1280000)
 ParOldGen       total 736256K, used 735934K [0x00000006c0000000, 0x00000006ecf00000, 0x000000076ab00000)
  object space 736256K, 99% used [0x00000006c0000000,0x00000006eceafa78,0x00000006ecf00000)
 Metaspace       used 6759K, capacity 7536K, committed 7808K, reserved 1056768K
  class space    used 601K, capacity 616K, committed 640K, reserved 1048576K

Card table byte_map: [0x00007f73d8f81000,0x00007f73d9782000] byte_map_base: 0x00007f73d5981000

Marking Bits: (ParMarkBitMap*) 0x00007f73dbdbe340
 Begin Bits: [0x00007f73a8000000, 0x00007f73ac000000)
 End Bits:   [0x00007f73ac000000, 0x00007f73b0000000)

Polling page: 0x00007f73dca11000

CodeCache: size=245760Kb used=14402Kb max_used=14402Kb free=231357Kb
 bounds [0x00007f73c5000000, 0x00007f73c5e20000, 0x00007f73d4000000]
 total_blobs=3164 nmethods=2902 adapters=176
 compilation: enabled

Compilation events (10 events):
Event: 27.471 Thread 0x00007f73d40b7800 nmethod 3501 0x00007f73c5e167d0 code [0x00007f73c5e169c0, 0x00007f73c5e17340]
Event: 27.471 Thread 0x00007f73d40b7800 3496       4       com.android.dx.dex.code.PositionList::make (224 bytes)
Event: 27.473 Thread 0x00007f73d40bc800 3512       2       com.android.dx.dex.file.TypeIdsSection::indexOf (23 bytes)
Event: 27.473 Thread 0x00007f73d40bc800 nmethod 3512 0x00007f73c5e16310 code [0x00007f73c5e164a0, 0x00007f73c5e166b8]
Event: 27.473 Thread 0x00007f73d40bc800 3514       2       com.android.dx.dex.file.CatchStructs::encode (304 bytes)
Event: 27.475 Thread 0x00007f73d40bc800 nmethod 3514 0x00007f73c5e1ab90 code [0x00007f73c5e1aee0, 0x00007f73c5e1c018]
Event: 27.475 Thread 0x00007f73d40bc800 3513       2       com.android.dx.dex.file.TypeIdsSection::indexOf (66 bytes)
Event: 27.476 Thread 0x00007f73d40bc800 nmethod 3513 0x00007f73c5e10390 code [0x00007f73c5e105a0, 0x00007f73c5e10c78]
Event: 27.478 Thread 0x00007f73d40bc800 3515       2       com.android.dx.dex.code.LocalList$MakeState::addOrUpdateEnd (105 bytes)
Event: 27.479 Thread 0x00007f73d40bc800 nmethod 3515 0x00007f73c5e19750 code [0x00007f73c5e19980, 0x00007f73c5e1a168]

GC Heap History (10 events):
Event: 17.533 GC heap after
Heap after GC invocations=20 (full 3):
 PSYoungGen      total 715264K, used 75434K [0x000000076ab00000, 0x00000007a3d00000, 0x00000007c0000000)
  eden space 557056K, 0% used [0x000000076ab00000,0x000000076ab00000,0x000000078cb00000)
  from space 158208K, 47% used [0x000000078cb00000,0x00000007914aa8b0,0x0000000796580000)
  to   space 154624K, 0% used [0x000000079a600000,0x000000079a600000,0x00000007a3d00000)
 ParOldGen       total 473600K, used 473307K [0x00000006c0000000, 0x00000006dce80000, 0x000000076ab00000)
  object space 473600K, 99% used [0x00000006c0000000,0x00000006dce36c18,0x00000006dce80000)
 Metaspace       used 6407K, capacity 7280K, committed 7552K, reserved 1056768K
  class space    used 581K, capacity 616K, committed 640K, reserved 1048576K
}
Event: 17.533 GC heap before
{Heap before GC invocations=21 (full 4):
 PSYoungGen      total 715264K, used 75434K [0x000000076ab00000, 0x00000007a3d00000, 0x00000007c0000000)
  eden space 557056K, 0% used [0x000000076ab00000,0x000000076ab00000,0x000000078cb00000)
  from space 158208K, 47% used [0x000000078cb00000,0x00000007914aa8b0,0x0000000796580000)
  to   space 154624K, 0% used [0x000000079a600000,0x000000079a600000,0x00000007a3d00000)
 ParOldGen       total 473600K, used 473307K [0x00000006c0000000, 0x00000006dce80000, 0x000000076ab00000)
  object space 473600K, 99% used [0x00000006c0000000,0x00000006dce36c18,0x00000006dce80000)
 Metaspace       used 6407K, capacity 7280K, committed 7552K, reserved 1056768K
  class space    used 581K, capacity 616K, committed 640K, reserved 1048576K
Event: 20.448 GC heap after
Heap after GC invocations=21 (full 4):
 PSYoungGen      total 715264K, used 66732K [0x000000076ab00000, 0x00000007a3d00000, 0x00000007c0000000)
  eden space 557056K, 0% used [0x000000076ab00000,0x000000076ab00000,0x000000078cb00000)
  from space 158208K, 42% used [0x000000078cb00000,0x0000000790c2b0d0,0x0000000796580000)
  to   space 154624K, 0% used [0x000000079a600000,0x000000079a600000,0x00000007a3d00000)
 ParOldGen       total 736256K, used 473597K [0x00000006c0000000, 0x00000006ecf00000, 0x000000076ab00000)
  object space 736256K, 64% used [0x00000006c0000000,0x00000006dce7f6e8,0x00000006ecf00000)
 Metaspace       used 6407K, capacity 7280K, committed 7552K, reserved 1056768K
  class space    used 581K, capacity 616K, committed 640K, reserved 1048576K
}
Event: 21.802 GC heap before
{Heap before GC invocations=22 (full 4):
 PSYoungGen      total 715264K, used 623788K [0x000000076ab00000, 0x00000007a3d00000, 0x00000007c0000000)
  eden space 557056K, 100% used [0x000000076ab00000,0x000000078cb00000,0x000000078cb00000)
  from space 158208K, 42% used [0x000000078cb00000,0x0000000790c2b0d0,0x0000000796580000)
  to   space 154624K, 0% used [0x000000079a600000,0x000000079a600000,0x00000007a3d00000)
 ParOldGen       total 736256K, used 473597K [0x00000006c0000000, 0x00000006ecf00000, 0x000000076ab00000)
  object space 736256K, 64% used [0x00000006c0000000,0x00000006dce7f6e8,0x00000006ecf00000)
 Metaspace       used 6407K, capacity 7280K, committed 7552K, reserved 1056768K
  class space    used 581K, capacity 616K, committed 640K, reserved 1048576K
Event: 22.069 GC heap after
Heap after GC invocations=22 (full 4):
 PSYoungGen      total 757760K, used 149237K [0x000000076ab00000, 0x00000007a6080000, 0x00000007c0000000)
  eden space 603136K, 0% used [0x000000076ab00000,0x000000076ab00000,0x000000078f800000)
  from space 154624K, 96% used [0x000000079a600000,0x00000007a37bd6c0,0x00000007a3d00000)
  to   space 178176K, 0% used [0x000000078f800000,0x000000078f800000,0x000000079a600000)
 ParOldGen       total 736256K, used 473597K [0x00000006c0000000, 0x00000006ecf00000, 0x000000076ab00000)
  object space 736256K, 64% used [0x00000006c0000000,0x00000006dce7f6e8,0x00000006ecf00000)
 Metaspace       used 6407K, capacity 7280K, committed 7552K, reserved 1056768K
  class space    used 581K, capacity 616K, committed 640K, reserved 1048576K
}
Event: 25.082 GC heap before
{Heap before GC invocations=23 (full 4):
 PSYoungGen      total 757760K, used 752373K [0x000000076ab00000, 0x00000007a6080000, 0x00000007c0000000)
  eden space 603136K, 100% used [0x000000076ab00000,0x000000078f800000,0x000000078f800000)
  from space 154624K, 96% used [0x000000079a600000,0x00000007a37bd6c0,0x00000007a3d00000)
  to   space 178176K, 0% used [0x000000078f800000,0x000000078f800000,0x000000079a600000)
 ParOldGen       total 736256K, used 473597K [0x00000006c0000000, 0x00000006ecf00000, 0x000000076ab00000)
  object space 736256K, 64% used [0x00000006c0000000,0x00000006dce7f6e8,0x00000006ecf00000)
 Metaspace       used 6422K, capacity 7280K, committed 7552K, reserved 1056768K
  class space    used 583K, capacity 616K, committed 640K, reserved 1048576K
Event: 25.290 GC heap after
Heap after GC invocations=23 (full 4):
 PSYoungGen      total 781312K, used 178174K [0x000000076ab00000, 0x00000007af380000, 0x00000007c0000000)
  eden space 603136K, 0% used [0x000000076ab00000,0x000000076ab00000,0x000000078f800000)
  from space 178176K, 99% used [0x000000078f800000,0x000000079a5ffb90,0x000000079a600000)
  to   space 230400K, 0% used [0x00000007a1280000,0x00000007a1280000,0x00000007af380000)
 ParOldGen       total 736256K, used 534779K [0x00000006c0000000, 0x00000006ecf00000, 0x000000076ab00000)
  object space 736256K, 72% used [0x00000006c0000000,0x00000006e0a3ed68,0x00000006ecf00000)
 Metaspace       used 6422K, capacity 7280K, committed 7552K, reserved 1056768K
  class space    used 583K, capacity 616K, committed 640K, reserved 1048576K
}
Event: 27.484 GC heap before
{Heap before GC invocations=24 (full 4):
 PSYoungGen      total 781312K, used 781310K [0x000000076ab00000, 0x00000007af380000, 0x00000007c0000000)
  eden space 603136K, 100% used [0x000000076ab00000,0x000000078f800000,0x000000078f800000)
  from space 178176K, 99% used [0x000000078f800000,0x000000079a5ffb90,0x000000079a600000)
  to   space 230400K, 0% used [0x00000007a1280000,0x00000007a1280000,0x00000007af380000)
 ParOldGen       total 736256K, used 534779K [0x00000006c0000000, 0x00000006ecf00000, 0x000000076ab00000)
  object space 736256K, 72% used [0x00000006c0000000,0x00000006e0a3ed68,0x00000006ecf00000)
 Metaspace       used 6759K, capacity 7536K, committed 7808K, reserved 1056768K
  class space    used 601K, capacity 616K, committed 640K, reserved 1048576K
Event: 27.824 GC heap after
Heap after GC invocations=24 (full 4):
 PSYoungGen      total 884224K, used 146997K [0x000000076ab00000, 0x00000007b0880000, 0x00000007c0000000)
  eden space 653824K, 0% used [0x000000076ab00000,0x000000076ab00000,0x0000000792980000)
  from space 230400K, 63% used [0x00000007a1280000,0x00000007aa20d778,0x00000007af380000)
  to   space 238592K, 0% used [0x0000000792980000,0x0000000792980000,0x00000007a1280000)
 ParOldGen       total 736256K, used 638703K [0x00000006c0000000, 0x00000006ecf00000, 0x000000076ab00000)
  object space 736256K, 86% used [0x00000006c0000000,0x00000006e6fbbe08,0x00000006ecf00000)
 Metaspace       used 6759K, capacity 7536K, committed 7808K, reserved 1056768K
  class space    used 601K, capacity 616K, committed 640K, reserved 1048576K
}
Event: 27.824 GC heap before
{Heap before GC invocations=25 (full 5):
 PSYoungGen      total 884224K, used 146997K [0x000000076ab00000, 0x00000007b0880000, 0x00000007c0000000)
  eden space 653824K, 0% used [0x000000076ab00000,0x000000076ab00000,0x0000000792980000)
  from space 230400K, 63% used [0x00000007a1280000,0x00000007aa20d778,0x00000007af380000)
  to   space 238592K, 0% used [0x0000000792980000,0x0000000792980000,0x00000007a1280000)
 ParOldGen       total 736256K, used 638703K [0x00000006c0000000, 0x00000006ecf00000, 0x000000076ab00000)
  object space 736256K, 86% used [0x00000006c0000000,0x00000006e6fbbe08,0x00000006ecf00000)
 Metaspace       used 6759K, capacity 7536K, committed 7808K, reserved 1056768K
  class space    used 601K, capacity 616K, committed 640K, reserved 1048576K

Deoptimization events (10 events):
Event: 27.366 Thread 0x00007f73d4198800 Uncommon trap: reason=array_check action=maybe_recompile pc=0x00007f73c5deabf0 method=java.util.ComparableTimSort.binarySort([Ljava/lang/Object;III)V @ 215
Event: 27.367 Thread 0x00007f73d4198800 Uncommon trap: reason=array_check action=maybe_recompile pc=0x00007f73c5deabf0 method=java.util.ComparableTimSort.binarySort([Ljava/lang/Object;III)V @ 215
Event: 27.396 Thread 0x00007f73d41b0000 Uncommon trap: reason=bimorphic action=maybe_recompile pc=0x00007f73c5a7c5f0 method=java.util.HashMap$TreeNode.find(ILjava/lang/Object;Ljava/lang/Class;)Ljava/util/HashMap$TreeNode; @ 68
Event: 27.396 Thread 0x00007f73d41b0000 Uncommon trap: reason=bimorphic action=maybe_recompile pc=0x00007f73c5a7c5f0 method=java.util.HashMap$TreeNode.find(ILjava/lang/Object;Ljava/lang/Class;)Ljava/util/HashMap$TreeNode; @ 68
Event: 27.396 Thread 0x00007f73d41b0000 Uncommon trap: reason=bimorphic action=maybe_recompile pc=0x00007f73c5a7c5f0 method=java.util.HashMap$TreeNode.find(ILjava/lang/Object;Ljava/lang/Class;)Ljava/util/HashMap$TreeNode; @ 68
Event: 27.397 Thread 0x00007f73d41b0000 Uncommon trap: reason=bimorphic action=maybe_recompile pc=0x00007f73c5a7c5f0 method=java.util.HashMap$TreeNode.find(ILjava/lang/Object;Ljava/lang/Class;)Ljava/util/HashMap$TreeNode; @ 68
Event: 27.417 Thread 0x00007f73d4198800 Uncommon trap: reason=unstable_if action=reinterpret pc=0x00007f73c5db9278 method=com.android.dx.dex.code.LocalList$MakeState.filterSpec(Lcom/android/dx/rop/code/RegisterSpec;)Lcom/android/dx/rop/code/RegisterSpec; @ 11
Event: 27.417 Thread 0x00007f73d4198800 Uncommon trap: reason=unstable_if action=reinterpret pc=0x00007f73c5d580b0 method=com.android.dx.dex.code.LocalList$MakeState.filterSpec(Lcom/android/dx/rop/code/RegisterSpec;)Lcom/android/dx/rop/code/RegisterSpec; @ 11
Event: 27.472 Thread 0x00007f73d4198800 Uncommon trap: reason=array_check action=maybe_recompile pc=0x00007f73c5de7c24 method=java.util.ComparableTimSort.binarySort([Ljava/lang/Object;III)V @ 183
Event: 27.472 Thread 0x00007f73d4198800 Uncommon trap: reason=array_check action=maybe_recompile pc=0x00007f73c5de7c24 method=java.util.ComparableTimSort.binarySort([Ljava/lang/Object;III)V @ 183

Internal exceptions (9 events):
Event: 0.217 Thread 0x00007f73d400a000 Exception <a 'java/lang/NoSuchMethodError': Method sun.misc.Unsafe.defineClass(Ljava/lang/String;[BII)Ljava/lang/Class; name or signature does not match> (0x000000076ab07c78) thrown at [/ssd/Android/AOSP-openjdk/external/jetbrains/jdk/hotspot/src/share/vm
Event: 0.217 Thread 0x00007f73d400a000 Exception <a 'java/lang/NoSuchMethodError': Method sun.misc.Unsafe.prefetchRead(Ljava/lang/Object;J)V name or signature does not match> (0x000000076ab07f60) thrown at [/ssd/Android/AOSP-openjdk/external/jetbrains/jdk/hotspot/src/share/vm/prims/jni.cpp, li
Event: 0.842 Thread 0x00007f73d400a000 Implicit null exception at 0x00007f73c51686b4 to 0x00007f73c5168cfd
Event: 1.339 Thread 0x00007f73d4195800 Implicit null exception at 0x00007f73c5342f22 to 0x00007f73c5343023
Event: 1.348 Thread 0x00007f73d4198800 Implicit null exception at 0x00007f73c5347cd8 to 0x00007f73c534a631
Event: 2.399 Thread 0x00007f73d4197000 Exception <a 'java/lang/ArrayIndexOutOfBoundsException': 18> (0x000000076cd6c9a8) thrown at [/ssd/Android/AOSP-openjdk/external/jetbrains/jdk/hotspot/src/share/vm/interpreter/interpreterRuntime.cpp, line 366]
Event: 2.399 Thread 0x00007f73d4197000 Exception <a 'java/lang/ArrayIndexOutOfBoundsException': 145> (0x000000076cd6e528) thrown at [/ssd/Android/AOSP-openjdk/external/jetbrains/jdk/hotspot/src/share/vm/interpreter/interpreterRuntime.cpp, line 366]
Event: 2.409 Thread 0x00007f73d4197000 Exception <a 'java/lang/ArrayIndexOutOfBoundsException'> (0x000000076cd6f810) thrown at [/ssd/Android/AOSP-openjdk/external/jetbrains/jdk/hotspot/src/share/vm/runtime/sharedRuntime.cpp, line 605]
Event: 26.423 Thread 0x00007f73d4195800 Implicit null exception at 0x00007f73c53d3927 to 0x00007f73c53d3db9

Events (10 events):
Event: 27.472 Thread 0x00007f73d4198800 DEOPT PACKING pc=0x00007f73c5de7c24 sp=0x00007f73be38f070
Event: 27.472 Thread 0x00007f73d4198800 DEOPT UNPACKING pc=0x00007f73c5004f69 sp=0x00007f73be38f018 mode 2
Event: 27.472 Thread 0x00007f73d4198800 Uncommon trap: trap_request=0xffffffd6 fr.pc=0x00007f73c5de7c24
Event: 27.472 Thread 0x00007f73d4198800 DEOPT PACKING pc=0x00007f73c5de7c24 sp=0x00007f73be38f070
Event: 27.472 Thread 0x00007f73d4198800 DEOPT UNPACKING pc=0x00007f73c5004f69 sp=0x00007f73be38f018 mode 2
Event: 27.480 Thread 0x00007f73d4198800 DEOPT PACKING pc=0x00007f73c5d90bc5 sp=0x00007f73be38f440
Event: 27.480 Thread 0x00007f73d4198800 DEOPT UNPACKING pc=0x00007f73c5047373 sp=0x00007f73be38f1d0 mode 0
Event: 27.481 Thread 0x00007f73d4198800 DEOPT PACKING pc=0x00007f73c5da96b6 sp=0x00007f73be38f340
Event: 27.481 Thread 0x00007f73d4198800 DEOPT UNPACKING pc=0x00007f73c5047373 sp=0x00007f73be38f128 mode 0
Event: 27.484 Executing VM operation: ParallelGCFailedAllocation


Dynamic libraries:
00400000-00401000 r-xp 00000000 08:05 929732                             /opt/android-studio/jre/bin/java
00600000-00601000 r--p 00000000 08:05 929732                             /opt/android-studio/jre/bin/java
00601000-00602000 rw-p 00001000 08:05 929732                             /opt/android-studio/jre/bin/java
02318000-02339000 rw-p 00000000 00:00 0                                  [heap]
6c0000000-6ecf00000 rw-p 00000000 00:00 0 
701680000-76ab00000 ---p 00000000 00:00 0 
76ab00000-7b0880000 rw-p 00000000 00:00 0 
7b0880000-7c0000000 ---p 00000000 00:00 0 
7c0000000-7c00a0000 rw-p 00000000 00:00 0 
7c00a0000-800000000 ---p 00000000 00:00 0 
7f7368000000-7f7368021000 rw-p 00000000 00:00 0 
7f7368021000-7f736c000000 ---p 00000000 00:00 0 
7f7370000000-7f7370048000 rw-p 00000000 00:00 0 
7f7370048000-7f7374000000 ---p 00000000 00:00 0 
7f7374000000-7f737406d000 rw-p 00000000 00:00 0 
7f737406d000-7f7378000000 ---p 00000000 00:00 0 
7f7378000000-7f7378021000 rw-p 00000000 00:00 0 
7f7378021000-7f737c000000 ---p 00000000 00:00 0 
7f737c000000-7f737c03f000 rw-p 00000000 00:00 0 
7f737c03f000-7f7380000000 ---p 00000000 00:00 0 
7f7380000000-7f7380021000 rw-p 00000000 00:00 0 
7f7380021000-7f7384000000 ---p 00000000 00:00 0 
7f7384000000-7f738406d000 rw-p 00000000 00:00 0 
7f738406d000-7f7388000000 ---p 00000000 00:00 0 
7f7388000000-7f7388ac0000 rw-p 00000000 00:00 0 
7f7388ac0000-7f738c000000 ---p 00000000 00:00 0 
7f738c000000-7f738c021000 rw-p 00000000 00:00 0 
7f738c021000-7f7390000000 ---p 00000000 00:00 0 
7f7390000000-7f7391ace000 rw-p 00000000 00:00 0 
7f7391ace000-7f7394000000 ---p 00000000 00:00 0 
7f7394000000-7f739577f000 rw-p 00000000 00:00 0 
7f739577f000-7f7398000000 ---p 00000000 00:00 0 
7f7398000000-7f7398021000 rw-p 00000000 00:00 0 
7f7398021000-7f739c000000 ---p 00000000 00:00 0 
7f739c000000-7f739c021000 rw-p 00000000 00:00 0 
7f739c021000-7f73a0000000 ---p 00000000 00:00 0 
7f73a0000000-7f73a0283000 rw-p 00000000 00:00 0 
7f73a0283000-7f73a4000000 ---p 00000000 00:00 0 
7f73a4000000-7f73a4021000 rw-p 00000000 00:00 0 
7f73a4021000-7f73a8000000 ---p 00000000 00:00 0 
7f73a8000000-7f73b0000000 rw-p 00000000 00:00 0 
7f73b0000000-7f73b0021000 rw-p 00000000 00:00 0 
7f73b0021000-7f73b4000000 ---p 00000000 00:00 0 
7f73b4000000-7f73b4021000 rw-p 00000000 00:00 0 
7f73b4021000-7f73b8000000 ---p 00000000 00:00 0 
7f73b8000000-7f73b8024000 rw-p 00000000 00:00 0 
7f73b8024000-7f73bc000000 ---p 00000000 00:00 0 
7f73bde8c000-7f73bde8f000 ---p 00000000 00:00 0 
7f73bde8f000-7f73bdf8d000 rw-p 00000000 00:00 0 
7f73bdf8d000-7f73bdf90000 ---p 00000000 00:00 0 
7f73bdf90000-7f73be08e000 rw-p 00000000 00:00 0 
7f73be08e000-7f73be091000 ---p 00000000 00:00 0 
7f73be091000-7f73be18f000 rw-p 00000000 00:00 0 
7f73be18f000-7f73be192000 ---p 00000000 00:00 0 
7f73be192000-7f73be290000 rw-p 00000000 00:00 0 
7f73be290000-7f73be293000 ---p 00000000 00:00 0 
7f73be293000-7f73be391000 rw-p 00000000 00:00 0 
7f73be391000-7f73be394000 ---p 00000000 00:00 0 
7f73be394000-7f73be492000 rw-p 00000000 00:00 0 
7f73be558000-7f73be57d000 r--p 00000000 08:05 144167                     /usr/share/locale-langpack/es/LC_MESSAGES/libc.mo
7f73be57d000-7f73be57e000 ---p 00000000 00:00 0 
7f73be57e000-7f73be67e000 rw-p 00000000 00:00 0 
7f73be67e000-7f73be681000 ---p 00000000 00:00 0 
7f73be681000-7f73be77f000 rw-p 00000000 00:00 0 
7f73be77f000-7f73be782000 ---p 00000000 00:00 0 
7f73be782000-7f73be880000 rw-p 00000000 00:00 0 
7f73be880000-7f73be883000 ---p 00000000 00:00 0 
7f73be883000-7f73be981000 rw-p 00000000 00:00 0 
7f73be981000-7f73be984000 ---p 00000000 00:00 0 
7f73be984000-7f73bea82000 rw-p 00000000 00:00 0 
7f73bea82000-7f73bea85000 ---p 00000000 00:00 0 
7f73bea85000-7f73beb83000 rw-p 00000000 00:00 0 
7f73beb83000-7f73bf0d0000 r--p 00000000 08:05 1051794                    /usr/lib/locale/locale-archive
7f73bf0d0000-7f73bf0d3000 ---p 00000000 00:00 0 
7f73bf0d3000-7f73bf1d1000 rw-p 00000000 00:00 0 
7f73bf1d1000-7f73bf1d4000 ---p 00000000 00:00 0 
7f73bf1d4000-7f73bf2d2000 rw-p 00000000 00:00 0 
7f73bf2d2000-7f73bf2d3000 ---p 00000000 00:00 0 
7f73bf2d3000-7f73c0000000 rw-p 00000000 00:00 0 
7f73c0000000-7f73c0021000 rw-p 00000000 00:00 0 
7f73c0021000-7f73c4000000 ---p 00000000 00:00 0 
7f73c4000000-7f73c4700000 rw-p 00000000 00:00 0 
7f73c4700000-7f73c4800000 ---p 00000000 00:00 0 
7f73c4800000-7f73c5000000 rw-p 00000000 00:00 0 
7f73c5000000-7f73c5e20000 rwxp 00000000 00:00 0 
7f73c5e20000-7f73d4000000 ---p 00000000 00:00 0 
7f73d4000000-7f73d43c4000 rw-p 00000000 00:00 0 
7f73d43c4000-7f73d8000000 ---p 00000000 00:00 0 
7f73d800d000-7f73d83e2000 rw-p 00000000 00:00 0 
7f73d83e2000-7f73d85b1000 r--s 03c1b000 08:05 929783                     /opt/android-studio/jre/jre/lib/rt.jar
7f73d85b1000-7f73d8627000 rw-p 00000000 00:00 0 
7f73d8627000-7f73d8628000 ---p 00000000 00:00 0 
7f73d8628000-7f73d8728000 rw-p 00000000 00:00 0 
7f73d8728000-7f73d8729000 ---p 00000000 00:00 0 
7f73d8729000-7f73d8829000 rw-p 00000000 00:00 0 
7f73d8829000-7f73d882a000 ---p 00000000 00:00 0 
7f73d882a000-7f73d892a000 rw-p 00000000 00:00 0 
7f73d892a000-7f73d892b000 ---p 00000000 00:00 0 
7f73d892b000-7f73d8b93000 rw-p 00000000 00:00 0 
7f73d8b93000-7f73d8f81000 ---p 00000000 00:00 0 
7f73d8f81000-7f73d90e9000 rw-p 00000000 00:00 0 
7f73d90e9000-7f73d94d6000 ---p 00000000 00:00 0 
7f73d94d6000-7f73d9706000 rw-p 00000000 00:00 0 
7f73d9706000-7f73d9781000 ---p 00000000 00:00 0 
7f73d9781000-7f73d97bb000 rw-p 00000000 00:00 0 
7f73d97bb000-7f73d9b42000 ---p 00000000 00:00 0 
7f73d9b42000-7f73d9b5c000 r-xp 00000000 08:05 929798                     /opt/android-studio/jre/jre/lib/amd64/libzip.so
7f73d9b5c000-7f73d9d5c000 ---p 0001a000 08:05 929798                     /opt/android-studio/jre/jre/lib/amd64/libzip.so
7f73d9d5c000-7f73d9d5d000 r--p 0001a000 08:05 929798                     /opt/android-studio/jre/jre/lib/amd64/libzip.so
7f73d9d5d000-7f73d9d5e000 rw-p 0001b000 08:05 929798                     /opt/android-studio/jre/jre/lib/amd64/libzip.so
7f73d9d5e000-7f73d9d69000 r-xp 00000000 08:05 657657                     /lib/x86_64-linux-gnu/libnss_files-2.23.so
7f73d9d69000-7f73d9f68000 ---p 0000b000 08:05 657657                     /lib/x86_64-linux-gnu/libnss_files-2.23.so
7f73d9f68000-7f73d9f69000 r--p 0000a000 08:05 657657                     /lib/x86_64-linux-gnu/libnss_files-2.23.so
7f73d9f69000-7f73d9f6a000 rw-p 0000b000 08:05 657657                     /lib/x86_64-linux-gnu/libnss_files-2.23.so
7f73d9f6a000-7f73d9f70000 rw-p 00000000 00:00 0 
7f73d9f70000-7f73d9f7b000 r-xp 00000000 08:05 657660                     /lib/x86_64-linux-gnu/libnss_nis-2.23.so
7f73d9f7b000-7f73da17a000 ---p 0000b000 08:05 657660                     /lib/x86_64-linux-gnu/libnss_nis-2.23.so
7f73da17a000-7f73da17b000 r--p 0000a000 08:05 657660                     /lib/x86_64-linux-gnu/libnss_nis-2.23.so
7f73da17b000-7f73da17c000 rw-p 0000b000 08:05 657660                     /lib/x86_64-linux-gnu/libnss_nis-2.23.so
7f73da17c000-7f73da192000 r-xp 00000000 08:05 657653                     /lib/x86_64-linux-gnu/libnsl-2.23.so
7f73da192000-7f73da391000 ---p 00016000 08:05 657653                     /lib/x86_64-linux-gnu/libnsl-2.23.so
7f73da391000-7f73da392000 r--p 00015000 08:05 657653                     /lib/x86_64-linux-gnu/libnsl-2.23.so
7f73da392000-7f73da393000 rw-p 00016000 08:05 657653                     /lib/x86_64-linux-gnu/libnsl-2.23.so
7f73da393000-7f73da395000 rw-p 00000000 00:00 0 
7f73da395000-7f73da39d000 r-xp 00000000 08:05 657666                     /lib/x86_64-linux-gnu/libnss_compat-2.23.so
7f73da39d000-7f73da59c000 ---p 00008000 08:05 657666                     /lib/x86_64-linux-gnu/libnss_compat-2.23.so
7f73da59c000-7f73da59d000 r--p 00007000 08:05 657666                     /lib/x86_64-linux-gnu/libnss_compat-2.23.so
7f73da59d000-7f73da59e000 rw-p 00008000 08:05 657666                     /lib/x86_64-linux-gnu/libnss_compat-2.23.so
7f73da59e000-7f73da5cb000 r-xp 00000000 08:05 929815                     /opt/android-studio/jre/jre/lib/amd64/libjava.so
7f73da5cb000-7f73da7ca000 ---p 0002d000 08:05 929815                     /opt/android-studio/jre/jre/lib/amd64/libjava.so
7f73da7ca000-7f73da7cb000 r--p 0002c000 08:05 929815                     /opt/android-studio/jre/jre/lib/amd64/libjava.so
7f73da7cb000-7f73da7cd000 rw-p 0002d000 08:05 929815                     /opt/android-studio/jre/jre/lib/amd64/libjava.so
7f73da7cd000-7f73da7dd000 r-xp 00000000 08:05 929788                     /opt/android-studio/jre/jre/lib/amd64/libverify.so
7f73da7dd000-7f73da9dc000 ---p 00010000 08:05 929788                     /opt/android-studio/jre/jre/lib/amd64/libverify.so
7f73da9dc000-7f73da9de000 r--p 0000f000 08:05 929788                     /opt/android-studio/jre/jre/lib/amd64/libverify.so
7f73da9de000-7f73da9df000 rw-p 00011000 08:05 929788                     /opt/android-studio/jre/jre/lib/amd64/libverify.so
7f73da9df000-7f73da9e6000 r-xp 00000000 08:05 657662                     /lib/x86_64-linux-gnu/librt-2.23.so
7f73da9e6000-7f73dabe5000 ---p 00007000 08:05 657662                     /lib/x86_64-linux-gnu/librt-2.23.so
7f73dabe5000-7f73dabe6000 r--p 00006000 08:05 657662                     /lib/x86_64-linux-gnu/librt-2.23.so
7f73dabe6000-7f73dabe7000 rw-p 00007000 08:05 657662                     /lib/x86_64-linux-gnu/librt-2.23.so
7f73dabe7000-7f73dacef000 r-xp 00000000 08:05 657671                     /lib/x86_64-linux-gnu/libm-2.23.so
7f73dacef000-7f73daeee000 ---p 00108000 08:05 657671                     /lib/x86_64-linux-gnu/libm-2.23.so
7f73daeee000-7f73daeef000 r--p 00107000 08:05 657671                     /lib/x86_64-linux-gnu/libm-2.23.so
7f73daeef000-7f73daef0000 rw-p 00108000 08:05 657671                     /lib/x86_64-linux-gnu/libm-2.23.so
7f73daef0000-7f73dbae1000 r-xp 00000000 08:05 929796                     /opt/android-studio/jre/jre/lib/amd64/server/libjvm.so
7f73dbae1000-7f73dbce1000 ---p 00bf1000 08:05 929796                     /opt/android-studio/jre/jre/lib/amd64/server/libjvm.so
7f73dbce1000-7f73dbd80000 r--p 00bf1000 08:05 929796                     /opt/android-studio/jre/jre/lib/amd64/server/libjvm.so
7f73dbd80000-7f73dbda9000 rw-p 00c90000 08:05 929796                     /opt/android-studio/jre/jre/lib/amd64/server/libjvm.so
7f73dbda9000-7f73dbded000 rw-p 00000000 00:00 0 
7f73dbded000-7f73dbe05000 r-xp 00000000 08:05 657659                     /lib/x86_64-linux-gnu/libpthread-2.23.so
7f73dbe05000-7f73dc004000 ---p 00018000 08:05 657659                     /lib/x86_64-linux-gnu/libpthread-2.23.so
7f73dc004000-7f73dc005000 r--p 00017000 08:05 657659                     /lib/x86_64-linux-gnu/libpthread-2.23.so
7f73dc005000-7f73dc006000 rw-p 00018000 08:05 657659                     /lib/x86_64-linux-gnu/libpthread-2.23.so
7f73dc006000-7f73dc00a000 rw-p 00000000 00:00 0 
7f73dc00a000-7f73dc00d000 r-xp 00000000 08:05 657665                     /lib/x86_64-linux-gnu/libdl-2.23.so
7f73dc00d000-7f73dc20c000 ---p 00003000 08:05 657665                     /lib/x86_64-linux-gnu/libdl-2.23.so
7f73dc20c000-7f73dc20d000 r--p 00002000 08:05 657665                     /lib/x86_64-linux-gnu/libdl-2.23.so
7f73dc20d000-7f73dc20e000 rw-p 00003000 08:05 657665                     /lib/x86_64-linux-gnu/libdl-2.23.so
7f73dc20e000-7f73dc3ce000 r-xp 00000000 08:05 657676                     /lib/x86_64-linux-gnu/libc-2.23.so
7f73dc3ce000-7f73dc5ce000 ---p 001c0000 08:05 657676                     /lib/x86_64-linux-gnu/libc-2.23.so
7f73dc5ce000-7f73dc5d2000 r--p 001c0000 08:05 657676                     /lib/x86_64-linux-gnu/libc-2.23.so
7f73dc5d2000-7f73dc5d4000 rw-p 001c4000 08:05 657676                     /lib/x86_64-linux-gnu/libc-2.23.so
7f73dc5d4000-7f73dc5d8000 rw-p 00000000 00:00 0 
7f73dc5d8000-7f73dc5ee000 r-xp 00000000 08:05 929747                     /opt/android-studio/jre/lib/amd64/jli/libjli.so
7f73dc5ee000-7f73dc7ed000 ---p 00016000 08:05 929747                     /opt/android-studio/jre/lib/amd64/jli/libjli.so
7f73dc7ed000-7f73dc7ee000 r--p 00015000 08:05 929747                     /opt/android-studio/jre/lib/amd64/jli/libjli.so
7f73dc7ee000-7f73dc7ef000 rw-p 00016000 08:05 929747                     /opt/android-studio/jre/lib/amd64/jli/libjli.so
7f73dc7ef000-7f73dc815000 r-xp 00000000 08:05 657654                     /lib/x86_64-linux-gnu/ld-2.23.so
7f73dc817000-7f73dc81e000 r--s 00000000 08:05 8623                       /usr/lib/x86_64-linux-gnu/gconv/gconv-modules.cache
7f73dc81e000-7f73dc8f1000 rw-p 00000000 00:00 0 
7f73dc8f1000-7f73dc8f4000 ---p 00000000 00:00 0 
7f73dc8f4000-7f73dc9f6000 rw-p 00000000 00:00 0 
7f73dc9fa000-7f73dca08000 r--s 000e0000 08:05 806433                     /root/Android/Sdk/build-tools/25.0.3/lib/dx.jar
7f73dca08000-7f73dca10000 rw-s 00000000 08:05 807024                     /tmp/hsperfdata_lester/32617
7f73dca10000-7f73dca11000 rw-p 00000000 00:00 0 
7f73dca11000-7f73dca12000 ---p 00000000 00:00 0 
7f73dca12000-7f73dca14000 rw-p 00000000 00:00 0 
7f73dca14000-7f73dca15000 r--p 00025000 08:05 657654                     /lib/x86_64-linux-gnu/ld-2.23.so
7f73dca15000-7f73dca16000 rw-p 00026000 08:05 657654                     /lib/x86_64-linux-gnu/ld-2.23.so
7f73dca16000-7f73dca17000 rw-p 00000000 00:00 0 
7ffdce8c7000-7ffdce8e8000 rw-p 00000000 00:00 0                          [stack]
7ffdce94d000-7ffdce94f000 r--p 00000000 00:00 0                          [vvar]
7ffdce94f000-7ffdce951000 r-xp 00000000 00:00 0                          [vdso]
ffffffffff600000-ffffffffff601000 r-xp 00000000 00:00 0                  [vsyscall]

VM Arguments:
jvm_args: -Djava.awt.headless=true -Xmx4g -Dfile.encoding=UTF-8 -Duser.country=GT -Duser.language=es -Duser.variant 
java_command: com.android.dx.command.Main --dex --num-threads=4 --multi-dex --main-dex-list /home/lester/CONVERSA/Conversa-Android/app/build/intermediates/multi-dex/debug/maindexlist.txt --output /home/lester/CONVERSA/Conversa-Android/app/build/intermediates/transforms/dex/debug/folders/1000/1f/main /home/lester/CONVERSA/Conversa-Android/app/build/intermediates/transforms/jarMerging/debug/jars/1/1f/combined.jar
java_class_path (initial): /root/Android/Sdk/build-tools/25.0.3/lib/dx.jar
Launcher Type: SUN_STANDARD

Environment Variables:
PATH=/home/lester/bin:/home/lester/.local/bin:/usr/local/sbin:/usr/local/bin:/usr/sbin:/usr/bin:/sbin:/bin:/usr/games:/usr/local/games:/snap/bin
SHELL=/bin/bash
DISPLAY=:0

Signal Handlers:
SIGSEGV: [libjvm.so+0x9e5150], sa_mask[0]=11111111011111111101111111111110, sa_flags=SA_RESTART|SA_SIGINFO
SIGBUS: [libjvm.so+0x9e5150], sa_mask[0]=11111111011111111101111111111110, sa_flags=SA_RESTART|SA_SIGINFO
SIGFPE: [libjvm.so+0x848450], sa_mask[0]=11111111011111111101111111111110, sa_flags=SA_RESTART|SA_SIGINFO
SIGPIPE: [libjvm.so+0x848450], sa_mask[0]=11111111011111111101111111111110, sa_flags=SA_RESTART|SA_SIGINFO
SIGXFSZ: [libjvm.so+0x848450], sa_mask[0]=11111111011111111101111111111110, sa_flags=SA_RESTART|SA_SIGINFO
SIGILL: [libjvm.so+0x848450], sa_mask[0]=11111111011111111101111111111110, sa_flags=SA_RESTART|SA_SIGINFO
SIGUSR1: SIG_DFL, sa_mask[0]=00000000000000000000000000000000, sa_flags=none
SIGUSR2: [libjvm.so+0x848320], sa_mask[0]=00100000000000000000000000000000, sa_flags=SA_RESTART|SA_SIGINFO
SIGHUP: [libjvm.so+0x848510], sa_mask[0]=11111111011111111101111111111110, sa_flags=SA_RESTART|SA_SIGINFO
SIGINT: [libjvm.so+0x848510], sa_mask[0]=11111111011111111101111111111110, sa_flags=SA_RESTART|SA_SIGINFO
SIGTERM: [libjvm.so+0x848510], sa_mask[0]=11111111011111111101111111111110, sa_flags=SA_RESTART|SA_SIGINFO
SIGQUIT: [libjvm.so+0x848510], sa_mask[0]=11111111011111111101111111111110, sa_flags=SA_RESTART|SA_SIGINFO


---------------  S Y S T E M  ---------------

OS:DISTRIB_ID=Ubuntu
DISTRIB_RELEASE=16.04
DISTRIB_CODENAME=xenial
DISTRIB_DESCRIPTION="Ubuntu 16.04.3 LTS"

uname:Linux 4.4.0-97-generic #120-Ubuntu SMP Tue Sep 19 17:28:18 UTC 2017 x86_64
libc:glibc 2.23 NPTL 2.23 
rlimit: STACK 8192k, CORE 0k, NPROC 31122, NOFILE 1048576, AS infinity
load average:6.69 2.71 1.34

/proc/meminfo:
MemTotal:        8075500 kB
MemFree:          162932 kB
MemAvailable:      69924 kB
Buffers:            1056 kB
Cached:           747008 kB
SwapCached:            0 kB
Active:          6313560 kB
Inactive:         653692 kB
Active(anon):    6297052 kB
Inactive(anon):   636188 kB
Active(file):      16508 kB
Inactive(file):    17504 kB
Unevictable:          48 kB
Mlocked:              48 kB
SwapTotal:             0 kB
SwapFree:              0 kB
Dirty:              1332 kB
Writeback:             0 kB
AnonPages:       6219980 kB
Mapped:           977136 kB
Shmem:            713308 kB
Slab:             103156 kB
SReclaimable:      57992 kB
SUnreclaim:        45164 kB
KernelStack:       11968 kB
PageTables:        47804 kB
NFS_Unstable:          0 kB
Bounce:                0 kB
WritebackTmp:          0 kB
CommitLimit:     4037748 kB
Committed_AS:   11768852 kB
VmallocTotal:   34359738367 kB
VmallocUsed:           0 kB
VmallocChunk:          0 kB
HardwareCorrupted:     0 kB
AnonHugePages:   3956736 kB
CmaTotal:              0 kB
CmaFree:               0 kB
HugePages_Total:       0
HugePages_Free:        0
HugePages_Rsvd:        0
HugePages_Surp:        0
Hugepagesize:       2048 kB
DirectMap4k:      197420 kB
DirectMap2M:     8091648 kB
DirectMap1G:     1048576 kB


CPU:total 4 (2 cores per cpu, 2 threads per core) family 6 model 61 stepping 4, cmov, cx8, fxsr, mmx, sse, sse2, sse3, ssse3, sse4.1, sse4.2, popcnt, avx, avx2, aes, clmul, erms, 3dnowpref, lzcnt, ht, tsc, tscinvbit, bmi1, bmi2, adx

/proc/cpuinfo:
processor	: 0
vendor_id	: GenuineIntel
cpu family	: 6
model		: 61
model name	: Intel(R) Core(TM) i7-5500U CPU @ 2.40GHz
stepping	: 4
microcode	: 0x18
cpu MHz		: 2166.375
cache size	: 4096 KB
physical id	: 0
siblings	: 4
core id		: 0
cpu cores	: 2
apicid		: 0
initial apicid	: 0
fpu		: yes
fpu_exception	: yes
cpuid level	: 20
wp		: yes
flags		: fpu vme de pse tsc msr pae mce cx8 apic sep mtrr pge mca cmov pat pse36 clflush dts acpi mmx fxsr sse sse2 ss ht tm pbe syscall nx pdpe1gb rdtscp lm constant_tsc arch_perfmon pebs bts rep_good nopl xtopology nonstop_tsc aperfmperf eagerfpu pni pclmulqdq dtes64 monitor ds_cpl vmx est tm2 ssse3 sdbg fma cx16 xtpr pdcm pcid sse4_1 sse4_2 x2apic movbe popcnt tsc_deadline_timer aes xsave avx f16c rdrand lahf_lm abm 3dnowprefetch epb intel_pt tpr_shadow vnmi flexpriority ept vpid fsgsbase tsc_adjust bmi1 avx2 smep bmi2 erms invpcid rdseed adx smap xsaveopt dtherm ida arat pln pts
bugs		:
bogomips	: 4788.89
clflush size	: 64
cache_alignment	: 64
address sizes	: 39 bits physical, 48 bits virtual
power management:

processor	: 1
vendor_id	: GenuineIntel
cpu family	: 6
model		: 61
model name	: Intel(R) Core(TM) i7-5500U CPU @ 2.40GHz
stepping	: 4
microcode	: 0x18
cpu MHz		: 2179.687
cache size	: 4096 KB
physical id	: 0
siblings	: 4
core id		: 1
cpu cores	: 2
apicid		: 2
initial apicid	: 2
fpu		: yes
fpu_exception	: yes
cpuid level	: 20
wp		: yes
flags		: fpu vme de pse tsc msr pae mce cx8 apic sep mtrr pge mca cmov pat pse36 clflush dts acpi mmx fxsr sse sse2 ss ht tm pbe syscall nx pdpe1gb rdtscp lm constant_tsc arch_perfmon pebs bts rep_good nopl xtopology nonstop_tsc aperfmperf eagerfpu pni pclmulqdq dtes64 monitor ds_cpl vmx est tm2 ssse3 sdbg fma cx16 xtpr pdcm pcid sse4_1 sse4_2 x2apic movbe popcnt tsc_deadline_timer aes xsave avx f16c rdrand lahf_lm abm 3dnowprefetch epb intel_pt tpr_shadow vnmi flexpriority ept vpid fsgsbase tsc_adjust bmi1 avx2 smep bmi2 erms invpcid rdseed adx smap xsaveopt dtherm ida arat pln pts
bugs		:
bogomips	: 4788.89
clflush size	: 64
cache_alignment	: 64
address sizes	: 39 bits physical, 48 bits virtual
power management:

processor	: 2
vendor_id	: GenuineIntel
cpu family	: 6
model		: 61
model name	: Intel(R) Core(TM) i7-5500U CPU @ 2.40GHz
stepping	: 4
microcode	: 0x18
cpu MHz		: 2279.718
cache size	: 4096 KB
physical id	: 0
siblings	: 4
core id		: 0
cpu cores	: 2
apicid		: 1
initial apicid	: 1
fpu		: yes
fpu_exception	: yes
cpuid level	: 20
wp		: yes
flags		: fpu vme de pse tsc msr pae mce cx8 apic sep mtrr pge mca cmov pat pse36 clflush dts acpi mmx fxsr sse sse2 ss ht tm pbe syscall nx pdpe1gb rdtscp lm constant_tsc arch_perfmon pebs bts rep_good nopl xtopology nonstop_tsc aperfmperf eagerfpu pni pclmulqdq dtes64 monitor ds_cpl vmx est tm2 ssse3 sdbg fma cx16 xtpr pdcm pcid sse4_1 sse4_2 x2apic movbe popcnt tsc_deadline_timer aes xsave avx f16c rdrand lahf_lm abm 3dnowprefetch epb intel_pt tpr_shadow vnmi flexpriority ept vpid fsgsbase tsc_adjust bmi1 avx2 smep bmi2 erms invpcid rdseed adx smap xsaveopt dtherm ida arat pln pts
bugs		:
bogomips	: 4788.89
clflush size	: 64
cache_alignment	: 64
address sizes	: 39 bits physical, 48 bits virtual
power management:

processor	: 3
vendor_id	: GenuineIntel
cpu family	: 6
model		: 61
model name	: Intel(R) Core(TM) i7-5500U CPU @ 2.40GHz
stepping	: 4
microcode	: 0x18
cpu MHz		: 2400.000
cache size	: 4096 KB
physical id	: 0
siblings	: 4
core id		: 1
cpu cores	: 2
apicid		: 3
initial apicid	: 3
fpu		: yes
fpu_exception	: yes
cpuid level	: 20
wp		: yes
flags		: fpu vme de pse tsc msr pae mce cx8 apic sep mtrr pge mca cmov pat pse36 clflush dts acpi mmx fxsr sse sse2 ss ht tm pbe syscall nx pdpe1gb rdtscp lm constant_tsc arch_perfmon pebs bts rep_good nopl xtopology nonstop_tsc aperfmperf eagerfpu pni pclmulqdq dtes64 monitor ds_cpl vmx est tm2 ssse3 sdbg fma cx16 xtpr pdcm pcid sse4_1 sse4_2 x2apic movbe popcnt tsc_deadline_timer aes xsave avx f16c rdrand lahf_lm abm 3dnowprefetch epb intel_pt tpr_shadow vnmi flexpriority ept vpid fsgsbase tsc_adjust bmi1 avx2 smep bmi2 erms invpcid rdseed adx smap xsaveopt dtherm ida arat pln pts
bugs		:
bogomips	: 4788.89
clflush size	: 64
cache_alignment	: 64
address sizes	: 39 bits physical, 48 bits virtual
power management:



Memory: 4k page, physical 8075500k(162932k free), swap 0k(0k free)

vm_info: OpenJDK 64-Bit Server VM (25.112-b06) for linux-amd64 JRE (1.8.0_112-release-b06), built on Dec  6 2016 12:11:18 by "builder" with gcc 4.8.4

time: Sat Nov  4 18:39:01 2017
elapsed time: 42 seconds (0d 0h 0m 42s)

