#
# There is insufficient memory for the Java Runtime Environment to continue.
# Native memory allocation (mmap) failed to map 263716864 bytes for committing reserved memory.
# Possible reasons:
#   The system is out of physical RAM or swap space
#   In 32 bit mode, the process size limit was hit
# Possible solutions:
#   Reduce memory load on the system
#   Increase physical memory or swap space
#   Check if swap backing store is full
#   Use 64 bit Java on a 64 bit OS
#   Decrease Java heap size (-Xmx/-Xms)
#   Decrease number of Java threads
#   Decrease Java thread stack sizes (-Xss)
#   Set larger code cache with -XX:ReservedCodeCacheSize=
# This output file may be truncated or incomplete.
#
#  Out of Memory Error (os_linux.cpp:2627), pid=5962, tid=0x00007f7c44b22700
#
# JRE version: OpenJDK Runtime Environment (8.0_112-b06) (build 1.8.0_112-release-b06)
# Java VM: OpenJDK 64-Bit Server VM (25.112-b06 mixed mode linux-amd64 compressed oops)
# Failed to write core dump. Core dumps have been disabled. To enable core dumping, try "ulimit -c unlimited" before starting Java again
#

---------------  T H R E A D  ---------------

Current thread (0x00007f7c58077800):  VMThread [stack: 0x00007f7c44a22000,0x00007f7c44b23000] [id=5972]

Stack: [0x00007f7c44a22000,0x00007f7c44b23000],  sp=0x00007f7c44b214d0,  free space=1021k
Native frames: (J=compiled Java code, j=interpreted, Vv=VM code, C=native code)
V  [libjvm.so+0x9e465d]  VMError::report_and_die()+0x15d
V  [libjvm.so+0x4b6ada]  report_vm_out_of_memory(char const*, int, unsigned long, VMErrorType, char const*)+0x8a
V  [libjvm.so+0x84c860]  os::pd_commit_memory(char*, unsigned long, unsigned long, bool)+0xf0
V  [libjvm.so+0x84737f]  os::commit_memory(char*, unsigned long, unsigned long, bool)+0x1f
V  [libjvm.so+0x8bd3db]  PSVirtualSpace::expand_by(unsigned long)+0x5b
V  [libjvm.so+0x8ae1bb]  PSOldGen::expand_by(unsigned long) [clone .part.109]+0x1b
V  [libjvm.so+0x8ae37b]  PSOldGen::expand(unsigned long) [clone .part.111]+0xdb
V  [libjvm.so+0x8aec58]  PSOldGen::resize(unsigned long)+0x188
V  [libjvm.so+0x8b426c]  PSParallelCompact::invoke_no_policy(bool)+0x97c
V  [libjvm.so+0x8bb37d]  PSScavenge::invoke()+0x17d
V  [libjvm.so+0x86fcf3]  ParallelScavengeHeap::failed_mem_allocate(unsigned long)+0x63
V  [libjvm.so+0x9e6124]  VM_ParallelGCFailedAllocation::doit()+0x84
V  [libjvm.so+0x9ea537]  VM_Operation::evaluate()+0x47
V  [libjvm.so+0x9e8ff8]  VMThread::evaluate_operation(VM_Operation*)+0x2c8
V  [libjvm.so+0x9e9479]  VMThread::loop()+0x219
V  [libjvm.so+0x9e98c2]  VMThread::run()+0x72
V  [libjvm.so+0x849c82]  java_start(Thread*)+0xf2

VM_Operation (0x00007f7c1b70b000): ParallelGCFailedAllocation, mode: safepoint, requested by thread 0x00007f7c581d9000


---------------  P R O C E S S  ---------------

Java Threads: ( => current thread )
  0x00007f7c581d9000 JavaThread "pool-2-thread-4" [_thread_blocked, id=5985, stack(0x00007f7c1b60c000,0x00007f7c1b70d000)]
  0x00007f7c581d7800 JavaThread "pool-2-thread-3" [_thread_blocked, id=5984, stack(0x00007f7c1b70d000,0x00007f7c1b80e000)]
  0x00007f7c581d5800 JavaThread "pool-2-thread-2" [_thread_blocked, id=5983, stack(0x00007f7c1b80e000,0x00007f7c1b90f000)]
  0x00007f7c581d4000 JavaThread "pool-3-thread-1" [_thread_blocked, id=5982, stack(0x00007f7c1b90f000,0x00007f7c1ba10000)]
  0x00007f7c581d3000 JavaThread "pool-2-thread-1" [_thread_blocked, id=5981, stack(0x00007f7c1ba10000,0x00007f7c1bb11000)]
  0x00007f7c580bf800 JavaThread "Service Thread" daemon [_thread_blocked, id=5979, stack(0x00007f7c1bcfd000,0x00007f7c1bdfe000)]
  0x00007f7c580bc800 JavaThread "C1 CompilerThread2" daemon [_thread_blocked, id=5978, stack(0x00007f7c1bdfe000,0x00007f7c1beff000)]
  0x00007f7c580ba800 JavaThread "C2 CompilerThread1" daemon [_thread_blocked, id=5977, stack(0x00007f7c1beff000,0x00007f7c1c000000)]
  0x00007f7c580b7800 JavaThread "C2 CompilerThread0" daemon [_thread_blocked, id=5976, stack(0x00007f7c440d1000,0x00007f7c441d2000)]
  0x00007f7c580b6800 JavaThread "Signal Dispatcher" daemon [_thread_blocked, id=5975, stack(0x00007f7c441d2000,0x00007f7c442d3000)]
  0x00007f7c58083800 JavaThread "Finalizer" daemon [_thread_blocked, id=5974, stack(0x00007f7c44820000,0x00007f7c44921000)]
  0x00007f7c5807f000 JavaThread "Reference Handler" daemon [_thread_blocked, id=5973, stack(0x00007f7c44921000,0x00007f7c44a22000)]
  0x00007f7c5800a000 JavaThread "main" [_thread_blocked, id=5967, stack(0x00007f7c5e045000,0x00007f7c5e146000)]

Other Threads:
=>0x00007f7c58077800 VMThread [stack: 0x00007f7c44a22000,0x00007f7c44b23000] [id=5972]
  0x00007f7c580c2000 WatcherThread [stack: 0x00007f7c1bbfc000,0x00007f7c1bcfd000] [id=5980]

VM state:at safepoint (normal execution)

VM Mutex/Monitor currently owned by a thread:  ([mutex/lock_event])
[0x00007f7c58005ef0] ExpandHeap_lock - owner thread: 0x00007f7c58077800
[0x00007f7c58006570] Threads_lock - owner thread: 0x00007f7c58077800
[0x00007f7c58006a70] Heap_lock - owner thread: 0x00007f7c581d9000

Heap:
 PSYoungGen      total 986112K, used 139583K [0x000000076ab00000, 0x00000007b6d80000, 0x00000007c0000000)
  eden space 790016K, 0% used [0x000000076ab00000,0x000000076ab00000,0x000000079ae80000)
  from space 196096K, 71% used [0x00000007a7f80000,0x00000007b07cfe60,0x00000007b3f00000)
  to   space 214016K, 0% used [0x000000079ae80000,0x000000079ae80000,0x00000007a7f80000)
 ParOldGen       total 454144K, used 453996K [0x00000006c0000000, 0x00000006dbb80000, 0x000000076ab00000)
  object space 454144K, 99% used [0x00000006c0000000,0x00000006dbb5b070,0x00000006dbb80000)
 Metaspace       used 6405K, capacity 7280K, committed 7552K, reserved 1056768K
  class space    used 582K, capacity 616K, committed 640K, reserved 1048576K

Card table byte_map: [0x00007f7c475a2000,0x00007f7c47da3000] byte_map_base: 0x00007f7c43fa2000

Marking Bits: (ParMarkBitMap*) 0x00007f7c5d512340
 Begin Bits: [0x00007f7c2c000000, 0x00007f7c30000000)
 End Bits:   [0x00007f7c30000000, 0x00007f7c34000000)

Polling page: 0x00007f7c5e165000

CodeCache: size=245760Kb used=13987Kb max_used=14024Kb free=231772Kb
 bounds [0x00007f7c48163000, 0x00007f7c48f23000, 0x00007f7c57163000]
 total_blobs=2942 nmethods=2680 adapters=176
 compilation: enabled

Compilation events (10 events):
Event: 15.360 Thread 0x00007f7c580bc800 2831       3       com.android.dx.dex.code.RopTranslator::outputInstructions (69 bytes)
Event: 15.360 Thread 0x00007f7c580bc800 nmethod 2831 0x00007f7c48edc0d0 code [0x00007f7c48edc260, 0x00007f7c48edc6b8]
Event: 15.389 Thread 0x00007f7c580bc800 2832 %     3       com.android.dx.ssa.LocalVariableExtractor::processBlock @ 119 (383 bytes)
Event: 15.393 Thread 0x00007f7c580bc800 nmethod 2832% 0x00007f7c48ef7fd0 code [0x00007f7c48ef8480, 0x00007f7c48efbc48]
Event: 15.400 Thread 0x00007f7c580bc800 2833       3       com.android.dx.ssa.LocalVariableExtractor::processBlock (383 bytes)
Event: 15.403 Thread 0x00007f7c580bc800 nmethod 2833 0x00007f7c48efe4d0 code [0x00007f7c48efe9c0, 0x00007f7c48f02198]
Event: 15.738 Thread 0x00007f7c580bc800 2837 %     3       com.android.dx.cf.code.LocalVariableList::mergeDescriptorsAndSignatures @ 17 (80 bytes)
Event: 15.740 Thread 0x00007f7c580bc800 nmethod 2837% 0x00007f7c48ee6290 code [0x00007f7c48ee6520, 0x00007f7c48ee78b8]
Event: 15.845 Thread 0x00007f7c580b7800 nmethod 2823 0x00007f7c48f0ca10 code [0x00007f7c48f0d260, 0x00007f7c48f13590]
Event: 15.845 Thread 0x00007f7c580b7800 2838       4       com.android.dx.ssa.LocalVariableExtractor::processBlock (383 bytes)

GC Heap History (10 events):
Event: 10.052 GC heap after
Heap after GC invocations=13 (full 2):
 PSYoungGen      total 694272K, used 87992K [0x000000076ab00000, 0x00000007a5580000, 0x00000007c0000000)
  eden space 576000K, 0% used [0x000000076ab00000,0x000000076ab00000,0x000000078dd80000)
  from space 118272K, 74% used [0x000000078dd80000,0x000000079336e360,0x0000000795100000)
  to   space 128000K, 0% used [0x000000079d880000,0x000000079d880000,0x00000007a5580000)
 ParOldGen       total 282624K, used 230635K [0x00000006c0000000, 0x00000006d1400000, 0x000000076ab00000)
  object space 282624K, 81% used [0x00000006c0000000,0x00000006ce13ad58,0x00000006d1400000)
 Metaspace       used 6395K, capacity 7280K, committed 7552K, reserved 1056768K
  class space    used 581K, capacity 616K, committed 640K, reserved 1048576K
}
Event: 10.052 GC heap before
{Heap before GC invocations=14 (full 3):
 PSYoungGen      total 694272K, used 87992K [0x000000076ab00000, 0x00000007a5580000, 0x00000007c0000000)
  eden space 576000K, 0% used [0x000000076ab00000,0x000000076ab00000,0x000000078dd80000)
  from space 118272K, 74% used [0x000000078dd80000,0x000000079336e360,0x0000000795100000)
  to   space 128000K, 0% used [0x000000079d880000,0x000000079d880000,0x00000007a5580000)
 ParOldGen       total 282624K, used 230635K [0x00000006c0000000, 0x00000006d1400000, 0x000000076ab00000)
  object space 282624K, 81% used [0x00000006c0000000,0x00000006ce13ad58,0x00000006d1400000)
 Metaspace       used 6395K, capacity 7280K, committed 7552K, reserved 1056768K
  class space    used 581K, capacity 616K, committed 640K, reserved 1048576K
Event: 11.145 GC heap after
Heap after GC invocations=14 (full 3):
 PSYoungGen      total 694272K, used 33974K [0x000000076ab00000, 0x00000007a5580000, 0x00000007c0000000)
  eden space 576000K, 0% used [0x000000076ab00000,0x000000076ab00000,0x000000078dd80000)
  from space 118272K, 28% used [0x000000078dd80000,0x000000078feadbe0,0x0000000795100000)
  to   space 128000K, 0% used [0x000000079d880000,0x000000079d880000,0x00000007a5580000)
 ParOldGen       total 454144K, used 281635K [0x00000006c0000000, 0x00000006dbb80000, 0x000000076ab00000)
  object space 454144K, 62% used [0x00000006c0000000,0x00000006d1308fd8,0x00000006dbb80000)
 Metaspace       used 6395K, capacity 7280K, committed 7552K, reserved 1056768K
  class space    used 581K, capacity 616K, committed 640K, reserved 1048576K
}
Event: 12.556 GC heap before
{Heap before GC invocations=15 (full 3):
 PSYoungGen      total 694272K, used 609974K [0x000000076ab00000, 0x00000007a5580000, 0x00000007c0000000)
  eden space 576000K, 100% used [0x000000076ab00000,0x000000078dd80000,0x000000078dd80000)
  from space 118272K, 28% used [0x000000078dd80000,0x000000078feadbe0,0x0000000795100000)
  to   space 128000K, 0% used [0x000000079d880000,0x000000079d880000,0x00000007a5580000)
 ParOldGen       total 454144K, used 281635K [0x00000006c0000000, 0x00000006dbb80000, 0x000000076ab00000)
  object space 454144K, 62% used [0x00000006c0000000,0x00000006d1308fd8,0x00000006dbb80000)
 Metaspace       used 6399K, capacity 7280K, committed 7552K, reserved 1056768K
  class space    used 581K, capacity 616K, committed 640K, reserved 1048576K
Event: 12.802 GC heap after
Heap after GC invocations=15 (full 3):
 PSYoungGen      total 806400K, used 121349K [0x000000076ab00000, 0x00000007a6280000, 0x00000007c0000000)
  eden space 678400K, 0% used [0x000000076ab00000,0x000000076ab00000,0x0000000794180000)
  from space 128000K, 94% used [0x000000079d880000,0x00000007a4f015e8,0x00000007a5580000)
  to   space 147968K, 0% used [0x0000000794180000,0x0000000794180000,0x000000079d200000)
 ParOldGen       total 454144K, used 281635K [0x00000006c0000000, 0x00000006dbb80000, 0x000000076ab00000)
  object space 454144K, 62% used [0x00000006c0000000,0x00000006d1308fd8,0x00000006dbb80000)
 Metaspace       used 6399K, capacity 7280K, committed 7552K, reserved 1056768K
  class space    used 581K, capacity 616K, committed 640K, reserved 1048576K
}
Event: 14.190 GC heap before
{Heap before GC invocations=16 (full 3):
 PSYoungGen      total 806400K, used 799749K [0x000000076ab00000, 0x00000007a6280000, 0x00000007c0000000)
  eden space 678400K, 100% used [0x000000076ab00000,0x0000000794180000,0x0000000794180000)
  from space 128000K, 94% used [0x000000079d880000,0x00000007a4f015e8,0x00000007a5580000)
  to   space 147968K, 0% used [0x0000000794180000,0x0000000794180000,0x000000079d200000)
 ParOldGen       total 454144K, used 281635K [0x00000006c0000000, 0x00000006dbb80000, 0x000000076ab00000)
  object space 454144K, 62% used [0x00000006c0000000,0x00000006d1308fd8,0x00000006dbb80000)
 Metaspace       used 6405K, capacity 7280K, committed 7552K, reserved 1056768K
  class space    used 582K, capacity 616K, committed 640K, reserved 1048576K
Event: 14.433 GC heap after
Heap after GC invocations=16 (full 3):
 PSYoungGen      total 826368K, used 147941K [0x000000076ab00000, 0x00000007b3f00000, 0x00000007c0000000)
  eden space 678400K, 0% used [0x000000076ab00000,0x000000076ab00000,0x0000000794180000)
  from space 147968K, 99% used [0x0000000794180000,0x000000079d1f9670,0x000000079d200000)
  to   space 196096K, 0% used [0x00000007a7f80000,0x00000007a7f80000,0x00000007b3f00000)
 ParOldGen       total 454144K, used 342823K [0x00000006c0000000, 0x00000006dbb80000, 0x000000076ab00000)
  object space 454144K, 75% used [0x00000006c0000000,0x00000006d4ec9c58,0x00000006dbb80000)
 Metaspace       used 6405K, capacity 7280K, committed 7552K, reserved 1056768K
  class space    used 582K, capacity 616K, committed 640K, reserved 1048576K
}
Event: 15.849 GC heap before
{Heap before GC invocations=17 (full 3):
 PSYoungGen      total 826368K, used 826341K [0x000000076ab00000, 0x00000007b3f00000, 0x00000007c0000000)
  eden space 678400K, 100% used [0x000000076ab00000,0x0000000794180000,0x0000000794180000)
  from space 147968K, 99% used [0x0000000794180000,0x000000079d1f9670,0x000000079d200000)
  to   space 196096K, 0% used [0x00000007a7f80000,0x00000007a7f80000,0x00000007b3f00000)
 ParOldGen       total 454144K, used 342823K [0x00000006c0000000, 0x00000006dbb80000, 0x000000076ab00000)
  object space 454144K, 75% used [0x00000006c0000000,0x00000006d4ec9c58,0x00000006dbb80000)
 Metaspace       used 6405K, capacity 7280K, committed 7552K, reserved 1056768K
  class space    used 582K, capacity 616K, committed 640K, reserved 1048576K
Event: 16.159 GC heap after
Heap after GC invocations=17 (full 3):
 PSYoungGen      total 986112K, used 151581K [0x000000076ab00000, 0x00000007b6d80000, 0x00000007c0000000)
  eden space 790016K, 0% used [0x000000076ab00000,0x000000076ab00000,0x000000079ae80000)
  from space 196096K, 77% used [0x00000007a7f80000,0x00000007b13876f0,0x00000007b3f00000)
  to   space 214016K, 0% used [0x000000079ae80000,0x000000079ae80000,0x00000007a7f80000)
 ParOldGen       total 454144K, used 449034K [0x00000006c0000000, 0x00000006dbb80000, 0x000000076ab00000)
  object space 454144K, 98% used [0x00000006c0000000,0x00000006db682b48,0x00000006dbb80000)
 Metaspace       used 6405K, capacity 7280K, committed 7552K, reserved 1056768K
  class space    used 582K, capacity 616K, committed 640K, reserved 1048576K
}
Event: 16.159 GC heap before
{Heap before GC invocations=18 (full 4):
 PSYoungGen      total 986112K, used 151581K [0x000000076ab00000, 0x00000007b6d80000, 0x00000007c0000000)
  eden space 790016K, 0% used [0x000000076ab00000,0x000000076ab00000,0x000000079ae80000)
  from space 196096K, 77% used [0x00000007a7f80000,0x00000007b13876f0,0x00000007b3f00000)
  to   space 214016K, 0% used [0x000000079ae80000,0x000000079ae80000,0x00000007a7f80000)
 ParOldGen       total 454144K, used 449034K [0x00000006c0000000, 0x00000006dbb80000, 0x000000076ab00000)
  object space 454144K, 98% used [0x00000006c0000000,0x00000006db682b48,0x00000006dbb80000)
 Metaspace       used 6405K, capacity 7280K, committed 7552K, reserved 1056768K
  class space    used 582K, capacity 616K, committed 640K, reserved 1048576K

Deoptimization events (10 events):
Event: 13.570 Thread 0x00007f7c581d5800 Uncommon trap: reason=unstable_if action=reinterpret pc=0x00007f7c48d22008 method=com.android.dx.ssa.InterferenceRegisterMapper.interferes(III)Z @ 69
Event: 13.978 Thread 0x00007f7c581d7800 Uncommon trap: reason=unstable_if action=reinterpret pc=0x00007f7c48e7e940 method=com.android.dx.cf.code.Merger.isPossiblyAssignableFrom(Lcom/android/dx/rop/type/TypeBearer;Lcom/android/dx/rop/type/TypeBearer;)Z @ 131
Event: 14.586 Thread 0x00007f7c581d3000 Uncommon trap: reason=unstable_if action=reinterpret pc=0x00007f7c48e899ac method=com.android.dx.cf.code.Merger.mergeType(Lcom/android/dx/rop/type/TypeBearer;Lcom/android/dx/rop/type/TypeBearer;)Lcom/android/dx/rop/type/TypeBearer; @ 133
Event: 15.108 Thread 0x00007f7c5800a000 Uncommon trap: reason=class_check action=maybe_recompile pc=0x00007f7c48e91c80 method=com.android.dx.cf.attrib.AttConstantValue.<init>(Lcom/android/dx/rop/cst/TypedConstant;)V @ 28
Event: 15.313 Thread 0x00007f7c581d5800 Uncommon trap: reason=class_check action=maybe_recompile pc=0x00007f7c48eef844 method=com.android.dx.rop.code.RegisterSpec.withSimpleType()Lcom/android/dx/rop/code/RegisterSpec; @ 21
Event: 15.348 Thread 0x00007f7c581d3000 Uncommon trap: reason=unstable_if action=reinterpret pc=0x00007f7c48e6d8e4 method=com.android.dx.dex.code.OutputFinisher.hasLocalInfo(Lcom/android/dx/dex/code/DalvInsn;)Z @ 35
Event: 15.358 Thread 0x00007f7c581d9000 Uncommon trap: reason=class_check action=maybe_recompile pc=0x00007f7c48eef844 method=com.android.dx.rop.code.RegisterSpec.withSimpleType()Lcom/android/dx/rop/code/RegisterSpec; @ 21
Event: 15.358 Thread 0x00007f7c581d9000 Uncommon trap: reason=unstable_if action=reinterpret pc=0x00007f7c48eefaf8 method=com.android.dx.ssa.LocalVariableExtractor.processBlock(I)V @ 264
Event: 15.823 Thread 0x00007f7c581d7800 Uncommon trap: reason=class_check action=maybe_recompile pc=0x00007f7c48ec9b98 method=com.android.dx.ssa.back.FirstFitLocalCombiningAllocator.findNextUnreservedRopReg(IILcom/android/dx/ssa/back/FirstFitLocalCombiningAllocator$Alignment;)I @ 60
Event: 15.824 Thread 0x00007f7c581d7800 Uncommon trap: reason=class_check action=maybe_recompile pc=0x00007f7c48ec9b98 method=com.android.dx.ssa.back.FirstFitLocalCombiningAllocator.findNextUnreservedRopReg(IILcom/android/dx/ssa/back/FirstFitLocalCombiningAllocator$Alignment;)I @ 60

Internal exceptions (10 events):
Event: 0.020 Thread 0x00007f7c5800a000 Exception <a 'java/lang/NoSuchMethodError': Method sun.misc.Unsafe.prefetchRead(Ljava/lang/Object;J)V name or signature does not match> (0x000000076ab07f60) thrown at [/ssd/Android/AOSP-openjdk/external/jetbrains/jdk/hotspot/src/share/vm/prims/jni.cpp, li
Event: 0.293 Thread 0x00007f7c5800a000 Implicit null exception at 0x00007f7c482cc335 to 0x00007f7c482cc965
Event: 0.733 Thread 0x00007f7c581d7800 Implicit null exception at 0x00007f7c48483f62 to 0x00007f7c48484063
Event: 0.853 Thread 0x00007f7c581d5800 Implicit null exception at 0x00007f7c4847274c to 0x00007f7c48475169
Event: 1.041 Thread 0x00007f7c581d7800 Implicit null exception at 0x00007f7c48496413 to 0x00007f7c48498f1d
Event: 1.078 Thread 0x00007f7c5800a000 Implicit null exception at 0x00007f7c48532ad8 to 0x00007f7c48532cbd
Event: 1.531 Thread 0x00007f7c581d5800 Exception <a 'java/lang/ArrayIndexOutOfBoundsException': 18> (0x0000000770e5e400) thrown at [/ssd/Android/AOSP-openjdk/external/jetbrains/jdk/hotspot/src/share/vm/interpreter/interpreterRuntime.cpp, line 366]
Event: 1.532 Thread 0x00007f7c581d5800 Exception <a 'java/lang/ArrayIndexOutOfBoundsException': 145> (0x0000000770e5ff80) thrown at [/ssd/Android/AOSP-openjdk/external/jetbrains/jdk/hotspot/src/share/vm/interpreter/interpreterRuntime.cpp, line 366]
Event: 1.533 Thread 0x00007f7c581d5800 Exception <a 'java/lang/ArrayIndexOutOfBoundsException': 40> (0x0000000770e61268) thrown at [/ssd/Android/AOSP-openjdk/external/jetbrains/jdk/hotspot/src/share/vm/interpreter/interpreterRuntime.cpp, line 366]
Event: 15.348 Thread 0x00007f7c581d3000 Implicit null exception at 0x00007f7c48e6ca3b to 0x00007f7c48e6d8c9

Events (10 events):
Event: 15.823 Thread 0x00007f7c581d7800 DEOPT PACKING pc=0x00007f7c48ec9b98 sp=0x00007f7c1b80beb0
Event: 15.823 Thread 0x00007f7c581d7800 DEOPT UNPACKING pc=0x00007f7c48167f69 sp=0x00007f7c1b80be58 mode 2
Event: 15.824 Thread 0x00007f7c581d7800 Uncommon trap: trap_request=0xffffffde fr.pc=0x00007f7c48ec9b98
Event: 15.824 Thread 0x00007f7c581d7800 DEOPT PACKING pc=0x00007f7c48ec9b98 sp=0x00007f7c1b80be00
Event: 15.824 Thread 0x00007f7c581d7800 DEOPT UNPACKING pc=0x00007f7c48167f69 sp=0x00007f7c1b80bda8 mode 2
Event: 15.839 Thread 0x00007f7c581d9000 DEOPT PACKING pc=0x00007f7c484b5cd9 sp=0x00007f7c1b70b140
Event: 15.839 Thread 0x00007f7c581d9000 DEOPT UNPACKING pc=0x00007f7c481aa373 sp=0x00007f7c1b70aed0 mode 0
Event: 15.847 Thread 0x00007f7c581d9000 DEOPT PACKING pc=0x00007f7c4858ee88 sp=0x00007f7c1b70b040
Event: 15.847 Thread 0x00007f7c581d9000 DEOPT UNPACKING pc=0x00007f7c481aa373 sp=0x00007f7c1b70ad70 mode 0
Event: 15.849 Executing VM operation: ParallelGCFailedAllocation


Dynamic libraries:
00400000-00401000 r-xp 00000000 08:05 929732                             /opt/android-studio/jre/bin/java
00600000-00601000 r--p 00000000 08:05 929732                             /opt/android-studio/jre/bin/java
00601000-00602000 rw-p 00001000 08:05 929732                             /opt/android-studio/jre/bin/java
02306000-02327000 rw-p 00000000 00:00 0                                  [heap]
6c0000000-6dbb80000 rw-p 00000000 00:00 0 
6eb700000-76ab00000 ---p 00000000 00:00 0 
76ab00000-7b6d80000 rw-p 00000000 00:00 0 
7b6d80000-7c0000000 ---p 00000000 00:00 0 
7c0000000-7c00a0000 rw-p 00000000 00:00 0 
7c00a0000-800000000 ---p 00000000 00:00 0 
7f7bec000000-7f7bec033000 rw-p 00000000 00:00 0 
7f7bec033000-7f7bf0000000 ---p 00000000 00:00 0 
7f7bf4000000-7f7bf4045000 rw-p 00000000 00:00 0 
7f7bf4045000-7f7bf8000000 ---p 00000000 00:00 0 
7f7bf8000000-7f7bf807d000 rw-p 00000000 00:00 0 
7f7bf807d000-7f7bfc000000 ---p 00000000 00:00 0 
7f7bfc000000-7f7bfc05d000 rw-p 00000000 00:00 0 
7f7bfc05d000-7f7c00000000 ---p 00000000 00:00 0 
7f7c00000000-7f7c00021000 rw-p 00000000 00:00 0 
7f7c00021000-7f7c04000000 ---p 00000000 00:00 0 
7f7c04000000-7f7c04021000 rw-p 00000000 00:00 0 
7f7c04021000-7f7c08000000 ---p 00000000 00:00 0 
7f7c08000000-7f7c08021000 rw-p 00000000 00:00 0 
7f7c08021000-7f7c0c000000 ---p 00000000 00:00 0 
7f7c0c000000-7f7c0da0d000 rw-p 00000000 00:00 0 
7f7c0da0d000-7f7c10000000 ---p 00000000 00:00 0 
7f7c10000000-7f7c10b4b000 rw-p 00000000 00:00 0 
7f7c10b4b000-7f7c14000000 ---p 00000000 00:00 0 
7f7c14000000-7f7c14021000 rw-p 00000000 00:00 0 
7f7c14021000-7f7c18000000 ---p 00000000 00:00 0 
7f7c1b60c000-7f7c1b60f000 ---p 00000000 00:00 0 
7f7c1b60f000-7f7c1b70d000 rw-p 00000000 00:00 0 
7f7c1b70d000-7f7c1b710000 ---p 00000000 00:00 0 
7f7c1b710000-7f7c1b80e000 rw-p 00000000 00:00 0 
7f7c1b80e000-7f7c1b811000 ---p 00000000 00:00 0 
7f7c1b811000-7f7c1b90f000 rw-p 00000000 00:00 0 
7f7c1b90f000-7f7c1b912000 ---p 00000000 00:00 0 
7f7c1b912000-7f7c1ba10000 rw-p 00000000 00:00 0 
7f7c1ba10000-7f7c1ba13000 ---p 00000000 00:00 0 
7f7c1ba13000-7f7c1bb11000 rw-p 00000000 00:00 0 
7f7c1bb11000-7f7c1bbfc000 r--s 00adf000 08:06 1049676                    /home/lester/CONVERSA/Conversa-Android/app/build/intermediates/transforms/jarMerging/debug/jars/1/1f/combined.jar
7f7c1bbfc000-7f7c1bbfd000 ---p 00000000 00:00 0 
7f7c1bbfd000-7f7c1bcfd000 rw-p 00000000 00:00 0 
7f7c1bcfd000-7f7c1bd00000 ---p 00000000 00:00 0 
7f7c1bd00000-7f7c1bdfe000 rw-p 00000000 00:00 0 
7f7c1bdfe000-7f7c1be01000 ---p 00000000 00:00 0 
7f7c1be01000-7f7c1beff000 rw-p 00000000 00:00 0 
7f7c1beff000-7f7c1bf02000 ---p 00000000 00:00 0 
7f7c1bf02000-7f7c1c000000 rw-p 00000000 00:00 0 
7f7c1c000000-7f7c1c021000 rw-p 00000000 00:00 0 
7f7c1c021000-7f7c20000000 ---p 00000000 00:00 0 
7f7c20000000-7f7c21655000 rw-p 00000000 00:00 0 
7f7c21655000-7f7c24000000 ---p 00000000 00:00 0 
7f7c24000000-7f7c24291000 rw-p 00000000 00:00 0 
7f7c24291000-7f7c28000000 ---p 00000000 00:00 0 
7f7c28000000-7f7c28021000 rw-p 00000000 00:00 0 
7f7c28021000-7f7c2c000000 ---p 00000000 00:00 0 
7f7c2c000000-7f7c34000000 rw-p 00000000 00:00 0 
7f7c34000000-7f7c34021000 rw-p 00000000 00:00 0 
7f7c34021000-7f7c38000000 ---p 00000000 00:00 0 
7f7c38000000-7f7c38021000 rw-p 00000000 00:00 0 
7f7c38021000-7f7c3c000000 ---p 00000000 00:00 0 
7f7c3c000000-7f7c3c021000 rw-p 00000000 00:00 0 
7f7c3c021000-7f7c40000000 ---p 00000000 00:00 0 
7f7c40000000-7f7c40021000 rw-p 00000000 00:00 0 
7f7c40021000-7f7c44000000 ---p 00000000 00:00 0 
7f7c440ac000-7f7c440d1000 r--p 00000000 08:05 144167                     /usr/share/locale-langpack/es/LC_MESSAGES/libc.mo
7f7c440d1000-7f7c440d4000 ---p 00000000 00:00 0 
7f7c440d4000-7f7c441d2000 rw-p 00000000 00:00 0 
7f7c441d2000-7f7c441d5000 ---p 00000000 00:00 0 
7f7c441d5000-7f7c442d3000 rw-p 00000000 00:00 0 
7f7c442d3000-7f7c44820000 r--p 00000000 08:05 1051794                    /usr/lib/locale/locale-archive
7f7c44820000-7f7c44823000 ---p 00000000 00:00 0 
7f7c44823000-7f7c44921000 rw-p 00000000 00:00 0 
7f7c44921000-7f7c44924000 ---p 00000000 00:00 0 
7f7c44924000-7f7c44a22000 rw-p 00000000 00:00 0 
7f7c44a22000-7f7c44a23000 ---p 00000000 00:00 0 
7f7c44a23000-7f7c45b04000 rw-p 00000000 00:00 0 
7f7c45b04000-7f7c45cd3000 r--s 03c1b000 08:05 929783                     /opt/android-studio/jre/jre/lib/rt.jar
7f7c45cd3000-7f7c46409000 rw-p 00000000 00:00 0 
7f7c46409000-7f7c46549000 ---p 00000000 00:00 0 
7f7c46549000-7f7c46d49000 rw-p 00000000 00:00 0 
7f7c46d49000-7f7c46d4a000 ---p 00000000 00:00 0 
7f7c46d4a000-7f7c46e4a000 rw-p 00000000 00:00 0 
7f7c46e4a000-7f7c46e4b000 ---p 00000000 00:00 0 
7f7c46e4b000-7f7c46f4b000 rw-p 00000000 00:00 0 
7f7c46f4b000-7f7c46f4c000 ---p 00000000 00:00 0 
7f7c46f4c000-7f7c4712a000 rw-p 00000000 00:00 0 
7f7c4712a000-7f7c475a2000 ---p 00000000 00:00 0 
7f7c475a2000-7f7c47680000 rw-p 00000000 00:00 0 
7f7c47680000-7f7c47af7000 ---p 00000000 00:00 0 
7f7c47af7000-7f7c47d59000 rw-p 00000000 00:00 0 
7f7c47d59000-7f7c47da2000 ---p 00000000 00:00 0 
7f7c47da2000-7f7c47dda000 rw-p 00000000 00:00 0 
7f7c47dda000-7f7c48163000 ---p 00000000 00:00 0 
7f7c48163000-7f7c48f23000 rwxp 00000000 00:00 0 
7f7c48f23000-7f7c57163000 ---p 00000000 00:00 0 
7f7c57163000-7f7c5717d000 r-xp 00000000 08:05 929798                     /opt/android-studio/jre/jre/lib/amd64/libzip.so
7f7c5717d000-7f7c5737d000 ---p 0001a000 08:05 929798                     /opt/android-studio/jre/jre/lib/amd64/libzip.so
7f7c5737d000-7f7c5737e000 r--p 0001a000 08:05 929798                     /opt/android-studio/jre/jre/lib/amd64/libzip.so
7f7c5737e000-7f7c5737f000 rw-p 0001b000 08:05 929798                     /opt/android-studio/jre/jre/lib/amd64/libzip.so
7f7c5737f000-7f7c5738a000 r-xp 00000000 08:05 657657                     /lib/x86_64-linux-gnu/libnss_files-2.23.so
7f7c5738a000-7f7c57589000 ---p 0000b000 08:05 657657                     /lib/x86_64-linux-gnu/libnss_files-2.23.so
7f7c57589000-7f7c5758a000 r--p 0000a000 08:05 657657                     /lib/x86_64-linux-gnu/libnss_files-2.23.so
7f7c5758a000-7f7c5758b000 rw-p 0000b000 08:05 657657                     /lib/x86_64-linux-gnu/libnss_files-2.23.so
7f7c5758b000-7f7c57591000 rw-p 00000000 00:00 0 
7f7c57591000-7f7c5759c000 r-xp 00000000 08:05 657660                     /lib/x86_64-linux-gnu/libnss_nis-2.23.so
7f7c5759c000-7f7c5779b000 ---p 0000b000 08:05 657660                     /lib/x86_64-linux-gnu/libnss_nis-2.23.so
7f7c5779b000-7f7c5779c000 r--p 0000a000 08:05 657660                     /lib/x86_64-linux-gnu/libnss_nis-2.23.so
7f7c5779c000-7f7c5779d000 rw-p 0000b000 08:05 657660                     /lib/x86_64-linux-gnu/libnss_nis-2.23.so
7f7c5779d000-7f7c577b3000 r-xp 00000000 08:05 657653                     /lib/x86_64-linux-gnu/libnsl-2.23.so
7f7c577b3000-7f7c579b2000 ---p 00016000 08:05 657653                     /lib/x86_64-linux-gnu/libnsl-2.23.so
7f7c579b2000-7f7c579b3000 r--p 00015000 08:05 657653                     /lib/x86_64-linux-gnu/libnsl-2.23.so
7f7c579b3000-7f7c579b4000 rw-p 00016000 08:05 657653                     /lib/x86_64-linux-gnu/libnsl-2.23.so
7f7c579b4000-7f7c579b6000 rw-p 00000000 00:00 0 
7f7c579b6000-7f7c579be000 r-xp 00000000 08:05 657666                     /lib/x86_64-linux-gnu/libnss_compat-2.23.so
7f7c579be000-7f7c57bbd000 ---p 00008000 08:05 657666                     /lib/x86_64-linux-gnu/libnss_compat-2.23.so
7f7c57bbd000-7f7c57bbe000 r--p 00007000 08:05 657666                     /lib/x86_64-linux-gnu/libnss_compat-2.23.so
7f7c57bbe000-7f7c57bbf000 rw-p 00008000 08:05 657666                     /lib/x86_64-linux-gnu/libnss_compat-2.23.so
7f7c57bbf000-7f7c57bec000 r-xp 00000000 08:05 929815                     /opt/android-studio/jre/jre/lib/amd64/libjava.so
7f7c57bec000-7f7c57deb000 ---p 0002d000 08:05 929815                     /opt/android-studio/jre/jre/lib/amd64/libjava.so
7f7c57deb000-7f7c57dec000 r--p 0002c000 08:05 929815                     /opt/android-studio/jre/jre/lib/amd64/libjava.so
7f7c57dec000-7f7c57dee000 rw-p 0002d000 08:05 929815                     /opt/android-studio/jre/jre/lib/amd64/libjava.so
7f7c57dee000-7f7c57dfe000 r-xp 00000000 08:05 929788                     /opt/android-studio/jre/jre/lib/amd64/libverify.so
7f7c57dfe000-7f7c57ffd000 ---p 00010000 08:05 929788                     /opt/android-studio/jre/jre/lib/amd64/libverify.so
7f7c57ffd000-7f7c57fff000 r--p 0000f000 08:05 929788                     /opt/android-studio/jre/jre/lib/amd64/libverify.so
7f7c57fff000-7f7c58000000 rw-p 00011000 08:05 929788                     /opt/android-studio/jre/jre/lib/amd64/libverify.so
7f7c58000000-7f7c58405000 rw-p 00000000 00:00 0 
7f7c58405000-7f7c5c000000 ---p 00000000 00:00 0 
7f7c5c011000-7f7c5c032000 rw-p 00000000 00:00 0 
7f7c5c032000-7f7c5c033000 ---p 00000000 00:00 0 
7f7c5c033000-7f7c5c133000 rw-p 00000000 00:00 0 
7f7c5c133000-7f7c5c13a000 r-xp 00000000 08:05 657662                     /lib/x86_64-linux-gnu/librt-2.23.so
7f7c5c13a000-7f7c5c339000 ---p 00007000 08:05 657662                     /lib/x86_64-linux-gnu/librt-2.23.so
7f7c5c339000-7f7c5c33a000 r--p 00006000 08:05 657662                     /lib/x86_64-linux-gnu/librt-2.23.so
7f7c5c33a000-7f7c5c33b000 rw-p 00007000 08:05 657662                     /lib/x86_64-linux-gnu/librt-2.23.so
7f7c5c33b000-7f7c5c443000 r-xp 00000000 08:05 657671                     /lib/x86_64-linux-gnu/libm-2.23.so
7f7c5c443000-7f7c5c642000 ---p 00108000 08:05 657671                     /lib/x86_64-linux-gnu/libm-2.23.so
7f7c5c642000-7f7c5c643000 r--p 00107000 08:05 657671                     /lib/x86_64-linux-gnu/libm-2.23.so
7f7c5c643000-7f7c5c644000 rw-p 00108000 08:05 657671                     /lib/x86_64-linux-gnu/libm-2.23.so
7f7c5c644000-7f7c5d235000 r-xp 00000000 08:05 929796                     /opt/android-studio/jre/jre/lib/amd64/server/libjvm.so
7f7c5d235000-7f7c5d435000 ---p 00bf1000 08:05 929796                     /opt/android-studio/jre/jre/lib/amd64/server/libjvm.so
7f7c5d435000-7f7c5d4d4000 r--p 00bf1000 08:05 929796                     /opt/android-studio/jre/jre/lib/amd64/server/libjvm.so
7f7c5d4d4000-7f7c5d4fd000 rw-p 00c90000 08:05 929796                     /opt/android-studio/jre/jre/lib/amd64/server/libjvm.so
7f7c5d4fd000-7f7c5d541000 rw-p 00000000 00:00 0 
7f7c5d541000-7f7c5d559000 r-xp 00000000 08:05 657659                     /lib/x86_64-linux-gnu/libpthread-2.23.so
7f7c5d559000-7f7c5d758000 ---p 00018000 08:05 657659                     /lib/x86_64-linux-gnu/libpthread-2.23.so
7f7c5d758000-7f7c5d759000 r--p 00017000 08:05 657659                     /lib/x86_64-linux-gnu/libpthread-2.23.so
7f7c5d759000-7f7c5d75a000 rw-p 00018000 08:05 657659                     /lib/x86_64-linux-gnu/libpthread-2.23.so
7f7c5d75a000-7f7c5d75e000 rw-p 00000000 00:00 0 
7f7c5d75e000-7f7c5d761000 r-xp 00000000 08:05 657665                     /lib/x86_64-linux-gnu/libdl-2.23.so
7f7c5d761000-7f7c5d960000 ---p 00003000 08:05 657665                     /lib/x86_64-linux-gnu/libdl-2.23.so
7f7c5d960000-7f7c5d961000 r--p 00002000 08:05 657665                     /lib/x86_64-linux-gnu/libdl-2.23.so
7f7c5d961000-7f7c5d962000 rw-p 00003000 08:05 657665                     /lib/x86_64-linux-gnu/libdl-2.23.so
7f7c5d962000-7f7c5db22000 r-xp 00000000 08:05 657676                     /lib/x86_64-linux-gnu/libc-2.23.so
7f7c5db22000-7f7c5dd22000 ---p 001c0000 08:05 657676                     /lib/x86_64-linux-gnu/libc-2.23.so
7f7c5dd22000-7f7c5dd26000 r--p 001c0000 08:05 657676                     /lib/x86_64-linux-gnu/libc-2.23.so
7f7c5dd26000-7f7c5dd28000 rw-p 001c4000 08:05 657676                     /lib/x86_64-linux-gnu/libc-2.23.so
7f7c5dd28000-7f7c5dd2c000 rw-p 00000000 00:00 0 
7f7c5dd2c000-7f7c5dd42000 r-xp 00000000 08:05 929747                     /opt/android-studio/jre/lib/amd64/jli/libjli.so
7f7c5dd42000-7f7c5df41000 ---p 00016000 08:05 929747                     /opt/android-studio/jre/lib/amd64/jli/libjli.so
7f7c5df41000-7f7c5df42000 r--p 00015000 08:05 929747                     /opt/android-studio/jre/lib/amd64/jli/libjli.so
7f7c5df42000-7f7c5df43000 rw-p 00016000 08:05 929747                     /opt/android-studio/jre/lib/amd64/jli/libjli.so
7f7c5df43000-7f7c5df69000 r-xp 00000000 08:05 657654                     /lib/x86_64-linux-gnu/ld-2.23.so
7f7c5df6b000-7f7c5df72000 r--s 00000000 08:05 8623                       /usr/lib/x86_64-linux-gnu/gconv/gconv-modules.cache
7f7c5df72000-7f7c5e045000 rw-p 00000000 00:00 0 
7f7c5e045000-7f7c5e048000 ---p 00000000 00:00 0 
7f7c5e048000-7f7c5e14a000 rw-p 00000000 00:00 0 
7f7c5e14e000-7f7c5e15c000 r--s 000e0000 08:05 806433                     /root/Android/Sdk/build-tools/25.0.3/lib/dx.jar
7f7c5e15c000-7f7c5e164000 rw-s 00000000 08:05 806423                     /tmp/hsperfdata_lester/5962
7f7c5e164000-7f7c5e165000 rw-p 00000000 00:00 0 
7f7c5e165000-7f7c5e166000 ---p 00000000 00:00 0 
7f7c5e166000-7f7c5e168000 rw-p 00000000 00:00 0 
7f7c5e168000-7f7c5e169000 r--p 00025000 08:05 657654                     /lib/x86_64-linux-gnu/ld-2.23.so
7f7c5e169000-7f7c5e16a000 rw-p 00026000 08:05 657654                     /lib/x86_64-linux-gnu/ld-2.23.so
7f7c5e16a000-7f7c5e16b000 rw-p 00000000 00:00 0 
7ffdb18bd000-7ffdb18de000 rw-p 00000000 00:00 0                          [stack]
7ffdb1971000-7ffdb1973000 r--p 00000000 00:00 0                          [vvar]
7ffdb1973000-7ffdb1975000 r-xp 00000000 00:00 0                          [vdso]
ffffffffff600000-ffffffffff601000 r-xp 00000000 00:00 0                  [vsyscall]

VM Arguments:
jvm_args: -Djava.awt.headless=true -Xmx4g -Dfile.encoding=UTF-8 -Duser.country=GT -Duser.language=es -Duser.variant 
java_command: com.android.dx.command.Main --dex --num-threads=4 --multi-dex --main-dex-list /home/lester/CONVERSA/Conversa-Android/app/build/intermediates/multi-dex/debug/maindexlist.txt --output /home/lester/CONVERSA/Conversa-Android/app/build/intermediates/transforms/dex/debug/folders/1000/1f/main /home/lester/CONVERSA/Conversa-Android/app/build/intermediates/transforms/jarMerging/debug/jars/1/1f/combined.jar
java_class_path (initial): /root/Android/Sdk/build-tools/25.0.3/lib/dx.jar
Launcher Type: SUN_STANDARD

Environment Variables:
PATH=/home/lester/bin:/home/lester/.local/bin:/usr/local/sbin:/usr/local/bin:/usr/sbin:/usr/bin:/sbin:/bin:/usr/games:/usr/local/games:/snap/bin
SHELL=/bin/bash
DISPLAY=:0

Signal Handlers:
SIGSEGV: [libjvm.so+0x9e5150], sa_mask[0]=11111111011111111101111111111110, sa_flags=SA_RESTART|SA_SIGINFO
SIGBUS: [libjvm.so+0x9e5150], sa_mask[0]=11111111011111111101111111111110, sa_flags=SA_RESTART|SA_SIGINFO
SIGFPE: [libjvm.so+0x848450], sa_mask[0]=11111111011111111101111111111110, sa_flags=SA_RESTART|SA_SIGINFO
SIGPIPE: [libjvm.so+0x848450], sa_mask[0]=11111111011111111101111111111110, sa_flags=SA_RESTART|SA_SIGINFO
SIGXFSZ: [libjvm.so+0x848450], sa_mask[0]=11111111011111111101111111111110, sa_flags=SA_RESTART|SA_SIGINFO
SIGILL: [libjvm.so+0x848450], sa_mask[0]=11111111011111111101111111111110, sa_flags=SA_RESTART|SA_SIGINFO
SIGUSR1: SIG_DFL, sa_mask[0]=00000000000000000000000000000000, sa_flags=none
SIGUSR2: [libjvm.so+0x848320], sa_mask[0]=00100000000000000000000000000000, sa_flags=SA_RESTART|SA_SIGINFO
SIGHUP: [libjvm.so+0x848510], sa_mask[0]=11111111011111111101111111111110, sa_flags=SA_RESTART|SA_SIGINFO
SIGINT: [libjvm.so+0x848510], sa_mask[0]=11111111011111111101111111111110, sa_flags=SA_RESTART|SA_SIGINFO
SIGTERM: [libjvm.so+0x848510], sa_mask[0]=11111111011111111101111111111110, sa_flags=SA_RESTART|SA_SIGINFO
SIGQUIT: [libjvm.so+0x848510], sa_mask[0]=11111111011111111101111111111110, sa_flags=SA_RESTART|SA_SIGINFO


---------------  S Y S T E M  ---------------

OS:DISTRIB_ID=Ubuntu
DISTRIB_RELEASE=16.04
DISTRIB_CODENAME=xenial
DISTRIB_DESCRIPTION="Ubuntu 16.04.3 LTS"

uname:Linux 4.4.0-97-generic #120-Ubuntu SMP Tue Sep 19 17:28:18 UTC 2017 x86_64
libc:glibc 2.23 NPTL 2.23 
rlimit: STACK 8192k, CORE 0k, NPROC 31122, NOFILE 1048576, AS infinity
load average:2.93 1.41 1.20

/proc/meminfo:
MemTotal:        8075500 kB
MemFree:          133164 kB
MemAvailable:     117424 kB
Buffers:            2460 kB
Cached:           927280 kB
SwapCached:            0 kB
Active:          6136936 kB
Inactive:         774872 kB
Active(anon):    6051380 kB
Inactive(anon):   694228 kB
Active(file):      85556 kB
Inactive(file):    80644 kB
Unevictable:          32 kB
Mlocked:              32 kB
SwapTotal:             0 kB
SwapFree:              0 kB
Dirty:             15476 kB
Writeback:             0 kB
AnonPages:       5982632 kB
Mapped:          1226756 kB
Shmem:            763056 kB
Slab:             127996 kB
SReclaimable:      80340 kB
SUnreclaim:        47656 kB
KernelStack:       13136 kB
PageTables:        52480 kB
NFS_Unstable:          0 kB
Bounce:                0 kB
WritebackTmp:          0 kB
CommitLimit:     4037748 kB
Committed_AS:   12583936 kB
VmallocTotal:   34359738367 kB
VmallocUsed:           0 kB
VmallocChunk:          0 kB
HardwareCorrupted:     0 kB
AnonHugePages:   1894400 kB
CmaTotal:              0 kB
CmaFree:               0 kB
HugePages_Total:       0
HugePages_Free:        0
HugePages_Rsvd:        0
HugePages_Surp:        0
Hugepagesize:       2048 kB
DirectMap4k:      195372 kB
DirectMap2M:     5996544 kB
DirectMap1G:     3145728 kB


CPU:total 4 (2 cores per cpu, 2 threads per core) family 6 model 61 stepping 4, cmov, cx8, fxsr, mmx, sse, sse2, sse3, ssse3, sse4.1, sse4.2, popcnt, avx, avx2, aes, clmul, erms, 3dnowpref, lzcnt, ht, tsc, tscinvbit, bmi1, bmi2, adx

/proc/cpuinfo:
processor	: 0
vendor_id	: GenuineIntel
cpu family	: 6
model		: 61
model name	: Intel(R) Core(TM) i7-5500U CPU @ 2.40GHz
stepping	: 4
microcode	: 0x18
cpu MHz		: 2369.156
cache size	: 4096 KB
physical id	: 0
siblings	: 4
core id		: 0
cpu cores	: 2
apicid		: 0
initial apicid	: 0
fpu		: yes
fpu_exception	: yes
cpuid level	: 20
wp		: yes
flags		: fpu vme de pse tsc msr pae mce cx8 apic sep mtrr pge mca cmov pat pse36 clflush dts acpi mmx fxsr sse sse2 ss ht tm pbe syscall nx pdpe1gb rdtscp lm constant_tsc arch_perfmon pebs bts rep_good nopl xtopology nonstop_tsc aperfmperf eagerfpu pni pclmulqdq dtes64 monitor ds_cpl vmx est tm2 ssse3 sdbg fma cx16 xtpr pdcm pcid sse4_1 sse4_2 x2apic movbe popcnt tsc_deadline_timer aes xsave avx f16c rdrand lahf_lm abm 3dnowprefetch epb intel_pt tpr_shadow vnmi flexpriority ept vpid fsgsbase tsc_adjust bmi1 avx2 smep bmi2 erms invpcid rdseed adx smap xsaveopt dtherm ida arat pln pts
bugs		:
bogomips	: 4788.80
clflush size	: 64
cache_alignment	: 64
address sizes	: 39 bits physical, 48 bits virtual
power management:

processor	: 1
vendor_id	: GenuineIntel
cpu family	: 6
model		: 61
model name	: Intel(R) Core(TM) i7-5500U CPU @ 2.40GHz
stepping	: 4
microcode	: 0x18
cpu MHz		: 2334.656
cache size	: 4096 KB
physical id	: 0
siblings	: 4
core id		: 1
cpu cores	: 2
apicid		: 2
initial apicid	: 2
fpu		: yes
fpu_exception	: yes
cpuid level	: 20
wp		: yes
flags		: fpu vme de pse tsc msr pae mce cx8 apic sep mtrr pge mca cmov pat pse36 clflush dts acpi mmx fxsr sse sse2 ss ht tm pbe syscall nx pdpe1gb rdtscp lm constant_tsc arch_perfmon pebs bts rep_good nopl xtopology nonstop_tsc aperfmperf eagerfpu pni pclmulqdq dtes64 monitor ds_cpl vmx est tm2 ssse3 sdbg fma cx16 xtpr pdcm pcid sse4_1 sse4_2 x2apic movbe popcnt tsc_deadline_timer aes xsave avx f16c rdrand lahf_lm abm 3dnowprefetch epb intel_pt tpr_shadow vnmi flexpriority ept vpid fsgsbase tsc_adjust bmi1 avx2 smep bmi2 erms invpcid rdseed adx smap xsaveopt dtherm ida arat pln pts
bugs		:
bogomips	: 4788.80
clflush size	: 64
cache_alignment	: 64
address sizes	: 39 bits physical, 48 bits virtual
power management:

processor	: 2
vendor_id	: GenuineIntel
cpu family	: 6
model		: 61
model name	: Intel(R) Core(TM) i7-5500U CPU @ 2.40GHz
stepping	: 4
microcode	: 0x18
cpu MHz		: 2442.375
cache size	: 4096 KB
physical id	: 0
siblings	: 4
core id		: 0
cpu cores	: 2
apicid		: 1
initial apicid	: 1
fpu		: yes
fpu_exception	: yes
cpuid level	: 20
wp		: yes
flags		: fpu vme de pse tsc msr pae mce cx8 apic sep mtrr pge mca cmov pat pse36 clflush dts acpi mmx fxsr sse sse2 ss ht tm pbe syscall nx pdpe1gb rdtscp lm constant_tsc arch_perfmon pebs bts rep_good nopl xtopology nonstop_tsc aperfmperf eagerfpu pni pclmulqdq dtes64 monitor ds_cpl vmx est tm2 ssse3 sdbg fma cx16 xtpr pdcm pcid sse4_1 sse4_2 x2apic movbe popcnt tsc_deadline_timer aes xsave avx f16c rdrand lahf_lm abm 3dnowprefetch epb intel_pt tpr_shadow vnmi flexpriority ept vpid fsgsbase tsc_adjust bmi1 avx2 smep bmi2 erms invpcid rdseed adx smap xsaveopt dtherm ida arat pln pts
bugs		:
bogomips	: 4788.80
clflush size	: 64
cache_alignment	: 64
address sizes	: 39 bits physical, 48 bits virtual
power management:

processor	: 3
vendor_id	: GenuineIntel
cpu family	: 6
model		: 61
model name	: Intel(R) Core(TM) i7-5500U CPU @ 2.40GHz
stepping	: 4
microcode	: 0x18
cpu MHz		: 2366.343
cache size	: 4096 KB
physical id	: 0
siblings	: 4
core id		: 1
cpu cores	: 2
apicid		: 3
initial apicid	: 3
fpu		: yes
fpu_exception	: yes
cpuid level	: 20
wp		: yes
flags		: fpu vme de pse tsc msr pae mce cx8 apic sep mtrr pge mca cmov pat pse36 clflush dts acpi mmx fxsr sse sse2 ss ht tm pbe syscall nx pdpe1gb rdtscp lm constant_tsc arch_perfmon pebs bts rep_good nopl xtopology nonstop_tsc aperfmperf eagerfpu pni pclmulqdq dtes64 monitor ds_cpl vmx est tm2 ssse3 sdbg fma cx16 xtpr pdcm pcid sse4_1 sse4_2 x2apic movbe popcnt tsc_deadline_timer aes xsave avx f16c rdrand lahf_lm abm 3dnowprefetch epb intel_pt tpr_shadow vnmi flexpriority ept vpid fsgsbase tsc_adjust bmi1 avx2 smep bmi2 erms invpcid rdseed adx smap xsaveopt dtherm ida arat pln pts
bugs		:
bogomips	: 4788.80
clflush size	: 64
cache_alignment	: 64
address sizes	: 39 bits physical, 48 bits virtual
power management:



Memory: 4k page, physical 8075500k(133164k free), swap 0k(0k free)

vm_info: OpenJDK 64-Bit Server VM (25.112-b06) for linux-amd64 JRE (1.8.0_112-release-b06), built on Dec  6 2016 12:11:18 by "builder" with gcc 4.8.4

time: Fri Nov  3 22:15:01 2017
elapsed time: 20 seconds (0d 0h 0m 20s)

