#
# There is insufficient memory for the Java Runtime Environment to continue.
# Native memory allocation (mmap) failed to map 346554368 bytes for committing reserved memory.
# Possible reasons:
#   The system is out of physical RAM or swap space
#   In 32 bit mode, the process size limit was hit
# Possible solutions:
#   Reduce memory load on the system
#   Increase physical memory or swap space
#   Check if swap backing store is full
#   Use 64 bit Java on a 64 bit OS
#   Decrease Java heap size (-Xmx/-Xms)
#   Decrease number of Java threads
#   Decrease Java thread stack sizes (-Xss)
#   Set larger code cache with -XX:ReservedCodeCacheSize=
# This output file may be truncated or incomplete.
#
#  Out of Memory Error (os_linux.cpp:2627), pid=32548, tid=0x00007f30039f9700
#
# JRE version: OpenJDK Runtime Environment (8.0_112-b06) (build 1.8.0_112-release-b06)
# Java VM: OpenJDK 64-Bit Server VM (25.112-b06 mixed mode linux-amd64 compressed oops)
# Failed to write core dump. Core dumps have been disabled. To enable core dumping, try "ulimit -c unlimited" before starting Java again
#

---------------  T H R E A D  ---------------

Current thread (0x00007f302c077800):  VMThread [stack: 0x00007f30038f9000,0x00007f30039fa000] [id=32558]

Stack: [0x00007f30038f9000,0x00007f30039fa000],  sp=0x00007f30039f84d0,  free space=1021k
Native frames: (J=compiled Java code, j=interpreted, Vv=VM code, C=native code)
V  [libjvm.so+0x9e465d]  VMError::report_and_die()+0x15d
V  [libjvm.so+0x4b6ada]  report_vm_out_of_memory(char const*, int, unsigned long, VMErrorType, char const*)+0x8a
V  [libjvm.so+0x84c860]  os::pd_commit_memory(char*, unsigned long, unsigned long, bool)+0xf0
V  [libjvm.so+0x84737f]  os::commit_memory(char*, unsigned long, unsigned long, bool)+0x1f
V  [libjvm.so+0x8bd3db]  PSVirtualSpace::expand_by(unsigned long)+0x5b
V  [libjvm.so+0x8ae1bb]  PSOldGen::expand_by(unsigned long) [clone .part.109]+0x1b
V  [libjvm.so+0x8ae37b]  PSOldGen::expand(unsigned long) [clone .part.111]+0xdb
V  [libjvm.so+0x8aec58]  PSOldGen::resize(unsigned long)+0x188
V  [libjvm.so+0x8b426c]  PSParallelCompact::invoke_no_policy(bool)+0x97c
V  [libjvm.so+0x8bb37d]  PSScavenge::invoke()+0x17d
V  [libjvm.so+0x86fcf3]  ParallelScavengeHeap::failed_mem_allocate(unsigned long)+0x63
V  [libjvm.so+0x9e6124]  VM_ParallelGCFailedAllocation::doit()+0x84
V  [libjvm.so+0x9ea537]  VM_Operation::evaluate()+0x47
V  [libjvm.so+0x9e8ff8]  VMThread::evaluate_operation(VM_Operation*)+0x2c8
V  [libjvm.so+0x9e9479]  VMThread::loop()+0x219
V  [libjvm.so+0x9e98c2]  VMThread::run()+0x72
V  [libjvm.so+0x849c82]  java_start(Thread*)+0xf2

VM_Operation (0x00007f3002ab7200): ParallelGCFailedAllocation, mode: safepoint, requested by thread 0x00007f302c1b3000


---------------  P R O C E S S  ---------------

Java Threads: ( => current thread )
  0x00007f302c1f8800 JavaThread "pool-1-thread-1" [_thread_blocked, id=32572, stack(0x00007f30024b3000,0x00007f30025b4000)]
  0x00007f302c1bb000 JavaThread "pool-2-thread-4" [_thread_blocked, id=32571, stack(0x00007f30025b4000,0x00007f30026b5000)]
  0x00007f302c1b9800 JavaThread "pool-2-thread-3" [_thread_blocked, id=32570, stack(0x00007f30026b5000,0x00007f30027b6000)]
  0x00007f302c1b6000 JavaThread "pool-2-thread-2" [_thread_blocked, id=32569, stack(0x00007f30027b6000,0x00007f30028b7000)]
  0x00007f302c1b4000 JavaThread "pool-3-thread-1" [_thread_blocked, id=32568, stack(0x00007f30028b7000,0x00007f30029b8000)]
  0x00007f302c1b3000 JavaThread "pool-2-thread-1" [_thread_blocked, id=32567, stack(0x00007f30029b8000,0x00007f3002ab9000)]
  0x00007f302c0d1800 JavaThread "Service Thread" daemon [_thread_blocked, id=32565, stack(0x00007f3002ca5000,0x00007f3002da6000)]
  0x00007f302c0bc800 JavaThread "C1 CompilerThread2" daemon [_thread_blocked, id=32564, stack(0x00007f3002da6000,0x00007f3002ea7000)]
  0x00007f302c0ba800 JavaThread "C2 CompilerThread1" daemon [_thread_blocked, id=32563, stack(0x00007f3002ea7000,0x00007f3002fa8000)]
  0x00007f302c0b7800 JavaThread "C2 CompilerThread0" daemon [_thread_blocked, id=32562, stack(0x00007f3002fa8000,0x00007f30030a9000)]
  0x00007f302c0b6800 JavaThread "Signal Dispatcher" daemon [_thread_blocked, id=32561, stack(0x00007f30030a9000,0x00007f30031aa000)]
  0x00007f302c083800 JavaThread "Finalizer" daemon [_thread_blocked, id=32560, stack(0x00007f30036f7000,0x00007f30037f8000)]
  0x00007f302c07f000 JavaThread "Reference Handler" daemon [_thread_blocked, id=32559, stack(0x00007f30037f8000,0x00007f30038f9000)]
  0x00007f302c00a000 JavaThread "main" [_thread_blocked, id=32553, stack(0x00007f3034fd7000,0x00007f30350d8000)]

Other Threads:
=>0x00007f302c077800 VMThread [stack: 0x00007f30038f9000,0x00007f30039fa000] [id=32558]
  0x00007f302c0d4000 WatcherThread [stack: 0x00007f3002ba4000,0x00007f3002ca5000] [id=32566]

VM state:at safepoint (normal execution)

VM Mutex/Monitor currently owned by a thread:  ([mutex/lock_event])
[0x00007f302c005ef0] ExpandHeap_lock - owner thread: 0x00007f302c077800
[0x00007f302c006570] Threads_lock - owner thread: 0x00007f302c077800
[0x00007f302c006a70] Heap_lock - owner thread: 0x00007f302c1b3000

Heap:
 PSYoungGen      total 836608K, used 5468K [0x000000076ab00000, 0x00000007aee00000, 0x00000007c0000000)
  eden space 647168K, 0% used [0x000000076ab00000,0x000000076ab00000,0x0000000792300000)
  from space 189440K, 2% used [0x0000000792300000,0x00000007928571a8,0x000000079dc00000)
  to   space 189440K, 0% used [0x00000007a3500000,0x00000007a3500000,0x00000007aee00000)
 ParOldGen       total 738304K, used 738147K [0x00000006c0000000, 0x00000006ed100000, 0x000000076ab00000)
  object space 738304K, 99% used [0x00000006c0000000,0x00000006ed0d8ef0,0x00000006ed100000)
 Metaspace       used 6406K, capacity 7280K, committed 7552K, reserved 1056768K
  class space    used 584K, capacity 616K, committed 640K, reserved 1048576K

Card table byte_map: [0x00007f3031667000,0x00007f3031e68000] byte_map_base: 0x00007f302e067000

Marking Bits: (ParMarkBitMap*) 0x00007f30344a4340
 Begin Bits: [0x00007f3004000000, 0x00007f3008000000)
 End Bits:   [0x00007f3008000000, 0x00007f300c000000)

Polling page: 0x00007f30350f7000

CodeCache: size=245760Kb used=15705Kb max_used=16203Kb free=230054Kb
 bounds [0x00007f301d000000, 0x00007f301dff0000, 0x00007f302c000000]
 total_blobs=2954 nmethods=2692 adapters=176
 compilation: enabled

Compilation events (10 events):
Event: 23.447 Thread 0x00007f302c0bc800 3038       3       java.util.ArrayList::add (54 bytes)
Event: 23.448 Thread 0x00007f302c0bc800 nmethod 3038 0x00007f301dfc0dd0 code [0x00007f301dfc0fc0, 0x00007f301dfc1798]
Event: 23.452 Thread 0x00007f302c0bc800 3040       3       com.android.dx.cf.code.Merger::isPossiblyAssignableFrom (202 bytes)
Event: 23.454 Thread 0x00007f302c0bc800 nmethod 3040 0x00007f301dfdd7d0 code [0x00007f301dfddb20, 0x00007f301dfdfaa8]
Event: 23.454 Thread 0x00007f302c0bc800 3041       3       com.android.dx.dex.file.AnnotationItem::<init> (41 bytes)
Event: 23.455 Thread 0x00007f302c0bc800 nmethod 3041 0x00007f301d15a450 code [0x00007f301d15a600, 0x00007f301d15ac18]
Event: 23.456 Thread 0x00007f302c0bc800 3042       3       java.util.ArrayList::<init> (61 bytes)
Event: 23.457 Thread 0x00007f302c0bc800 nmethod 3042 0x00007f301d1ee890 code [0x00007f301d1eeaa0, 0x00007f301d1ef518]
Event: 23.469 Thread 0x00007f302c0bc800 3046 %     3       com.android.dx.cf.code.BytecodeArray::parseNewarray @ 245 (594 bytes)
Event: 23.472 Thread 0x00007f302c0bc800 nmethod 3046% 0x00007f301d27c450 code [0x00007f301d27c820, 0x00007f301d27f228]

GC Heap History (10 events):
Event: 15.221 GC heap after
Heap after GC invocations=19 (full 3):
 PSYoungGen      total 716800K, used 133119K [0x000000076ab00000, 0x00000007a3f00000, 0x00000007c0000000)
  eden space 583680K, 0% used [0x000000076ab00000,0x000000076ab00000,0x000000078e500000)
  from space 133120K, 99% used [0x0000000798280000,0x00000007a047fd48,0x00000007a0480000)
  to   space 161280K, 0% used [0x000000078e500000,0x000000078e500000,0x0000000798280000)
 ParOldGen       total 429056K, used 348672K [0x00000006c0000000, 0x00000006da300000, 0x000000076ab00000)
  object space 429056K, 81% used [0x00000006c0000000,0x00000006d54801a8,0x00000006da300000)
 Metaspace       used 6390K, capacity 7280K, committed 7552K, reserved 1056768K
  class space    used 582K, capacity 616K, committed 640K, reserved 1048576K
}
Event: 16.405 GC heap before
{Heap before GC invocations=20 (full 3):
 PSYoungGen      total 716800K, used 716799K [0x000000076ab00000, 0x00000007a3f00000, 0x00000007c0000000)
  eden space 583680K, 100% used [0x000000076ab00000,0x000000078e500000,0x000000078e500000)
  from space 133120K, 99% used [0x0000000798280000,0x00000007a047fd48,0x00000007a0480000)
  to   space 161280K, 0% used [0x000000078e500000,0x000000078e500000,0x0000000798280000)
 ParOldGen       total 429056K, used 348672K [0x00000006c0000000, 0x00000006da300000, 0x000000076ab00000)
  object space 429056K, 81% used [0x00000006c0000000,0x00000006d54801a8,0x00000006da300000)
 Metaspace       used 6391K, capacity 7280K, committed 7552K, reserved 1056768K
  class space    used 582K, capacity 616K, committed 640K, reserved 1048576K
Event: 16.797 GC heap after
Heap after GC invocations=20 (full 3):
 PSYoungGen      total 744960K, used 87061K [0x000000076ab00000, 0x00000007a7980000, 0x00000007c0000000)
  eden space 583680K, 0% used [0x000000076ab00000,0x000000076ab00000,0x000000078e500000)
  from space 161280K, 53% used [0x000000078e500000,0x0000000793a05768,0x0000000798280000)
  to   space 161280K, 0% used [0x000000079dc00000,0x000000079dc00000,0x00000007a7980000)
 ParOldGen       total 483840K, used 482371K [0x00000006c0000000, 0x00000006dd880000, 0x000000076ab00000)
  object space 483840K, 99% used [0x00000006c0000000,0x00000006dd710c60,0x00000006dd880000)
 Metaspace       used 6391K, capacity 7280K, committed 7552K, reserved 1056768K
  class space    used 582K, capacity 616K, committed 640K, reserved 1048576K
}
Event: 16.797 GC heap before
{Heap before GC invocations=21 (full 4):
 PSYoungGen      total 744960K, used 87061K [0x000000076ab00000, 0x00000007a7980000, 0x00000007c0000000)
  eden space 583680K, 0% used [0x000000076ab00000,0x000000076ab00000,0x000000078e500000)
  from space 161280K, 53% used [0x000000078e500000,0x0000000793a05768,0x0000000798280000)
  to   space 161280K, 0% used [0x000000079dc00000,0x000000079dc00000,0x00000007a7980000)
 ParOldGen       total 483840K, used 482371K [0x00000006c0000000, 0x00000006dd880000, 0x000000076ab00000)
  object space 483840K, 99% used [0x00000006c0000000,0x00000006dd710c60,0x00000006dd880000)
 Metaspace       used 6391K, capacity 7280K, committed 7552K, reserved 1056768K
  class space    used 582K, capacity 616K, committed 640K, reserved 1048576K
Event: 20.141 GC heap after
Heap after GC invocations=21 (full 4):
 PSYoungGen      total 744960K, used 77281K [0x000000076ab00000, 0x00000007a7980000, 0x00000007c0000000)
  eden space 583680K, 0% used [0x000000076ab00000,0x000000076ab00000,0x000000078e500000)
  from space 161280K, 47% used [0x000000078e500000,0x0000000793078728,0x0000000798280000)
  to   space 161280K, 0% used [0x000000079dc00000,0x000000079dc00000,0x00000007a7980000)
 ParOldGen       total 738304K, used 483459K [0x00000006c0000000, 0x00000006ed100000, 0x000000076ab00000)
  object space 738304K, 65% used [0x00000006c0000000,0x00000006dd820ef8,0x00000006ed100000)
 Metaspace       used 6391K, capacity 7280K, committed 7552K, reserved 1056768K
  class space    used 582K, capacity 616K, committed 640K, reserved 1048576K
}
Event: 21.343 GC heap before
{Heap before GC invocations=22 (full 4):
 PSYoungGen      total 744960K, used 660961K [0x000000076ab00000, 0x00000007a7980000, 0x00000007c0000000)
  eden space 583680K, 100% used [0x000000076ab00000,0x000000078e500000,0x000000078e500000)
  from space 161280K, 47% used [0x000000078e500000,0x0000000793078728,0x0000000798280000)
  to   space 161280K, 0% used [0x000000079dc00000,0x000000079dc00000,0x00000007a7980000)
 ParOldGen       total 738304K, used 483459K [0x00000006c0000000, 0x00000006ed100000, 0x000000076ab00000)
  object space 738304K, 65% used [0x00000006c0000000,0x00000006dd820ef8,0x00000006ed100000)
 Metaspace       used 6403K, capacity 7280K, committed 7552K, reserved 1056768K
  class space    used 583K, capacity 616K, committed 640K, reserved 1048576K
Event: 22.016 GC heap after
Heap after GC invocations=22 (full 4):
 PSYoungGen      total 808448K, used 161264K [0x000000076ab00000, 0x00000007aa500000, 0x00000007c0000000)
  eden space 647168K, 0% used [0x000000076ab00000,0x000000076ab00000,0x0000000792300000)
  from space 161280K, 99% used [0x000000079dc00000,0x00000007a797c280,0x00000007a7980000)
  to   space 189440K, 0% used [0x0000000792300000,0x0000000792300000,0x000000079dc00000)
 ParOldGen       total 738304K, used 485963K [0x00000006c0000000, 0x00000006ed100000, 0x000000076ab00000)
  object space 738304K, 65% used [0x00000006c0000000,0x00000006dda92fe0,0x00000006ed100000)
 Metaspace       used 6403K, capacity 7280K, committed 7552K, reserved 1056768K
  class space    used 583K, capacity 616K, committed 640K, reserved 1048576K
}
Event: 23.474 GC heap before
{Heap before GC invocations=23 (full 4):
 PSYoungGen      total 808448K, used 808432K [0x000000076ab00000, 0x00000007aa500000, 0x00000007c0000000)
  eden space 647168K, 100% used [0x000000076ab00000,0x0000000792300000,0x0000000792300000)
  from space 161280K, 99% used [0x000000079dc00000,0x00000007a797c280,0x00000007a7980000)
  to   space 189440K, 0% used [0x0000000792300000,0x0000000792300000,0x000000079dc00000)
 ParOldGen       total 738304K, used 485963K [0x00000006c0000000, 0x00000006ed100000, 0x000000076ab00000)
  object space 738304K, 65% used [0x00000006c0000000,0x00000006dda92fe0,0x00000006ed100000)
 Metaspace       used 6406K, capacity 7280K, committed 7552K, reserved 1056768K
  class space    used 584K, capacity 616K, committed 640K, reserved 1048576K
Event: 23.784 GC heap after
Heap after GC invocations=23 (full 4):
 PSYoungGen      total 836608K, used 104602K [0x000000076ab00000, 0x00000007aee00000, 0x00000007c0000000)
  eden space 647168K, 0% used [0x000000076ab00000,0x000000076ab00000,0x0000000792300000)
  from space 189440K, 55% used [0x0000000792300000,0x0000000798926930,0x000000079dc00000)
  to   space 189440K, 0% used [0x00000007a3500000,0x00000007a3500000,0x00000007aee00000)
 ParOldGen       total 738304K, used 646596K [0x00000006c0000000, 0x00000006ed100000, 0x000000076ab00000)
  object space 738304K, 87% used [0x00000006c0000000,0x00000006e7771328,0x00000006ed100000)
 Metaspace       used 6406K, capacity 7280K, committed 7552K, reserved 1056768K
  class space    used 584K, capacity 616K, committed 640K, reserved 1048576K
}
Event: 23.784 GC heap before
{Heap before GC invocations=24 (full 5):
 PSYoungGen      total 836608K, used 104602K [0x000000076ab00000, 0x00000007aee00000, 0x00000007c0000000)
  eden space 647168K, 0% used [0x000000076ab00000,0x000000076ab00000,0x0000000792300000)
  from space 189440K, 55% used [0x0000000792300000,0x0000000798926930,0x000000079dc00000)
  to   space 189440K, 0% used [0x00000007a3500000,0x00000007a3500000,0x00000007aee00000)
 ParOldGen       total 738304K, used 646596K [0x00000006c0000000, 0x00000006ed100000, 0x000000076ab00000)
  object space 738304K, 87% used [0x00000006c0000000,0x00000006e7771328,0x00000006ed100000)
 Metaspace       used 6406K, capacity 7280K, committed 7552K, reserved 1056768K
  class space    used 584K, capacity 616K, committed 640K, reserved 1048576K

Deoptimization events (10 events):
Event: 21.208 Thread 0x00007f302c1b9800 Uncommon trap: reason=class_check action=maybe_recompile pc=0x00007f301dc40c1c method=com.android.dx.ssa.back.InterferenceGraph.mergeInterferenceSet(ILcom/android/dx/util/IntSet;)V @ 20
Event: 21.208 Thread 0x00007f302c1b9800 Uncommon trap: reason=class_check action=maybe_recompile pc=0x00007f301dd3c8b8 method=com.android.dx.util.BitIntSet.merge(Lcom/android/dx/util/IntSet;)V @ 1
Event: 21.258 Thread 0x00007f302c00a000 Uncommon trap: reason=bimorphic action=maybe_recompile pc=0x00007f301ddfd0dc method=com.android.dx.cf.code.BytecodeArray.parseInstruction(ILcom/android/dx/cf/code/BytecodeArray$Visitor;)I @ 1003
Event: 21.258 Thread 0x00007f302c00a000 Uncommon trap: reason=bimorphic action=maybe_recompile pc=0x00007f301ddfef74 method=com.android.dx.cf.code.BytecodeArray.parseInstruction(ILcom/android/dx/cf/code/BytecodeArray$Visitor;)I @ 1327
Event: 21.258 Thread 0x00007f302c00a000 Uncommon trap: reason=bimorphic action=maybe_recompile pc=0x00007f301ddfef74 method=com.android.dx.cf.code.BytecodeArray.parseInstruction(ILcom/android/dx/cf/code/BytecodeArray$Visitor;)I @ 1327
Event: 22.513 Thread 0x00007f302c00a000 Uncommon trap: reason=unstable_if action=reinterpret pc=0x00007f301de33860 method=com.android.dx.cf.code.RopperMachine.updateReturnOp(Lcom/android/dx/rop/code/Rop;Lcom/android/dx/rop/code/SourcePosition;)V @ 106
Event: 22.529 Thread 0x00007f302c1b3000 Uncommon trap: reason=unstable_if action=reinterpret pc=0x00007f301de7806c method=com.android.dx.cf.code.Merger.mergeType(Lcom/android/dx/rop/type/TypeBearer;Lcom/android/dx/rop/type/TypeBearer;)Lcom/android/dx/rop/type/TypeBearer; @ 52
Event: 22.581 Thread 0x00007f302c1bb000 Uncommon trap: reason=unstable_if action=reinterpret pc=0x00007f301df19d50 method=com.android.dx.rop.cst.CstInterfaceMethodRef.toMethodRef()Lcom/android/dx/rop/cst/CstMethodRef; @ 4
Event: 23.288 Thread 0x00007f302c1b9800 Uncommon trap: reason=class_check action=maybe_recompile pc=0x00007f301dfac5f4 method=com.android.dx.ssa.LiteralOpUpgrader.isConstIntZeroOrKnownNull(Lcom/android/dx/rop/code/RegisterSpec;)Z @ 13
Event: 23.288 Thread 0x00007f302c1b9800 Uncommon trap: reason=class_check action=maybe_recompile pc=0x00007f301dfac5f4 method=com.android.dx.ssa.LiteralOpUpgrader.isConstIntZeroOrKnownNull(Lcom/android/dx/rop/code/RegisterSpec;)Z @ 13

Internal exceptions (9 events):
Event: 0.015 Thread 0x00007f302c00a000 Exception <a 'java/lang/NoSuchMethodError': Method sun.misc.Unsafe.defineClass(Ljava/lang/String;[BII)Ljava/lang/Class; name or signature does not match> (0x000000076ab07c78) thrown at [/ssd/Android/AOSP-openjdk/external/jetbrains/jdk/hotspot/src/share/vm
Event: 0.015 Thread 0x00007f302c00a000 Exception <a 'java/lang/NoSuchMethodError': Method sun.misc.Unsafe.prefetchRead(Ljava/lang/Object;J)V name or signature does not match> (0x000000076ab07f60) thrown at [/ssd/Android/AOSP-openjdk/external/jetbrains/jdk/hotspot/src/share/vm/prims/jni.cpp, li
Event: 1.578 Thread 0x00007f302c1b9800 Implicit null exception at 0x00007f301d34487d to 0x00007f301d347235
Event: 1.793 Thread 0x00007f302c1bb000 Implicit null exception at 0x00007f301d39a157 to 0x00007f301d39ceed
Event: 2.234 Thread 0x00007f302c00a000 Exception <a 'java/lang/ArrayIndexOutOfBoundsException': 18> (0x000000076d9df430) thrown at [/ssd/Android/AOSP-openjdk/external/jetbrains/jdk/hotspot/src/share/vm/interpreter/interpreterRuntime.cpp, line 366]
Event: 2.234 Thread 0x00007f302c00a000 Exception <a 'java/lang/ArrayIndexOutOfBoundsException': 145> (0x000000076d9e0fb0) thrown at [/ssd/Android/AOSP-openjdk/external/jetbrains/jdk/hotspot/src/share/vm/interpreter/interpreterRuntime.cpp, line 366]
Event: 2.235 Thread 0x00007f302c00a000 Exception <a 'java/lang/ArrayIndexOutOfBoundsException'> (0x000000076d9e2298) thrown at [/ssd/Android/AOSP-openjdk/external/jetbrains/jdk/hotspot/src/share/vm/runtime/sharedRuntime.cpp, line 605]
Event: 13.204 Thread 0x00007f302c1b9800 Implicit null exception at 0x00007f301d7e134b to 0x00007f301d7e5449
Event: 16.340 Thread 0x00007f302c1b9800 Implicit null exception at 0x00007f301de124e6 to 0x00007f301de137c9

Events (10 events):
Event: 23.472 Thread 0x00007f302c0bc800 flushing nmethod 0x00007f301d2e0790
Event: 23.472 Thread 0x00007f302c0bc800 flushing nmethod 0x00007f301d2e2e10
Event: 23.472 Thread 0x00007f302c0bc800 flushing nmethod 0x00007f301d2fedd0
Event: 23.472 Thread 0x00007f302c0bc800 flushing nmethod 0x00007f301d300350
Event: 23.472 Thread 0x00007f302c0bc800 flushing nmethod 0x00007f301d303b10
Event: 23.472 Thread 0x00007f302c0bc800 flushing nmethod 0x00007f301d30cd90
Event: 23.472 Thread 0x00007f302c0bc800 flushing nmethod 0x00007f301d30ecd0
Event: 23.472 Thread 0x00007f302c0bc800 flushing nmethod 0x00007f301d310a90
Event: 23.472 Thread 0x00007f302c0bc800 flushing nmethod 0x00007f301d312190
Event: 23.473 Executing VM operation: ParallelGCFailedAllocation


Dynamic libraries:
00400000-00401000 r-xp 00000000 08:05 929732                             /opt/android-studio/jre/bin/java
00600000-00601000 r--p 00000000 08:05 929732                             /opt/android-studio/jre/bin/java
00601000-00602000 rw-p 00001000 08:05 929732                             /opt/android-studio/jre/bin/java
01672000-01693000 rw-p 00000000 00:00 0                                  [heap]
6c0000000-6ed100000 rw-p 00000000 00:00 0 
701b80000-76ab00000 ---p 00000000 00:00 0 
76ab00000-7aee00000 rw-p 00000000 00:00 0 
7aee00000-7c0000000 ---p 00000000 00:00 0 
7c0000000-7c00a0000 rw-p 00000000 00:00 0 
7c00a0000-800000000 ---p 00000000 00:00 0 
7f2fc4000000-7f2fc402f000 rw-p 00000000 00:00 0 
7f2fc402f000-7f2fc8000000 ---p 00000000 00:00 0 
7f2fc8000000-7f2fc8021000 rw-p 00000000 00:00 0 
7f2fc8021000-7f2fcc000000 ---p 00000000 00:00 0 
7f2fcc000000-7f2fcc03d000 rw-p 00000000 00:00 0 
7f2fcc03d000-7f2fd0000000 ---p 00000000 00:00 0 
7f2fd0000000-7f2fd004d000 rw-p 00000000 00:00 0 
7f2fd004d000-7f2fd4000000 ---p 00000000 00:00 0 
7f2fd4000000-7f2fd404d000 rw-p 00000000 00:00 0 
7f2fd404d000-7f2fd8000000 ---p 00000000 00:00 0 
7f2fd8000000-7f2fd8021000 rw-p 00000000 00:00 0 
7f2fd8021000-7f2fdc000000 ---p 00000000 00:00 0 
7f2fdc000000-7f2fdc021000 rw-p 00000000 00:00 0 
7f2fdc021000-7f2fe0000000 ---p 00000000 00:00 0 
7f2fe0000000-7f2fe0021000 rw-p 00000000 00:00 0 
7f2fe0021000-7f2fe4000000 ---p 00000000 00:00 0 
7f2fe4000000-7f2fe591f000 rw-p 00000000 00:00 0 
7f2fe591f000-7f2fe8000000 ---p 00000000 00:00 0 
7f2fe8000000-7f2fe8e58000 rw-p 00000000 00:00 0 
7f2fe8e58000-7f2fec000000 ---p 00000000 00:00 0 
7f2fec000000-7f2fec021000 rw-p 00000000 00:00 0 
7f2fec021000-7f2ff0000000 ---p 00000000 00:00 0 
7f2ff0000000-7f2ff14c2000 rw-p 00000000 00:00 0 
7f2ff14c2000-7f2ff4000000 ---p 00000000 00:00 0 
7f2ff4000000-7f2ff4021000 rw-p 00000000 00:00 0 
7f2ff4021000-7f2ff8000000 ---p 00000000 00:00 0 
7f2ff8000000-7f2ff8021000 rw-p 00000000 00:00 0 
7f2ff8021000-7f2ffc000000 ---p 00000000 00:00 0 
7f2ffc000000-7f2ffc28b000 rw-p 00000000 00:00 0 
7f2ffc28b000-7f3000000000 ---p 00000000 00:00 0 
7f30024b3000-7f30024b6000 ---p 00000000 00:00 0 
7f30024b6000-7f30025b4000 rw-p 00000000 00:00 0 
7f30025b4000-7f30025b7000 ---p 00000000 00:00 0 
7f30025b7000-7f30026b5000 rw-p 00000000 00:00 0 
7f30026b5000-7f30026b8000 ---p 00000000 00:00 0 
7f30026b8000-7f30027b6000 rw-p 00000000 00:00 0 
7f30027b6000-7f30027b9000 ---p 00000000 00:00 0 
7f30027b9000-7f30028b7000 rw-p 00000000 00:00 0 
7f30028b7000-7f30028ba000 ---p 00000000 00:00 0 
7f30028ba000-7f30029b8000 rw-p 00000000 00:00 0 
7f30029b8000-7f30029bb000 ---p 00000000 00:00 0 
7f30029bb000-7f3002ab9000 rw-p 00000000 00:00 0 
7f3002ab9000-7f3002ba4000 r--s 00adf000 08:06 1451553                    /home/lester/CONVERSA/Conversa-Android/app/build/intermediates/transforms/jarMerging/debug/jars/1/1f/combined.jar
7f3002ba4000-7f3002ba5000 ---p 00000000 00:00 0 
7f3002ba5000-7f3002ca5000 rw-p 00000000 00:00 0 
7f3002ca5000-7f3002ca8000 ---p 00000000 00:00 0 
7f3002ca8000-7f3002da6000 rw-p 00000000 00:00 0 
7f3002da6000-7f3002da9000 ---p 00000000 00:00 0 
7f3002da9000-7f3002ea7000 rw-p 00000000 00:00 0 
7f3002ea7000-7f3002eaa000 ---p 00000000 00:00 0 
7f3002eaa000-7f3002fa8000 rw-p 00000000 00:00 0 
7f3002fa8000-7f3002fab000 ---p 00000000 00:00 0 
7f3002fab000-7f30030a9000 rw-p 00000000 00:00 0 
7f30030a9000-7f30030ac000 ---p 00000000 00:00 0 
7f30030ac000-7f30031aa000 rw-p 00000000 00:00 0 
7f30031aa000-7f30036f7000 r--p 00000000 08:05 1051794                    /usr/lib/locale/locale-archive
7f30036f7000-7f30036fa000 ---p 00000000 00:00 0 
7f30036fa000-7f30037f8000 rw-p 00000000 00:00 0 
7f30037f8000-7f30037fb000 ---p 00000000 00:00 0 
7f30037fb000-7f30038f9000 rw-p 00000000 00:00 0 
7f30038f9000-7f30038fa000 ---p 00000000 00:00 0 
7f30038fa000-7f300c000000 rw-p 00000000 00:00 0 
7f300c000000-7f300c021000 rw-p 00000000 00:00 0 
7f300c021000-7f3010000000 ---p 00000000 00:00 0 
7f3010000000-7f3010021000 rw-p 00000000 00:00 0 
7f3010021000-7f3014000000 ---p 00000000 00:00 0 
7f3014000000-7f3014021000 rw-p 00000000 00:00 0 
7f3014021000-7f3018000000 ---p 00000000 00:00 0 
7f3018000000-7f3018021000 rw-p 00000000 00:00 0 
7f3018021000-7f301c000000 ---p 00000000 00:00 0 
7f301c092000-7f301c0b7000 r--p 00000000 08:05 144167                     /usr/share/locale-langpack/es/LC_MESSAGES/libc.mo
7f301c0b7000-7f301cec0000 rw-p 00000000 00:00 0 
7f301cec0000-7f301d000000 ---p 00000000 00:00 0 
7f301d000000-7f301dff0000 rwxp 00000000 00:00 0 
7f301dff0000-7f302c000000 ---p 00000000 00:00 0 
7f302c000000-7f302c3e5000 rw-p 00000000 00:00 0 
7f302c3e5000-7f3030000000 ---p 00000000 00:00 0 
7f3030015000-7f30302c8000 rw-p 00000000 00:00 0 
7f30302c8000-7f3030497000 r--s 03c1b000 08:05 929783                     /opt/android-studio/jre/jre/lib/rt.jar
7f3030497000-7f3030d0d000 rw-p 00000000 00:00 0 
7f3030d0d000-7f3030d0e000 ---p 00000000 00:00 0 
7f3030d0e000-7f3030e0e000 rw-p 00000000 00:00 0 
7f3030e0e000-7f3030e0f000 ---p 00000000 00:00 0 
7f3030e0f000-7f3030f0f000 rw-p 00000000 00:00 0 
7f3030f0f000-7f3030f10000 ---p 00000000 00:00 0 
7f3030f10000-7f3031010000 rw-p 00000000 00:00 0 
7f3031010000-7f3031011000 ---p 00000000 00:00 0 
7f3031011000-7f303127a000 rw-p 00000000 00:00 0 
7f303127a000-7f3031667000 ---p 00000000 00:00 0 
7f3031667000-7f30317d0000 rw-p 00000000 00:00 0 
7f30317d0000-7f3031bbc000 ---p 00000000 00:00 0 
7f3031bbc000-7f3031dde000 rw-p 00000000 00:00 0 
7f3031dde000-7f3031e67000 ---p 00000000 00:00 0 
7f3031e67000-7f3031ea8000 rw-p 00000000 00:00 0 
7f3031ea8000-7f3032228000 ---p 00000000 00:00 0 
7f3032228000-7f3032242000 r-xp 00000000 08:05 929798                     /opt/android-studio/jre/jre/lib/amd64/libzip.so
7f3032242000-7f3032442000 ---p 0001a000 08:05 929798                     /opt/android-studio/jre/jre/lib/amd64/libzip.so
7f3032442000-7f3032443000 r--p 0001a000 08:05 929798                     /opt/android-studio/jre/jre/lib/amd64/libzip.so
7f3032443000-7f3032444000 rw-p 0001b000 08:05 929798                     /opt/android-studio/jre/jre/lib/amd64/libzip.so
7f3032444000-7f303244f000 r-xp 00000000 08:05 657657                     /lib/x86_64-linux-gnu/libnss_files-2.23.so
7f303244f000-7f303264e000 ---p 0000b000 08:05 657657                     /lib/x86_64-linux-gnu/libnss_files-2.23.so
7f303264e000-7f303264f000 r--p 0000a000 08:05 657657                     /lib/x86_64-linux-gnu/libnss_files-2.23.so
7f303264f000-7f3032650000 rw-p 0000b000 08:05 657657                     /lib/x86_64-linux-gnu/libnss_files-2.23.so
7f3032650000-7f3032656000 rw-p 00000000 00:00 0 
7f3032656000-7f3032661000 r-xp 00000000 08:05 657660                     /lib/x86_64-linux-gnu/libnss_nis-2.23.so
7f3032661000-7f3032860000 ---p 0000b000 08:05 657660                     /lib/x86_64-linux-gnu/libnss_nis-2.23.so
7f3032860000-7f3032861000 r--p 0000a000 08:05 657660                     /lib/x86_64-linux-gnu/libnss_nis-2.23.so
7f3032861000-7f3032862000 rw-p 0000b000 08:05 657660                     /lib/x86_64-linux-gnu/libnss_nis-2.23.so
7f3032862000-7f3032878000 r-xp 00000000 08:05 657653                     /lib/x86_64-linux-gnu/libnsl-2.23.so
7f3032878000-7f3032a77000 ---p 00016000 08:05 657653                     /lib/x86_64-linux-gnu/libnsl-2.23.so
7f3032a77000-7f3032a78000 r--p 00015000 08:05 657653                     /lib/x86_64-linux-gnu/libnsl-2.23.so
7f3032a78000-7f3032a79000 rw-p 00016000 08:05 657653                     /lib/x86_64-linux-gnu/libnsl-2.23.so
7f3032a79000-7f3032a7b000 rw-p 00000000 00:00 0 
7f3032a7b000-7f3032a83000 r-xp 00000000 08:05 657666                     /lib/x86_64-linux-gnu/libnss_compat-2.23.so
7f3032a83000-7f3032c82000 ---p 00008000 08:05 657666                     /lib/x86_64-linux-gnu/libnss_compat-2.23.so
7f3032c82000-7f3032c83000 r--p 00007000 08:05 657666                     /lib/x86_64-linux-gnu/libnss_compat-2.23.so
7f3032c83000-7f3032c84000 rw-p 00008000 08:05 657666                     /lib/x86_64-linux-gnu/libnss_compat-2.23.so
7f3032c84000-7f3032cb1000 r-xp 00000000 08:05 929815                     /opt/android-studio/jre/jre/lib/amd64/libjava.so
7f3032cb1000-7f3032eb0000 ---p 0002d000 08:05 929815                     /opt/android-studio/jre/jre/lib/amd64/libjava.so
7f3032eb0000-7f3032eb1000 r--p 0002c000 08:05 929815                     /opt/android-studio/jre/jre/lib/amd64/libjava.so
7f3032eb1000-7f3032eb3000 rw-p 0002d000 08:05 929815                     /opt/android-studio/jre/jre/lib/amd64/libjava.so
7f3032eb3000-7f3032ec3000 r-xp 00000000 08:05 929788                     /opt/android-studio/jre/jre/lib/amd64/libverify.so
7f3032ec3000-7f30330c2000 ---p 00010000 08:05 929788                     /opt/android-studio/jre/jre/lib/amd64/libverify.so
7f30330c2000-7f30330c4000 r--p 0000f000 08:05 929788                     /opt/android-studio/jre/jre/lib/amd64/libverify.so
7f30330c4000-7f30330c5000 rw-p 00011000 08:05 929788                     /opt/android-studio/jre/jre/lib/amd64/libverify.so
7f30330c5000-7f30330cc000 r-xp 00000000 08:05 657662                     /lib/x86_64-linux-gnu/librt-2.23.so
7f30330cc000-7f30332cb000 ---p 00007000 08:05 657662                     /lib/x86_64-linux-gnu/librt-2.23.so
7f30332cb000-7f30332cc000 r--p 00006000 08:05 657662                     /lib/x86_64-linux-gnu/librt-2.23.so
7f30332cc000-7f30332cd000 rw-p 00007000 08:05 657662                     /lib/x86_64-linux-gnu/librt-2.23.so
7f30332cd000-7f30333d5000 r-xp 00000000 08:05 657671                     /lib/x86_64-linux-gnu/libm-2.23.so
7f30333d5000-7f30335d4000 ---p 00108000 08:05 657671                     /lib/x86_64-linux-gnu/libm-2.23.so
7f30335d4000-7f30335d5000 r--p 00107000 08:05 657671                     /lib/x86_64-linux-gnu/libm-2.23.so
7f30335d5000-7f30335d6000 rw-p 00108000 08:05 657671                     /lib/x86_64-linux-gnu/libm-2.23.so
7f30335d6000-7f30341c7000 r-xp 00000000 08:05 929796                     /opt/android-studio/jre/jre/lib/amd64/server/libjvm.so
7f30341c7000-7f30343c7000 ---p 00bf1000 08:05 929796                     /opt/android-studio/jre/jre/lib/amd64/server/libjvm.so
7f30343c7000-7f3034466000 r--p 00bf1000 08:05 929796                     /opt/android-studio/jre/jre/lib/amd64/server/libjvm.so
7f3034466000-7f303448f000 rw-p 00c90000 08:05 929796                     /opt/android-studio/jre/jre/lib/amd64/server/libjvm.so
7f303448f000-7f30344d3000 rw-p 00000000 00:00 0 
7f30344d3000-7f30344eb000 r-xp 00000000 08:05 657659                     /lib/x86_64-linux-gnu/libpthread-2.23.so
7f30344eb000-7f30346ea000 ---p 00018000 08:05 657659                     /lib/x86_64-linux-gnu/libpthread-2.23.so
7f30346ea000-7f30346eb000 r--p 00017000 08:05 657659                     /lib/x86_64-linux-gnu/libpthread-2.23.so
7f30346eb000-7f30346ec000 rw-p 00018000 08:05 657659                     /lib/x86_64-linux-gnu/libpthread-2.23.so
7f30346ec000-7f30346f0000 rw-p 00000000 00:00 0 
7f30346f0000-7f30346f3000 r-xp 00000000 08:05 657665                     /lib/x86_64-linux-gnu/libdl-2.23.so
7f30346f3000-7f30348f2000 ---p 00003000 08:05 657665                     /lib/x86_64-linux-gnu/libdl-2.23.so
7f30348f2000-7f30348f3000 r--p 00002000 08:05 657665                     /lib/x86_64-linux-gnu/libdl-2.23.so
7f30348f3000-7f30348f4000 rw-p 00003000 08:05 657665                     /lib/x86_64-linux-gnu/libdl-2.23.so
7f30348f4000-7f3034ab4000 r-xp 00000000 08:05 657676                     /lib/x86_64-linux-gnu/libc-2.23.so
7f3034ab4000-7f3034cb4000 ---p 001c0000 08:05 657676                     /lib/x86_64-linux-gnu/libc-2.23.so
7f3034cb4000-7f3034cb8000 r--p 001c0000 08:05 657676                     /lib/x86_64-linux-gnu/libc-2.23.so
7f3034cb8000-7f3034cba000 rw-p 001c4000 08:05 657676                     /lib/x86_64-linux-gnu/libc-2.23.so
7f3034cba000-7f3034cbe000 rw-p 00000000 00:00 0 
7f3034cbe000-7f3034cd4000 r-xp 00000000 08:05 929747                     /opt/android-studio/jre/lib/amd64/jli/libjli.so
7f3034cd4000-7f3034ed3000 ---p 00016000 08:05 929747                     /opt/android-studio/jre/lib/amd64/jli/libjli.so
7f3034ed3000-7f3034ed4000 r--p 00015000 08:05 929747                     /opt/android-studio/jre/lib/amd64/jli/libjli.so
7f3034ed4000-7f3034ed5000 rw-p 00016000 08:05 929747                     /opt/android-studio/jre/lib/amd64/jli/libjli.so
7f3034ed5000-7f3034efb000 r-xp 00000000 08:05 657654                     /lib/x86_64-linux-gnu/ld-2.23.so
7f3034efd000-7f3034f04000 r--s 00000000 08:05 8623                       /usr/lib/x86_64-linux-gnu/gconv/gconv-modules.cache
7f3034f04000-7f3034fd7000 rw-p 00000000 00:00 0 
7f3034fd7000-7f3034fda000 ---p 00000000 00:00 0 
7f3034fda000-7f30350dc000 rw-p 00000000 00:00 0 
7f30350e0000-7f30350ee000 r--s 000e0000 08:05 806433                     /root/Android/Sdk/build-tools/25.0.3/lib/dx.jar
7f30350ee000-7f30350f6000 rw-s 00000000 08:05 807024                     /tmp/hsperfdata_lester/32548
7f30350f6000-7f30350f7000 rw-p 00000000 00:00 0 
7f30350f7000-7f30350f8000 ---p 00000000 00:00 0 
7f30350f8000-7f30350fa000 rw-p 00000000 00:00 0 
7f30350fa000-7f30350fb000 r--p 00025000 08:05 657654                     /lib/x86_64-linux-gnu/ld-2.23.so
7f30350fb000-7f30350fc000 rw-p 00026000 08:05 657654                     /lib/x86_64-linux-gnu/ld-2.23.so
7f30350fc000-7f30350fd000 rw-p 00000000 00:00 0 
7ffeffe70000-7ffeffe91000 rw-p 00000000 00:00 0                          [stack]
7ffefffb9000-7ffefffbb000 r--p 00000000 00:00 0                          [vvar]
7ffefffbb000-7ffefffbd000 r-xp 00000000 00:00 0                          [vdso]
ffffffffff600000-ffffffffff601000 r-xp 00000000 00:00 0                  [vsyscall]

VM Arguments:
jvm_args: -Djava.awt.headless=true -Xmx4g -Dfile.encoding=UTF-8 -Duser.country=GT -Duser.language=es -Duser.variant 
java_command: com.android.dx.command.Main --dex --num-threads=4 --multi-dex --main-dex-list /home/lester/CONVERSA/Conversa-Android/app/build/intermediates/multi-dex/debug/maindexlist.txt --output /home/lester/CONVERSA/Conversa-Android/app/build/intermediates/transforms/dex/debug/folders/1000/1f/main /home/lester/CONVERSA/Conversa-Android/app/build/intermediates/transforms/jarMerging/debug/jars/1/1f/combined.jar
java_class_path (initial): /root/Android/Sdk/build-tools/25.0.3/lib/dx.jar
Launcher Type: SUN_STANDARD

Environment Variables:
PATH=/home/lester/bin:/home/lester/.local/bin:/usr/local/sbin:/usr/local/bin:/usr/sbin:/usr/bin:/sbin:/bin:/usr/games:/usr/local/games:/snap/bin
SHELL=/bin/bash
DISPLAY=:0

Signal Handlers:
SIGSEGV: [libjvm.so+0x9e5150], sa_mask[0]=11111111011111111101111111111110, sa_flags=SA_RESTART|SA_SIGINFO
SIGBUS: [libjvm.so+0x9e5150], sa_mask[0]=11111111011111111101111111111110, sa_flags=SA_RESTART|SA_SIGINFO
SIGFPE: [libjvm.so+0x848450], sa_mask[0]=11111111011111111101111111111110, sa_flags=SA_RESTART|SA_SIGINFO
SIGPIPE: [libjvm.so+0x848450], sa_mask[0]=11111111011111111101111111111110, sa_flags=SA_RESTART|SA_SIGINFO
SIGXFSZ: [libjvm.so+0x848450], sa_mask[0]=11111111011111111101111111111110, sa_flags=SA_RESTART|SA_SIGINFO
SIGILL: [libjvm.so+0x848450], sa_mask[0]=11111111011111111101111111111110, sa_flags=SA_RESTART|SA_SIGINFO
SIGUSR1: SIG_DFL, sa_mask[0]=00000000000000000000000000000000, sa_flags=none
SIGUSR2: [libjvm.so+0x848320], sa_mask[0]=00100000000000000000000000000000, sa_flags=SA_RESTART|SA_SIGINFO
SIGHUP: [libjvm.so+0x848510], sa_mask[0]=11111111011111111101111111111110, sa_flags=SA_RESTART|SA_SIGINFO
SIGINT: [libjvm.so+0x848510], sa_mask[0]=11111111011111111101111111111110, sa_flags=SA_RESTART|SA_SIGINFO
SIGTERM: [libjvm.so+0x848510], sa_mask[0]=11111111011111111101111111111110, sa_flags=SA_RESTART|SA_SIGINFO
SIGQUIT: [libjvm.so+0x848510], sa_mask[0]=11111111011111111101111111111110, sa_flags=SA_RESTART|SA_SIGINFO


---------------  S Y S T E M  ---------------

OS:DISTRIB_ID=Ubuntu
DISTRIB_RELEASE=16.04
DISTRIB_CODENAME=xenial
DISTRIB_DESCRIPTION="Ubuntu 16.04.3 LTS"

uname:Linux 4.4.0-97-generic #120-Ubuntu SMP Tue Sep 19 17:28:18 UTC 2017 x86_64
libc:glibc 2.23 NPTL 2.23 
rlimit: STACK 8192k, CORE 0k, NPROC 31122, NOFILE 1048576, AS infinity
load average:3.63 1.49 0.84

/proc/meminfo:
MemTotal:        8075500 kB
MemFree:          146072 kB
MemAvailable:     119864 kB
Buffers:            9640 kB
Cached:           868616 kB
SwapCached:            0 kB
Active:          6249736 kB
Inactive:         731692 kB
Active(anon):    6176472 kB
Inactive(anon):   639740 kB
Active(file):      73264 kB
Inactive(file):    91952 kB
Unevictable:          32 kB
Mlocked:              32 kB
SwapTotal:             0 kB
SwapFree:              0 kB
Dirty:             14084 kB
Writeback:             0 kB
AnonPages:       6103752 kB
Mapped:          1053848 kB
Shmem:            712540 kB
Slab:             105808 kB
SReclaimable:      60392 kB
SUnreclaim:        45416 kB
KernelStack:       12096 kB
PageTables:        47728 kB
NFS_Unstable:          0 kB
Bounce:                0 kB
WritebackTmp:          0 kB
CommitLimit:     4037748 kB
Committed_AS:   11737036 kB
VmallocTotal:   34359738367 kB
VmallocUsed:           0 kB
VmallocChunk:          0 kB
HardwareCorrupted:     0 kB
AnonHugePages:   2914304 kB
CmaTotal:              0 kB
CmaFree:               0 kB
HugePages_Total:       0
HugePages_Free:        0
HugePages_Rsvd:        0
HugePages_Surp:        0
Hugepagesize:       2048 kB
DirectMap4k:      197420 kB
DirectMap2M:     8091648 kB
DirectMap1G:     1048576 kB


CPU:total 4 (2 cores per cpu, 2 threads per core) family 6 model 61 stepping 4, cmov, cx8, fxsr, mmx, sse, sse2, sse3, ssse3, sse4.1, sse4.2, popcnt, avx, avx2, aes, clmul, erms, 3dnowpref, lzcnt, ht, tsc, tscinvbit, bmi1, bmi2, adx

/proc/cpuinfo:
processor	: 0
vendor_id	: GenuineIntel
cpu family	: 6
model		: 61
model name	: Intel(R) Core(TM) i7-5500U CPU @ 2.40GHz
stepping	: 4
microcode	: 0x18
cpu MHz		: 2585.718
cache size	: 4096 KB
physical id	: 0
siblings	: 4
core id		: 0
cpu cores	: 2
apicid		: 0
initial apicid	: 0
fpu		: yes
fpu_exception	: yes
cpuid level	: 20
wp		: yes
flags		: fpu vme de pse tsc msr pae mce cx8 apic sep mtrr pge mca cmov pat pse36 clflush dts acpi mmx fxsr sse sse2 ss ht tm pbe syscall nx pdpe1gb rdtscp lm constant_tsc arch_perfmon pebs bts rep_good nopl xtopology nonstop_tsc aperfmperf eagerfpu pni pclmulqdq dtes64 monitor ds_cpl vmx est tm2 ssse3 sdbg fma cx16 xtpr pdcm pcid sse4_1 sse4_2 x2apic movbe popcnt tsc_deadline_timer aes xsave avx f16c rdrand lahf_lm abm 3dnowprefetch epb intel_pt tpr_shadow vnmi flexpriority ept vpid fsgsbase tsc_adjust bmi1 avx2 smep bmi2 erms invpcid rdseed adx smap xsaveopt dtherm ida arat pln pts
bugs		:
bogomips	: 4788.89
clflush size	: 64
cache_alignment	: 64
address sizes	: 39 bits physical, 48 bits virtual
power management:

processor	: 1
vendor_id	: GenuineIntel
cpu family	: 6
model		: 61
model name	: Intel(R) Core(TM) i7-5500U CPU @ 2.40GHz
stepping	: 4
microcode	: 0x18
cpu MHz		: 2535.750
cache size	: 4096 KB
physical id	: 0
siblings	: 4
core id		: 1
cpu cores	: 2
apicid		: 2
initial apicid	: 2
fpu		: yes
fpu_exception	: yes
cpuid level	: 20
wp		: yes
flags		: fpu vme de pse tsc msr pae mce cx8 apic sep mtrr pge mca cmov pat pse36 clflush dts acpi mmx fxsr sse sse2 ss ht tm pbe syscall nx pdpe1gb rdtscp lm constant_tsc arch_perfmon pebs bts rep_good nopl xtopology nonstop_tsc aperfmperf eagerfpu pni pclmulqdq dtes64 monitor ds_cpl vmx est tm2 ssse3 sdbg fma cx16 xtpr pdcm pcid sse4_1 sse4_2 x2apic movbe popcnt tsc_deadline_timer aes xsave avx f16c rdrand lahf_lm abm 3dnowprefetch epb intel_pt tpr_shadow vnmi flexpriority ept vpid fsgsbase tsc_adjust bmi1 avx2 smep bmi2 erms invpcid rdseed adx smap xsaveopt dtherm ida arat pln pts
bugs		:
bogomips	: 4788.89
clflush size	: 64
cache_alignment	: 64
address sizes	: 39 bits physical, 48 bits virtual
power management:

processor	: 2
vendor_id	: GenuineIntel
cpu family	: 6
model		: 61
model name	: Intel(R) Core(TM) i7-5500U CPU @ 2.40GHz
stepping	: 4
microcode	: 0x18
cpu MHz		: 2400.000
cache size	: 4096 KB
physical id	: 0
siblings	: 4
core id		: 0
cpu cores	: 2
apicid		: 1
initial apicid	: 1
fpu		: yes
fpu_exception	: yes
cpuid level	: 20
wp		: yes
flags		: fpu vme de pse tsc msr pae mce cx8 apic sep mtrr pge mca cmov pat pse36 clflush dts acpi mmx fxsr sse sse2 ss ht tm pbe syscall nx pdpe1gb rdtscp lm constant_tsc arch_perfmon pebs bts rep_good nopl xtopology nonstop_tsc aperfmperf eagerfpu pni pclmulqdq dtes64 monitor ds_cpl vmx est tm2 ssse3 sdbg fma cx16 xtpr pdcm pcid sse4_1 sse4_2 x2apic movbe popcnt tsc_deadline_timer aes xsave avx f16c rdrand lahf_lm abm 3dnowprefetch epb intel_pt tpr_shadow vnmi flexpriority ept vpid fsgsbase tsc_adjust bmi1 avx2 smep bmi2 erms invpcid rdseed adx smap xsaveopt dtherm ida arat pln pts
bugs		:
bogomips	: 4788.89
clflush size	: 64
cache_alignment	: 64
address sizes	: 39 bits physical, 48 bits virtual
power management:

processor	: 3
vendor_id	: GenuineIntel
cpu family	: 6
model		: 61
model name	: Intel(R) Core(TM) i7-5500U CPU @ 2.40GHz
stepping	: 4
microcode	: 0x18
cpu MHz		: 2362.406
cache size	: 4096 KB
physical id	: 0
siblings	: 4
core id		: 1
cpu cores	: 2
apicid		: 3
initial apicid	: 3
fpu		: yes
fpu_exception	: yes
cpuid level	: 20
wp		: yes
flags		: fpu vme de pse tsc msr pae mce cx8 apic sep mtrr pge mca cmov pat pse36 clflush dts acpi mmx fxsr sse sse2 ss ht tm pbe syscall nx pdpe1gb rdtscp lm constant_tsc arch_perfmon pebs bts rep_good nopl xtopology nonstop_tsc aperfmperf eagerfpu pni pclmulqdq dtes64 monitor ds_cpl vmx est tm2 ssse3 sdbg fma cx16 xtpr pdcm pcid sse4_1 sse4_2 x2apic movbe popcnt tsc_deadline_timer aes xsave avx f16c rdrand lahf_lm abm 3dnowprefetch epb intel_pt tpr_shadow vnmi flexpriority ept vpid fsgsbase tsc_adjust bmi1 avx2 smep bmi2 erms invpcid rdseed adx smap xsaveopt dtherm ida arat pln pts
bugs		:
bogomips	: 4788.89
clflush size	: 64
cache_alignment	: 64
address sizes	: 39 bits physical, 48 bits virtual
power management:



Memory: 4k page, physical 8075500k(146072k free), swap 0k(0k free)

vm_info: OpenJDK 64-Bit Server VM (25.112-b06) for linux-amd64 JRE (1.8.0_112-release-b06), built on Dec  6 2016 12:11:18 by "builder" with gcc 4.8.4

time: Sat Nov  4 18:36:47 2017
elapsed time: 31 seconds (0d 0h 0m 31s)

