#
# There is insufficient memory for the Java Runtime Environment to continue.
# Native memory allocation (mmap) failed to map 265814016 bytes for committing reserved memory.
# Possible reasons:
#   The system is out of physical RAM or swap space
#   In 32 bit mode, the process size limit was hit
# Possible solutions:
#   Reduce memory load on the system
#   Increase physical memory or swap space
#   Check if swap backing store is full
#   Use 64 bit Java on a 64 bit OS
#   Decrease Java heap size (-Xmx/-Xms)
#   Decrease number of Java threads
#   Decrease Java thread stack sizes (-Xss)
#   Set larger code cache with -XX:ReservedCodeCacheSize=
# This output file may be truncated or incomplete.
#
#  Out of Memory Error (os_linux.cpp:2627), pid=7282, tid=0x00007f97b2691700
#
# JRE version: OpenJDK Runtime Environment (8.0_112-b06) (build 1.8.0_112-release-b06)
# Java VM: OpenJDK 64-Bit Server VM (25.112-b06 mixed mode linux-amd64 compressed oops)
# Failed to write core dump. Core dumps have been disabled. To enable core dumping, try "ulimit -c unlimited" before starting Java again
#

---------------  T H R E A D  ---------------

Current thread (0x00007f97c8077800):  VMThread [stack: 0x00007f97b2591000,0x00007f97b2692000] [id=7291]

Stack: [0x00007f97b2591000,0x00007f97b2692000],  sp=0x00007f97b26904d0,  free space=1021k
Native frames: (J=compiled Java code, j=interpreted, Vv=VM code, C=native code)
V  [libjvm.so+0x9e465d]  VMError::report_and_die()+0x15d
V  [libjvm.so+0x4b6ada]  report_vm_out_of_memory(char const*, int, unsigned long, VMErrorType, char const*)+0x8a
V  [libjvm.so+0x84c860]  os::pd_commit_memory(char*, unsigned long, unsigned long, bool)+0xf0
V  [libjvm.so+0x84737f]  os::commit_memory(char*, unsigned long, unsigned long, bool)+0x1f
V  [libjvm.so+0x8bd3db]  PSVirtualSpace::expand_by(unsigned long)+0x5b
V  [libjvm.so+0x8ae1bb]  PSOldGen::expand_by(unsigned long) [clone .part.109]+0x1b
V  [libjvm.so+0x8ae37b]  PSOldGen::expand(unsigned long) [clone .part.111]+0xdb
V  [libjvm.so+0x8aec58]  PSOldGen::resize(unsigned long)+0x188
V  [libjvm.so+0x8b426c]  PSParallelCompact::invoke_no_policy(bool)+0x97c
V  [libjvm.so+0x8bb37d]  PSScavenge::invoke()+0x17d
V  [libjvm.so+0x86fcf3]  ParallelScavengeHeap::failed_mem_allocate(unsigned long)+0x63
V  [libjvm.so+0x9e6124]  VM_ParallelGCFailedAllocation::doit()+0x84
V  [libjvm.so+0x9ea537]  VM_Operation::evaluate()+0x47
V  [libjvm.so+0x9e8ff8]  VMThread::evaluate_operation(VM_Operation*)+0x2c8
V  [libjvm.so+0x9e9479]  VMThread::loop()+0x219
V  [libjvm.so+0x9e98c2]  VMThread::run()+0x72
V  [libjvm.so+0x849c82]  java_start(Thread*)+0xf2

VM_Operation (0x00007f97b154d060): ParallelGCFailedAllocation, mode: safepoint, requested by thread 0x00007f97c81d6000


---------------  P R O C E S S  ---------------

Java Threads: ( => current thread )
  0x00007f97c81d9000 JavaThread "pool-2-thread-4" [_thread_blocked, id=7304, stack(0x00007f97b124c000,0x00007f97b134d000)]
  0x00007f97c81d7800 JavaThread "pool-2-thread-3" [_thread_blocked, id=7303, stack(0x00007f97b134d000,0x00007f97b144e000)]
  0x00007f97c81d6000 JavaThread "pool-2-thread-2" [_thread_blocked, id=7302, stack(0x00007f97b144e000,0x00007f97b154f000)]
  0x00007f97c81d4000 JavaThread "pool-3-thread-1" [_thread_blocked, id=7301, stack(0x00007f97b154f000,0x00007f97b1650000)]
  0x00007f97c81d3000 JavaThread "pool-2-thread-1" [_thread_blocked, id=7300, stack(0x00007f97b1650000,0x00007f97b1751000)]
  0x00007f97c80bf800 JavaThread "Service Thread" daemon [_thread_blocked, id=7298, stack(0x00007f97b193d000,0x00007f97b1a3e000)]
  0x00007f97c80bc800 JavaThread "C1 CompilerThread2" daemon [_thread_blocked, id=7297, stack(0x00007f97b1a3e000,0x00007f97b1b3f000)]
  0x00007f97c80ba800 JavaThread "C2 CompilerThread1" daemon [_thread_blocked, id=7296, stack(0x00007f97b1b3f000,0x00007f97b1c40000)]
  0x00007f97c80b7800 JavaThread "C2 CompilerThread0" daemon [_thread_blocked, id=7295, stack(0x00007f97b1c40000,0x00007f97b1d41000)]
  0x00007f97c80b6800 JavaThread "Signal Dispatcher" daemon [_thread_blocked, id=7294, stack(0x00007f97b1d41000,0x00007f97b1e42000)]
  0x00007f97c8083800 JavaThread "Finalizer" daemon [_thread_blocked, id=7293, stack(0x00007f97b238f000,0x00007f97b2490000)]
  0x00007f97c807f000 JavaThread "Reference Handler" daemon [_thread_blocked, id=7292, stack(0x00007f97b2490000,0x00007f97b2591000)]
  0x00007f97c800a000 JavaThread "main" [_thread_blocked, id=7286, stack(0x00007f97cfbba000,0x00007f97cfcbb000)]

Other Threads:
=>0x00007f97c8077800 VMThread [stack: 0x00007f97b2591000,0x00007f97b2692000] [id=7291]
  0x00007f97c80c2000 WatcherThread [stack: 0x00007f97b183c000,0x00007f97b193d000] [id=7299]

VM state:at safepoint (normal execution)

VM Mutex/Monitor currently owned by a thread:  ([mutex/lock_event])
[0x00007f97c8005ef0] ExpandHeap_lock - owner thread: 0x00007f97c8077800
[0x00007f97c8006570] Threads_lock - owner thread: 0x00007f97c8077800
[0x00007f97c8006a70] Heap_lock - owner thread: 0x00007f97c81d6000

Heap:
 PSYoungGen      total 841728K, used 23895K [0x000000076ab00000, 0x00000007b1500000, 0x00000007c0000000)
  eden space 652800K, 0% used [0x000000076ab00000,0x000000076ab00000,0x0000000792880000)
  from space 188928K, 12% used [0x0000000792880000,0x0000000793fd5d30,0x000000079e100000)
  to   space 186368K, 0% used [0x00000007a5f00000,0x00000007a5f00000,0x00000007b1500000)
 ParOldGen       total 461824K, used 461774K [0x00000006c0000000, 0x00000006dc300000, 0x000000076ab00000)
  object space 461824K, 99% used [0x00000006c0000000,0x00000006dc2f3b98,0x00000006dc300000)
 Metaspace       used 6420K, capacity 7280K, committed 7552K, reserved 1056768K
  class space    used 583K, capacity 616K, committed 640K, reserved 1048576K

Card table byte_map: [0x00007f97cc24a000,0x00007f97cca4b000] byte_map_base: 0x00007f97c8c4a000

Marking Bits: (ParMarkBitMap*) 0x00007f97cf087340
 Begin Bits: [0x00007f979c000000, 0x00007f97a0000000)
 End Bits:   [0x00007f97a0000000, 0x00007f97a4000000)

Polling page: 0x00007f97cfcda000

CodeCache: size=245760Kb used=13576Kb max_used=13595Kb free=232183Kb
 bounds [0x00007f97b9000000, 0x00007f97b9d60000, 0x00007f97c8000000]
 total_blobs=2836 nmethods=2571 adapters=179
 compilation: enabled

Compilation events (10 events):
Event: 16.209 Thread 0x00007f97c80bc800 2781 %     3       java.util.DualPivotQuicksort::sort @ 39 (1195 bytes)
Event: 16.212 Thread 0x00007f97c80bc800 nmethod 2781% 0x00007f97b9d35750 code [0x00007f97b9d35b20, 0x00007f97b9d37ce8]
Event: 16.244 Thread 0x00007f97c80bc800 2783 %     3       com.android.dx.cf.code.ExecutionStack::makeInitialized @ 19 (51 bytes)
Event: 16.245 Thread 0x00007f97c80bc800 nmethod 2783% 0x00007f97b9d2f790 code [0x00007f97b9d2f940, 0x00007f97b9d30058]
Event: 16.260 Thread 0x00007f97c80b7800 nmethod 2701 0x00007f97b9d40610 code [0x00007f97b9d414c0, 0x00007f97b9d469e0]
Event: 16.261 Thread 0x00007f97c80b7800 2668       4       com.android.dx.ssa.back.FirstFitLocalCombiningAllocator::tryMapRegs (110 bytes)
Event: 16.317 Thread 0x00007f97c80bc800 2785       3       com.android.dx.ssa.back.FirstFitLocalCombiningAllocator::findNextUnreservedRopReg (68 bytes)
Event: 16.317 Thread 0x00007f97c80bc800 nmethod 2785 0x00007f97b9d20710 code [0x00007f97b9d208c0, 0x00007f97b9d20dc8]
Event: 16.386 Thread 0x00007f97c80b7800 nmethod 2668 0x00007f97b9d4d290 code [0x00007f97b9d4d5a0, 0x00007f97b9d4f310]
Event: 16.386 Thread 0x00007f97c80b7800 2784       4       com.android.dx.ssa.back.SsaToRop::convertBasicBlocks (151 bytes)

GC Heap History (10 events):
Event: 8.471 GC heap after
Heap after GC invocations=12 (full 2):
 PSYoungGen      total 667136K, used 65438K [0x000000076ab00000, 0x000000079ca00000, 0x00000007c0000000)
  eden space 575488K, 0% used [0x000000076ab00000,0x000000076ab00000,0x000000078dd00000)
  from space 91648K, 71% used [0x0000000794600000,0x00000007985e7bc0,0x0000000799f80000)
  to   space 107520K, 0% used [0x000000078dd00000,0x000000078dd00000,0x0000000794600000)
 ParOldGen       total 285184K, used 162678K [0x00000006c0000000, 0x00000006d1680000, 0x000000076ab00000)
  object space 285184K, 57% used [0x00000006c0000000,0x00000006c9edd8a8,0x00000006d1680000)
 Metaspace       used 6398K, capacity 7280K, committed 7552K, reserved 1056768K
  class space    used 583K, capacity 616K, committed 640K, reserved 1048576K
}
Event: 10.062 GC heap before
{Heap before GC invocations=13 (full 2):
 PSYoungGen      total 667136K, used 640926K [0x000000076ab00000, 0x000000079ca00000, 0x00000007c0000000)
  eden space 575488K, 100% used [0x000000076ab00000,0x000000078dd00000,0x000000078dd00000)
  from space 91648K, 71% used [0x0000000794600000,0x00000007985e7bc0,0x0000000799f80000)
  to   space 107520K, 0% used [0x000000078dd00000,0x000000078dd00000,0x0000000794600000)
 ParOldGen       total 285184K, used 162678K [0x00000006c0000000, 0x00000006d1680000, 0x000000076ab00000)
  object space 285184K, 57% used [0x00000006c0000000,0x00000006c9edd8a8,0x00000006d1680000)
 Metaspace       used 6410K, capacity 7280K, committed 7552K, reserved 1056768K
  class space    used 583K, capacity 616K, committed 640K, reserved 1048576K
Event: 10.311 GC heap after
Heap after GC invocations=13 (full 2):
 PSYoungGen      total 683008K, used 107512K [0x000000076ab00000, 0x00000007a6c80000, 0x00000007c0000000)
  eden space 575488K, 0% used [0x000000076ab00000,0x000000076ab00000,0x000000078dd00000)
  from space 107520K, 99% used [0x000000078dd00000,0x00000007945fe0a0,0x0000000794600000)
  to   space 142848K, 0% used [0x000000079e100000,0x000000079e100000,0x00000007a6c80000)
 ParOldGen       total 285184K, used 207193K [0x00000006c0000000, 0x00000006d1680000, 0x000000076ab00000)
  object space 285184K, 72% used [0x00000006c0000000,0x00000006cca56760,0x00000006d1680000)
 Metaspace       used 6410K, capacity 7280K, committed 7552K, reserved 1056768K
  class space    used 583K, capacity 616K, committed 640K, reserved 1048576K
}
Event: 11.981 GC heap before
{Heap before GC invocations=14 (full 2):
 PSYoungGen      total 683008K, used 683000K [0x000000076ab00000, 0x00000007a6c80000, 0x00000007c0000000)
  eden space 575488K, 100% used [0x000000076ab00000,0x000000078dd00000,0x000000078dd00000)
  from space 107520K, 99% used [0x000000078dd00000,0x00000007945fe0a0,0x0000000794600000)
  to   space 142848K, 0% used [0x000000079e100000,0x000000079e100000,0x00000007a6c80000)
 ParOldGen       total 285184K, used 207193K [0x00000006c0000000, 0x00000006d1680000, 0x000000076ab00000)
  object space 285184K, 72% used [0x00000006c0000000,0x00000006cca56760,0x00000006d1680000)
 Metaspace       used 6415K, capacity 7280K, committed 7552K, reserved 1056768K
  class space    used 583K, capacity 616K, committed 640K, reserved 1048576K
Event: 12.958 GC heap after
Heap after GC invocations=14 (full 2):
 PSYoungGen      total 795648K, used 142832K [0x000000076ab00000, 0x00000007ace80000, 0x00000007c0000000)
  eden space 652800K, 0% used [0x000000076ab00000,0x000000076ab00000,0x0000000792880000)
  from space 142848K, 99% used [0x000000079e100000,0x00000007a6c7c138,0x00000007a6c80000)
  to   space 188928K, 0% used [0x0000000792880000,0x0000000792880000,0x000000079e100000)
 ParOldGen       total 285184K, used 263012K [0x00000006c0000000, 0x00000006d1680000, 0x000000076ab00000)
  object space 285184K, 92% used [0x00000006c0000000,0x00000006d00d9320,0x00000006d1680000)
 Metaspace       used 6415K, capacity 7280K, committed 7552K, reserved 1056768K
  class space    used 583K, capacity 616K, committed 640K, reserved 1048576K
}
Event: 13.164 GC heap before
{Heap before GC invocations=15 (full 3):
 PSYoungGen      total 795648K, used 142832K [0x000000076ab00000, 0x00000007ace80000, 0x00000007c0000000)
  eden space 652800K, 0% used [0x000000076ab00000,0x000000076ab00000,0x0000000792880000)
  from space 142848K, 99% used [0x000000079e100000,0x00000007a6c7c138,0x00000007a6c80000)
  to   space 188928K, 0% used [0x0000000792880000,0x0000000792880000,0x000000079e100000)
 ParOldGen       total 285184K, used 263012K [0x00000006c0000000, 0x00000006d1680000, 0x000000076ab00000)
  object space 285184K, 92% used [0x00000006c0000000,0x00000006d00d9320,0x00000006d1680000)
 Metaspace       used 6415K, capacity 7280K, committed 7552K, reserved 1056768K
  class space    used 583K, capacity 616K, committed 640K, reserved 1048576K
Event: 14.928 GC heap after
Heap after GC invocations=15 (full 3):
 PSYoungGen      total 795648K, used 114675K [0x000000076ab00000, 0x00000007ace80000, 0x00000007c0000000)
  eden space 652800K, 0% used [0x000000076ab00000,0x000000076ab00000,0x0000000792880000)
  from space 142848K, 80% used [0x000000079e100000,0x00000007a50fcf38,0x00000007a6c80000)
  to   space 188928K, 0% used [0x0000000792880000,0x0000000792880000,0x000000079e100000)
 ParOldGen       total 461824K, used 285054K [0x00000006c0000000, 0x00000006dc300000, 0x000000076ab00000)
  object space 461824K, 61% used [0x00000006c0000000,0x00000006d165fbd8,0x00000006dc300000)
 Metaspace       used 6415K, capacity 7280K, committed 7552K, reserved 1056768K
  class space    used 583K, capacity 616K, committed 640K, reserved 1048576K
}
Event: 16.419 GC heap before
{Heap before GC invocations=16 (full 3):
 PSYoungGen      total 795648K, used 767475K [0x000000076ab00000, 0x00000007ace80000, 0x00000007c0000000)
  eden space 652800K, 100% used [0x000000076ab00000,0x0000000792880000,0x0000000792880000)
  from space 142848K, 80% used [0x000000079e100000,0x00000007a50fcf38,0x00000007a6c80000)
  to   space 188928K, 0% used [0x0000000792880000,0x0000000792880000,0x000000079e100000)
 ParOldGen       total 461824K, used 285054K [0x00000006c0000000, 0x00000006dc300000, 0x000000076ab00000)
  object space 461824K, 61% used [0x00000006c0000000,0x00000006d165fbd8,0x00000006dc300000)
 Metaspace       used 6420K, capacity 7280K, committed 7552K, reserved 1056768K
  class space    used 583K, capacity 616K, committed 640K, reserved 1048576K
Event: 17.143 GC heap after
Heap after GC invocations=16 (full 3):
 PSYoungGen      total 841728K, used 91514K [0x000000076ab00000, 0x00000007b1500000, 0x00000007c0000000)
  eden space 652800K, 0% used [0x000000076ab00000,0x000000076ab00000,0x0000000792880000)
  from space 188928K, 48% used [0x0000000792880000,0x00000007981de9b0,0x000000079e100000)
  to   space 186368K, 0% used [0x00000007a5f00000,0x00000007a5f00000,0x00000007b1500000)
 ParOldGen       total 461824K, used 400842K [0x00000006c0000000, 0x00000006dc300000, 0x000000076ab00000)
  object space 461824K, 86% used [0x00000006c0000000,0x00000006d8772b28,0x00000006dc300000)
 Metaspace       used 6420K, capacity 7280K, committed 7552K, reserved 1056768K
  class space    used 583K, capacity 616K, committed 640K, reserved 1048576K
}
Event: 17.143 GC heap before
{Heap before GC invocations=17 (full 4):
 PSYoungGen      total 841728K, used 91514K [0x000000076ab00000, 0x00000007b1500000, 0x00000007c0000000)
  eden space 652800K, 0% used [0x000000076ab00000,0x000000076ab00000,0x0000000792880000)
  from space 188928K, 48% used [0x0000000792880000,0x00000007981de9b0,0x000000079e100000)
  to   space 186368K, 0% used [0x00000007a5f00000,0x00000007a5f00000,0x00000007b1500000)
 ParOldGen       total 461824K, used 400842K [0x00000006c0000000, 0x00000006dc300000, 0x000000076ab00000)
  object space 461824K, 86% used [0x00000006c0000000,0x00000006d8772b28,0x00000006dc300000)
 Metaspace       used 6420K, capacity 7280K, committed 7552K, reserved 1056768K
  class space    used 583K, capacity 616K, committed 640K, reserved 1048576K

Deoptimization events (10 events):
Event: 10.949 Thread 0x00007f97c81d9000 Uncommon trap: reason=unstable_if action=reinterpret pc=0x00007f97b9ae4784 method=com.android.dx.ssa.SsaBasicBlock.scheduleMovesFromPhis()V @ 63
Event: 11.226 Thread 0x00007f97c81d3000 Uncommon trap: reason=class_check action=maybe_recompile pc=0x00007f97b9b6bb18 method=com.android.dx.ssa.SCCP.simulateBranch(Lcom/android/dx/ssa/SsaInsn;)V @ 145
Event: 11.878 Thread 0x00007f97c81d6000 Uncommon trap: reason=unstable_if action=reinterpret pc=0x00007f97b9c57380 method=com.android.dx.rop.code.BasicBlockList.preferredSuccessorOf(Lcom/android/dx/rop/code/BasicBlock;)Lcom/android/dx/rop/code/BasicBlock; @ 58
Event: 11.968 Thread 0x00007f97c81d9000 Uncommon trap: reason=speculate_class_check action=maybe_recompile pc=0x00007f97b9c62c30 method=com.android.dx.rop.cst.TypedConstant.getBasicType()I @ 1
Event: 14.997 Thread 0x00007f97c81d6000 Uncommon trap: reason=speculate_class_check action=maybe_recompile pc=0x00007f97b9c62c30 method=com.android.dx.rop.cst.TypedConstant.getBasicType()I @ 1
Event: 14.997 Thread 0x00007f97c81d6000 Uncommon trap: reason=speculate_class_check action=maybe_recompile pc=0x00007f97b9c62c30 method=com.android.dx.rop.cst.TypedConstant.getBasicType()I @ 1
Event: 15.014 Thread 0x00007f97c81d3000 Uncommon trap: reason=speculate_class_check action=maybe_recompile pc=0x00007f97b9c62c30 method=com.android.dx.rop.cst.TypedConstant.getBasicType()I @ 1
Event: 15.477 Thread 0x00007f97c81d6000 Uncommon trap: reason=unstable_if action=reinterpret pc=0x00007f97b9bd1b70 method=com.android.dx.ssa.back.IdenticalBlockCombiner.replaceSucc(Lcom/android/dx/rop/code/BasicBlock;II)V @ 30
Event: 15.607 Thread 0x00007f97c81d9000 Uncommon trap: reason=unstable_if action=reinterpret pc=0x00007f97b98db990 method=java.util.HashMap.putVal(ILjava/lang/Object;Ljava/lang/Object;ZZ)Ljava/lang/Object; @ 109
Event: 15.992 Thread 0x00007f97c81d3000 Uncommon trap: reason=unstable_if action=reinterpret pc=0x00007f97b9ced188 method=com.android.dx.dex.code.RopTranslator.outputBlock(Lcom/android/dx/rop/code/BasicBlock;I)V @ 140

Internal exceptions (8 events):
Event: 0.014 Thread 0x00007f97c800a000 Exception <a 'java/lang/NoSuchMethodError': Method sun.misc.Unsafe.defineClass(Ljava/lang/String;[BII)Ljava/lang/Class; name or signature does not match> (0x000000076ab07c78) thrown at [/ssd/Android/AOSP-openjdk/external/jetbrains/jdk/hotspot/src/share/vm
Event: 0.014 Thread 0x00007f97c800a000 Exception <a 'java/lang/NoSuchMethodError': Method sun.misc.Unsafe.prefetchRead(Ljava/lang/Object;J)V name or signature does not match> (0x000000076ab07f60) thrown at [/ssd/Android/AOSP-openjdk/external/jetbrains/jdk/hotspot/src/share/vm/prims/jni.cpp, li
Event: 0.245 Thread 0x00007f97c800a000 Implicit null exception at 0x00007f97b916a474 to 0x00007f97b916aabd
Event: 0.766 Thread 0x00007f97c81d7800 Implicit null exception at 0x00007f97b933a559 to 0x00007f97b933ce95
Event: 1.007 Thread 0x00007f97c81d9000 Implicit null exception at 0x00007f97b9376055 to 0x00007f97b9378b3d
Event: 1.522 Thread 0x00007f97c81d9000 Exception <a 'java/lang/ArrayIndexOutOfBoundsException': 18> (0x00000007712ad0f8) thrown at [/ssd/Android/AOSP-openjdk/external/jetbrains/jdk/hotspot/src/share/vm/interpreter/interpreterRuntime.cpp, line 366]
Event: 1.522 Thread 0x00007f97c81d9000 Exception <a 'java/lang/ArrayIndexOutOfBoundsException': 145> (0x00000007712aec78) thrown at [/ssd/Android/AOSP-openjdk/external/jetbrains/jdk/hotspot/src/share/vm/interpreter/interpreterRuntime.cpp, line 366]
Event: 1.523 Thread 0x00007f97c81d9000 Exception <a 'java/lang/ArrayIndexOutOfBoundsException': 40> (0x00000007712aff60) thrown at [/ssd/Android/AOSP-openjdk/external/jetbrains/jdk/hotspot/src/share/vm/interpreter/interpreterRuntime.cpp, line 366]

Events (10 events):
Event: 16.339 Thread 0x00007f97c81d6000 DEOPT UNPACKING pc=0x00007f97b9047373 sp=0x00007f97b154ce60 mode 0
Event: 16.357 Thread 0x00007f97c81d7800 DEOPT PACKING pc=0x00007f97b9604cba sp=0x00007f97b144bf50
Event: 16.357 Thread 0x00007f97c81d7800 DEOPT UNPACKING pc=0x00007f97b9047373 sp=0x00007f97b144bdb0 mode 0
Event: 16.368 Thread 0x00007f97c81d6000 DEOPT PACKING pc=0x00007f97b9604fe9 sp=0x00007f97b154d000
Event: 16.368 Thread 0x00007f97c81d6000 DEOPT UNPACKING pc=0x00007f97b9047373 sp=0x00007f97b154ce60 mode 0
Event: 16.399 Thread 0x00007f97c81d7800 DEOPT PACKING pc=0x00007f97b9604fe9 sp=0x00007f97b144c000
Event: 16.399 Thread 0x00007f97c81d7800 DEOPT UNPACKING pc=0x00007f97b9047373 sp=0x00007f97b144be60 mode 0
Event: 16.417 Thread 0x00007f97c81d3000 DEOPT PACKING pc=0x00007f97b9604cba sp=0x00007f97b174f000
Event: 16.417 Thread 0x00007f97c81d3000 DEOPT UNPACKING pc=0x00007f97b9047373 sp=0x00007f97b174ee60 mode 0
Event: 16.419 Executing VM operation: ParallelGCFailedAllocation


Dynamic libraries:
00400000-00401000 r-xp 00000000 08:05 929732                             /opt/android-studio/jre/bin/java
00600000-00601000 r--p 00000000 08:05 929732                             /opt/android-studio/jre/bin/java
00601000-00602000 rw-p 00001000 08:05 929732                             /opt/android-studio/jre/bin/java
010f5000-01116000 rw-p 00000000 00:00 0                                  [heap]
6c0000000-6dc300000 rw-p 00000000 00:00 0 
6ec080000-76ab00000 ---p 00000000 00:00 0 
76ab00000-7b1500000 rw-p 00000000 00:00 0 
7b1500000-7c0000000 ---p 00000000 00:00 0 
7c0000000-7c00a0000 rw-p 00000000 00:00 0 
7c00a0000-800000000 ---p 00000000 00:00 0 
7f9764000000-7f9764021000 rw-p 00000000 00:00 0 
7f9764021000-7f9768000000 ---p 00000000 00:00 0 
7f9768000000-7f9768038000 rw-p 00000000 00:00 0 
7f9768038000-7f976c000000 ---p 00000000 00:00 0 
7f976c000000-7f976c021000 rw-p 00000000 00:00 0 
7f976c021000-7f9770000000 ---p 00000000 00:00 0 
7f9770000000-7f977003a000 rw-p 00000000 00:00 0 
7f977003a000-7f9774000000 ---p 00000000 00:00 0 
7f9774000000-7f9774021000 rw-p 00000000 00:00 0 
7f9774021000-7f9778000000 ---p 00000000 00:00 0 
7f9778000000-7f9778033000 rw-p 00000000 00:00 0 
7f9778033000-7f977c000000 ---p 00000000 00:00 0 
7f977c000000-7f977cc6b000 rw-p 00000000 00:00 0 
7f977cc6b000-7f9780000000 ---p 00000000 00:00 0 
7f9780000000-7f9780021000 rw-p 00000000 00:00 0 
7f9780021000-7f9784000000 ---p 00000000 00:00 0 
7f9784000000-7f97854fa000 rw-p 00000000 00:00 0 
7f97854fa000-7f9788000000 ---p 00000000 00:00 0 
7f9788000000-7f97894c1000 rw-p 00000000 00:00 0 
7f97894c1000-7f978c000000 ---p 00000000 00:00 0 
7f978c000000-7f978c021000 rw-p 00000000 00:00 0 
7f978c021000-7f9790000000 ---p 00000000 00:00 0 
7f9790000000-7f9790021000 rw-p 00000000 00:00 0 
7f9790021000-7f9794000000 ---p 00000000 00:00 0 
7f9794000000-7f9794282000 rw-p 00000000 00:00 0 
7f9794282000-7f9798000000 ---p 00000000 00:00 0 
7f9798000000-7f9798021000 rw-p 00000000 00:00 0 
7f9798021000-7f979c000000 ---p 00000000 00:00 0 
7f979c000000-7f97a4000000 rw-p 00000000 00:00 0 
7f97a4000000-7f97a4021000 rw-p 00000000 00:00 0 
7f97a4021000-7f97a8000000 ---p 00000000 00:00 0 
7f97a8000000-7f97a8021000 rw-p 00000000 00:00 0 
7f97a8021000-7f97ac000000 ---p 00000000 00:00 0 
7f97ac000000-7f97ac021000 rw-p 00000000 00:00 0 
7f97ac021000-7f97b0000000 ---p 00000000 00:00 0 
7f97b1227000-7f97b124c000 r--p 00000000 08:05 144167                     /usr/share/locale-langpack/es/LC_MESSAGES/libc.mo
7f97b124c000-7f97b124f000 ---p 00000000 00:00 0 
7f97b124f000-7f97b134d000 rw-p 00000000 00:00 0 
7f97b134d000-7f97b1350000 ---p 00000000 00:00 0 
7f97b1350000-7f97b144e000 rw-p 00000000 00:00 0 
7f97b144e000-7f97b1451000 ---p 00000000 00:00 0 
7f97b1451000-7f97b154f000 rw-p 00000000 00:00 0 
7f97b154f000-7f97b1552000 ---p 00000000 00:00 0 
7f97b1552000-7f97b1650000 rw-p 00000000 00:00 0 
7f97b1650000-7f97b1653000 ---p 00000000 00:00 0 
7f97b1653000-7f97b1751000 rw-p 00000000 00:00 0 
7f97b1751000-7f97b183c000 r--s 00adf000 08:06 1449489                    /home/lester/CONVERSA/Conversa-Android/app/build/intermediates/transforms/jarMerging/debug/jars/1/1f/combined.jar
7f97b183c000-7f97b183d000 ---p 00000000 00:00 0 
7f97b183d000-7f97b193d000 rw-p 00000000 00:00 0 
7f97b193d000-7f97b1940000 ---p 00000000 00:00 0 
7f97b1940000-7f97b1a3e000 rw-p 00000000 00:00 0 
7f97b1a3e000-7f97b1a41000 ---p 00000000 00:00 0 
7f97b1a41000-7f97b1b3f000 rw-p 00000000 00:00 0 
7f97b1b3f000-7f97b1b42000 ---p 00000000 00:00 0 
7f97b1b42000-7f97b1c40000 rw-p 00000000 00:00 0 
7f97b1c40000-7f97b1c43000 ---p 00000000 00:00 0 
7f97b1c43000-7f97b1d41000 rw-p 00000000 00:00 0 
7f97b1d41000-7f97b1d44000 ---p 00000000 00:00 0 
7f97b1d44000-7f97b1e42000 rw-p 00000000 00:00 0 
7f97b1e42000-7f97b238f000 r--p 00000000 08:05 1051794                    /usr/lib/locale/locale-archive
7f97b238f000-7f97b2392000 ---p 00000000 00:00 0 
7f97b2392000-7f97b2490000 rw-p 00000000 00:00 0 
7f97b2490000-7f97b2493000 ---p 00000000 00:00 0 
7f97b2493000-7f97b2591000 rw-p 00000000 00:00 0 
7f97b2591000-7f97b2592000 ---p 00000000 00:00 0 
7f97b2592000-7f97b3631000 rw-p 00000000 00:00 0 
7f97b3631000-7f97b3800000 r--s 03c1b000 08:05 929783                     /opt/android-studio/jre/jre/lib/rt.jar
7f97b3800000-7f97b3ec0000 rw-p 00000000 00:00 0 
7f97b3ec0000-7f97b4000000 ---p 00000000 00:00 0 
7f97b4000000-7f97b4021000 rw-p 00000000 00:00 0 
7f97b4021000-7f97b8000000 ---p 00000000 00:00 0 
7f97b8011000-7f97b88a8000 rw-p 00000000 00:00 0 
7f97b88a8000-7f97b88a9000 ---p 00000000 00:00 0 
7f97b88a9000-7f97b89a9000 rw-p 00000000 00:00 0 
7f97b89a9000-7f97b89aa000 ---p 00000000 00:00 0 
7f97b89aa000-7f97b8b8c000 rw-p 00000000 00:00 0 
7f97b8b8c000-7f97b9000000 ---p 00000000 00:00 0 
7f97b9000000-7f97b9d60000 rwxp 00000000 00:00 0 
7f97b9d60000-7f97c8000000 ---p 00000000 00:00 0 
7f97c8000000-7f97c8405000 rw-p 00000000 00:00 0 
7f97c8405000-7f97cc000000 ---p 00000000 00:00 0 
7f97cc006000-7f97cc048000 rw-p 00000000 00:00 0 
7f97cc048000-7f97cc049000 ---p 00000000 00:00 0 
7f97cc049000-7f97cc149000 rw-p 00000000 00:00 0 
7f97cc149000-7f97cc14a000 ---p 00000000 00:00 0 
7f97cc14a000-7f97cc32c000 rw-p 00000000 00:00 0 
7f97cc32c000-7f97cc79f000 ---p 00000000 00:00 0 
7f97cc79f000-7f97cc9d5000 rw-p 00000000 00:00 0 
7f97cc9d5000-7f97cca4a000 ---p 00000000 00:00 0 
7f97cca4a000-7f97cca81000 rw-p 00000000 00:00 0 
7f97cca81000-7f97cce0b000 ---p 00000000 00:00 0 
7f97cce0b000-7f97cce25000 r-xp 00000000 08:05 929798                     /opt/android-studio/jre/jre/lib/amd64/libzip.so
7f97cce25000-7f97cd025000 ---p 0001a000 08:05 929798                     /opt/android-studio/jre/jre/lib/amd64/libzip.so
7f97cd025000-7f97cd026000 r--p 0001a000 08:05 929798                     /opt/android-studio/jre/jre/lib/amd64/libzip.so
7f97cd026000-7f97cd027000 rw-p 0001b000 08:05 929798                     /opt/android-studio/jre/jre/lib/amd64/libzip.so
7f97cd027000-7f97cd032000 r-xp 00000000 08:05 657657                     /lib/x86_64-linux-gnu/libnss_files-2.23.so
7f97cd032000-7f97cd231000 ---p 0000b000 08:05 657657                     /lib/x86_64-linux-gnu/libnss_files-2.23.so
7f97cd231000-7f97cd232000 r--p 0000a000 08:05 657657                     /lib/x86_64-linux-gnu/libnss_files-2.23.so
7f97cd232000-7f97cd233000 rw-p 0000b000 08:05 657657                     /lib/x86_64-linux-gnu/libnss_files-2.23.so
7f97cd233000-7f97cd239000 rw-p 00000000 00:00 0 
7f97cd239000-7f97cd244000 r-xp 00000000 08:05 657660                     /lib/x86_64-linux-gnu/libnss_nis-2.23.so
7f97cd244000-7f97cd443000 ---p 0000b000 08:05 657660                     /lib/x86_64-linux-gnu/libnss_nis-2.23.so
7f97cd443000-7f97cd444000 r--p 0000a000 08:05 657660                     /lib/x86_64-linux-gnu/libnss_nis-2.23.so
7f97cd444000-7f97cd445000 rw-p 0000b000 08:05 657660                     /lib/x86_64-linux-gnu/libnss_nis-2.23.so
7f97cd445000-7f97cd45b000 r-xp 00000000 08:05 657653                     /lib/x86_64-linux-gnu/libnsl-2.23.so
7f97cd45b000-7f97cd65a000 ---p 00016000 08:05 657653                     /lib/x86_64-linux-gnu/libnsl-2.23.so
7f97cd65a000-7f97cd65b000 r--p 00015000 08:05 657653                     /lib/x86_64-linux-gnu/libnsl-2.23.so
7f97cd65b000-7f97cd65c000 rw-p 00016000 08:05 657653                     /lib/x86_64-linux-gnu/libnsl-2.23.so
7f97cd65c000-7f97cd65e000 rw-p 00000000 00:00 0 
7f97cd65e000-7f97cd666000 r-xp 00000000 08:05 657666                     /lib/x86_64-linux-gnu/libnss_compat-2.23.so
7f97cd666000-7f97cd865000 ---p 00008000 08:05 657666                     /lib/x86_64-linux-gnu/libnss_compat-2.23.so
7f97cd865000-7f97cd866000 r--p 00007000 08:05 657666                     /lib/x86_64-linux-gnu/libnss_compat-2.23.so
7f97cd866000-7f97cd867000 rw-p 00008000 08:05 657666                     /lib/x86_64-linux-gnu/libnss_compat-2.23.so
7f97cd867000-7f97cd894000 r-xp 00000000 08:05 929815                     /opt/android-studio/jre/jre/lib/amd64/libjava.so
7f97cd894000-7f97cda93000 ---p 0002d000 08:05 929815                     /opt/android-studio/jre/jre/lib/amd64/libjava.so
7f97cda93000-7f97cda94000 r--p 0002c000 08:05 929815                     /opt/android-studio/jre/jre/lib/amd64/libjava.so
7f97cda94000-7f97cda96000 rw-p 0002d000 08:05 929815                     /opt/android-studio/jre/jre/lib/amd64/libjava.so
7f97cda96000-7f97cdaa6000 r-xp 00000000 08:05 929788                     /opt/android-studio/jre/jre/lib/amd64/libverify.so
7f97cdaa6000-7f97cdca5000 ---p 00010000 08:05 929788                     /opt/android-studio/jre/jre/lib/amd64/libverify.so
7f97cdca5000-7f97cdca7000 r--p 0000f000 08:05 929788                     /opt/android-studio/jre/jre/lib/amd64/libverify.so
7f97cdca7000-7f97cdca8000 rw-p 00011000 08:05 929788                     /opt/android-studio/jre/jre/lib/amd64/libverify.so
7f97cdca8000-7f97cdcaf000 r-xp 00000000 08:05 657662                     /lib/x86_64-linux-gnu/librt-2.23.so
7f97cdcaf000-7f97cdeae000 ---p 00007000 08:05 657662                     /lib/x86_64-linux-gnu/librt-2.23.so
7f97cdeae000-7f97cdeaf000 r--p 00006000 08:05 657662                     /lib/x86_64-linux-gnu/librt-2.23.so
7f97cdeaf000-7f97cdeb0000 rw-p 00007000 08:05 657662                     /lib/x86_64-linux-gnu/librt-2.23.so
7f97cdeb0000-7f97cdfb8000 r-xp 00000000 08:05 657671                     /lib/x86_64-linux-gnu/libm-2.23.so
7f97cdfb8000-7f97ce1b7000 ---p 00108000 08:05 657671                     /lib/x86_64-linux-gnu/libm-2.23.so
7f97ce1b7000-7f97ce1b8000 r--p 00107000 08:05 657671                     /lib/x86_64-linux-gnu/libm-2.23.so
7f97ce1b8000-7f97ce1b9000 rw-p 00108000 08:05 657671                     /lib/x86_64-linux-gnu/libm-2.23.so
7f97ce1b9000-7f97cedaa000 r-xp 00000000 08:05 929796                     /opt/android-studio/jre/jre/lib/amd64/server/libjvm.so
7f97cedaa000-7f97cefaa000 ---p 00bf1000 08:05 929796                     /opt/android-studio/jre/jre/lib/amd64/server/libjvm.so
7f97cefaa000-7f97cf049000 r--p 00bf1000 08:05 929796                     /opt/android-studio/jre/jre/lib/amd64/server/libjvm.so
7f97cf049000-7f97cf072000 rw-p 00c90000 08:05 929796                     /opt/android-studio/jre/jre/lib/amd64/server/libjvm.so
7f97cf072000-7f97cf0b6000 rw-p 00000000 00:00 0 
7f97cf0b6000-7f97cf0ce000 r-xp 00000000 08:05 657659                     /lib/x86_64-linux-gnu/libpthread-2.23.so
7f97cf0ce000-7f97cf2cd000 ---p 00018000 08:05 657659                     /lib/x86_64-linux-gnu/libpthread-2.23.so
7f97cf2cd000-7f97cf2ce000 r--p 00017000 08:05 657659                     /lib/x86_64-linux-gnu/libpthread-2.23.so
7f97cf2ce000-7f97cf2cf000 rw-p 00018000 08:05 657659                     /lib/x86_64-linux-gnu/libpthread-2.23.so
7f97cf2cf000-7f97cf2d3000 rw-p 00000000 00:00 0 
7f97cf2d3000-7f97cf2d6000 r-xp 00000000 08:05 657665                     /lib/x86_64-linux-gnu/libdl-2.23.so
7f97cf2d6000-7f97cf4d5000 ---p 00003000 08:05 657665                     /lib/x86_64-linux-gnu/libdl-2.23.so
7f97cf4d5000-7f97cf4d6000 r--p 00002000 08:05 657665                     /lib/x86_64-linux-gnu/libdl-2.23.so
7f97cf4d6000-7f97cf4d7000 rw-p 00003000 08:05 657665                     /lib/x86_64-linux-gnu/libdl-2.23.so
7f97cf4d7000-7f97cf697000 r-xp 00000000 08:05 657676                     /lib/x86_64-linux-gnu/libc-2.23.so
7f97cf697000-7f97cf897000 ---p 001c0000 08:05 657676                     /lib/x86_64-linux-gnu/libc-2.23.so
7f97cf897000-7f97cf89b000 r--p 001c0000 08:05 657676                     /lib/x86_64-linux-gnu/libc-2.23.so
7f97cf89b000-7f97cf89d000 rw-p 001c4000 08:05 657676                     /lib/x86_64-linux-gnu/libc-2.23.so
7f97cf89d000-7f97cf8a1000 rw-p 00000000 00:00 0 
7f97cf8a1000-7f97cf8b7000 r-xp 00000000 08:05 929747                     /opt/android-studio/jre/lib/amd64/jli/libjli.so
7f97cf8b7000-7f97cfab6000 ---p 00016000 08:05 929747                     /opt/android-studio/jre/lib/amd64/jli/libjli.so
7f97cfab6000-7f97cfab7000 r--p 00015000 08:05 929747                     /opt/android-studio/jre/lib/amd64/jli/libjli.so
7f97cfab7000-7f97cfab8000 rw-p 00016000 08:05 929747                     /opt/android-studio/jre/lib/amd64/jli/libjli.so
7f97cfab8000-7f97cfade000 r-xp 00000000 08:05 657654                     /lib/x86_64-linux-gnu/ld-2.23.so
7f97cfae0000-7f97cfae7000 r--s 00000000 08:05 8623                       /usr/lib/x86_64-linux-gnu/gconv/gconv-modules.cache
7f97cfae7000-7f97cfbba000 rw-p 00000000 00:00 0 
7f97cfbba000-7f97cfbbd000 ---p 00000000 00:00 0 
7f97cfbbd000-7f97cfcbf000 rw-p 00000000 00:00 0 
7f97cfcc3000-7f97cfcd1000 r--s 000e0000 08:05 806433                     /root/Android/Sdk/build-tools/25.0.3/lib/dx.jar
7f97cfcd1000-7f97cfcd9000 rw-s 00000000 08:05 806423                     /tmp/hsperfdata_lester/7282
7f97cfcd9000-7f97cfcda000 rw-p 00000000 00:00 0 
7f97cfcda000-7f97cfcdb000 ---p 00000000 00:00 0 
7f97cfcdb000-7f97cfcdd000 rw-p 00000000 00:00 0 
7f97cfcdd000-7f97cfcde000 r--p 00025000 08:05 657654                     /lib/x86_64-linux-gnu/ld-2.23.so
7f97cfcde000-7f97cfcdf000 rw-p 00026000 08:05 657654                     /lib/x86_64-linux-gnu/ld-2.23.so
7f97cfcdf000-7f97cfce0000 rw-p 00000000 00:00 0 
7fffdb07d000-7fffdb09e000 rw-p 00000000 00:00 0                          [stack]
7fffdb0f6000-7fffdb0f8000 r--p 00000000 00:00 0                          [vvar]
7fffdb0f8000-7fffdb0fa000 r-xp 00000000 00:00 0                          [vdso]
ffffffffff600000-ffffffffff601000 r-xp 00000000 00:00 0                  [vsyscall]

VM Arguments:
jvm_args: -Djava.awt.headless=true -Xmx4g -Dfile.encoding=UTF-8 -Duser.country=GT -Duser.language=es -Duser.variant 
java_command: com.android.dx.command.Main --dex --num-threads=4 --multi-dex --main-dex-list /home/lester/CONVERSA/Conversa-Android/app/build/intermediates/multi-dex/debug/maindexlist.txt --output /home/lester/CONVERSA/Conversa-Android/app/build/intermediates/transforms/dex/debug/folders/1000/1f/main /home/lester/CONVERSA/Conversa-Android/app/build/intermediates/transforms/jarMerging/debug/jars/1/1f/combined.jar
java_class_path (initial): /root/Android/Sdk/build-tools/25.0.3/lib/dx.jar
Launcher Type: SUN_STANDARD

Environment Variables:
PATH=/home/lester/bin:/home/lester/.local/bin:/usr/local/sbin:/usr/local/bin:/usr/sbin:/usr/bin:/sbin:/bin:/usr/games:/usr/local/games:/snap/bin
SHELL=/bin/bash
DISPLAY=:0

Signal Handlers:
SIGSEGV: [libjvm.so+0x9e5150], sa_mask[0]=11111111011111111101111111111110, sa_flags=SA_RESTART|SA_SIGINFO
SIGBUS: [libjvm.so+0x9e5150], sa_mask[0]=11111111011111111101111111111110, sa_flags=SA_RESTART|SA_SIGINFO
SIGFPE: [libjvm.so+0x848450], sa_mask[0]=11111111011111111101111111111110, sa_flags=SA_RESTART|SA_SIGINFO
SIGPIPE: [libjvm.so+0x848450], sa_mask[0]=11111111011111111101111111111110, sa_flags=SA_RESTART|SA_SIGINFO
SIGXFSZ: [libjvm.so+0x848450], sa_mask[0]=11111111011111111101111111111110, sa_flags=SA_RESTART|SA_SIGINFO
SIGILL: [libjvm.so+0x848450], sa_mask[0]=11111111011111111101111111111110, sa_flags=SA_RESTART|SA_SIGINFO
SIGUSR1: SIG_DFL, sa_mask[0]=00000000000000000000000000000000, sa_flags=none
SIGUSR2: [libjvm.so+0x848320], sa_mask[0]=00100000000000000000000000000000, sa_flags=SA_RESTART|SA_SIGINFO
SIGHUP: [libjvm.so+0x848510], sa_mask[0]=11111111011111111101111111111110, sa_flags=SA_RESTART|SA_SIGINFO
SIGINT: [libjvm.so+0x848510], sa_mask[0]=11111111011111111101111111111110, sa_flags=SA_RESTART|SA_SIGINFO
SIGTERM: [libjvm.so+0x848510], sa_mask[0]=11111111011111111101111111111110, sa_flags=SA_RESTART|SA_SIGINFO
SIGQUIT: [libjvm.so+0x848510], sa_mask[0]=11111111011111111101111111111110, sa_flags=SA_RESTART|SA_SIGINFO


---------------  S Y S T E M  ---------------

OS:DISTRIB_ID=Ubuntu
DISTRIB_RELEASE=16.04
DISTRIB_CODENAME=xenial
DISTRIB_DESCRIPTION="Ubuntu 16.04.3 LTS"

uname:Linux 4.4.0-97-generic #120-Ubuntu SMP Tue Sep 19 17:28:18 UTC 2017 x86_64
libc:glibc 2.23 NPTL 2.23 
rlimit: STACK 8192k, CORE 0k, NPROC 31122, NOFILE 1048576, AS infinity
load average:6.71 3.11 2.29

/proc/meminfo:
MemTotal:        8075500 kB
MemFree:          203036 kB
MemAvailable:     167900 kB
Buffers:            4416 kB
Cached:           853864 kB
SwapCached:            0 kB
Active:          6109316 kB
Inactive:         748180 kB
Active(anon):    6077804 kB
Inactive(anon):   637984 kB
Active(file):      31512 kB
Inactive(file):   110196 kB
Unevictable:          32 kB
Mlocked:              32 kB
SwapTotal:             0 kB
SwapFree:              0 kB
Dirty:             19456 kB
Writeback:             0 kB
AnonPages:       5999780 kB
Mapped:          1102796 kB
Shmem:            716040 kB
Slab:             114068 kB
SReclaimable:      66036 kB
SUnreclaim:        48032 kB
KernelStack:       13328 kB
PageTables:        52616 kB
NFS_Unstable:          0 kB
Bounce:                0 kB
WritebackTmp:          0 kB
CommitLimit:     4037748 kB
Committed_AS:   12626696 kB
VmallocTotal:   34359738367 kB
VmallocUsed:           0 kB
VmallocChunk:          0 kB
HardwareCorrupted:     0 kB
AnonHugePages:   1755136 kB
CmaTotal:              0 kB
CmaFree:               0 kB
HugePages_Total:       0
HugePages_Free:        0
HugePages_Rsvd:        0
HugePages_Surp:        0
Hugepagesize:       2048 kB
DirectMap4k:      195372 kB
DirectMap2M:     5996544 kB
DirectMap1G:     3145728 kB


CPU:total 4 (2 cores per cpu, 2 threads per core) family 6 model 61 stepping 4, cmov, cx8, fxsr, mmx, sse, sse2, sse3, ssse3, sse4.1, sse4.2, popcnt, avx, avx2, aes, clmul, erms, 3dnowpref, lzcnt, ht, tsc, tscinvbit, bmi1, bmi2, adx

/proc/cpuinfo:
processor	: 0
vendor_id	: GenuineIntel
cpu family	: 6
model		: 61
model name	: Intel(R) Core(TM) i7-5500U CPU @ 2.40GHz
stepping	: 4
microcode	: 0x18
cpu MHz		: 2278.406
cache size	: 4096 KB
physical id	: 0
siblings	: 4
core id		: 0
cpu cores	: 2
apicid		: 0
initial apicid	: 0
fpu		: yes
fpu_exception	: yes
cpuid level	: 20
wp		: yes
flags		: fpu vme de pse tsc msr pae mce cx8 apic sep mtrr pge mca cmov pat pse36 clflush dts acpi mmx fxsr sse sse2 ss ht tm pbe syscall nx pdpe1gb rdtscp lm constant_tsc arch_perfmon pebs bts rep_good nopl xtopology nonstop_tsc aperfmperf eagerfpu pni pclmulqdq dtes64 monitor ds_cpl vmx est tm2 ssse3 sdbg fma cx16 xtpr pdcm pcid sse4_1 sse4_2 x2apic movbe popcnt tsc_deadline_timer aes xsave avx f16c rdrand lahf_lm abm 3dnowprefetch epb intel_pt tpr_shadow vnmi flexpriority ept vpid fsgsbase tsc_adjust bmi1 avx2 smep bmi2 erms invpcid rdseed adx smap xsaveopt dtherm ida arat pln pts
bugs		:
bogomips	: 4788.80
clflush size	: 64
cache_alignment	: 64
address sizes	: 39 bits physical, 48 bits virtual
power management:

processor	: 1
vendor_id	: GenuineIntel
cpu family	: 6
model		: 61
model name	: Intel(R) Core(TM) i7-5500U CPU @ 2.40GHz
stepping	: 4
microcode	: 0x18
cpu MHz		: 2360.437
cache size	: 4096 KB
physical id	: 0
siblings	: 4
core id		: 1
cpu cores	: 2
apicid		: 2
initial apicid	: 2
fpu		: yes
fpu_exception	: yes
cpuid level	: 20
wp		: yes
flags		: fpu vme de pse tsc msr pae mce cx8 apic sep mtrr pge mca cmov pat pse36 clflush dts acpi mmx fxsr sse sse2 ss ht tm pbe syscall nx pdpe1gb rdtscp lm constant_tsc arch_perfmon pebs bts rep_good nopl xtopology nonstop_tsc aperfmperf eagerfpu pni pclmulqdq dtes64 monitor ds_cpl vmx est tm2 ssse3 sdbg fma cx16 xtpr pdcm pcid sse4_1 sse4_2 x2apic movbe popcnt tsc_deadline_timer aes xsave avx f16c rdrand lahf_lm abm 3dnowprefetch epb intel_pt tpr_shadow vnmi flexpriority ept vpid fsgsbase tsc_adjust bmi1 avx2 smep bmi2 erms invpcid rdseed adx smap xsaveopt dtherm ida arat pln pts
bugs		:
bogomips	: 4788.80
clflush size	: 64
cache_alignment	: 64
address sizes	: 39 bits physical, 48 bits virtual
power management:

processor	: 2
vendor_id	: GenuineIntel
cpu family	: 6
model		: 61
model name	: Intel(R) Core(TM) i7-5500U CPU @ 2.40GHz
stepping	: 4
microcode	: 0x18
cpu MHz		: 2067.000
cache size	: 4096 KB
physical id	: 0
siblings	: 4
core id		: 0
cpu cores	: 2
apicid		: 1
initial apicid	: 1
fpu		: yes
fpu_exception	: yes
cpuid level	: 20
wp		: yes
flags		: fpu vme de pse tsc msr pae mce cx8 apic sep mtrr pge mca cmov pat pse36 clflush dts acpi mmx fxsr sse sse2 ss ht tm pbe syscall nx pdpe1gb rdtscp lm constant_tsc arch_perfmon pebs bts rep_good nopl xtopology nonstop_tsc aperfmperf eagerfpu pni pclmulqdq dtes64 monitor ds_cpl vmx est tm2 ssse3 sdbg fma cx16 xtpr pdcm pcid sse4_1 sse4_2 x2apic movbe popcnt tsc_deadline_timer aes xsave avx f16c rdrand lahf_lm abm 3dnowprefetch epb intel_pt tpr_shadow vnmi flexpriority ept vpid fsgsbase tsc_adjust bmi1 avx2 smep bmi2 erms invpcid rdseed adx smap xsaveopt dtherm ida arat pln pts
bugs		:
bogomips	: 4788.80
clflush size	: 64
cache_alignment	: 64
address sizes	: 39 bits physical, 48 bits virtual
power management:

processor	: 3
vendor_id	: GenuineIntel
cpu family	: 6
model		: 61
model name	: Intel(R) Core(TM) i7-5500U CPU @ 2.40GHz
stepping	: 4
microcode	: 0x18
cpu MHz		: 2305.125
cache size	: 4096 KB
physical id	: 0
siblings	: 4
core id		: 1
cpu cores	: 2
apicid		: 3
initial apicid	: 3
fpu		: yes
fpu_exception	: yes
cpuid level	: 20
wp		: yes
flags		: fpu vme de pse tsc msr pae mce cx8 apic sep mtrr pge mca cmov pat pse36 clflush dts acpi mmx fxsr sse sse2 ss ht tm pbe syscall nx pdpe1gb rdtscp lm constant_tsc arch_perfmon pebs bts rep_good nopl xtopology nonstop_tsc aperfmperf eagerfpu pni pclmulqdq dtes64 monitor ds_cpl vmx est tm2 ssse3 sdbg fma cx16 xtpr pdcm pcid sse4_1 sse4_2 x2apic movbe popcnt tsc_deadline_timer aes xsave avx f16c rdrand lahf_lm abm 3dnowprefetch epb intel_pt tpr_shadow vnmi flexpriority ept vpid fsgsbase tsc_adjust bmi1 avx2 smep bmi2 erms invpcid rdseed adx smap xsaveopt dtherm ida arat pln pts
bugs		:
bogomips	: 4788.80
clflush size	: 64
cache_alignment	: 64
address sizes	: 39 bits physical, 48 bits virtual
power management:



Memory: 4k page, physical 8075500k(203036k free), swap 0k(0k free)

vm_info: OpenJDK 64-Bit Server VM (25.112-b06) for linux-amd64 JRE (1.8.0_112-release-b06), built on Dec  6 2016 12:11:18 by "builder" with gcc 4.8.4

time: Fri Nov  3 22:41:20 2017
elapsed time: 26 seconds (0d 0h 0m 26s)

