#
# There is insufficient memory for the Java Runtime Environment to continue.
# Native memory allocation (mmap) failed to map 198180864 bytes for committing reserved memory.
# Possible reasons:
#   The system is out of physical RAM or swap space
#   In 32 bit mode, the process size limit was hit
# Possible solutions:
#   Reduce memory load on the system
#   Increase physical memory or swap space
#   Check if swap backing store is full
#   Use 64 bit Java on a 64 bit OS
#   Decrease Java heap size (-Xmx/-Xms)
#   Decrease number of Java threads
#   Decrease Java thread stack sizes (-Xss)
#   Set larger code cache with -XX:ReservedCodeCacheSize=
# This output file may be truncated or incomplete.
#
#  Out of Memory Error (os_linux.cpp:2627), pid=1994, tid=0x00007f7c19edf700
#
# JRE version: OpenJDK Runtime Environment (8.0_112-b06) (build 1.8.0_112-release-b06)
# Java VM: OpenJDK 64-Bit Server VM (25.112-b06 mixed mode linux-amd64 compressed oops)
# Failed to write core dump. Core dumps have been disabled. To enable core dumping, try "ulimit -c unlimited" before starting Java again
#

---------------  T H R E A D  ---------------

Current thread (0x00007f7c30077800):  VMThread [stack: 0x00007f7c19ddf000,0x00007f7c19ee0000] [id=2004]

Stack: [0x00007f7c19ddf000,0x00007f7c19ee0000],  sp=0x00007f7c19ede4c0,  free space=1021k
Native frames: (J=compiled Java code, j=interpreted, Vv=VM code, C=native code)
V  [libjvm.so+0x9e465d]  VMError::report_and_die()+0x15d
V  [libjvm.so+0x4b6ada]  report_vm_out_of_memory(char const*, int, unsigned long, VMErrorType, char const*)+0x8a
V  [libjvm.so+0x84c860]  os::pd_commit_memory(char*, unsigned long, unsigned long, bool)+0xf0
V  [libjvm.so+0x84737f]  os::commit_memory(char*, unsigned long, unsigned long, bool)+0x1f
V  [libjvm.so+0x8bd3db]  PSVirtualSpace::expand_by(unsigned long)+0x5b
V  [libjvm.so+0x8be050]  PSYoungGen::resize_generation(unsigned long, unsigned long)+0xb0
V  [libjvm.so+0x8be36b]  PSYoungGen::resize(unsigned long, unsigned long)+0x1b
V  [libjvm.so+0x8baa5c]  PSScavenge::invoke_no_policy()+0xdac
V  [libjvm.so+0x8bb238]  PSScavenge::invoke()+0x38
V  [libjvm.so+0x86fcf3]  ParallelScavengeHeap::failed_mem_allocate(unsigned long)+0x63
V  [libjvm.so+0x9e6124]  VM_ParallelGCFailedAllocation::doit()+0x84
V  [libjvm.so+0x9ea537]  VM_Operation::evaluate()+0x47
V  [libjvm.so+0x9e8ff8]  VMThread::evaluate_operation(VM_Operation*)+0x2c8
V  [libjvm.so+0x9e9479]  VMThread::loop()+0x219
V  [libjvm.so+0x9e98c2]  VMThread::run()+0x72
V  [libjvm.so+0x849c82]  java_start(Thread*)+0xf2

VM_Operation (0x00007f7c18bba060): ParallelGCFailedAllocation, mode: safepoint, requested by thread 0x00007f7c3019b000


---------------  P R O C E S S  ---------------

Java Threads: ( => current thread )
  0x00007f7c3019b000 JavaThread "pool-2-thread-4" [_thread_blocked, id=2017, stack(0x00007f7c18abb000,0x00007f7c18bbc000)]
  0x00007f7c30199000 JavaThread "pool-2-thread-3" [_thread_blocked, id=2016, stack(0x00007f7c18bbc000,0x00007f7c18cbd000)]
  0x00007f7c30197800 JavaThread "pool-2-thread-2" [_thread_blocked, id=2015, stack(0x00007f7c18cbd000,0x00007f7c18dbe000)]
  0x00007f7c30196000 JavaThread "pool-3-thread-1" [_thread_blocked, id=2014, stack(0x00007f7c18dbe000,0x00007f7c18ebf000)]
  0x00007f7c30195000 JavaThread "pool-2-thread-1" [_thread_blocked, id=2013, stack(0x00007f7c18ebf000,0x00007f7c18fc0000)]
  0x00007f7c300bf800 JavaThread "Service Thread" daemon [_thread_blocked, id=2011, stack(0x00007f7c1918b000,0x00007f7c1928c000)]
  0x00007f7c300bc800 JavaThread "C1 CompilerThread2" daemon [_thread_blocked, id=2010, stack(0x00007f7c1928c000,0x00007f7c1938d000)]
  0x00007f7c300ba800 JavaThread "C2 CompilerThread1" daemon [_thread_blocked, id=2009, stack(0x00007f7c1938d000,0x00007f7c1948e000)]
  0x00007f7c300b7800 JavaThread "C2 CompilerThread0" daemon [_thread_blocked, id=2008, stack(0x00007f7c1948e000,0x00007f7c1958f000)]
  0x00007f7c300b6800 JavaThread "Signal Dispatcher" daemon [_thread_blocked, id=2007, stack(0x00007f7c1958f000,0x00007f7c19690000)]
  0x00007f7c30083800 JavaThread "Finalizer" daemon [_thread_blocked, id=2006, stack(0x00007f7c19bdd000,0x00007f7c19cde000)]
  0x00007f7c3007f000 JavaThread "Reference Handler" daemon [_thread_blocked, id=2005, stack(0x00007f7c19cde000,0x00007f7c19ddf000)]
  0x00007f7c3000a000 JavaThread "main" [_thread_blocked, id=1999, stack(0x00007f7c37420000,0x00007f7c37521000)]

Other Threads:
=>0x00007f7c30077800 VMThread [stack: 0x00007f7c19ddf000,0x00007f7c19ee0000] [id=2004]
  0x00007f7c300c2000 WatcherThread [stack: 0x00007f7c1908a000,0x00007f7c1918b000] [id=2012]

VM state:at safepoint (normal execution)

VM Mutex/Monitor currently owned by a thread:  ([mutex/lock_event])
[0x00007f7c30006580] Threads_lock - owner thread: 0x00007f7c30077800
[0x00007f7c30006a80] Heap_lock - owner thread: 0x00007f7c3019b000

Heap:
 PSYoungGen      total 795136K, used 148479K [0x000000076ab00000, 0x00000007a4480000, 0x00000007c0000000)
  eden space 646656K, 0% used [0x000000076ab00000,0x000000076ab00000,0x0000000792280000)
  from space 148480K, 99% used [0x0000000792280000,0x000000079b37ff50,0x000000079b380000)
  to   space 124928K, 0% used [0x000000079ca80000,0x000000079ca80000,0x00000007a4480000)
 ParOldGen       total 476160K, used 343646K [0x00000006c0000000, 0x00000006dd100000, 0x000000076ab00000)
  object space 476160K, 72% used [0x00000006c0000000,0x00000006d4f97808,0x00000006dd100000)
 Metaspace       used 6392K, capacity 7280K, committed 7552K, reserved 1056768K
  class space    used 582K, capacity 616K, committed 640K, reserved 1048576K

Card table byte_map: [0x00007f7c207ff000,0x00007f7c21000000] byte_map_base: 0x00007f7c1d1ff000

Marking Bits: (ParMarkBitMap*) 0x00007f7c368ed340
 Begin Bits: [0x00007f7bfc000000, 0x00007f7c00000000)
 End Bits:   [0x00007f7c00000000, 0x00007f7c04000000)

Polling page: 0x00007f7c37540000

CodeCache: size=245760Kb used=13257Kb max_used=13257Kb free=232502Kb
 bounds [0x00007f7c21000000, 0x00007f7c21d00000, 0x00007f7c30000000]
 total_blobs=2826 nmethods=2564 adapters=176
 compilation: enabled

Compilation events (10 events):
Event: 23.994 Thread 0x00007f7c300bc800 2787       2       com.android.dx.rop.code.RegisterSpecList::withoutFirst (62 bytes)
Event: 23.996 Thread 0x00007f7c300bc800 nmethod 2787 0x00007f7c21cb5f90 code [0x00007f7c21cb6160, 0x00007f7c21cb6768]
Event: 24.004 Thread 0x00007f7c300bc800 2788       2       java.util.ArrayList::lastIndexOf (69 bytes)
Event: 24.005 Thread 0x00007f7c300bc800 nmethod 2788 0x00007f7c21cb5910 code [0x00007f7c21cb5aa0, 0x00007f7c21cb5da8]
Event: 24.018 Thread 0x00007f7c300bc800 2789       2       com.android.dx.ssa.LiteralOpUpgrader::replacePlainInsn (131 bytes)
Event: 24.019 Thread 0x00007f7c300bc800 nmethod 2789 0x00007f7c21cd2890 code [0x00007f7c21cd2ae0, 0x00007f7c21cd33f8]
Event: 24.022 Thread 0x00007f7c300bc800 2790       2       com.android.dx.rop.code.RegOps::flippedIfOpcode (81 bytes)
Event: 24.023 Thread 0x00007f7c300bc800 nmethod 2790 0x00007f7c21cb50d0 code [0x00007f7c21cb5280, 0x00007f7c21cb56d8]
Event: 24.122 Thread 0x00007f7c300bc800 2792 %     3       java.util.DualPivotQuicksort::sort @ 39 (1195 bytes)
Event: 24.127 Thread 0x00007f7c300bc800 nmethod 2792% 0x00007f7c21ccde50 code [0x00007f7c21cce220, 0x00007f7c21cd03e8]

GC Heap History (10 events):
Event: 9.776 GC heap after
Heap after GC invocations=11 (full 1):
 PSYoungGen      total 652288K, used 90105K [0x000000076ab00000, 0x000000079f600000, 0x00000007c0000000)
  eden space 562176K, 0% used [0x000000076ab00000,0x000000076ab00000,0x000000078d000000)
  from space 90112K, 99% used [0x0000000794900000,0x000000079a0fe618,0x000000079a100000)
  to   space 123904K, 0% used [0x000000078d000000,0x000000078d000000,0x0000000794900000)
 ParOldGen       total 162816K, used 159716K [0x00000006c0000000, 0x00000006c9f00000, 0x000000076ab00000)
  object space 162816K, 98% used [0x00000006c0000000,0x00000006c9bf93b0,0x00000006c9f00000)
 Metaspace       used 6369K, capacity 7280K, committed 7552K, reserved 1056768K
  class space    used 581K, capacity 616K, committed 640K, reserved 1048576K
}
Event: 9.776 GC heap before
{Heap before GC invocations=12 (full 2):
 PSYoungGen      total 652288K, used 90105K [0x000000076ab00000, 0x000000079f600000, 0x00000007c0000000)
  eden space 562176K, 0% used [0x000000076ab00000,0x000000076ab00000,0x000000078d000000)
  from space 90112K, 99% used [0x0000000794900000,0x000000079a0fe618,0x000000079a100000)
  to   space 123904K, 0% used [0x000000078d000000,0x000000078d000000,0x0000000794900000)
 ParOldGen       total 162816K, used 159716K [0x00000006c0000000, 0x00000006c9f00000, 0x000000076ab00000)
  object space 162816K, 98% used [0x00000006c0000000,0x00000006c9bf93b0,0x00000006c9f00000)
 Metaspace       used 6369K, capacity 7280K, committed 7552K, reserved 1056768K
  class space    used 581K, capacity 616K, committed 640K, reserved 1048576K
Event: 11.170 GC heap after
Heap after GC invocations=12 (full 2):
 PSYoungGen      total 652288K, used 79105K [0x000000076ab00000, 0x000000079f600000, 0x00000007c0000000)
  eden space 562176K, 0% used [0x000000076ab00000,0x000000076ab00000,0x000000078d000000)
  from space 90112K, 87% used [0x0000000794900000,0x0000000799640700,0x000000079a100000)
  to   space 123904K, 0% used [0x000000078d000000,0x000000078d000000,0x0000000794900000)
 ParOldGen       total 290816K, used 162759K [0x00000006c0000000, 0x00000006d1c00000, 0x000000076ab00000)
  object space 290816K, 55% used [0x00000006c0000000,0x00000006c9ef1fe8,0x00000006d1c00000)
 Metaspace       used 6369K, capacity 7280K, committed 7552K, reserved 1056768K
  class space    used 581K, capacity 616K, committed 640K, reserved 1048576K
}
Event: 13.580 GC heap before
{Heap before GC invocations=13 (full 2):
 PSYoungGen      total 652288K, used 641281K [0x000000076ab00000, 0x000000079f600000, 0x00000007c0000000)
  eden space 562176K, 100% used [0x000000076ab00000,0x000000078d000000,0x000000078d000000)
  from space 90112K, 87% used [0x0000000794900000,0x0000000799640700,0x000000079a100000)
  to   space 123904K, 0% used [0x000000078d000000,0x000000078d000000,0x0000000794900000)
 ParOldGen       total 290816K, used 162759K [0x00000006c0000000, 0x00000006d1c00000, 0x000000076ab00000)
  object space 290816K, 55% used [0x00000006c0000000,0x00000006c9ef1fe8,0x00000006d1c00000)
 Metaspace       used 6385K, capacity 7280K, committed 7552K, reserved 1056768K
  class space    used 582K, capacity 616K, committed 640K, reserved 1048576K
Event: 14.162 GC heap after
Heap after GC invocations=13 (full 2):
 PSYoungGen      total 686080K, used 86645K [0x000000076ab00000, 0x00000007a4b80000, 0x00000007c0000000)
  eden space 562176K, 0% used [0x000000076ab00000,0x000000076ab00000,0x000000078d000000)
  from space 123904K, 69% used [0x000000078d000000,0x000000079249d540,0x0000000794900000)
  to   space 132096K, 0% used [0x000000079ca80000,0x000000079ca80000,0x00000007a4b80000)
 ParOldGen       total 290816K, used 241319K [0x00000006c0000000, 0x00000006d1c00000, 0x000000076ab00000)
  object space 290816K, 82% used [0x00000006c0000000,0x00000006ceba9e00,0x00000006d1c00000)
 Metaspace       used 6385K, capacity 7280K, committed 7552K, reserved 1056768K
  class space    used 582K, capacity 616K, committed 640K, reserved 1048576K
}
Event: 14.162 GC heap before
{Heap before GC invocations=14 (full 3):
 PSYoungGen      total 686080K, used 86645K [0x000000076ab00000, 0x00000007a4b80000, 0x00000007c0000000)
  eden space 562176K, 0% used [0x000000076ab00000,0x000000076ab00000,0x000000078d000000)
  from space 123904K, 69% used [0x000000078d000000,0x000000079249d540,0x0000000794900000)
  to   space 132096K, 0% used [0x000000079ca80000,0x000000079ca80000,0x00000007a4b80000)
 ParOldGen       total 290816K, used 241319K [0x00000006c0000000, 0x00000006d1c00000, 0x000000076ab00000)
  object space 290816K, 82% used [0x00000006c0000000,0x00000006ceba9e00,0x00000006d1c00000)
 Metaspace       used 6385K, capacity 7280K, committed 7552K, reserved 1056768K
  class space    used 582K, capacity 616K, committed 640K, reserved 1048576K
Event: 17.533 GC heap after
Heap after GC invocations=14 (full 3):
 PSYoungGen      total 686080K, used 32474K [0x000000076ab00000, 0x00000007a4b80000, 0x00000007c0000000)
  eden space 562176K, 0% used [0x000000076ab00000,0x000000076ab00000,0x000000078d000000)
  from space 123904K, 26% used [0x000000078d000000,0x000000078efb6bf8,0x0000000794900000)
  to   space 132096K, 0% used [0x000000079ca80000,0x000000079ca80000,0x00000007a4b80000)
 ParOldGen       total 476160K, used 290695K [0x00000006c0000000, 0x00000006dd100000, 0x000000076ab00000)
  object space 476160K, 61% used [0x00000006c0000000,0x00000006d1be1df8,0x00000006dd100000)
 Metaspace       used 6385K, capacity 7280K, committed 7552K, reserved 1056768K
  class space    used 582K, capacity 616K, committed 640K, reserved 1048576K
}
Event: 20.682 GC heap before
{Heap before GC invocations=15 (full 3):
 PSYoungGen      total 686080K, used 594650K [0x000000076ab00000, 0x00000007a4b80000, 0x00000007c0000000)
  eden space 562176K, 100% used [0x000000076ab00000,0x000000078d000000,0x000000078d000000)
  from space 123904K, 26% used [0x000000078d000000,0x000000078efb6bf8,0x0000000794900000)
  to   space 132096K, 0% used [0x000000079ca80000,0x000000079ca80000,0x00000007a4b80000)
 ParOldGen       total 476160K, used 290695K [0x00000006c0000000, 0x00000006dd100000, 0x000000076ab00000)
  object space 476160K, 61% used [0x00000006c0000000,0x00000006d1be1df8,0x00000006dd100000)
 Metaspace       used 6388K, capacity 7280K, committed 7552K, reserved 1056768K
  class space    used 582K, capacity 616K, committed 640K, reserved 1048576K
Event: 21.123 GC heap after
Heap after GC invocations=15 (full 3):
 PSYoungGen      total 771584K, used 113025K [0x000000076ab00000, 0x00000007a4480000, 0x00000007c0000000)
  eden space 646656K, 0% used [0x000000076ab00000,0x000000076ab00000,0x0000000792280000)
  from space 124928K, 90% used [0x000000079ca80000,0x00000007a38e0528,0x00000007a4480000)
  to   space 148480K, 0% used [0x0000000792280000,0x0000000792280000,0x000000079b380000)
 ParOldGen       total 476160K, used 290695K [0x00000006c0000000, 0x00000006dd100000, 0x000000076ab00000)
  object space 476160K, 61% used [0x00000006c0000000,0x00000006d1be1df8,0x00000006dd100000)
 Metaspace       used 6388K, capacity 7280K, committed 7552K, reserved 1056768K
  class space    used 582K, capacity 616K, committed 640K, reserved 1048576K
}
Event: 24.554 GC heap before
{Heap before GC invocations=16 (full 3):
 PSYoungGen      total 771584K, used 759681K [0x000000076ab00000, 0x00000007a4480000, 0x00000007c0000000)
  eden space 646656K, 100% used [0x000000076ab00000,0x0000000792280000,0x0000000792280000)
  from space 124928K, 90% used [0x000000079ca80000,0x00000007a38e0528,0x00000007a4480000)
  to   space 148480K, 0% used [0x0000000792280000,0x0000000792280000,0x000000079b380000)
 ParOldGen       total 476160K, used 290695K [0x00000006c0000000, 0x00000006dd100000, 0x000000076ab00000)
  object space 476160K, 61% used [0x00000006c0000000,0x00000006d1be1df8,0x00000006dd100000)
 Metaspace       used 6392K, capacity 7280K, committed 7552K, reserved 1056768K
  class space    used 582K, capacity 616K, committed 640K, reserved 1048576K

Deoptimization events (10 events):
Event: 13.087 Thread 0x00007f7c30199000 Uncommon trap: reason=class_check action=maybe_recompile pc=0x00007f7c21b12094 method=com.android.dx.ssa.SCCP.replaceConstants()V @ 182
Event: 13.105 Thread 0x00007f7c30197800 Uncommon trap: reason=unstable_if action=reinterpret pc=0x00007f7c21a105e4 method=com.android.dx.cf.code.Ropper.processBlock(Lcom/android/dx/cf/code/ByteBlock;Lcom/android/dx/cf/code/Frame;[I)V @ 651
Event: 18.140 Thread 0x00007f7c30199000 Uncommon trap: reason=unstable_if action=reinterpret pc=0x00007f7c21ab163c method=com.android.dx.ssa.SsaMethod.makeExitBlock()V @ 103
Event: 18.189 Thread 0x00007f7c30199000 Uncommon trap: reason=unstable_if action=reinterpret pc=0x00007f7c21395720 method=com.android.dx.rop.code.RegisterSpec.equals(ILcom/android/dx/rop/type/TypeBearer;Lcom/android/dx/rop/code/LocalItem;)Z @ 42
Event: 18.930 Thread 0x00007f7c30195000 Uncommon trap: reason=unstable_if action=reinterpret pc=0x00007f7c21beb994 method=com.android.dx.ssa.SCCP.replaceBranches()V @ 14
Event: 19.911 Thread 0x00007f7c3019b000 Uncommon trap: reason=unstable_if action=reinterpret pc=0x00007f7c21c30640 method=com.android.dx.cf.code.RopperMachine.updateReturnOp(Lcom/android/dx/rop/code/Rop;Lcom/android/dx/rop/code/SourcePosition;)V @ 106
Event: 20.335 Thread 0x00007f7c30197800 Uncommon trap: reason=unstable_if action=reinterpret pc=0x00007f7c21baf238 method=com.android.dx.ssa.back.IdenticalBlockCombiner.replaceSucc(Lcom/android/dx/rop/code/BasicBlock;II)V @ 30
Event: 21.195 Thread 0x00007f7c3019b000 Uncommon trap: reason=class_check action=maybe_recompile pc=0x00007f7c21a95290 method=com.android.dx.ssa.SCCP.simulateBranch(Lcom/android/dx/ssa/SsaInsn;)V @ 339
Event: 21.214 Thread 0x00007f7c3019b000 Uncommon trap: reason=class_check action=maybe_recompile pc=0x00007f7c21a95290 method=com.android.dx.ssa.SCCP.simulateBranch(Lcom/android/dx/ssa/SsaInsn;)V @ 339
Event: 22.011 Thread 0x00007f7c3019b000 Uncommon trap: reason=unstable_if action=reinterpret pc=0x00007f7c21c9e814 method=com.android.dx.rop.code.BasicBlockList.preferredSuccessorOf(Lcom/android/dx/rop/code/BasicBlock;)Lcom/android/dx/rop/code/BasicBlock; @ 58

Internal exceptions (7 events):
Event: 0.020 Thread 0x00007f7c3000a000 Exception <a 'java/lang/NoSuchMethodError': Method sun.misc.Unsafe.defineClass(Ljava/lang/String;[BII)Ljava/lang/Class; name or signature does not match> (0x000000076ab07c78) thrown at [/ssd/Android/AOSP-openjdk/external/jetbrains/jdk/hotspot/src/share/vm
Event: 0.020 Thread 0x00007f7c3000a000 Exception <a 'java/lang/NoSuchMethodError': Method sun.misc.Unsafe.prefetchRead(Ljava/lang/Object;J)V name or signature does not match> (0x000000076ab07f60) thrown at [/ssd/Android/AOSP-openjdk/external/jetbrains/jdk/hotspot/src/share/vm/prims/jni.cpp, li
Event: 1.104 Thread 0x00007f7c30195000 Implicit null exception at 0x00007f7c21366eef to 0x00007f7c21369679
Event: 1.289 Thread 0x00007f7c30199000 Implicit null exception at 0x00007f7c21331999 to 0x00007f7c21333e8d
Event: 2.190 Thread 0x00007f7c30197800 Exception <a 'java/lang/ArrayIndexOutOfBoundsException': 18> (0x000000076f8054d8) thrown at [/ssd/Android/AOSP-openjdk/external/jetbrains/jdk/hotspot/src/share/vm/interpreter/interpreterRuntime.cpp, line 366]
Event: 2.190 Thread 0x00007f7c30197800 Exception <a 'java/lang/ArrayIndexOutOfBoundsException': 145> (0x000000076f807058) thrown at [/ssd/Android/AOSP-openjdk/external/jetbrains/jdk/hotspot/src/share/vm/interpreter/interpreterRuntime.cpp, line 366]
Event: 2.202 Thread 0x00007f7c30197800 Exception <a 'java/lang/ArrayIndexOutOfBoundsException'> (0x000000076f808340) thrown at [/ssd/Android/AOSP-openjdk/external/jetbrains/jdk/hotspot/src/share/vm/runtime/sharedRuntime.cpp, line 605]

Events (10 events):
Event: 24.172 Thread 0x00007f7c30199000 DEOPT UNPACKING pc=0x00007f7c21047373 sp=0x00007f7c18cbaf60 mode 0
Event: 24.357 Thread 0x00007f7c30199000 DEOPT PACKING pc=0x00007f7c215a0c58 sp=0x00007f7c18cbb110
Event: 24.357 Thread 0x00007f7c30199000 DEOPT UNPACKING pc=0x00007f7c21047373 sp=0x00007f7c18cbaf60 mode 0
Event: 24.420 Thread 0x00007f7c30197800 DEOPT PACKING pc=0x00007f7c215a0c58 sp=0x00007f7c18dbc110
Event: 24.420 Thread 0x00007f7c30197800 DEOPT UNPACKING pc=0x00007f7c21047373 sp=0x00007f7c18dbbf60 mode 0
Event: 24.440 Thread 0x00007f7c3019b000 DEOPT PACKING pc=0x00007f7c2132df72 sp=0x00007f7c18bba0a0
Event: 24.440 Thread 0x00007f7c3019b000 DEOPT UNPACKING pc=0x00007f7c21047373 sp=0x00007f7c18bb9ea0 mode 0
Event: 24.522 Thread 0x00007f7c30199000 DEOPT PACKING pc=0x00007f7c215a0c58 sp=0x00007f7c18cbb110
Event: 24.522 Thread 0x00007f7c30199000 DEOPT UNPACKING pc=0x00007f7c21047373 sp=0x00007f7c18cbaf60 mode 0
Event: 24.539 Executing VM operation: ParallelGCFailedAllocation


Dynamic libraries:
00400000-00401000 r-xp 00000000 08:05 929732                             /opt/android-studio/jre/bin/java
00600000-00601000 r--p 00000000 08:05 929732                             /opt/android-studio/jre/bin/java
00601000-00602000 rw-p 00001000 08:05 929732                             /opt/android-studio/jre/bin/java
00e7c000-00e9d000 rw-p 00000000 00:00 0                                  [heap]
6c0000000-6dd100000 rw-p 00000000 00:00 0 
6dd100000-76ab00000 ---p 00000000 00:00 0 
76ab00000-7a4480000 rw-p 00000000 00:00 0 
7b0180000-7c0000000 ---p 00000000 00:00 0 
7c0000000-7c00a0000 rw-p 00000000 00:00 0 
7c00a0000-800000000 ---p 00000000 00:00 0 
7f7bc4000000-7f7bc4035000 rw-p 00000000 00:00 0 
7f7bc4035000-7f7bc8000000 ---p 00000000 00:00 0 
7f7bcc000000-7f7bcc021000 rw-p 00000000 00:00 0 
7f7bcc021000-7f7bd0000000 ---p 00000000 00:00 0 
7f7bd0000000-7f7bd003c000 rw-p 00000000 00:00 0 
7f7bd003c000-7f7bd4000000 ---p 00000000 00:00 0 
7f7bd4000000-7f7bd4024000 rw-p 00000000 00:00 0 
7f7bd4024000-7f7bd8000000 ---p 00000000 00:00 0 
7f7bd8000000-7f7bd8021000 rw-p 00000000 00:00 0 
7f7bd8021000-7f7bdc000000 ---p 00000000 00:00 0 
7f7bdc000000-7f7bdc021000 rw-p 00000000 00:00 0 
7f7bdc021000-7f7be0000000 ---p 00000000 00:00 0 
7f7be0000000-7f7be0021000 rw-p 00000000 00:00 0 
7f7be0021000-7f7be4000000 ---p 00000000 00:00 0 
7f7be4000000-7f7be56a2000 rw-p 00000000 00:00 0 
7f7be56a2000-7f7be8000000 ---p 00000000 00:00 0 
7f7be8000000-7f7be8c64000 rw-p 00000000 00:00 0 
7f7be8c64000-7f7bec000000 ---p 00000000 00:00 0 
7f7bec000000-7f7bec021000 rw-p 00000000 00:00 0 
7f7bec021000-7f7bf0000000 ---p 00000000 00:00 0 
7f7bf0000000-7f7bf1543000 rw-p 00000000 00:00 0 
7f7bf1543000-7f7bf4000000 ---p 00000000 00:00 0 
7f7bf4000000-7f7bf4021000 rw-p 00000000 00:00 0 
7f7bf4021000-7f7bf8000000 ---p 00000000 00:00 0 
7f7bf8000000-7f7bf8021000 rw-p 00000000 00:00 0 
7f7bf8021000-7f7bfc000000 ---p 00000000 00:00 0 
7f7bfc000000-7f7c04000000 rw-p 00000000 00:00 0 
7f7c04000000-7f7c04021000 rw-p 00000000 00:00 0 
7f7c04021000-7f7c08000000 ---p 00000000 00:00 0 
7f7c08000000-7f7c08282000 rw-p 00000000 00:00 0 
7f7c08282000-7f7c0c000000 ---p 00000000 00:00 0 
7f7c0c000000-7f7c0c021000 rw-p 00000000 00:00 0 
7f7c0c021000-7f7c10000000 ---p 00000000 00:00 0 
7f7c14000000-7f7c14021000 rw-p 00000000 00:00 0 
7f7c14021000-7f7c18000000 ---p 00000000 00:00 0 
7f7c18a96000-7f7c18abb000 r--p 00000000 08:05 144167                     /usr/share/locale-langpack/es/LC_MESSAGES/libc.mo
7f7c18abb000-7f7c18abe000 ---p 00000000 00:00 0 
7f7c18abe000-7f7c18bbc000 rw-p 00000000 00:00 0 
7f7c18bbc000-7f7c18bbf000 ---p 00000000 00:00 0 
7f7c18bbf000-7f7c18cbd000 rw-p 00000000 00:00 0 
7f7c18cbd000-7f7c18cc0000 ---p 00000000 00:00 0 
7f7c18cc0000-7f7c18dbe000 rw-p 00000000 00:00 0 
7f7c18dbe000-7f7c18dc1000 ---p 00000000 00:00 0 
7f7c18dc1000-7f7c18ebf000 rw-p 00000000 00:00 0 
7f7c18ebf000-7f7c18ec2000 ---p 00000000 00:00 0 
7f7c18ec2000-7f7c18fc0000 rw-p 00000000 00:00 0 
7f7c18fc0000-7f7c1908a000 r--s 00934000 08:06 1323948                    /home/lester/CONVERSA/Conversa-Android/app/build/intermediates/transforms/jarMerging/dev/jars/1/1f/combined.jar
7f7c1908a000-7f7c1908b000 ---p 00000000 00:00 0 
7f7c1908b000-7f7c1918b000 rw-p 00000000 00:00 0 
7f7c1918b000-7f7c1918e000 ---p 00000000 00:00 0 
7f7c1918e000-7f7c1928c000 rw-p 00000000 00:00 0 
7f7c1928c000-7f7c1928f000 ---p 00000000 00:00 0 
7f7c1928f000-7f7c1938d000 rw-p 00000000 00:00 0 
7f7c1938d000-7f7c19390000 ---p 00000000 00:00 0 
7f7c19390000-7f7c1948e000 rw-p 00000000 00:00 0 
7f7c1948e000-7f7c19491000 ---p 00000000 00:00 0 
7f7c19491000-7f7c1958f000 rw-p 00000000 00:00 0 
7f7c1958f000-7f7c19592000 ---p 00000000 00:00 0 
7f7c19592000-7f7c19690000 rw-p 00000000 00:00 0 
7f7c19690000-7f7c19bdd000 r--p 00000000 08:05 1051794                    /usr/lib/locale/locale-archive
7f7c19bdd000-7f7c19be0000 ---p 00000000 00:00 0 
7f7c19be0000-7f7c19cde000 rw-p 00000000 00:00 0 
7f7c19cde000-7f7c19ce1000 ---p 00000000 00:00 0 
7f7c19ce1000-7f7c19ddf000 rw-p 00000000 00:00 0 
7f7c19ddf000-7f7c19de0000 ---p 00000000 00:00 0 
7f7c19de0000-7f7c1ae31000 rw-p 00000000 00:00 0 
7f7c1ae31000-7f7c1b000000 r--s 03c1b000 08:05 929783                     /opt/android-studio/jre/jre/lib/rt.jar
7f7c1b000000-7f7c1b6c0000 rw-p 00000000 00:00 0 
7f7c1b6c0000-7f7c1b800000 ---p 00000000 00:00 0 
7f7c1b800000-7f7c1c000000 rw-p 00000000 00:00 0 
7f7c1c000000-7f7c1c021000 rw-p 00000000 00:00 0 
7f7c1c021000-7f7c20000000 ---p 00000000 00:00 0 
7f7c20017000-7f7c200a7000 rw-p 00000000 00:00 0 
7f7c200a7000-7f7c200a8000 ---p 00000000 00:00 0 
7f7c200a8000-7f7c201a8000 rw-p 00000000 00:00 0 
7f7c201a8000-7f7c201a9000 ---p 00000000 00:00 0 
7f7c201a9000-7f7c20392000 rw-p 00000000 00:00 0 
7f7c20392000-7f7c207ff000 ---p 00000000 00:00 0 
7f7c207ff000-7f7c208e8000 rw-p 00000000 00:00 0 
7f7c208e8000-7f7c20d54000 ---p 00000000 00:00 0 
7f7c20d54000-7f7c20f22000 rw-p 00000000 00:00 0 
7f7c20f22000-7f7c20fff000 ---p 00000000 00:00 0 
7f7c20fff000-7f7c21000000 rw-p 00000000 00:00 0 
7f7c21000000-7f7c21d00000 rwxp 00000000 00:00 0 
7f7c21d00000-7f7c30000000 ---p 00000000 00:00 0 
7f7c30000000-7f7c303ad000 rw-p 00000000 00:00 0 
7f7c303ad000-7f7c34000000 ---p 00000000 00:00 0 
7f7c34018000-7f7c340af000 rw-p 00000000 00:00 0 
7f7c340af000-7f7c340b0000 ---p 00000000 00:00 0 
7f7c340b0000-7f7c341b0000 rw-p 00000000 00:00 0 
7f7c341b0000-7f7c341b1000 ---p 00000000 00:00 0 
7f7c341b1000-7f7c342e5000 rw-p 00000000 00:00 0 
7f7c342e5000-7f7c34671000 ---p 00000000 00:00 0 
7f7c34671000-7f7c3468b000 r-xp 00000000 08:05 929798                     /opt/android-studio/jre/jre/lib/amd64/libzip.so
7f7c3468b000-7f7c3488b000 ---p 0001a000 08:05 929798                     /opt/android-studio/jre/jre/lib/amd64/libzip.so
7f7c3488b000-7f7c3488c000 r--p 0001a000 08:05 929798                     /opt/android-studio/jre/jre/lib/amd64/libzip.so
7f7c3488c000-7f7c3488d000 rw-p 0001b000 08:05 929798                     /opt/android-studio/jre/jre/lib/amd64/libzip.so
7f7c3488d000-7f7c34898000 r-xp 00000000 08:05 657657                     /lib/x86_64-linux-gnu/libnss_files-2.23.so
7f7c34898000-7f7c34a97000 ---p 0000b000 08:05 657657                     /lib/x86_64-linux-gnu/libnss_files-2.23.so
7f7c34a97000-7f7c34a98000 r--p 0000a000 08:05 657657                     /lib/x86_64-linux-gnu/libnss_files-2.23.so
7f7c34a98000-7f7c34a99000 rw-p 0000b000 08:05 657657                     /lib/x86_64-linux-gnu/libnss_files-2.23.so
7f7c34a99000-7f7c34a9f000 rw-p 00000000 00:00 0 
7f7c34a9f000-7f7c34aaa000 r-xp 00000000 08:05 657660                     /lib/x86_64-linux-gnu/libnss_nis-2.23.so
7f7c34aaa000-7f7c34ca9000 ---p 0000b000 08:05 657660                     /lib/x86_64-linux-gnu/libnss_nis-2.23.so
7f7c34ca9000-7f7c34caa000 r--p 0000a000 08:05 657660                     /lib/x86_64-linux-gnu/libnss_nis-2.23.so
7f7c34caa000-7f7c34cab000 rw-p 0000b000 08:05 657660                     /lib/x86_64-linux-gnu/libnss_nis-2.23.so
7f7c34cab000-7f7c34cc1000 r-xp 00000000 08:05 657653                     /lib/x86_64-linux-gnu/libnsl-2.23.so
7f7c34cc1000-7f7c34ec0000 ---p 00016000 08:05 657653                     /lib/x86_64-linux-gnu/libnsl-2.23.so
7f7c34ec0000-7f7c34ec1000 r--p 00015000 08:05 657653                     /lib/x86_64-linux-gnu/libnsl-2.23.so
7f7c34ec1000-7f7c34ec2000 rw-p 00016000 08:05 657653                     /lib/x86_64-linux-gnu/libnsl-2.23.so
7f7c34ec2000-7f7c34ec4000 rw-p 00000000 00:00 0 
7f7c34ec4000-7f7c34ecc000 r-xp 00000000 08:05 657666                     /lib/x86_64-linux-gnu/libnss_compat-2.23.so
7f7c34ecc000-7f7c350cb000 ---p 00008000 08:05 657666                     /lib/x86_64-linux-gnu/libnss_compat-2.23.so
7f7c350cb000-7f7c350cc000 r--p 00007000 08:05 657666                     /lib/x86_64-linux-gnu/libnss_compat-2.23.so
7f7c350cc000-7f7c350cd000 rw-p 00008000 08:05 657666                     /lib/x86_64-linux-gnu/libnss_compat-2.23.so
7f7c350cd000-7f7c350fa000 r-xp 00000000 08:05 929815                     /opt/android-studio/jre/jre/lib/amd64/libjava.so
7f7c350fa000-7f7c352f9000 ---p 0002d000 08:05 929815                     /opt/android-studio/jre/jre/lib/amd64/libjava.so
7f7c352f9000-7f7c352fa000 r--p 0002c000 08:05 929815                     /opt/android-studio/jre/jre/lib/amd64/libjava.so
7f7c352fa000-7f7c352fc000 rw-p 0002d000 08:05 929815                     /opt/android-studio/jre/jre/lib/amd64/libjava.so
7f7c352fc000-7f7c3530c000 r-xp 00000000 08:05 929788                     /opt/android-studio/jre/jre/lib/amd64/libverify.so
7f7c3530c000-7f7c3550b000 ---p 00010000 08:05 929788                     /opt/android-studio/jre/jre/lib/amd64/libverify.so
7f7c3550b000-7f7c3550d000 r--p 0000f000 08:05 929788                     /opt/android-studio/jre/jre/lib/amd64/libverify.so
7f7c3550d000-7f7c3550e000 rw-p 00011000 08:05 929788                     /opt/android-studio/jre/jre/lib/amd64/libverify.so
7f7c3550e000-7f7c35515000 r-xp 00000000 08:05 657662                     /lib/x86_64-linux-gnu/librt-2.23.so
7f7c35515000-7f7c35714000 ---p 00007000 08:05 657662                     /lib/x86_64-linux-gnu/librt-2.23.so
7f7c35714000-7f7c35715000 r--p 00006000 08:05 657662                     /lib/x86_64-linux-gnu/librt-2.23.so
7f7c35715000-7f7c35716000 rw-p 00007000 08:05 657662                     /lib/x86_64-linux-gnu/librt-2.23.so
7f7c35716000-7f7c3581e000 r-xp 00000000 08:05 657671                     /lib/x86_64-linux-gnu/libm-2.23.so
7f7c3581e000-7f7c35a1d000 ---p 00108000 08:05 657671                     /lib/x86_64-linux-gnu/libm-2.23.so
7f7c35a1d000-7f7c35a1e000 r--p 00107000 08:05 657671                     /lib/x86_64-linux-gnu/libm-2.23.so
7f7c35a1e000-7f7c35a1f000 rw-p 00108000 08:05 657671                     /lib/x86_64-linux-gnu/libm-2.23.so
7f7c35a1f000-7f7c36610000 r-xp 00000000 08:05 929796                     /opt/android-studio/jre/jre/lib/amd64/server/libjvm.so
7f7c36610000-7f7c36810000 ---p 00bf1000 08:05 929796                     /opt/android-studio/jre/jre/lib/amd64/server/libjvm.so
7f7c36810000-7f7c368af000 r--p 00bf1000 08:05 929796                     /opt/android-studio/jre/jre/lib/amd64/server/libjvm.so
7f7c368af000-7f7c368d8000 rw-p 00c90000 08:05 929796                     /opt/android-studio/jre/jre/lib/amd64/server/libjvm.so
7f7c368d8000-7f7c3691c000 rw-p 00000000 00:00 0 
7f7c3691c000-7f7c36934000 r-xp 00000000 08:05 657659                     /lib/x86_64-linux-gnu/libpthread-2.23.so
7f7c36934000-7f7c36b33000 ---p 00018000 08:05 657659                     /lib/x86_64-linux-gnu/libpthread-2.23.so
7f7c36b33000-7f7c36b34000 r--p 00017000 08:05 657659                     /lib/x86_64-linux-gnu/libpthread-2.23.so
7f7c36b34000-7f7c36b35000 rw-p 00018000 08:05 657659                     /lib/x86_64-linux-gnu/libpthread-2.23.so
7f7c36b35000-7f7c36b39000 rw-p 00000000 00:00 0 
7f7c36b39000-7f7c36b3c000 r-xp 00000000 08:05 657665                     /lib/x86_64-linux-gnu/libdl-2.23.so
7f7c36b3c000-7f7c36d3b000 ---p 00003000 08:05 657665                     /lib/x86_64-linux-gnu/libdl-2.23.so
7f7c36d3b000-7f7c36d3c000 r--p 00002000 08:05 657665                     /lib/x86_64-linux-gnu/libdl-2.23.so
7f7c36d3c000-7f7c36d3d000 rw-p 00003000 08:05 657665                     /lib/x86_64-linux-gnu/libdl-2.23.so
7f7c36d3d000-7f7c36efd000 r-xp 00000000 08:05 657676                     /lib/x86_64-linux-gnu/libc-2.23.so
7f7c36efd000-7f7c370fd000 ---p 001c0000 08:05 657676                     /lib/x86_64-linux-gnu/libc-2.23.so
7f7c370fd000-7f7c37101000 r--p 001c0000 08:05 657676                     /lib/x86_64-linux-gnu/libc-2.23.so
7f7c37101000-7f7c37103000 rw-p 001c4000 08:05 657676                     /lib/x86_64-linux-gnu/libc-2.23.so
7f7c37103000-7f7c37107000 rw-p 00000000 00:00 0 
7f7c37107000-7f7c3711d000 r-xp 00000000 08:05 929747                     /opt/android-studio/jre/lib/amd64/jli/libjli.so
7f7c3711d000-7f7c3731c000 ---p 00016000 08:05 929747                     /opt/android-studio/jre/lib/amd64/jli/libjli.so
7f7c3731c000-7f7c3731d000 r--p 00015000 08:05 929747                     /opt/android-studio/jre/lib/amd64/jli/libjli.so
7f7c3731d000-7f7c3731e000 rw-p 00016000 08:05 929747                     /opt/android-studio/jre/lib/amd64/jli/libjli.so
7f7c3731e000-7f7c37344000 r-xp 00000000 08:05 657654                     /lib/x86_64-linux-gnu/ld-2.23.so
7f7c37346000-7f7c3734d000 r--s 00000000 08:05 8623                       /usr/lib/x86_64-linux-gnu/gconv/gconv-modules.cache
7f7c3734d000-7f7c37420000 rw-p 00000000 00:00 0 
7f7c37420000-7f7c37423000 ---p 00000000 00:00 0 
7f7c37423000-7f7c37525000 rw-p 00000000 00:00 0 
7f7c37529000-7f7c37537000 r--s 000e0000 08:05 582483                     /root/Android/Sdk/build-tools/25.0.2/lib/dx.jar
7f7c37537000-7f7c3753f000 rw-s 00000000 08:05 1854797                    /tmp/hsperfdata_root/1994
7f7c3753f000-7f7c37540000 rw-p 00000000 00:00 0 
7f7c37540000-7f7c37541000 ---p 00000000 00:00 0 
7f7c37541000-7f7c37543000 rw-p 00000000 00:00 0 
7f7c37543000-7f7c37544000 r--p 00025000 08:05 657654                     /lib/x86_64-linux-gnu/ld-2.23.so
7f7c37544000-7f7c37545000 rw-p 00026000 08:05 657654                     /lib/x86_64-linux-gnu/ld-2.23.so
7f7c37545000-7f7c37546000 rw-p 00000000 00:00 0 
7ffcbf9fc000-7ffcbfa1d000 rw-p 00000000 00:00 0                          [stack]
7ffcbfa64000-7ffcbfa66000 r--p 00000000 00:00 0                          [vvar]
7ffcbfa66000-7ffcbfa68000 r-xp 00000000 00:00 0                          [vdso]
ffffffffff600000-ffffffffff601000 r-xp 00000000 00:00 0                  [vsyscall]

VM Arguments:
jvm_args: -Djava.awt.headless=true -Xmx4g -Dfile.encoding=UTF-8 -Duser.country=GT -Duser.language=es -Duser.variant 
java_command: com.android.dx.command.Main --dex --num-threads=4 --multi-dex --main-dex-list /home/lester/CONVERSA/Conversa-Android/app/build/intermediates/multi-dex/dev/maindexlist.txt --output /home/lester/CONVERSA/Conversa-Android/app/build/intermediates/transforms/dex/dev/folders/1000/1f/main /home/lester/CONVERSA/Conversa-Android/app/build/intermediates/transforms/jarMerging/dev/jars/1/1f/combined.jar
java_class_path (initial): /root/Android/Sdk/build-tools/25.0.2/lib/dx.jar
Launcher Type: SUN_STANDARD

Environment Variables:
PATH=/usr/local/sbin:/usr/local/bin:/usr/sbin:/usr/bin:/sbin:/bin:/snap/bin
USERNAME=root
LD_LIBRARY_PATH=/opt/android-studio/bin:
SHELL=/bin/bash
DISPLAY=:0

Signal Handlers:
SIGSEGV: [libjvm.so+0x9e5150], sa_mask[0]=11111111011111111101111111111110, sa_flags=SA_RESTART|SA_SIGINFO
SIGBUS: [libjvm.so+0x9e5150], sa_mask[0]=11111111011111111101111111111110, sa_flags=SA_RESTART|SA_SIGINFO
SIGFPE: [libjvm.so+0x848450], sa_mask[0]=11111111011111111101111111111110, sa_flags=SA_RESTART|SA_SIGINFO
SIGPIPE: [libjvm.so+0x848450], sa_mask[0]=11111111011111111101111111111110, sa_flags=SA_RESTART|SA_SIGINFO
SIGXFSZ: [libjvm.so+0x848450], sa_mask[0]=11111111011111111101111111111110, sa_flags=SA_RESTART|SA_SIGINFO
SIGILL: [libjvm.so+0x848450], sa_mask[0]=11111111011111111101111111111110, sa_flags=SA_RESTART|SA_SIGINFO
SIGUSR1: SIG_DFL, sa_mask[0]=00000000000000000000000000000000, sa_flags=none
SIGUSR2: [libjvm.so+0x848320], sa_mask[0]=00100000000000000000000000000000, sa_flags=SA_RESTART|SA_SIGINFO
SIGHUP: [libjvm.so+0x848510], sa_mask[0]=11111111011111111101111111111110, sa_flags=SA_RESTART|SA_SIGINFO
SIGINT: [libjvm.so+0x848510], sa_mask[0]=11111111011111111101111111111110, sa_flags=SA_RESTART|SA_SIGINFO
SIGTERM: [libjvm.so+0x848510], sa_mask[0]=11111111011111111101111111111110, sa_flags=SA_RESTART|SA_SIGINFO
SIGQUIT: [libjvm.so+0x848510], sa_mask[0]=11111111011111111101111111111110, sa_flags=SA_RESTART|SA_SIGINFO


---------------  S Y S T E M  ---------------

OS:DISTRIB_ID=Ubuntu
DISTRIB_RELEASE=16.04
DISTRIB_CODENAME=xenial
DISTRIB_DESCRIPTION="Ubuntu 16.04.3 LTS"

uname:Linux 4.4.0-79-generic #100-Ubuntu SMP Wed May 17 19:58:14 UTC 2017 x86_64
libc:glibc 2.23 NPTL 2.23 
rlimit: STACK 8192k, CORE 0k, NPROC 31122, NOFILE 1048576, AS infinity
load average:5.73 3.16 2.39

/proc/meminfo:
MemTotal:        8075528 kB
MemFree:          140020 kB
MemAvailable:      79568 kB
Buffers:            2012 kB
Cached:           834696 kB
SwapCached:            0 kB
Active:          6530536 kB
Inactive:         688552 kB
Active(anon):    6488640 kB
Inactive(anon):   650520 kB
Active(file):      41896 kB
Inactive(file):    38032 kB
Unevictable:          36 kB
Mlocked:              36 kB
SwapTotal:             0 kB
SwapFree:              0 kB
Dirty:               428 kB
Writeback:             0 kB
AnonPages:       6383108 kB
Mapped:           823228 kB
Shmem:            756164 kB
Slab:             124344 kB
SReclaimable:      77192 kB
SUnreclaim:        47152 kB
KernelStack:       15344 kB
PageTables:        56312 kB
NFS_Unstable:          0 kB
Bounce:                0 kB
WritebackTmp:          0 kB
CommitLimit:     4037764 kB
Committed_AS:   13337596 kB
VmallocTotal:   34359738367 kB
VmallocUsed:           0 kB
VmallocChunk:          0 kB
HardwareCorrupted:     0 kB
AnonHugePages:   3268608 kB
CmaTotal:              0 kB
CmaFree:               0 kB
HugePages_Total:       0
HugePages_Free:        0
HugePages_Rsvd:        0
HugePages_Surp:        0
Hugepagesize:       2048 kB
DirectMap4k:      181036 kB
DirectMap2M:     6010880 kB
DirectMap1G:     3145728 kB


CPU:total 4 (2 cores per cpu, 2 threads per core) family 6 model 61 stepping 4, cmov, cx8, fxsr, mmx, sse, sse2, sse3, ssse3, sse4.1, sse4.2, popcnt, avx, avx2, aes, clmul, erms, 3dnowpref, lzcnt, ht, tsc, tscinvbit, bmi1, bmi2, adx

/proc/cpuinfo:
processor	: 0
vendor_id	: GenuineIntel
cpu family	: 6
model		: 61
model name	: Intel(R) Core(TM) i7-5500U CPU @ 2.40GHz
stepping	: 4
microcode	: 0x18
cpu MHz		: 2899.968
cache size	: 4096 KB
physical id	: 0
siblings	: 4
core id		: 0
cpu cores	: 2
apicid		: 0
initial apicid	: 0
fpu		: yes
fpu_exception	: yes
cpuid level	: 20
wp		: yes
flags		: fpu vme de pse tsc msr pae mce cx8 apic sep mtrr pge mca cmov pat pse36 clflush dts acpi mmx fxsr sse sse2 ss ht tm pbe syscall nx pdpe1gb rdtscp lm constant_tsc arch_perfmon pebs bts rep_good nopl xtopology nonstop_tsc aperfmperf eagerfpu pni pclmulqdq dtes64 monitor ds_cpl vmx est tm2 ssse3 sdbg fma cx16 xtpr pdcm pcid sse4_1 sse4_2 x2apic movbe popcnt tsc_deadline_timer aes xsave avx f16c rdrand lahf_lm abm 3dnowprefetch epb intel_pt tpr_shadow vnmi flexpriority ept vpid fsgsbase tsc_adjust bmi1 avx2 smep bmi2 erms invpcid rdseed adx smap xsaveopt dtherm ida arat pln pts
bugs		:
bogomips	: 4788.72
clflush size	: 64
cache_alignment	: 64
address sizes	: 39 bits physical, 48 bits virtual
power management:

processor	: 1
vendor_id	: GenuineIntel
cpu family	: 6
model		: 61
model name	: Intel(R) Core(TM) i7-5500U CPU @ 2.40GHz
stepping	: 4
microcode	: 0x18
cpu MHz		: 2844.937
cache size	: 4096 KB
physical id	: 0
siblings	: 4
core id		: 1
cpu cores	: 2
apicid		: 2
initial apicid	: 2
fpu		: yes
fpu_exception	: yes
cpuid level	: 20
wp		: yes
flags		: fpu vme de pse tsc msr pae mce cx8 apic sep mtrr pge mca cmov pat pse36 clflush dts acpi mmx fxsr sse sse2 ss ht tm pbe syscall nx pdpe1gb rdtscp lm constant_tsc arch_perfmon pebs bts rep_good nopl xtopology nonstop_tsc aperfmperf eagerfpu pni pclmulqdq dtes64 monitor ds_cpl vmx est tm2 ssse3 sdbg fma cx16 xtpr pdcm pcid sse4_1 sse4_2 x2apic movbe popcnt tsc_deadline_timer aes xsave avx f16c rdrand lahf_lm abm 3dnowprefetch epb intel_pt tpr_shadow vnmi flexpriority ept vpid fsgsbase tsc_adjust bmi1 avx2 smep bmi2 erms invpcid rdseed adx smap xsaveopt dtherm ida arat pln pts
bugs		:
bogomips	: 4788.72
clflush size	: 64
cache_alignment	: 64
address sizes	: 39 bits physical, 48 bits virtual
power management:

processor	: 2
vendor_id	: GenuineIntel
cpu family	: 6
model		: 61
model name	: Intel(R) Core(TM) i7-5500U CPU @ 2.40GHz
stepping	: 4
microcode	: 0x18
cpu MHz		: 2899.968
cache size	: 4096 KB
physical id	: 0
siblings	: 4
core id		: 0
cpu cores	: 2
apicid		: 1
initial apicid	: 1
fpu		: yes
fpu_exception	: yes
cpuid level	: 20
wp		: yes
flags		: fpu vme de pse tsc msr pae mce cx8 apic sep mtrr pge mca cmov pat pse36 clflush dts acpi mmx fxsr sse sse2 ss ht tm pbe syscall nx pdpe1gb rdtscp lm constant_tsc arch_perfmon pebs bts rep_good nopl xtopology nonstop_tsc aperfmperf eagerfpu pni pclmulqdq dtes64 monitor ds_cpl vmx est tm2 ssse3 sdbg fma cx16 xtpr pdcm pcid sse4_1 sse4_2 x2apic movbe popcnt tsc_deadline_timer aes xsave avx f16c rdrand lahf_lm abm 3dnowprefetch epb intel_pt tpr_shadow vnmi flexpriority ept vpid fsgsbase tsc_adjust bmi1 avx2 smep bmi2 erms invpcid rdseed adx smap xsaveopt dtherm ida arat pln pts
bugs		:
bogomips	: 4788.72
clflush size	: 64
cache_alignment	: 64
address sizes	: 39 bits physical, 48 bits virtual
power management:

processor	: 3
vendor_id	: GenuineIntel
cpu family	: 6
model		: 61
model name	: Intel(R) Core(TM) i7-5500U CPU @ 2.40GHz
stepping	: 4
microcode	: 0x18
cpu MHz		: 2899.968
cache size	: 4096 KB
physical id	: 0
siblings	: 4
core id		: 1
cpu cores	: 2
apicid		: 3
initial apicid	: 3
fpu		: yes
fpu_exception	: yes
cpuid level	: 20
wp		: yes
flags		: fpu vme de pse tsc msr pae mce cx8 apic sep mtrr pge mca cmov pat pse36 clflush dts acpi mmx fxsr sse sse2 ss ht tm pbe syscall nx pdpe1gb rdtscp lm constant_tsc arch_perfmon pebs bts rep_good nopl xtopology nonstop_tsc aperfmperf eagerfpu pni pclmulqdq dtes64 monitor ds_cpl vmx est tm2 ssse3 sdbg fma cx16 xtpr pdcm pcid sse4_1 sse4_2 x2apic movbe popcnt tsc_deadline_timer aes xsave avx f16c rdrand lahf_lm abm 3dnowprefetch epb intel_pt tpr_shadow vnmi flexpriority ept vpid fsgsbase tsc_adjust bmi1 avx2 smep bmi2 erms invpcid rdseed adx smap xsaveopt dtherm ida arat pln pts
bugs		:
bogomips	: 4788.72
clflush size	: 64
cache_alignment	: 64
address sizes	: 39 bits physical, 48 bits virtual
power management:



Memory: 4k page, physical 8075528k(140020k free), swap 0k(0k free)

vm_info: OpenJDK 64-Bit Server VM (25.112-b06) for linux-amd64 JRE (1.8.0_112-release-b06), built on Dec  6 2016 12:11:18 by "builder" with gcc 4.8.4

time: Thu Aug 17 00:06:55 2017
elapsed time: 25 seconds (0d 0h 0m 25s)

