#
# There is insufficient memory for the Java Runtime Environment to continue.
# Native memory allocation (mmap) failed to map 146276352 bytes for committing reserved memory.
# Possible reasons:
#   The system is out of physical RAM or swap space
#   In 32 bit mode, the process size limit was hit
# Possible solutions:
#   Reduce memory load on the system
#   Increase physical memory or swap space
#   Check if swap backing store is full
#   Use 64 bit Java on a 64 bit OS
#   Decrease Java heap size (-Xmx/-Xms)
#   Decrease number of Java threads
#   Decrease Java thread stack sizes (-Xss)
#   Set larger code cache with -XX:ReservedCodeCacheSize=
# This output file may be truncated or incomplete.
#
#  Out of Memory Error (os_linux.cpp:2627), pid=8709, tid=0x00007f64152b1700
#
# JRE version: OpenJDK Runtime Environment (8.0_112-b06) (build 1.8.0_112-release-b06)
# Java VM: OpenJDK 64-Bit Server VM (25.112-b06 mixed mode linux-amd64 compressed oops)
# Failed to write core dump. Core dumps have been disabled. To enable core dumping, try "ulimit -c unlimited" before starting Java again
#

---------------  T H R E A D  ---------------

Current thread (0x00007f6428077800):  VMThread [stack: 0x00007f64151b1000,0x00007f64152b2000] [id=8719]

Stack: [0x00007f64151b1000,0x00007f64152b2000],  sp=0x00007f64152b04c0,  free space=1021k
Native frames: (J=compiled Java code, j=interpreted, Vv=VM code, C=native code)
V  [libjvm.so+0x9e465d]  VMError::report_and_die()+0x15d
V  [libjvm.so+0x4b6ada]  report_vm_out_of_memory(char const*, int, unsigned long, VMErrorType, char const*)+0x8a
V  [libjvm.so+0x84c860]  os::pd_commit_memory(char*, unsigned long, unsigned long, bool)+0xf0
V  [libjvm.so+0x84737f]  os::commit_memory(char*, unsigned long, unsigned long, bool)+0x1f
V  [libjvm.so+0x8bd3db]  PSVirtualSpace::expand_by(unsigned long)+0x5b
V  [libjvm.so+0x8be050]  PSYoungGen::resize_generation(unsigned long, unsigned long)+0xb0
V  [libjvm.so+0x8be36b]  PSYoungGen::resize(unsigned long, unsigned long)+0x1b
V  [libjvm.so+0x8baa5c]  PSScavenge::invoke_no_policy()+0xdac
V  [libjvm.so+0x8bb238]  PSScavenge::invoke()+0x38
V  [libjvm.so+0x86fcf3]  ParallelScavengeHeap::failed_mem_allocate(unsigned long)+0x63
V  [libjvm.so+0x9e6124]  VM_ParallelGCFailedAllocation::doit()+0x84
V  [libjvm.so+0x9ea537]  VM_Operation::evaluate()+0x47
V  [libjvm.so+0x9e8ff8]  VMThread::evaluate_operation(VM_Operation*)+0x2c8
V  [libjvm.so+0x9e9479]  VMThread::loop()+0x219
V  [libjvm.so+0x9e98c2]  VMThread::run()+0x72
V  [libjvm.so+0x849c82]  java_start(Thread*)+0xf2

VM_Operation (0x00007f640fefcf70): ParallelGCFailedAllocation, mode: safepoint, requested by thread 0x00007f6428205800


---------------  P R O C E S S  ---------------

Java Threads: ( => current thread )
  0x00007f6428205800 JavaThread "pool-2-thread-4" [_thread_blocked, id=8732, stack(0x00007f640fdfe000,0x00007f640feff000)]
  0x00007f6428201800 JavaThread "pool-2-thread-3" [_thread_blocked, id=8731, stack(0x00007f640feff000,0x00007f6410000000)]
  0x00007f6428200000 JavaThread "pool-2-thread-2" [_thread_blocked, id=8730, stack(0x00007f641408d000,0x00007f641418e000)]
  0x00007f64281fe000 JavaThread "pool-3-thread-1" [_thread_blocked, id=8729, stack(0x00007f641418e000,0x00007f641428f000)]
  0x00007f64281fd000 JavaThread "pool-2-thread-1" [_thread_blocked, id=8728, stack(0x00007f641428f000,0x00007f6414390000)]
  0x00007f64280d9800 JavaThread "Service Thread" daemon [_thread_blocked, id=8726, stack(0x00007f641455d000,0x00007f641465e000)]
  0x00007f64280bc800 JavaThread "C1 CompilerThread2" daemon [_thread_blocked, id=8725, stack(0x00007f641465e000,0x00007f641475f000)]
  0x00007f64280ba800 JavaThread "C2 CompilerThread1" daemon [_thread_blocked, id=8724, stack(0x00007f641475f000,0x00007f6414860000)]
  0x00007f64280b7800 JavaThread "C2 CompilerThread0" daemon [_thread_blocked, id=8723, stack(0x00007f6414860000,0x00007f6414961000)]
  0x00007f64280b6800 JavaThread "Signal Dispatcher" daemon [_thread_blocked, id=8722, stack(0x00007f6414961000,0x00007f6414a62000)]
  0x00007f6428083800 JavaThread "Finalizer" daemon [_thread_blocked, id=8721, stack(0x00007f6414faf000,0x00007f64150b0000)]
  0x00007f642807f000 JavaThread "Reference Handler" daemon [_thread_blocked, id=8720, stack(0x00007f64150b0000,0x00007f64151b1000)]
  0x00007f642800a000 JavaThread "main" [_thread_blocked, id=8714, stack(0x00007f642e7ca000,0x00007f642e8cb000)]

Other Threads:
=>0x00007f6428077800 VMThread [stack: 0x00007f64151b1000,0x00007f64152b2000] [id=8719]
  0x00007f64280dc000 WatcherThread [stack: 0x00007f641445c000,0x00007f641455d000] [id=8727]

VM state:at safepoint (normal execution)

VM Mutex/Monitor currently owned by a thread:  ([mutex/lock_event])
[0x00007f6428006580] Threads_lock - owner thread: 0x00007f6428077800
[0x00007f6428006a80] Heap_lock - owner thread: 0x00007f6428205800

Heap:
 PSYoungGen      total 681984K, used 86350K [0x000000076ab00000, 0x00000007a2380000, 0x00000007c0000000)
  eden space 558080K, 0% used [0x000000076ab00000,0x000000076ab00000,0x000000078cc00000)
  from space 123904K, 69% used [0x000000078cc00000,0x0000000792053b90,0x0000000794500000)
  to   space 90112K, 0% used [0x0000000794500000,0x0000000794500000,0x0000000799d00000)
 ParOldGen       total 278016K, used 238223K [0x00000006c0000000, 0x00000006d0f80000, 0x000000076ab00000)
  object space 278016K, 85% used [0x00000006c0000000,0x00000006ce8a3f20,0x00000006d0f80000)
 Metaspace       used 6370K, capacity 7280K, committed 7552K, reserved 1056768K
  class space    used 582K, capacity 616K, committed 640K, reserved 1048576K

Card table byte_map: [0x00007f6417e05000,0x00007f6418606000] byte_map_base: 0x00007f6414805000

Marking Bits: (ParMarkBitMap*) 0x00007f642dc97340
 Begin Bits: [0x00007f63f8000000, 0x00007f63fc000000)
 End Bits:   [0x00007f63fc000000, 0x00007f6400000000)

Polling page: 0x00007f642e8ea000

CodeCache: size=245760Kb used=11775Kb max_used=11789Kb free=233984Kb
 bounds [0x00007f64189c6000, 0x00007f6419556000, 0x00007f64279c6000]
 total_blobs=2730 nmethods=2468 adapters=176
 compilation: enabled

Compilation events (10 events):
Event: 12.074 Thread 0x00007f64280ba800 nmethod 2571 0x00007f64195400d0 code [0x00007f6419540520, 0x00007f64195440f8]
Event: 12.074 Thread 0x00007f64280ba800 2588       4       com.android.dx.ssa.back.LivenessAnalyzer::constructInterferenceGraph (47 bytes)
Event: 12.075 Thread 0x00007f64280bc800 2669       3       com.android.dx.cf.code.ValueAwareMachine::run (1142 bytes)
Event: 12.083 Thread 0x00007f64280bc800 nmethod 2669 0x00007f64195479d0 code [0x00007f6419547f60, 0x00007f641954c978]
Event: 12.096 Thread 0x00007f64280bc800 2670 % !   3       com.android.dx.dex.cf.CfTranslator::processFields @ 23 (251 bytes)
Event: 12.098 Thread 0x00007f64280bc800 nmethod 2670% 0x00007f641954e950 code [0x00007f641954ee60, 0x00007f6419552388]
Event: 12.111 Thread 0x00007f64280ba800 nmethod 2588 0x00007f641953e010 code [0x00007f641953e220, 0x00007f641953f578]
Event: 12.111 Thread 0x00007f64280ba800 2584       4       com.android.dx.ssa.back.InterferenceGraph::<init> (42 bytes)
Event: 12.129 Thread 0x00007f64280ba800 nmethod 2584 0x00007f641953cbd0 code [0x00007f641953cd80, 0x00007f641953d9b8]
Event: 12.129 Thread 0x00007f64280ba800 2590       4       com.android.dx.ssa.SCCP::<init> (142 bytes)

GC Heap History (10 events):
Event: 3.897 GC heap after
Heap after GC invocations=8 (full 0):
 PSYoungGen      total 528896K, used 50152K [0x000000076ab00000, 0x0000000791500000, 0x00000007c0000000)
  eden space 478720K, 0% used [0x000000076ab00000,0x000000076ab00000,0x0000000787e80000)
  from space 50176K, 99% used [0x000000078c100000,0x000000078f1fa0f8,0x000000078f200000)
  to   space 68096K, 0% used [0x0000000787e80000,0x0000000787e80000,0x000000078c100000)
 ParOldGen       total 84992K, used 73427K [0x00000006c0000000, 0x00000006c5300000, 0x000000076ab00000)
  object space 84992K, 86% used [0x00000006c0000000,0x00000006c47b4c30,0x00000006c5300000)
 Metaspace       used 6318K, capacity 7216K, committed 7296K, reserved 1056768K
  class space    used 581K, capacity 616K, committed 640K, reserved 1048576K
}
Event: 3.897 GC heap before
{Heap before GC invocations=9 (full 1):
 PSYoungGen      total 528896K, used 50152K [0x000000076ab00000, 0x0000000791500000, 0x00000007c0000000)
  eden space 478720K, 0% used [0x000000076ab00000,0x000000076ab00000,0x0000000787e80000)
  from space 50176K, 99% used [0x000000078c100000,0x000000078f1fa0f8,0x000000078f200000)
  to   space 68096K, 0% used [0x0000000787e80000,0x0000000787e80000,0x000000078c100000)
 ParOldGen       total 84992K, used 73427K [0x00000006c0000000, 0x00000006c5300000, 0x000000076ab00000)
  object space 84992K, 86% used [0x00000006c0000000,0x00000006c47b4c30,0x00000006c5300000)
 Metaspace       used 6318K, capacity 7216K, committed 7296K, reserved 1056768K
  class space    used 581K, capacity 616K, committed 640K, reserved 1048576K
Event: 4.507 GC heap after
Heap after GC invocations=9 (full 1):
 PSYoungGen      total 528896K, used 34414K [0x000000076ab00000, 0x0000000791500000, 0x00000007c0000000)
  eden space 478720K, 0% used [0x000000076ab00000,0x000000076ab00000,0x0000000787e80000)
  from space 50176K, 68% used [0x000000078c100000,0x000000078e29bbf0,0x000000078f200000)
  to   space 68096K, 0% used [0x0000000787e80000,0x0000000787e80000,0x000000078c100000)
 ParOldGen       total 164352K, used 84605K [0x00000006c0000000, 0x00000006ca080000, 0x000000076ab00000)
  object space 164352K, 51% used [0x00000006c0000000,0x00000006c529f578,0x00000006ca080000)
 Metaspace       used 6318K, capacity 7216K, committed 7296K, reserved 1056768K
  class space    used 581K, capacity 616K, committed 640K, reserved 1048576K
}
Event: 5.573 GC heap before
{Heap before GC invocations=10 (full 1):
 PSYoungGen      total 528896K, used 513134K [0x000000076ab00000, 0x0000000791500000, 0x00000007c0000000)
  eden space 478720K, 100% used [0x000000076ab00000,0x0000000787e80000,0x0000000787e80000)
  from space 50176K, 68% used [0x000000078c100000,0x000000078e29bbf0,0x000000078f200000)
  to   space 68096K, 0% used [0x0000000787e80000,0x0000000787e80000,0x000000078c100000)
 ParOldGen       total 164352K, used 84605K [0x00000006c0000000, 0x00000006ca080000, 0x000000076ab00000)
  object space 164352K, 51% used [0x00000006c0000000,0x00000006c529f578,0x00000006ca080000)
 Metaspace       used 6343K, capacity 7280K, committed 7552K, reserved 1056768K
  class space    used 581K, capacity 616K, committed 640K, reserved 1048576K
Event: 5.741 GC heap after
Heap after GC invocations=10 (full 1):
 PSYoungGen      total 546816K, used 68078K [0x000000076ab00000, 0x0000000799d00000, 0x00000007c0000000)
  eden space 478720K, 0% used [0x000000076ab00000,0x000000076ab00000,0x0000000787e80000)
  from space 68096K, 99% used [0x0000000787e80000,0x000000078c0fbb48,0x000000078c100000)
  to   space 90112K, 0% used [0x0000000794500000,0x0000000794500000,0x0000000799d00000)
 ParOldGen       total 164352K, used 108158K [0x00000006c0000000, 0x00000006ca080000, 0x000000076ab00000)
  object space 164352K, 65% used [0x00000006c0000000,0x00000006c699fb68,0x00000006ca080000)
 Metaspace       used 6343K, capacity 7280K, committed 7552K, reserved 1056768K
  class space    used 581K, capacity 616K, committed 640K, reserved 1048576K
}
Event: 7.026 GC heap before
{Heap before GC invocations=11 (full 1):
 PSYoungGen      total 546816K, used 546798K [0x000000076ab00000, 0x0000000799d00000, 0x00000007c0000000)
  eden space 478720K, 100% used [0x000000076ab00000,0x0000000787e80000,0x0000000787e80000)
  from space 68096K, 99% used [0x0000000787e80000,0x000000078c0fbb48,0x000000078c100000)
  to   space 90112K, 0% used [0x0000000794500000,0x0000000794500000,0x0000000799d00000)
 ParOldGen       total 164352K, used 108158K [0x00000006c0000000, 0x00000006ca080000, 0x000000076ab00000)
  object space 164352K, 65% used [0x00000006c0000000,0x00000006c699fb68,0x00000006ca080000)
 Metaspace       used 6360K, capacity 7280K, committed 7552K, reserved 1056768K
  class space    used 581K, capacity 616K, committed 640K, reserved 1048576K
Event: 9.812 GC heap after
Heap after GC invocations=11 (full 1):
 PSYoungGen      total 648192K, used 90106K [0x000000076ab00000, 0x00000007a2380000, 0x00000007c0000000)
  eden space 558080K, 0% used [0x000000076ab00000,0x000000076ab00000,0x000000078cc00000)
  from space 90112K, 99% used [0x0000000794500000,0x0000000799cfeb20,0x0000000799d00000)
  to   space 123904K, 0% used [0x000000078cc00000,0x000000078cc00000,0x0000000794500000)
 ParOldGen       total 164352K, used 156287K [0x00000006c0000000, 0x00000006ca080000, 0x000000076ab00000)
  object space 164352K, 95% used [0x00000006c0000000,0x00000006c989fce8,0x00000006ca080000)
 Metaspace       used 6360K, capacity 7280K, committed 7552K, reserved 1056768K
  class space    used 581K, capacity 616K, committed 640K, reserved 1048576K
}
Event: 9.812 GC heap before
{Heap before GC invocations=12 (full 2):
 PSYoungGen      total 648192K, used 90106K [0x000000076ab00000, 0x00000007a2380000, 0x00000007c0000000)
  eden space 558080K, 0% used [0x000000076ab00000,0x000000076ab00000,0x000000078cc00000)
  from space 90112K, 99% used [0x0000000794500000,0x0000000799cfeb20,0x0000000799d00000)
  to   space 123904K, 0% used [0x000000078cc00000,0x000000078cc00000,0x0000000794500000)
 ParOldGen       total 164352K, used 156287K [0x00000006c0000000, 0x00000006ca080000, 0x000000076ab00000)
  object space 164352K, 95% used [0x00000006c0000000,0x00000006c989fce8,0x00000006ca080000)
 Metaspace       used 6360K, capacity 7280K, committed 7552K, reserved 1056768K
  class space    used 581K, capacity 616K, committed 640K, reserved 1048576K
Event: 10.668 GC heap after
Heap after GC invocations=12 (full 2):
 PSYoungGen      total 648192K, used 74937K [0x000000076ab00000, 0x00000007a2380000, 0x00000007c0000000)
  eden space 558080K, 0% used [0x000000076ab00000,0x000000076ab00000,0x000000078cc00000)
  from space 90112K, 83% used [0x0000000794500000,0x0000000798e2e660,0x0000000799d00000)
  to   space 123904K, 0% used [0x000000078cc00000,0x000000078cc00000,0x0000000794500000)
 ParOldGen       total 278016K, used 163974K [0x00000006c0000000, 0x00000006d0f80000, 0x000000076ab00000)
  object space 278016K, 58% used [0x00000006c0000000,0x00000006ca021bd0,0x00000006d0f80000)
 Metaspace       used 6360K, capacity 7280K, committed 7552K, reserved 1056768K
  class space    used 581K, capacity 616K, committed 640K, reserved 1048576K
}
Event: 12.135 GC heap before
{Heap before GC invocations=13 (full 2):
 PSYoungGen      total 648192K, used 633017K [0x000000076ab00000, 0x00000007a2380000, 0x00000007c0000000)
  eden space 558080K, 100% used [0x000000076ab00000,0x000000078cc00000,0x000000078cc00000)
  from space 90112K, 83% used [0x0000000794500000,0x0000000798e2e660,0x0000000799d00000)
  to   space 123904K, 0% used [0x000000078cc00000,0x000000078cc00000,0x0000000794500000)
 ParOldGen       total 278016K, used 163974K [0x00000006c0000000, 0x00000006d0f80000, 0x000000076ab00000)
  object space 278016K, 58% used [0x00000006c0000000,0x00000006ca021bd0,0x00000006d0f80000)
 Metaspace       used 6370K, capacity 7280K, committed 7552K, reserved 1056768K
  class space    used 582K, capacity 616K, committed 640K, reserved 1048576K

Deoptimization events (10 events):
Event: 5.930 Thread 0x00007f6428201800 Uncommon trap: reason=bimorphic action=maybe_recompile pc=0x00007f641936543c method=com.android.dx.cf.code.BytecodeArray.parseInstruction(ILcom/android/dx/cf/code/BytecodeArray$Visitor;)I @ 1417
Event: 6.093 Thread 0x00007f6428200000 Uncommon trap: reason=unstable_if action=reinterpret pc=0x00007f641937fdf4 method=com.android.dx.rop.code.RegisterSpec.intersect(Lcom/android/dx/rop/code/RegisterSpec;Z)Lcom/android/dx/rop/code/RegisterSpec; @ 42
Event: 6.094 Thread 0x00007f6428200000 Uncommon trap: reason=unstable_if action=reinterpret pc=0x00007f64193e7b58 method=com.android.dx.rop.code.BasicBlockList.preferredSuccessorOf(Lcom/android/dx/rop/code/BasicBlock;)Lcom/android/dx/rop/code/BasicBlock; @ 58
Event: 6.098 Thread 0x00007f64281fd000 Uncommon trap: reason=unstable_if action=reinterpret pc=0x00007f6419399390 method=com.android.dx.ssa.SCCP.simulateBranch(Lcom/android/dx/ssa/SsaInsn;)V @ 334
Event: 6.676 Thread 0x00007f642800a000 Uncommon trap: reason=unstable_if action=reinterpret pc=0x00007f641948c4d4 method=com.android.dx.ssa.InterferenceRegisterMapper.interferes(III)Z @ 69
Event: 6.700 Thread 0x00007f6428201800 Uncommon trap: reason=unstable_if action=reinterpret pc=0x00007f6419416034 method=com.android.dx.ssa.SCCP.replaceBranches()V @ 14
Event: 6.894 Thread 0x00007f6428201800 Uncommon trap: reason=unstable_if action=reinterpret pc=0x00007f64194a8898 method=com.android.dx.ssa.SsaMethod.blockIndexToRopLabel(I)I @ 1
Event: 11.472 Thread 0x00007f6428200000 Uncommon trap: reason=class_check action=maybe_recompile pc=0x00007f64195036cc method=com.android.dx.ssa.SCCP.replaceConstants()V @ 182
Event: 11.902 Thread 0x00007f6428201800 Uncommon trap: reason=unstable_if action=reinterpret pc=0x00007f6419516230 method=com.android.dx.rop.type.Type.isReference()Z @ 6
Event: 11.917 Thread 0x00007f642800a000 Uncommon trap: reason=class_check action=maybe_recompile pc=0x00007f64195036cc method=com.android.dx.ssa.SCCP.replaceConstants()V @ 182

Internal exceptions (10 events):
Event: 0.014 Thread 0x00007f642800a000 Exception <a 'java/lang/NoSuchMethodError': Method sun.misc.Unsafe.defineClass(Ljava/lang/String;[BII)Ljava/lang/Class; name or signature does not match> (0x000000076ab07c78) thrown at [/ssd/Android/AOSP-openjdk/external/jetbrains/jdk/hotspot/src/share/vm
Event: 0.014 Thread 0x00007f642800a000 Exception <a 'java/lang/NoSuchMethodError': Method sun.misc.Unsafe.prefetchRead(Ljava/lang/Object;J)V name or signature does not match> (0x000000076ab07f60) thrown at [/ssd/Android/AOSP-openjdk/external/jetbrains/jdk/hotspot/src/share/vm/prims/jni.cpp, li
Event: 0.317 Thread 0x00007f642800a000 Implicit null exception at 0x00007f6418b293b4 to 0x00007f6418b299fd
Event: 0.795 Thread 0x00007f6428205800 Implicit null exception at 0x00007f6418d224a2 to 0x00007f6418d225a3
Event: 0.797 Thread 0x00007f6428200000 Implicit null exception at 0x00007f6418d13150 to 0x00007f6418d15b05
Event: 0.987 Thread 0x00007f6428201800 Implicit null exception at 0x00007f6418ce9533 to 0x00007f6418cebeed
Event: 1.072 Thread 0x00007f642800a000 Implicit null exception at 0x00007f6418db1e18 to 0x00007f6418db1ffd
Event: 1.442 Thread 0x00007f6428201800 Exception <a 'java/lang/ArrayIndexOutOfBoundsException': 18> (0x000000076f912738) thrown at [/ssd/Android/AOSP-openjdk/external/jetbrains/jdk/hotspot/src/share/vm/interpreter/interpreterRuntime.cpp, line 366]
Event: 1.443 Thread 0x00007f6428201800 Exception <a 'java/lang/ArrayIndexOutOfBoundsException': 145> (0x000000076f9142b8) thrown at [/ssd/Android/AOSP-openjdk/external/jetbrains/jdk/hotspot/src/share/vm/interpreter/interpreterRuntime.cpp, line 366]
Event: 1.445 Thread 0x00007f6428201800 Exception <a 'java/lang/ArrayIndexOutOfBoundsException'> (0x000000076f9155a0) thrown at [/ssd/Android/AOSP-openjdk/external/jetbrains/jdk/hotspot/src/share/vm/runtime/sharedRuntime.cpp, line 605]

Events (10 events):
Event: 12.017 Thread 0x00007f64281fd000 DEOPT UNPACKING pc=0x00007f6418a0d373 sp=0x00007f641438dd40 mode 0
Event: 12.022 Thread 0x00007f6428201800 DEOPT PACKING pc=0x00007f6418da89b4 sp=0x00007f640fffe1c0
Event: 12.022 Thread 0x00007f6428201800 DEOPT UNPACKING pc=0x00007f6418a0d373 sp=0x00007f640fffdec0 mode 0
Event: 12.080 Thread 0x00007f6428200000 DEOPT PACKING pc=0x00007f6418da89b4 sp=0x00007f641418c1c0
Event: 12.080 Thread 0x00007f6428200000 DEOPT UNPACKING pc=0x00007f6418a0d373 sp=0x00007f641418bec0 mode 0
Event: 12.110 Thread 0x00007f64281fd000 DEOPT PACKING pc=0x00007f6418fb2218 sp=0x00007f641438e110
Event: 12.110 Thread 0x00007f64281fd000 DEOPT UNPACKING pc=0x00007f6418a0d373 sp=0x00007f641438df60 mode 0
Event: 12.131 Thread 0x00007f6428201800 DEOPT PACKING pc=0x00007f6418da89b4 sp=0x00007f640fffe1c0
Event: 12.132 Thread 0x00007f6428201800 DEOPT UNPACKING pc=0x00007f6418a0d373 sp=0x00007f640fffdec0 mode 0
Event: 12.133 Executing VM operation: ParallelGCFailedAllocation


Dynamic libraries:
00400000-00401000 r-xp 00000000 08:05 929732                             /opt/android-studio/jre/bin/java
00600000-00601000 r--p 00000000 08:05 929732                             /opt/android-studio/jre/bin/java
00601000-00602000 rw-p 00001000 08:05 929732                             /opt/android-studio/jre/bin/java
011d9000-011fa000 rw-p 00000000 00:00 0                                  [heap]
6c0000000-6d0f80000 rw-p 00000000 00:00 0 
6d0f80000-76ab00000 ---p 00000000 00:00 0 
76ab00000-7a2380000 rw-p 00000000 00:00 0 
7aaf00000-7c0000000 ---p 00000000 00:00 0 
7c0000000-7c00a0000 rw-p 00000000 00:00 0 
7c00a0000-800000000 ---p 00000000 00:00 0 
7f63c0000000-7f63c0045000 rw-p 00000000 00:00 0 
7f63c0045000-7f63c4000000 ---p 00000000 00:00 0 
7f63c4000000-7f63c4021000 rw-p 00000000 00:00 0 
7f63c4021000-7f63c8000000 ---p 00000000 00:00 0 
7f63c8000000-7f63c8021000 rw-p 00000000 00:00 0 
7f63c8021000-7f63cc000000 ---p 00000000 00:00 0 
7f63cc000000-7f63cc02a000 rw-p 00000000 00:00 0 
7f63cc02a000-7f63d0000000 ---p 00000000 00:00 0 
7f63d0000000-7f63d0021000 rw-p 00000000 00:00 0 
7f63d0021000-7f63d4000000 ---p 00000000 00:00 0 
7f63d4000000-7f63d4027000 rw-p 00000000 00:00 0 
7f63d4027000-7f63d8000000 ---p 00000000 00:00 0 
7f63d8000000-7f63d8b0c000 rw-p 00000000 00:00 0 
7f63d8b0c000-7f63dc000000 ---p 00000000 00:00 0 
7f63dc000000-7f63dc021000 rw-p 00000000 00:00 0 
7f63dc021000-7f63e0000000 ---p 00000000 00:00 0 
7f63e0000000-7f63e1331000 rw-p 00000000 00:00 0 
7f63e1331000-7f63e4000000 ---p 00000000 00:00 0 
7f63e4000000-7f63e4d1e000 rw-p 00000000 00:00 0 
7f63e4d1e000-7f63e8000000 ---p 00000000 00:00 0 
7f63e8000000-7f63e8021000 rw-p 00000000 00:00 0 
7f63e8021000-7f63ec000000 ---p 00000000 00:00 0 
7f63ec000000-7f63ec021000 rw-p 00000000 00:00 0 
7f63ec021000-7f63f0000000 ---p 00000000 00:00 0 
7f63f0000000-7f63f0282000 rw-p 00000000 00:00 0 
7f63f0282000-7f63f4000000 ---p 00000000 00:00 0 
7f63f4000000-7f63f4021000 rw-p 00000000 00:00 0 
7f63f4021000-7f63f8000000 ---p 00000000 00:00 0 
7f63f8000000-7f6400000000 rw-p 00000000 00:00 0 
7f6400000000-7f6400021000 rw-p 00000000 00:00 0 
7f6400021000-7f6404000000 ---p 00000000 00:00 0 
7f6404000000-7f6404021000 rw-p 00000000 00:00 0 
7f6404021000-7f6408000000 ---p 00000000 00:00 0 
7f6408000000-7f6408021000 rw-p 00000000 00:00 0 
7f6408021000-7f640c000000 ---p 00000000 00:00 0 
7f640fdfe000-7f640fe01000 ---p 00000000 00:00 0 
7f640fe01000-7f640feff000 rw-p 00000000 00:00 0 
7f640feff000-7f640ff02000 ---p 00000000 00:00 0 
7f640ff02000-7f6410000000 rw-p 00000000 00:00 0 
7f6410000000-7f6410021000 rw-p 00000000 00:00 0 
7f6410021000-7f6414000000 ---p 00000000 00:00 0 
7f6414068000-7f641408d000 r--p 00000000 08:05 144167                     /usr/share/locale-langpack/es/LC_MESSAGES/libc.mo
7f641408d000-7f6414090000 ---p 00000000 00:00 0 
7f6414090000-7f641418e000 rw-p 00000000 00:00 0 
7f641418e000-7f6414191000 ---p 00000000 00:00 0 
7f6414191000-7f641428f000 rw-p 00000000 00:00 0 
7f641428f000-7f6414292000 ---p 00000000 00:00 0 
7f6414292000-7f6414390000 rw-p 00000000 00:00 0 
7f6414390000-7f641445c000 r--s 0096d000 08:06 662774                     /home/lester/CONVERSA/Conversa-Android/app/build/intermediates/transforms/jarMerging/debug/jars/1/1f/combined.jar
7f641445c000-7f641445d000 ---p 00000000 00:00 0 
7f641445d000-7f641455d000 rw-p 00000000 00:00 0 
7f641455d000-7f6414560000 ---p 00000000 00:00 0 
7f6414560000-7f641465e000 rw-p 00000000 00:00 0 
7f641465e000-7f6414661000 ---p 00000000 00:00 0 
7f6414661000-7f641475f000 rw-p 00000000 00:00 0 
7f641475f000-7f6414762000 ---p 00000000 00:00 0 
7f6414762000-7f6414860000 rw-p 00000000 00:00 0 
7f6414860000-7f6414863000 ---p 00000000 00:00 0 
7f6414863000-7f6414961000 rw-p 00000000 00:00 0 
7f6414961000-7f6414964000 ---p 00000000 00:00 0 
7f6414964000-7f6414a62000 rw-p 00000000 00:00 0 
7f6414a62000-7f6414faf000 r--p 00000000 08:05 1051794                    /usr/lib/locale/locale-archive
7f6414faf000-7f6414fb2000 ---p 00000000 00:00 0 
7f6414fb2000-7f64150b0000 rw-p 00000000 00:00 0 
7f64150b0000-7f64150b3000 ---p 00000000 00:00 0 
7f64150b3000-7f64151b1000 rw-p 00000000 00:00 0 
7f64151b1000-7f64151b2000 ---p 00000000 00:00 0 
7f64151b2000-7f6416266000 rw-p 00000000 00:00 0 
7f6416266000-7f6416435000 r--s 03c1b000 08:05 929783                     /opt/android-studio/jre/jre/lib/rt.jar
7f6416435000-7f6416b6b000 rw-p 00000000 00:00 0 
7f6416b6b000-7f6416cab000 ---p 00000000 00:00 0 
7f6416cab000-7f64174ab000 rw-p 00000000 00:00 0 
7f64174ab000-7f64174ac000 ---p 00000000 00:00 0 
7f64174ac000-7f64175ac000 rw-p 00000000 00:00 0 
7f64175ac000-7f64175ad000 ---p 00000000 00:00 0 
7f64175ad000-7f64176ad000 rw-p 00000000 00:00 0 
7f64176ad000-7f64176ae000 ---p 00000000 00:00 0 
7f64176ae000-7f64177ae000 rw-p 00000000 00:00 0 
7f64177ae000-7f64177af000 ---p 00000000 00:00 0 
7f64177af000-7f6417937000 rw-p 00000000 00:00 0 
7f6417937000-7f6417e05000 ---p 00000000 00:00 0 
7f6417e05000-7f6417e8d000 rw-p 00000000 00:00 0 
7f6417e8d000-7f641835a000 ---p 00000000 00:00 0 
7f641835a000-7f6418517000 rw-p 00000000 00:00 0 
7f6418517000-7f6418605000 ---p 00000000 00:00 0 
7f6418605000-7f6418635000 rw-p 00000000 00:00 0 
7f6418635000-7f64189c6000 ---p 00000000 00:00 0 
7f64189c6000-7f6419556000 rwxp 00000000 00:00 0 
7f6419556000-7f64279c6000 ---p 00000000 00:00 0 
7f64279c6000-7f64279e0000 r-xp 00000000 08:05 929798                     /opt/android-studio/jre/jre/lib/amd64/libzip.so
7f64279e0000-7f6427be0000 ---p 0001a000 08:05 929798                     /opt/android-studio/jre/jre/lib/amd64/libzip.so
7f6427be0000-7f6427be1000 r--p 0001a000 08:05 929798                     /opt/android-studio/jre/jre/lib/amd64/libzip.so
7f6427be1000-7f6427be2000 rw-p 0001b000 08:05 929798                     /opt/android-studio/jre/jre/lib/amd64/libzip.so
7f6427be2000-7f6427bed000 r-xp 00000000 08:05 657657                     /lib/x86_64-linux-gnu/libnss_files-2.23.so
7f6427bed000-7f6427dec000 ---p 0000b000 08:05 657657                     /lib/x86_64-linux-gnu/libnss_files-2.23.so
7f6427dec000-7f6427ded000 r--p 0000a000 08:05 657657                     /lib/x86_64-linux-gnu/libnss_files-2.23.so
7f6427ded000-7f6427dee000 rw-p 0000b000 08:05 657657                     /lib/x86_64-linux-gnu/libnss_files-2.23.so
7f6427dee000-7f6427df4000 rw-p 00000000 00:00 0 
7f6427df4000-7f6427dff000 r-xp 00000000 08:05 657660                     /lib/x86_64-linux-gnu/libnss_nis-2.23.so
7f6427dff000-7f6427ffe000 ---p 0000b000 08:05 657660                     /lib/x86_64-linux-gnu/libnss_nis-2.23.so
7f6427ffe000-7f6427fff000 r--p 0000a000 08:05 657660                     /lib/x86_64-linux-gnu/libnss_nis-2.23.so
7f6427fff000-7f6428000000 rw-p 0000b000 08:05 657660                     /lib/x86_64-linux-gnu/libnss_nis-2.23.so
7f6428000000-7f64283b0000 rw-p 00000000 00:00 0 
7f64283b0000-7f642c000000 ---p 00000000 00:00 0 
7f642c007000-7f642c055000 rw-p 00000000 00:00 0 
7f642c055000-7f642c06b000 r-xp 00000000 08:05 657653                     /lib/x86_64-linux-gnu/libnsl-2.23.so
7f642c06b000-7f642c26a000 ---p 00016000 08:05 657653                     /lib/x86_64-linux-gnu/libnsl-2.23.so
7f642c26a000-7f642c26b000 r--p 00015000 08:05 657653                     /lib/x86_64-linux-gnu/libnsl-2.23.so
7f642c26b000-7f642c26c000 rw-p 00016000 08:05 657653                     /lib/x86_64-linux-gnu/libnsl-2.23.so
7f642c26c000-7f642c26e000 rw-p 00000000 00:00 0 
7f642c26e000-7f642c276000 r-xp 00000000 08:05 657666                     /lib/x86_64-linux-gnu/libnss_compat-2.23.so
7f642c276000-7f642c475000 ---p 00008000 08:05 657666                     /lib/x86_64-linux-gnu/libnss_compat-2.23.so
7f642c475000-7f642c476000 r--p 00007000 08:05 657666                     /lib/x86_64-linux-gnu/libnss_compat-2.23.so
7f642c476000-7f642c477000 rw-p 00008000 08:05 657666                     /lib/x86_64-linux-gnu/libnss_compat-2.23.so
7f642c477000-7f642c4a4000 r-xp 00000000 08:05 929815                     /opt/android-studio/jre/jre/lib/amd64/libjava.so
7f642c4a4000-7f642c6a3000 ---p 0002d000 08:05 929815                     /opt/android-studio/jre/jre/lib/amd64/libjava.so
7f642c6a3000-7f642c6a4000 r--p 0002c000 08:05 929815                     /opt/android-studio/jre/jre/lib/amd64/libjava.so
7f642c6a4000-7f642c6a6000 rw-p 0002d000 08:05 929815                     /opt/android-studio/jre/jre/lib/amd64/libjava.so
7f642c6a6000-7f642c6b6000 r-xp 00000000 08:05 929788                     /opt/android-studio/jre/jre/lib/amd64/libverify.so
7f642c6b6000-7f642c8b5000 ---p 00010000 08:05 929788                     /opt/android-studio/jre/jre/lib/amd64/libverify.so
7f642c8b5000-7f642c8b7000 r--p 0000f000 08:05 929788                     /opt/android-studio/jre/jre/lib/amd64/libverify.so
7f642c8b7000-7f642c8b8000 rw-p 00011000 08:05 929788                     /opt/android-studio/jre/jre/lib/amd64/libverify.so
7f642c8b8000-7f642c8bf000 r-xp 00000000 08:05 657662                     /lib/x86_64-linux-gnu/librt-2.23.so
7f642c8bf000-7f642cabe000 ---p 00007000 08:05 657662                     /lib/x86_64-linux-gnu/librt-2.23.so
7f642cabe000-7f642cabf000 r--p 00006000 08:05 657662                     /lib/x86_64-linux-gnu/librt-2.23.so
7f642cabf000-7f642cac0000 rw-p 00007000 08:05 657662                     /lib/x86_64-linux-gnu/librt-2.23.so
7f642cac0000-7f642cbc8000 r-xp 00000000 08:05 657671                     /lib/x86_64-linux-gnu/libm-2.23.so
7f642cbc8000-7f642cdc7000 ---p 00108000 08:05 657671                     /lib/x86_64-linux-gnu/libm-2.23.so
7f642cdc7000-7f642cdc8000 r--p 00107000 08:05 657671                     /lib/x86_64-linux-gnu/libm-2.23.so
7f642cdc8000-7f642cdc9000 rw-p 00108000 08:05 657671                     /lib/x86_64-linux-gnu/libm-2.23.so
7f642cdc9000-7f642d9ba000 r-xp 00000000 08:05 929796                     /opt/android-studio/jre/jre/lib/amd64/server/libjvm.so
7f642d9ba000-7f642dbba000 ---p 00bf1000 08:05 929796                     /opt/android-studio/jre/jre/lib/amd64/server/libjvm.so
7f642dbba000-7f642dc59000 r--p 00bf1000 08:05 929796                     /opt/android-studio/jre/jre/lib/amd64/server/libjvm.so
7f642dc59000-7f642dc82000 rw-p 00c90000 08:05 929796                     /opt/android-studio/jre/jre/lib/amd64/server/libjvm.so
7f642dc82000-7f642dcc6000 rw-p 00000000 00:00 0 
7f642dcc6000-7f642dcde000 r-xp 00000000 08:05 657659                     /lib/x86_64-linux-gnu/libpthread-2.23.so
7f642dcde000-7f642dedd000 ---p 00018000 08:05 657659                     /lib/x86_64-linux-gnu/libpthread-2.23.so
7f642dedd000-7f642dede000 r--p 00017000 08:05 657659                     /lib/x86_64-linux-gnu/libpthread-2.23.so
7f642dede000-7f642dedf000 rw-p 00018000 08:05 657659                     /lib/x86_64-linux-gnu/libpthread-2.23.so
7f642dedf000-7f642dee3000 rw-p 00000000 00:00 0 
7f642dee3000-7f642dee6000 r-xp 00000000 08:05 657665                     /lib/x86_64-linux-gnu/libdl-2.23.so
7f642dee6000-7f642e0e5000 ---p 00003000 08:05 657665                     /lib/x86_64-linux-gnu/libdl-2.23.so
7f642e0e5000-7f642e0e6000 r--p 00002000 08:05 657665                     /lib/x86_64-linux-gnu/libdl-2.23.so
7f642e0e6000-7f642e0e7000 rw-p 00003000 08:05 657665                     /lib/x86_64-linux-gnu/libdl-2.23.so
7f642e0e7000-7f642e2a7000 r-xp 00000000 08:05 657676                     /lib/x86_64-linux-gnu/libc-2.23.so
7f642e2a7000-7f642e4a7000 ---p 001c0000 08:05 657676                     /lib/x86_64-linux-gnu/libc-2.23.so
7f642e4a7000-7f642e4ab000 r--p 001c0000 08:05 657676                     /lib/x86_64-linux-gnu/libc-2.23.so
7f642e4ab000-7f642e4ad000 rw-p 001c4000 08:05 657676                     /lib/x86_64-linux-gnu/libc-2.23.so
7f642e4ad000-7f642e4b1000 rw-p 00000000 00:00 0 
7f642e4b1000-7f642e4c7000 r-xp 00000000 08:05 929747                     /opt/android-studio/jre/lib/amd64/jli/libjli.so
7f642e4c7000-7f642e6c6000 ---p 00016000 08:05 929747                     /opt/android-studio/jre/lib/amd64/jli/libjli.so
7f642e6c6000-7f642e6c7000 r--p 00015000 08:05 929747                     /opt/android-studio/jre/lib/amd64/jli/libjli.so
7f642e6c7000-7f642e6c8000 rw-p 00016000 08:05 929747                     /opt/android-studio/jre/lib/amd64/jli/libjli.so
7f642e6c8000-7f642e6ee000 r-xp 00000000 08:05 657654                     /lib/x86_64-linux-gnu/ld-2.23.so
7f642e6f0000-7f642e6f7000 r--s 00000000 08:05 8623                       /usr/lib/x86_64-linux-gnu/gconv/gconv-modules.cache
7f642e6f7000-7f642e7ca000 rw-p 00000000 00:00 0 
7f642e7ca000-7f642e7cd000 ---p 00000000 00:00 0 
7f642e7cd000-7f642e8cf000 rw-p 00000000 00:00 0 
7f642e8d3000-7f642e8e1000 r--s 000e0000 08:05 582483                     /root/Android/Sdk/build-tools/25.0.2/lib/dx.jar
7f642e8e1000-7f642e8e9000 rw-s 00000000 08:05 1466491                    /tmp/hsperfdata_root/8709
7f642e8e9000-7f642e8ea000 rw-p 00000000 00:00 0 
7f642e8ea000-7f642e8eb000 ---p 00000000 00:00 0 
7f642e8eb000-7f642e8ed000 rw-p 00000000 00:00 0 
7f642e8ed000-7f642e8ee000 r--p 00025000 08:05 657654                     /lib/x86_64-linux-gnu/ld-2.23.so
7f642e8ee000-7f642e8ef000 rw-p 00026000 08:05 657654                     /lib/x86_64-linux-gnu/ld-2.23.so
7f642e8ef000-7f642e8f0000 rw-p 00000000 00:00 0 
7ffe39d93000-7ffe39db4000 rw-p 00000000 00:00 0                          [stack]
7ffe39de1000-7ffe39de3000 r--p 00000000 00:00 0                          [vvar]
7ffe39de3000-7ffe39de5000 r-xp 00000000 00:00 0                          [vdso]
ffffffffff600000-ffffffffff601000 r-xp 00000000 00:00 0                  [vsyscall]

VM Arguments:
jvm_args: -Djava.awt.headless=true -Xmx4g -Dfile.encoding=UTF-8 -Duser.country=GT -Duser.language=es -Duser.variant 
java_command: com.android.dx.command.Main --dex --num-threads=4 --multi-dex --main-dex-list /home/lester/CONVERSA/Conversa-Android/app/build/intermediates/multi-dex/debug/maindexlist.txt --output /home/lester/CONVERSA/Conversa-Android/app/build/intermediates/transforms/dex/debug/folders/1000/1f/main /home/lester/CONVERSA/Conversa-Android/app/build/intermediates/transforms/jarMerging/debug/jars/1/1f/combined.jar
java_class_path (initial): /root/Android/Sdk/build-tools/25.0.2/lib/dx.jar
Launcher Type: SUN_STANDARD

Environment Variables:
PATH=/usr/local/sbin:/usr/local/bin:/usr/sbin:/usr/bin:/sbin:/bin:/snap/bin
USERNAME=root
LD_LIBRARY_PATH=/opt/android-studio/bin:
SHELL=/bin/bash
DISPLAY=:0

Signal Handlers:
SIGSEGV: [libjvm.so+0x9e5150], sa_mask[0]=11111111011111111101111111111110, sa_flags=SA_RESTART|SA_SIGINFO
SIGBUS: [libjvm.so+0x9e5150], sa_mask[0]=11111111011111111101111111111110, sa_flags=SA_RESTART|SA_SIGINFO
SIGFPE: [libjvm.so+0x848450], sa_mask[0]=11111111011111111101111111111110, sa_flags=SA_RESTART|SA_SIGINFO
SIGPIPE: [libjvm.so+0x848450], sa_mask[0]=11111111011111111101111111111110, sa_flags=SA_RESTART|SA_SIGINFO
SIGXFSZ: [libjvm.so+0x848450], sa_mask[0]=11111111011111111101111111111110, sa_flags=SA_RESTART|SA_SIGINFO
SIGILL: [libjvm.so+0x848450], sa_mask[0]=11111111011111111101111111111110, sa_flags=SA_RESTART|SA_SIGINFO
SIGUSR1: SIG_DFL, sa_mask[0]=00000000000000000000000000000000, sa_flags=none
SIGUSR2: [libjvm.so+0x848320], sa_mask[0]=00100000000000000000000000000000, sa_flags=SA_RESTART|SA_SIGINFO
SIGHUP: [libjvm.so+0x848510], sa_mask[0]=11111111011111111101111111111110, sa_flags=SA_RESTART|SA_SIGINFO
SIGINT: [libjvm.so+0x848510], sa_mask[0]=11111111011111111101111111111110, sa_flags=SA_RESTART|SA_SIGINFO
SIGTERM: [libjvm.so+0x848510], sa_mask[0]=11111111011111111101111111111110, sa_flags=SA_RESTART|SA_SIGINFO
SIGQUIT: [libjvm.so+0x848510], sa_mask[0]=11111111011111111101111111111110, sa_flags=SA_RESTART|SA_SIGINFO


---------------  S Y S T E M  ---------------

OS:DISTRIB_ID=Ubuntu
DISTRIB_RELEASE=16.04
DISTRIB_CODENAME=xenial
DISTRIB_DESCRIPTION="Ubuntu 16.04.3 LTS"

uname:Linux 4.4.0-92-generic #115-Ubuntu SMP Thu Aug 10 09:04:33 UTC 2017 x86_64
libc:glibc 2.23 NPTL 2.23 
rlimit: STACK 8192k, CORE 0k, NPROC 31122, NOFILE 1048576, AS infinity
load average:3.41 1.52 1.01

/proc/meminfo:
MemTotal:        8075520 kB
MemFree:          147168 kB
MemAvailable:      65076 kB
Buffers:            3096 kB
Cached:           730940 kB
SwapCached:            0 kB
Active:          6363692 kB
Inactive:         622132 kB
Active(anon):    6338176 kB
Inactive(anon):   591064 kB
Active(file):      25516 kB
Inactive(file):    31068 kB
Unevictable:          32 kB
Mlocked:              32 kB
SwapTotal:             0 kB
SwapFree:              0 kB
Dirty:             17672 kB
Writeback:             0 kB
AnonPages:       6252048 kB
Mapped:           960976 kB
Shmem:            677228 kB
Slab:             104140 kB
SReclaimable:      57256 kB
SUnreclaim:        46884 kB
KernelStack:       13040 kB
PageTables:        50120 kB
NFS_Unstable:          0 kB
Bounce:                0 kB
WritebackTmp:          0 kB
CommitLimit:     4037760 kB
Committed_AS:   12313444 kB
VmallocTotal:   34359738367 kB
VmallocUsed:           0 kB
VmallocChunk:          0 kB
HardwareCorrupted:     0 kB
AnonHugePages:   3633152 kB
CmaTotal:              0 kB
CmaFree:               0 kB
HugePages_Total:       0
HugePages_Free:        0
HugePages_Rsvd:        0
HugePages_Surp:        0
Hugepagesize:       2048 kB
DirectMap4k:      199468 kB
DirectMap2M:     5992448 kB
DirectMap1G:     3145728 kB


CPU:total 4 (2 cores per cpu, 2 threads per core) family 6 model 61 stepping 4, cmov, cx8, fxsr, mmx, sse, sse2, sse3, ssse3, sse4.1, sse4.2, popcnt, avx, avx2, aes, clmul, erms, 3dnowpref, lzcnt, ht, tsc, tscinvbit, bmi1, bmi2, adx

/proc/cpuinfo:
processor	: 0
vendor_id	: GenuineIntel
cpu family	: 6
model		: 61
model name	: Intel(R) Core(TM) i7-5500U CPU @ 2.40GHz
stepping	: 4
microcode	: 0x18
cpu MHz		: 2345.250
cache size	: 4096 KB
physical id	: 0
siblings	: 4
core id		: 0
cpu cores	: 2
apicid		: 0
initial apicid	: 0
fpu		: yes
fpu_exception	: yes
cpuid level	: 20
wp		: yes
flags		: fpu vme de pse tsc msr pae mce cx8 apic sep mtrr pge mca cmov pat pse36 clflush dts acpi mmx fxsr sse sse2 ss ht tm pbe syscall nx pdpe1gb rdtscp lm constant_tsc arch_perfmon pebs bts rep_good nopl xtopology nonstop_tsc aperfmperf eagerfpu pni pclmulqdq dtes64 monitor ds_cpl vmx est tm2 ssse3 sdbg fma cx16 xtpr pdcm pcid sse4_1 sse4_2 x2apic movbe popcnt tsc_deadline_timer aes xsave avx f16c rdrand lahf_lm abm 3dnowprefetch epb intel_pt tpr_shadow vnmi flexpriority ept vpid fsgsbase tsc_adjust bmi1 avx2 smep bmi2 erms invpcid rdseed adx smap xsaveopt dtherm ida arat pln pts
bugs		:
bogomips	: 4789.12
clflush size	: 64
cache_alignment	: 64
address sizes	: 39 bits physical, 48 bits virtual
power management:

processor	: 1
vendor_id	: GenuineIntel
cpu family	: 6
model		: 61
model name	: Intel(R) Core(TM) i7-5500U CPU @ 2.40GHz
stepping	: 4
microcode	: 0x18
cpu MHz		: 2310.093
cache size	: 4096 KB
physical id	: 0
siblings	: 4
core id		: 1
cpu cores	: 2
apicid		: 2
initial apicid	: 2
fpu		: yes
fpu_exception	: yes
cpuid level	: 20
wp		: yes
flags		: fpu vme de pse tsc msr pae mce cx8 apic sep mtrr pge mca cmov pat pse36 clflush dts acpi mmx fxsr sse sse2 ss ht tm pbe syscall nx pdpe1gb rdtscp lm constant_tsc arch_perfmon pebs bts rep_good nopl xtopology nonstop_tsc aperfmperf eagerfpu pni pclmulqdq dtes64 monitor ds_cpl vmx est tm2 ssse3 sdbg fma cx16 xtpr pdcm pcid sse4_1 sse4_2 x2apic movbe popcnt tsc_deadline_timer aes xsave avx f16c rdrand lahf_lm abm 3dnowprefetch epb intel_pt tpr_shadow vnmi flexpriority ept vpid fsgsbase tsc_adjust bmi1 avx2 smep bmi2 erms invpcid rdseed adx smap xsaveopt dtherm ida arat pln pts
bugs		:
bogomips	: 4789.12
clflush size	: 64
cache_alignment	: 64
address sizes	: 39 bits physical, 48 bits virtual
power management:

processor	: 2
vendor_id	: GenuineIntel
cpu family	: 6
model		: 61
model name	: Intel(R) Core(TM) i7-5500U CPU @ 2.40GHz
stepping	: 4
microcode	: 0x18
cpu MHz		: 2391.375
cache size	: 4096 KB
physical id	: 0
siblings	: 4
core id		: 0
cpu cores	: 2
apicid		: 1
initial apicid	: 1
fpu		: yes
fpu_exception	: yes
cpuid level	: 20
wp		: yes
flags		: fpu vme de pse tsc msr pae mce cx8 apic sep mtrr pge mca cmov pat pse36 clflush dts acpi mmx fxsr sse sse2 ss ht tm pbe syscall nx pdpe1gb rdtscp lm constant_tsc arch_perfmon pebs bts rep_good nopl xtopology nonstop_tsc aperfmperf eagerfpu pni pclmulqdq dtes64 monitor ds_cpl vmx est tm2 ssse3 sdbg fma cx16 xtpr pdcm pcid sse4_1 sse4_2 x2apic movbe popcnt tsc_deadline_timer aes xsave avx f16c rdrand lahf_lm abm 3dnowprefetch epb intel_pt tpr_shadow vnmi flexpriority ept vpid fsgsbase tsc_adjust bmi1 avx2 smep bmi2 erms invpcid rdseed adx smap xsaveopt dtherm ida arat pln pts
bugs		:
bogomips	: 4789.12
clflush size	: 64
cache_alignment	: 64
address sizes	: 39 bits physical, 48 bits virtual
power management:

processor	: 3
vendor_id	: GenuineIntel
cpu family	: 6
model		: 61
model name	: Intel(R) Core(TM) i7-5500U CPU @ 2.40GHz
stepping	: 4
microcode	: 0x18
cpu MHz		: 2341.312
cache size	: 4096 KB
physical id	: 0
siblings	: 4
core id		: 1
cpu cores	: 2
apicid		: 3
initial apicid	: 3
fpu		: yes
fpu_exception	: yes
cpuid level	: 20
wp		: yes
flags		: fpu vme de pse tsc msr pae mce cx8 apic sep mtrr pge mca cmov pat pse36 clflush dts acpi mmx fxsr sse sse2 ss ht tm pbe syscall nx pdpe1gb rdtscp lm constant_tsc arch_perfmon pebs bts rep_good nopl xtopology nonstop_tsc aperfmperf eagerfpu pni pclmulqdq dtes64 monitor ds_cpl vmx est tm2 ssse3 sdbg fma cx16 xtpr pdcm pcid sse4_1 sse4_2 x2apic movbe popcnt tsc_deadline_timer aes xsave avx f16c rdrand lahf_lm abm 3dnowprefetch epb intel_pt tpr_shadow vnmi flexpriority ept vpid fsgsbase tsc_adjust bmi1 avx2 smep bmi2 erms invpcid rdseed adx smap xsaveopt dtherm ida arat pln pts
bugs		:
bogomips	: 4789.12
clflush size	: 64
cache_alignment	: 64
address sizes	: 39 bits physical, 48 bits virtual
power management:



Memory: 4k page, physical 8075520k(147168k free), swap 0k(0k free)

vm_info: OpenJDK 64-Bit Server VM (25.112-b06) for linux-amd64 JRE (1.8.0_112-release-b06), built on Dec  6 2016 12:11:18 by "builder" with gcc 4.8.4

time: Thu Sep  7 22:28:42 2017
elapsed time: 21 seconds (0d 0h 0m 21s)

