#
# There is insufficient memory for the Java Runtime Environment to continue.
# Native memory allocation (mmap) failed to map 285212672 bytes for committing reserved memory.
# Possible reasons:
#   The system is out of physical RAM or swap space
#   In 32 bit mode, the process size limit was hit
# Possible solutions:
#   Reduce memory load on the system
#   Increase physical memory or swap space
#   Check if swap backing store is full
#   Use 64 bit Java on a 64 bit OS
#   Decrease Java heap size (-Xmx/-Xms)
#   Decrease number of Java threads
#   Decrease Java thread stack sizes (-Xss)
#   Set larger code cache with -XX:ReservedCodeCacheSize=
# This output file may be truncated or incomplete.
#
#  Out of Memory Error (os_linux.cpp:2627), pid=17409, tid=0x00007fbc372f2700
#
# JRE version: OpenJDK Runtime Environment (8.0_112-b06) (build 1.8.0_112-release-b06)
# Java VM: OpenJDK 64-Bit Server VM (25.112-b06 mixed mode linux-amd64 compressed oops)
# Failed to write core dump. Core dumps have been disabled. To enable core dumping, try "ulimit -c unlimited" before starting Java again
#

---------------  T H R E A D  ---------------

Current thread (0x00007fbc4c077800):  VMThread [stack: 0x00007fbc371f2000,0x00007fbc372f3000] [id=17419]

Stack: [0x00007fbc371f2000,0x00007fbc372f3000],  sp=0x00007fbc372f14d0,  free space=1021k
Native frames: (J=compiled Java code, j=interpreted, Vv=VM code, C=native code)
V  [libjvm.so+0x9e465d]  VMError::report_and_die()+0x15d
V  [libjvm.so+0x4b6ada]  report_vm_out_of_memory(char const*, int, unsigned long, VMErrorType, char const*)+0x8a
V  [libjvm.so+0x84c860]  os::pd_commit_memory(char*, unsigned long, unsigned long, bool)+0xf0
V  [libjvm.so+0x84737f]  os::commit_memory(char*, unsigned long, unsigned long, bool)+0x1f
V  [libjvm.so+0x8bd3db]  PSVirtualSpace::expand_by(unsigned long)+0x5b
V  [libjvm.so+0x8ae1bb]  PSOldGen::expand_by(unsigned long) [clone .part.109]+0x1b
V  [libjvm.so+0x8ae37b]  PSOldGen::expand(unsigned long) [clone .part.111]+0xdb
V  [libjvm.so+0x8aec58]  PSOldGen::resize(unsigned long)+0x188
V  [libjvm.so+0x8b426c]  PSParallelCompact::invoke_no_policy(bool)+0x97c
V  [libjvm.so+0x8bb37d]  PSScavenge::invoke()+0x17d
V  [libjvm.so+0x86fcf3]  ParallelScavengeHeap::failed_mem_allocate(unsigned long)+0x63
V  [libjvm.so+0x9e6124]  VM_ParallelGCFailedAllocation::doit()+0x84
V  [libjvm.so+0x9ea537]  VM_Operation::evaluate()+0x47
V  [libjvm.so+0x9e8ff8]  VMThread::evaluate_operation(VM_Operation*)+0x2c8
V  [libjvm.so+0x9e9479]  VMThread::loop()+0x219
V  [libjvm.so+0x9e98c2]  VMThread::run()+0x72
V  [libjvm.so+0x849c82]  java_start(Thread*)+0xf2

VM_Operation (0x00007fbc35fcd3e0): ParallelGCFailedAllocation, mode: safepoint, requested by thread 0x00007fbc4c19d000


---------------  P R O C E S S  ---------------

Java Threads: ( => current thread )
  0x00007fbc4c19d000 JavaThread "pool-2-thread-4" [_thread_blocked, id=17432, stack(0x00007fbc35ecf000,0x00007fbc35fd0000)]
  0x00007fbc4c19b000 JavaThread "pool-2-thread-3" [_thread_blocked, id=17431, stack(0x00007fbc35fd0000,0x00007fbc360d1000)]
  0x00007fbc4c199800 JavaThread "pool-2-thread-2" [_thread_blocked, id=17430, stack(0x00007fbc360d1000,0x00007fbc361d2000)]
  0x00007fbc4c198000 JavaThread "pool-3-thread-1" [_thread_blocked, id=17429, stack(0x00007fbc361d2000,0x00007fbc362d3000)]
  0x00007fbc4c18d000 JavaThread "pool-2-thread-1" [_thread_blocked, id=17428, stack(0x00007fbc362d3000,0x00007fbc363d4000)]
  0x00007fbc4c0c7800 JavaThread "Service Thread" daemon [_thread_blocked, id=17426, stack(0x00007fbc3659e000,0x00007fbc3669f000)]
  0x00007fbc4c0bc800 JavaThread "C1 CompilerThread2" daemon [_thread_blocked, id=17425, stack(0x00007fbc3669f000,0x00007fbc367a0000)]
  0x00007fbc4c0ba800 JavaThread "C2 CompilerThread1" daemon [_thread_blocked, id=17424, stack(0x00007fbc367a0000,0x00007fbc368a1000)]
  0x00007fbc4c0b7800 JavaThread "C2 CompilerThread0" daemon [_thread_blocked, id=17423, stack(0x00007fbc368a1000,0x00007fbc369a2000)]
  0x00007fbc4c0b6800 JavaThread "Signal Dispatcher" daemon [_thread_blocked, id=17422, stack(0x00007fbc369a2000,0x00007fbc36aa3000)]
  0x00007fbc4c083800 JavaThread "Finalizer" daemon [_thread_blocked, id=17421, stack(0x00007fbc36ff0000,0x00007fbc370f1000)]
  0x00007fbc4c07f000 JavaThread "Reference Handler" daemon [_thread_blocked, id=17420, stack(0x00007fbc370f1000,0x00007fbc371f2000)]
  0x00007fbc4c00a000 JavaThread "main" [_thread_blocked, id=17413, stack(0x00007fbc5481d000,0x00007fbc5491e000)]

Other Threads:
=>0x00007fbc4c077800 VMThread [stack: 0x00007fbc371f2000,0x00007fbc372f3000] [id=17419]
  0x00007fbc4c0ca000 WatcherThread [stack: 0x00007fbc3649d000,0x00007fbc3659e000] [id=17427]

VM state:at safepoint (normal execution)

VM Mutex/Monitor currently owned by a thread:  ([mutex/lock_event])
[0x00007fbc4c005f00] ExpandHeap_lock - owner thread: 0x00007fbc4c077800
[0x00007fbc4c006580] Threads_lock - owner thread: 0x00007fbc4c077800
[0x00007fbc4c006a80] Heap_lock - owner thread: 0x00007fbc4c19d000

Heap:
 PSYoungGen      total 891392K, used 178079K [0x000000076ab00000, 0x00000007bd000000, 0x00000007c0000000)
  eden space 687104K, 0% used [0x000000076ab00000,0x000000076ab00000,0x0000000794a00000)
  from space 204288K, 87% used [0x0000000794a00000,0x000000079f7e7f20,0x00000007a1180000)
  to   space 265728K, 0% used [0x00000007acc80000,0x00000007acc80000,0x00000007bd000000)
 ParOldGen       total 496640K, used 496538K [0x00000006c0000000, 0x00000006de500000, 0x000000076ab00000)
  object space 496640K, 99% used [0x00000006c0000000,0x00000006de4e69e8,0x00000006de500000)
 Metaspace       used 6399K, capacity 7280K, committed 7552K, reserved 1056768K
  class space    used 583K, capacity 616K, committed 640K, reserved 1048576K

Card table byte_map: [0x00007fbc50ead000,0x00007fbc516ae000] byte_map_base: 0x00007fbc4d8ad000

Marking Bits: (ParMarkBitMap*) 0x00007fbc53cea340
 Begin Bits: [0x00007fbc20000000, 0x00007fbc24000000)
 End Bits:   [0x00007fbc24000000, 0x00007fbc28000000)

Polling page: 0x00007fbc5493d000

CodeCache: size=245760Kb used=12889Kb max_used=12914Kb free=232870Kb
 bounds [0x00007fbc3d000000, 0x00007fbc3dcb0000, 0x00007fbc4c000000]
 total_blobs=2861 nmethods=2599 adapters=176
 compilation: enabled

Compilation events (10 events):
Event: 19.556 Thread 0x00007fbc4c0ba800 nmethod 2793% 0x00007fbc3dc860d0 code [0x00007fbc3dc86700, 0x00007fbc3dc89eb0]
Event: 19.556 Thread 0x00007fbc4c0ba800 2780       4       com.android.dx.ssa.back.FirstFitLocalCombiningAllocator::handleLocalAssociatedOther (151 bytes)
Event: 19.609 Thread 0x00007fbc4c0ba800 nmethod 2780 0x00007fbc3dc62750 code [0x00007fbc3dc629e0, 0x00007fbc3dc63f68]
Event: 19.609 Thread 0x00007fbc4c0ba800 2802 %     4       com.android.dx.ssa.SCCP::run @ 13 (298 bytes)
Event: 19.820 Thread 0x00007fbc4c0ba800 nmethod 2802% 0x00007fbc3dc900d0 code [0x00007fbc3dc90720, 0x00007fbc3dc93df0]
Event: 19.820 Thread 0x00007fbc4c0ba800 2803       4       com.android.dx.ssa.back.SsaToRop::removePhiFunctions (83 bytes)
Event: 19.852 Thread 0x00007fbc4c0ba800 nmethod 2803 0x00007fbc3dc81cd0 code [0x00007fbc3dc81ee0, 0x00007fbc3dc82b98]
Event: 19.853 Thread 0x00007fbc4c0ba800 2807       4       com.android.dx.ssa.SCCP::run (298 bytes)
Event: 20.020 Thread 0x00007fbc4c0ba800 nmethod 2807 0x00007fbc3dc9f050 code [0x00007fbc3dc9f6c0, 0x00007fbc3dca2e80]
Event: 20.020 Thread 0x00007fbc4c0ba800 2767       4       java.util.HashMap$TreeNode::find (172 bytes)

GC Heap History (10 events):
Event: 12.283 GC heap after
Heap after GC invocations=14 (full 3):
 PSYoungGen      total 668160K, used 16929K [0x000000076ab00000, 0x00000007a1900000, 0x00000007c0000000)
  eden space 545280K, 0% used [0x000000076ab00000,0x000000076ab00000,0x000000078bf80000)
  from space 122880K, 13% used [0x000000078bf80000,0x000000078d008558,0x0000000793780000)
  to   space 130048K, 0% used [0x0000000799a00000,0x0000000799a00000,0x00000007a1900000)
 ParOldGen       total 496640K, used 300025K [0x00000006c0000000, 0x00000006de500000, 0x000000076ab00000)
  object space 496640K, 60% used [0x00000006c0000000,0x00000006d24fe5e8,0x00000006de500000)
 Metaspace       used 6382K, capacity 7280K, committed 7552K, reserved 1056768K
  class space    used 582K, capacity 616K, committed 640K, reserved 1048576K
}
Event: 13.878 GC heap before
{Heap before GC invocations=15 (full 3):
 PSYoungGen      total 668160K, used 562209K [0x000000076ab00000, 0x00000007a1900000, 0x00000007c0000000)
  eden space 545280K, 100% used [0x000000076ab00000,0x000000078bf80000,0x000000078bf80000)
  from space 122880K, 13% used [0x000000078bf80000,0x000000078d008558,0x0000000793780000)
  to   space 130048K, 0% used [0x0000000799a00000,0x0000000799a00000,0x00000007a1900000)
 ParOldGen       total 496640K, used 300025K [0x00000006c0000000, 0x00000006de500000, 0x000000076ab00000)
  object space 496640K, 60% used [0x00000006c0000000,0x00000006d24fe5e8,0x00000006de500000)
 Metaspace       used 6385K, capacity 7280K, committed 7552K, reserved 1056768K
  class space    used 582K, capacity 616K, committed 640K, reserved 1048576K
Event: 14.114 GC heap after
Heap after GC invocations=15 (full 3):
 PSYoungGen      total 748544K, used 95106K [0x000000076ab00000, 0x00000007a1880000, 0x00000007c0000000)
  eden space 619008K, 0% used [0x000000076ab00000,0x000000076ab00000,0x0000000790780000)
  from space 129536K, 73% used [0x0000000799a00000,0x000000079f6e0828,0x00000007a1880000)
  to   space 139776K, 0% used [0x0000000790780000,0x0000000790780000,0x0000000799000000)
 ParOldGen       total 496640K, used 300025K [0x00000006c0000000, 0x00000006de500000, 0x000000076ab00000)
  object space 496640K, 60% used [0x00000006c0000000,0x00000006d24fe5e8,0x00000006de500000)
 Metaspace       used 6385K, capacity 7280K, committed 7552K, reserved 1056768K
  class space    used 582K, capacity 616K, committed 640K, reserved 1048576K
}
Event: 15.742 GC heap before
{Heap before GC invocations=16 (full 3):
 PSYoungGen      total 748544K, used 714114K [0x000000076ab00000, 0x00000007a1880000, 0x00000007c0000000)
  eden space 619008K, 100% used [0x000000076ab00000,0x0000000790780000,0x0000000790780000)
  from space 129536K, 73% used [0x0000000799a00000,0x000000079f6e0828,0x00000007a1880000)
  to   space 139776K, 0% used [0x0000000790780000,0x0000000790780000,0x0000000799000000)
 ParOldGen       total 496640K, used 300025K [0x00000006c0000000, 0x00000006de500000, 0x000000076ab00000)
  object space 496640K, 60% used [0x00000006c0000000,0x00000006d24fe5e8,0x00000006de500000)
 Metaspace       used 6389K, capacity 7280K, committed 7552K, reserved 1056768K
  class space    used 582K, capacity 616K, committed 640K, reserved 1048576K
Event: 16.002 GC heap after
Heap after GC invocations=16 (full 3):
 PSYoungGen      total 758784K, used 139744K [0x000000076ab00000, 0x00000007abf00000, 0x00000007c0000000)
  eden space 619008K, 0% used [0x000000076ab00000,0x000000076ab00000,0x0000000790780000)
  from space 139776K, 99% used [0x0000000790780000,0x0000000798ff8160,0x0000000799000000)
  to   space 177664K, 0% used [0x00000007a1180000,0x00000007a1180000,0x00000007abf00000)
 ParOldGen       total 496640K, used 338728K [0x00000006c0000000, 0x00000006de500000, 0x000000076ab00000)
  object space 496640K, 68% used [0x00000006c0000000,0x00000006d4aca3c0,0x00000006de500000)
 Metaspace       used 6389K, capacity 7280K, committed 7552K, reserved 1056768K
  class space    used 582K, capacity 616K, committed 640K, reserved 1048576K
}
Event: 17.776 GC heap before
{Heap before GC invocations=17 (full 3):
 PSYoungGen      total 758784K, used 758752K [0x000000076ab00000, 0x00000007abf00000, 0x00000007c0000000)
  eden space 619008K, 100% used [0x000000076ab00000,0x0000000790780000,0x0000000790780000)
  from space 139776K, 99% used [0x0000000790780000,0x0000000798ff8160,0x0000000799000000)
  to   space 177664K, 0% used [0x00000007a1180000,0x00000007a1180000,0x00000007abf00000)
 ParOldGen       total 496640K, used 338728K [0x00000006c0000000, 0x00000006de500000, 0x000000076ab00000)
  object space 496640K, 68% used [0x00000006c0000000,0x00000006d4aca3c0,0x00000006de500000)
 Metaspace       used 6391K, capacity 7280K, committed 7552K, reserved 1056768K
  class space    used 582K, capacity 616K, committed 640K, reserved 1048576K
Event: 18.211 GC heap after
Heap after GC invocations=17 (full 3):
 PSYoungGen      total 864768K, used 166676K [0x000000076ab00000, 0x00000007b0400000, 0x00000007c0000000)
  eden space 687104K, 0% used [0x000000076ab00000,0x000000076ab00000,0x0000000794a00000)
  from space 177664K, 93% used [0x00000007a1180000,0x00000007ab4452f8,0x00000007abf00000)
  to   space 204288K, 0% used [0x0000000794a00000,0x0000000794a00000,0x00000007a1180000)
 ParOldGen       total 496640K, used 410619K [0x00000006c0000000, 0x00000006de500000, 0x000000076ab00000)
  object space 496640K, 82% used [0x00000006c0000000,0x00000006d90fefc8,0x00000006de500000)
 Metaspace       used 6391K, capacity 7280K, committed 7552K, reserved 1056768K
  class space    used 582K, capacity 616K, committed 640K, reserved 1048576K
}
Event: 20.056 GC heap before
{Heap before GC invocations=18 (full 3):
 PSYoungGen      total 864768K, used 853780K [0x000000076ab00000, 0x00000007b0400000, 0x00000007c0000000)
  eden space 687104K, 100% used [0x000000076ab00000,0x0000000794a00000,0x0000000794a00000)
  from space 177664K, 93% used [0x00000007a1180000,0x00000007ab4452f8,0x00000007abf00000)
  to   space 204288K, 0% used [0x0000000794a00000,0x0000000794a00000,0x00000007a1180000)
 ParOldGen       total 496640K, used 410619K [0x00000006c0000000, 0x00000006de500000, 0x000000076ab00000)
  object space 496640K, 82% used [0x00000006c0000000,0x00000006d90fefc8,0x00000006de500000)
 Metaspace       used 6399K, capacity 7280K, committed 7552K, reserved 1056768K
  class space    used 583K, capacity 616K, committed 640K, reserved 1048576K
Event: 20.384 GC heap after
Heap after GC invocations=18 (full 3):
 PSYoungGen      total 891392K, used 204284K [0x000000076ab00000, 0x00000007bd000000, 0x00000007c0000000)
  eden space 687104K, 0% used [0x000000076ab00000,0x000000076ab00000,0x0000000794a00000)
  from space 204288K, 99% used [0x0000000794a00000,0x00000007a117f290,0x00000007a1180000)
  to   space 265728K, 0% used [0x00000007acc80000,0x00000007acc80000,0x00000007bd000000)
 ParOldGen       total 496640K, used 481413K [0x00000006c0000000, 0x00000006de500000, 0x000000076ab00000)
  object space 496640K, 96% used [0x00000006c0000000,0x00000006dd621520,0x00000006de500000)
 Metaspace       used 6399K, capacity 7280K, committed 7552K, reserved 1056768K
  class space    used 583K, capacity 616K, committed 640K, reserved 1048576K
}
Event: 20.454 GC heap before
{Heap before GC invocations=19 (full 4):
 PSYoungGen      total 891392K, used 204284K [0x000000076ab00000, 0x00000007bd000000, 0x00000007c0000000)
  eden space 687104K, 0% used [0x000000076ab00000,0x000000076ab00000,0x0000000794a00000)
  from space 204288K, 99% used [0x0000000794a00000,0x00000007a117f290,0x00000007a1180000)
  to   space 265728K, 0% used [0x00000007acc80000,0x00000007acc80000,0x00000007bd000000)
 ParOldGen       total 496640K, used 481413K [0x00000006c0000000, 0x00000006de500000, 0x000000076ab00000)
  object space 496640K, 96% used [0x00000006c0000000,0x00000006dd621520,0x00000006de500000)
 Metaspace       used 6399K, capacity 7280K, committed 7552K, reserved 1056768K
  class space    used 583K, capacity 616K, committed 640K, reserved 1048576K

Deoptimization events (10 events):
Event: 13.013 Thread 0x00007fbc4c18d000 Uncommon trap: reason=unstable_if action=reinterpret pc=0x00007fbc3dad767c method=java.util.ArrayList.<init>(I)V @ 5
Event: 13.218 Thread 0x00007fbc4c18d000 Uncommon trap: reason=bimorphic action=maybe_recompile pc=0x00007fbc3db4ab0c method=com.android.dx.ssa.SCCP.setLatticeValueTo(IILcom/android/dx/rop/cst/Constant;)Z @ 43
Event: 13.218 Thread 0x00007fbc4c18d000 Uncommon trap: reason=bimorphic action=maybe_recompile pc=0x00007fbc3db4ab0c method=com.android.dx.ssa.SCCP.setLatticeValueTo(IILcom/android/dx/rop/cst/Constant;)Z @ 43
Event: 13.252 Thread 0x00007fbc4c19d000 Uncommon trap: reason=bimorphic action=maybe_recompile pc=0x00007fbc3db4ab0c method=com.android.dx.ssa.SCCP.setLatticeValueTo(IILcom/android/dx/rop/cst/Constant;)Z @ 43
Event: 13.255 Thread 0x00007fbc4c199800 Uncommon trap: reason=bimorphic action=maybe_recompile pc=0x00007fbc3db4ab0c method=com.android.dx.ssa.SCCP.setLatticeValueTo(IILcom/android/dx/rop/cst/Constant;)Z @ 43
Event: 13.654 Thread 0x00007fbc4c19b000 Uncommon trap: reason=unstable_if action=reinterpret pc=0x00007fbc3db385b4 method=com.android.dx.dex.code.RopTranslator.outputBlock(Lcom/android/dx/rop/code/BasicBlock;I)V @ 140
Event: 14.480 Thread 0x00007fbc4c19d000 Uncommon trap: reason=unstable_if action=reinterpret pc=0x00007fbc3db886c0 method=com.android.dx.ssa.back.IdenticalBlockCombiner.replaceSucc(Lcom/android/dx/rop/code/BasicBlock;II)V @ 30
Event: 16.099 Thread 0x00007fbc4c199800 Uncommon trap: reason=unstable_if action=reinterpret pc=0x00007fbc3dbecbbc method=com.android.dx.ssa.SCCP.replaceBranches()V @ 14
Event: 16.140 Thread 0x00007fbc4c18d000 Uncommon trap: reason=unstable_if action=reinterpret pc=0x00007fbc3dbb6184 method=com.android.dx.ssa.SsaBasicBlock.scheduleMovesFromPhis()V @ 63
Event: 18.407 Thread 0x00007fbc4c199800 Uncommon trap: reason=unstable_if action=reinterpret pc=0x00007fbc3dbfa0f0 method=com.android.dx.cf.code.Merger.isPossiblyAssignableFrom(Lcom/android/dx/rop/type/TypeBearer;Lcom/android/dx/rop/type/TypeBearer;)Z @ 131

Internal exceptions (8 events):
Event: 0.014 Thread 0x00007fbc4c00a000 Exception <a 'java/lang/NoSuchMethodError': Method sun.misc.Unsafe.defineClass(Ljava/lang/String;[BII)Ljava/lang/Class; name or signature does not match> (0x000000076ab07c78) thrown at [/ssd/Android/AOSP-openjdk/external/jetbrains/jdk/hotspot/src/share/vm
Event: 0.014 Thread 0x00007fbc4c00a000 Exception <a 'java/lang/NoSuchMethodError': Method sun.misc.Unsafe.prefetchRead(Ljava/lang/Object;J)V name or signature does not match> (0x000000076ab07f60) thrown at [/ssd/Android/AOSP-openjdk/external/jetbrains/jdk/hotspot/src/share/vm/prims/jni.cpp, li
Event: 0.234 Thread 0x00007fbc4c00a000 Implicit null exception at 0x00007fbc3d1621f4 to 0x00007fbc3d16283d
Event: 1.010 Thread 0x00007fbc4c199800 Implicit null exception at 0x00007fbc3d36b91a to 0x00007fbc3d36deb5
Event: 1.436 Thread 0x00007fbc4c199800 Exception <a 'java/lang/ArrayIndexOutOfBoundsException': 18> (0x000000076fa8ebf0) thrown at [/ssd/Android/AOSP-openjdk/external/jetbrains/jdk/hotspot/src/share/vm/interpreter/interpreterRuntime.cpp, line 366]
Event: 1.437 Thread 0x00007fbc4c199800 Exception <a 'java/lang/ArrayIndexOutOfBoundsException': 145> (0x000000076fa90770) thrown at [/ssd/Android/AOSP-openjdk/external/jetbrains/jdk/hotspot/src/share/vm/interpreter/interpreterRuntime.cpp, line 366]
Event: 1.437 Thread 0x00007fbc4c199800 Exception <a 'java/lang/ArrayIndexOutOfBoundsException': 40> (0x000000076fa91a58) thrown at [/ssd/Android/AOSP-openjdk/external/jetbrains/jdk/hotspot/src/share/vm/interpreter/interpreterRuntime.cpp, line 366]
Event: 12.887 Thread 0x00007fbc4c199800 Implicit null exception at 0x00007fbc3d4e4c6e to 0x00007fbc3d4e7d15

Events (10 events):
Event: 19.990 Thread 0x00007fbc4c19d000 DEOPT UNPACKING pc=0x00007fbc3d047373 sp=0x00007fbc35fcdf60 mode 0
Event: 20.017 Thread 0x00007fbc4c19b000 DEOPT PACKING pc=0x00007fbc3d5f0a80 sp=0x00007fbc360cf110
Event: 20.017 Thread 0x00007fbc4c19b000 DEOPT UNPACKING pc=0x00007fbc3d047373 sp=0x00007fbc360cef60 mode 0
Event: 20.042 Thread 0x00007fbc4c19d000 DEOPT PACKING pc=0x00007fbc3d5f0e4f sp=0x00007fbc35fce110
Event: 20.042 Thread 0x00007fbc4c19d000 DEOPT UNPACKING pc=0x00007fbc3d047373 sp=0x00007fbc35fcdf60 mode 0
Event: 20.046 loading class java/util/HashMap$KeySet
Event: 20.046 loading class java/util/HashMap$KeySet done
Event: 20.046 loading class java/util/HashMap$KeyIterator
Event: 20.046 loading class java/util/HashMap$KeyIterator done
Event: 20.055 Executing VM operation: ParallelGCFailedAllocation


Dynamic libraries:
00400000-00401000 r-xp 00000000 08:05 929732                             /opt/android-studio/jre/bin/java
00600000-00601000 r--p 00000000 08:05 929732                             /opt/android-studio/jre/bin/java
00601000-00602000 rw-p 00001000 08:05 929732                             /opt/android-studio/jre/bin/java
01165000-01186000 rw-p 00000000 00:00 0                                  [heap]
6c0000000-6de500000 rw-p 00000000 00:00 0 
6ef500000-76ab00000 ---p 00000000 00:00 0 
76ab00000-7bd000000 rw-p 00000000 00:00 0 
7bd000000-7c0000000 ---p 00000000 00:00 0 
7c0000000-7c00a0000 rw-p 00000000 00:00 0 
7c00a0000-800000000 ---p 00000000 00:00 0 
7fbbe8000000-7fbbe802c000 rw-p 00000000 00:00 0 
7fbbe802c000-7fbbec000000 ---p 00000000 00:00 0 
7fbbec000000-7fbbec028000 rw-p 00000000 00:00 0 
7fbbec028000-7fbbf0000000 ---p 00000000 00:00 0 
7fbbf0000000-7fbbf0021000 rw-p 00000000 00:00 0 
7fbbf0021000-7fbbf4000000 ---p 00000000 00:00 0 
7fbbf4000000-7fbbf4022000 rw-p 00000000 00:00 0 
7fbbf4022000-7fbbf8000000 ---p 00000000 00:00 0 
7fbbf8000000-7fbbf8021000 rw-p 00000000 00:00 0 
7fbbf8021000-7fbbfc000000 ---p 00000000 00:00 0 
7fbbfc000000-7fbbfc02b000 rw-p 00000000 00:00 0 
7fbbfc02b000-7fbc00000000 ---p 00000000 00:00 0 
7fbc00000000-7fbc00e02000 rw-p 00000000 00:00 0 
7fbc00e02000-7fbc04000000 ---p 00000000 00:00 0 
7fbc04000000-7fbc04021000 rw-p 00000000 00:00 0 
7fbc04021000-7fbc08000000 ---p 00000000 00:00 0 
7fbc08000000-7fbc09964000 rw-p 00000000 00:00 0 
7fbc09964000-7fbc0c000000 ---p 00000000 00:00 0 
7fbc0c000000-7fbc0daee000 rw-p 00000000 00:00 0 
7fbc0daee000-7fbc10000000 ---p 00000000 00:00 0 
7fbc10000000-7fbc10021000 rw-p 00000000 00:00 0 
7fbc10021000-7fbc14000000 ---p 00000000 00:00 0 
7fbc14000000-7fbc14021000 rw-p 00000000 00:00 0 
7fbc14021000-7fbc18000000 ---p 00000000 00:00 0 
7fbc18000000-7fbc18282000 rw-p 00000000 00:00 0 
7fbc18282000-7fbc1c000000 ---p 00000000 00:00 0 
7fbc1c000000-7fbc1c021000 rw-p 00000000 00:00 0 
7fbc1c021000-7fbc20000000 ---p 00000000 00:00 0 
7fbc20000000-7fbc28000000 rw-p 00000000 00:00 0 
7fbc28000000-7fbc28021000 rw-p 00000000 00:00 0 
7fbc28021000-7fbc2c000000 ---p 00000000 00:00 0 
7fbc2c000000-7fbc2c021000 rw-p 00000000 00:00 0 
7fbc2c021000-7fbc30000000 ---p 00000000 00:00 0 
7fbc30000000-7fbc30021000 rw-p 00000000 00:00 0 
7fbc30021000-7fbc34000000 ---p 00000000 00:00 0 
7fbc35ecf000-7fbc35ed2000 ---p 00000000 00:00 0 
7fbc35ed2000-7fbc35fd0000 rw-p 00000000 00:00 0 
7fbc35fd0000-7fbc35fd3000 ---p 00000000 00:00 0 
7fbc35fd3000-7fbc360d1000 rw-p 00000000 00:00 0 
7fbc360d1000-7fbc360d4000 ---p 00000000 00:00 0 
7fbc360d4000-7fbc361d2000 rw-p 00000000 00:00 0 
7fbc361d2000-7fbc361d5000 ---p 00000000 00:00 0 
7fbc361d5000-7fbc362d3000 rw-p 00000000 00:00 0 
7fbc362d3000-7fbc362d6000 ---p 00000000 00:00 0 
7fbc362d6000-7fbc363d4000 rw-p 00000000 00:00 0 
7fbc36478000-7fbc3649d000 r--p 00000000 08:05 144167                     /usr/share/locale-langpack/es/LC_MESSAGES/libc.mo
7fbc3649d000-7fbc3649e000 ---p 00000000 00:00 0 
7fbc3649e000-7fbc3659e000 rw-p 00000000 00:00 0 
7fbc3659e000-7fbc365a1000 ---p 00000000 00:00 0 
7fbc365a1000-7fbc3669f000 rw-p 00000000 00:00 0 
7fbc3669f000-7fbc366a2000 ---p 00000000 00:00 0 
7fbc366a2000-7fbc367a0000 rw-p 00000000 00:00 0 
7fbc367a0000-7fbc367a3000 ---p 00000000 00:00 0 
7fbc367a3000-7fbc368a1000 rw-p 00000000 00:00 0 
7fbc368a1000-7fbc368a4000 ---p 00000000 00:00 0 
7fbc368a4000-7fbc369a2000 rw-p 00000000 00:00 0 
7fbc369a2000-7fbc369a5000 ---p 00000000 00:00 0 
7fbc369a5000-7fbc36aa3000 rw-p 00000000 00:00 0 
7fbc36aa3000-7fbc36ff0000 r--p 00000000 08:05 1051794                    /usr/lib/locale/locale-archive
7fbc36ff0000-7fbc36ff3000 ---p 00000000 00:00 0 
7fbc36ff3000-7fbc370f1000 rw-p 00000000 00:00 0 
7fbc370f1000-7fbc370f4000 ---p 00000000 00:00 0 
7fbc370f4000-7fbc371f2000 rw-p 00000000 00:00 0 
7fbc371f2000-7fbc371f3000 ---p 00000000 00:00 0 
7fbc371f3000-7fbc38000000 rw-p 00000000 00:00 0 
7fbc38000000-7fbc38021000 rw-p 00000000 00:00 0 
7fbc38021000-7fbc3c000000 ---p 00000000 00:00 0 
7fbc3c000000-7fbc3c6c0000 rw-p 00000000 00:00 0 
7fbc3c6c0000-7fbc3c800000 ---p 00000000 00:00 0 
7fbc3c800000-7fbc3d000000 rw-p 00000000 00:00 0 
7fbc3d000000-7fbc3dcb0000 rwxp 00000000 00:00 0 
7fbc3dcb0000-7fbc4c000000 ---p 00000000 00:00 0 
7fbc4c000000-7fbc4c395000 rw-p 00000000 00:00 0 
7fbc4c395000-7fbc50000000 ---p 00000000 00:00 0 
7fbc50019000-7fbc5030e000 rw-p 00000000 00:00 0 
7fbc5030e000-7fbc504dd000 r--s 03c1b000 08:05 929783                     /opt/android-studio/jre/jre/lib/rt.jar
7fbc504dd000-7fbc50553000 rw-p 00000000 00:00 0 
7fbc50553000-7fbc50554000 ---p 00000000 00:00 0 
7fbc50554000-7fbc50654000 rw-p 00000000 00:00 0 
7fbc50654000-7fbc50655000 ---p 00000000 00:00 0 
7fbc50655000-7fbc50755000 rw-p 00000000 00:00 0 
7fbc50755000-7fbc50756000 ---p 00000000 00:00 0 
7fbc50756000-7fbc50856000 rw-p 00000000 00:00 0 
7fbc50856000-7fbc50857000 ---p 00000000 00:00 0 
7fbc50857000-7fbc50a4a000 rw-p 00000000 00:00 0 
7fbc50a4a000-7fbc50ead000 ---p 00000000 00:00 0 
7fbc50ead000-7fbc50fa0000 rw-p 00000000 00:00 0 
7fbc50fa0000-7fbc51402000 ---p 00000000 00:00 0 
7fbc51402000-7fbc51695000 rw-p 00000000 00:00 0 
7fbc51695000-7fbc516ad000 ---p 00000000 00:00 0 
7fbc516ad000-7fbc516e1000 rw-p 00000000 00:00 0 
7fbc516e1000-7fbc51a6e000 ---p 00000000 00:00 0 
7fbc51a6e000-7fbc51a88000 r-xp 00000000 08:05 929798                     /opt/android-studio/jre/jre/lib/amd64/libzip.so
7fbc51a88000-7fbc51c88000 ---p 0001a000 08:05 929798                     /opt/android-studio/jre/jre/lib/amd64/libzip.so
7fbc51c88000-7fbc51c89000 r--p 0001a000 08:05 929798                     /opt/android-studio/jre/jre/lib/amd64/libzip.so
7fbc51c89000-7fbc51c8a000 rw-p 0001b000 08:05 929798                     /opt/android-studio/jre/jre/lib/amd64/libzip.so
7fbc51c8a000-7fbc51c95000 r-xp 00000000 08:05 657657                     /lib/x86_64-linux-gnu/libnss_files-2.23.so
7fbc51c95000-7fbc51e94000 ---p 0000b000 08:05 657657                     /lib/x86_64-linux-gnu/libnss_files-2.23.so
7fbc51e94000-7fbc51e95000 r--p 0000a000 08:05 657657                     /lib/x86_64-linux-gnu/libnss_files-2.23.so
7fbc51e95000-7fbc51e96000 rw-p 0000b000 08:05 657657                     /lib/x86_64-linux-gnu/libnss_files-2.23.so
7fbc51e96000-7fbc51e9c000 rw-p 00000000 00:00 0 
7fbc51e9c000-7fbc51ea7000 r-xp 00000000 08:05 657660                     /lib/x86_64-linux-gnu/libnss_nis-2.23.so
7fbc51ea7000-7fbc520a6000 ---p 0000b000 08:05 657660                     /lib/x86_64-linux-gnu/libnss_nis-2.23.so
7fbc520a6000-7fbc520a7000 r--p 0000a000 08:05 657660                     /lib/x86_64-linux-gnu/libnss_nis-2.23.so
7fbc520a7000-7fbc520a8000 rw-p 0000b000 08:05 657660                     /lib/x86_64-linux-gnu/libnss_nis-2.23.so
7fbc520a8000-7fbc520be000 r-xp 00000000 08:05 657653                     /lib/x86_64-linux-gnu/libnsl-2.23.so
7fbc520be000-7fbc522bd000 ---p 00016000 08:05 657653                     /lib/x86_64-linux-gnu/libnsl-2.23.so
7fbc522bd000-7fbc522be000 r--p 00015000 08:05 657653                     /lib/x86_64-linux-gnu/libnsl-2.23.so
7fbc522be000-7fbc522bf000 rw-p 00016000 08:05 657653                     /lib/x86_64-linux-gnu/libnsl-2.23.so
7fbc522bf000-7fbc522c1000 rw-p 00000000 00:00 0 
7fbc522c1000-7fbc522c9000 r-xp 00000000 08:05 657666                     /lib/x86_64-linux-gnu/libnss_compat-2.23.so
7fbc522c9000-7fbc524c8000 ---p 00008000 08:05 657666                     /lib/x86_64-linux-gnu/libnss_compat-2.23.so
7fbc524c8000-7fbc524c9000 r--p 00007000 08:05 657666                     /lib/x86_64-linux-gnu/libnss_compat-2.23.so
7fbc524c9000-7fbc524ca000 rw-p 00008000 08:05 657666                     /lib/x86_64-linux-gnu/libnss_compat-2.23.so
7fbc524ca000-7fbc524f7000 r-xp 00000000 08:05 929815                     /opt/android-studio/jre/jre/lib/amd64/libjava.so
7fbc524f7000-7fbc526f6000 ---p 0002d000 08:05 929815                     /opt/android-studio/jre/jre/lib/amd64/libjava.so
7fbc526f6000-7fbc526f7000 r--p 0002c000 08:05 929815                     /opt/android-studio/jre/jre/lib/amd64/libjava.so
7fbc526f7000-7fbc526f9000 rw-p 0002d000 08:05 929815                     /opt/android-studio/jre/jre/lib/amd64/libjava.so
7fbc526f9000-7fbc52709000 r-xp 00000000 08:05 929788                     /opt/android-studio/jre/jre/lib/amd64/libverify.so
7fbc52709000-7fbc52908000 ---p 00010000 08:05 929788                     /opt/android-studio/jre/jre/lib/amd64/libverify.so
7fbc52908000-7fbc5290a000 r--p 0000f000 08:05 929788                     /opt/android-studio/jre/jre/lib/amd64/libverify.so
7fbc5290a000-7fbc5290b000 rw-p 00011000 08:05 929788                     /opt/android-studio/jre/jre/lib/amd64/libverify.so
7fbc5290b000-7fbc52912000 r-xp 00000000 08:05 657662                     /lib/x86_64-linux-gnu/librt-2.23.so
7fbc52912000-7fbc52b11000 ---p 00007000 08:05 657662                     /lib/x86_64-linux-gnu/librt-2.23.so
7fbc52b11000-7fbc52b12000 r--p 00006000 08:05 657662                     /lib/x86_64-linux-gnu/librt-2.23.so
7fbc52b12000-7fbc52b13000 rw-p 00007000 08:05 657662                     /lib/x86_64-linux-gnu/librt-2.23.so
7fbc52b13000-7fbc52c1b000 r-xp 00000000 08:05 657671                     /lib/x86_64-linux-gnu/libm-2.23.so
7fbc52c1b000-7fbc52e1a000 ---p 00108000 08:05 657671                     /lib/x86_64-linux-gnu/libm-2.23.so
7fbc52e1a000-7fbc52e1b000 r--p 00107000 08:05 657671                     /lib/x86_64-linux-gnu/libm-2.23.so
7fbc52e1b000-7fbc52e1c000 rw-p 00108000 08:05 657671                     /lib/x86_64-linux-gnu/libm-2.23.so
7fbc52e1c000-7fbc53a0d000 r-xp 00000000 08:05 929796                     /opt/android-studio/jre/jre/lib/amd64/server/libjvm.so
7fbc53a0d000-7fbc53c0d000 ---p 00bf1000 08:05 929796                     /opt/android-studio/jre/jre/lib/amd64/server/libjvm.so
7fbc53c0d000-7fbc53cac000 r--p 00bf1000 08:05 929796                     /opt/android-studio/jre/jre/lib/amd64/server/libjvm.so
7fbc53cac000-7fbc53cd5000 rw-p 00c90000 08:05 929796                     /opt/android-studio/jre/jre/lib/amd64/server/libjvm.so
7fbc53cd5000-7fbc53d19000 rw-p 00000000 00:00 0 
7fbc53d19000-7fbc53d31000 r-xp 00000000 08:05 657659                     /lib/x86_64-linux-gnu/libpthread-2.23.so
7fbc53d31000-7fbc53f30000 ---p 00018000 08:05 657659                     /lib/x86_64-linux-gnu/libpthread-2.23.so
7fbc53f30000-7fbc53f31000 r--p 00017000 08:05 657659                     /lib/x86_64-linux-gnu/libpthread-2.23.so
7fbc53f31000-7fbc53f32000 rw-p 00018000 08:05 657659                     /lib/x86_64-linux-gnu/libpthread-2.23.so
7fbc53f32000-7fbc53f36000 rw-p 00000000 00:00 0 
7fbc53f36000-7fbc53f39000 r-xp 00000000 08:05 657665                     /lib/x86_64-linux-gnu/libdl-2.23.so
7fbc53f39000-7fbc54138000 ---p 00003000 08:05 657665                     /lib/x86_64-linux-gnu/libdl-2.23.so
7fbc54138000-7fbc54139000 r--p 00002000 08:05 657665                     /lib/x86_64-linux-gnu/libdl-2.23.so
7fbc54139000-7fbc5413a000 rw-p 00003000 08:05 657665                     /lib/x86_64-linux-gnu/libdl-2.23.so
7fbc5413a000-7fbc542fa000 r-xp 00000000 08:05 657676                     /lib/x86_64-linux-gnu/libc-2.23.so
7fbc542fa000-7fbc544fa000 ---p 001c0000 08:05 657676                     /lib/x86_64-linux-gnu/libc-2.23.so
7fbc544fa000-7fbc544fe000 r--p 001c0000 08:05 657676                     /lib/x86_64-linux-gnu/libc-2.23.so
7fbc544fe000-7fbc54500000 rw-p 001c4000 08:05 657676                     /lib/x86_64-linux-gnu/libc-2.23.so
7fbc54500000-7fbc54504000 rw-p 00000000 00:00 0 
7fbc54504000-7fbc5451a000 r-xp 00000000 08:05 929747                     /opt/android-studio/jre/lib/amd64/jli/libjli.so
7fbc5451a000-7fbc54719000 ---p 00016000 08:05 929747                     /opt/android-studio/jre/lib/amd64/jli/libjli.so
7fbc54719000-7fbc5471a000 r--p 00015000 08:05 929747                     /opt/android-studio/jre/lib/amd64/jli/libjli.so
7fbc5471a000-7fbc5471b000 rw-p 00016000 08:05 929747                     /opt/android-studio/jre/lib/amd64/jli/libjli.so
7fbc5471b000-7fbc54741000 r-xp 00000000 08:05 657654                     /lib/x86_64-linux-gnu/ld-2.23.so
7fbc54743000-7fbc5474a000 r--s 00000000 08:05 8623                       /usr/lib/x86_64-linux-gnu/gconv/gconv-modules.cache
7fbc5474a000-7fbc5481d000 rw-p 00000000 00:00 0 
7fbc5481d000-7fbc54820000 ---p 00000000 00:00 0 
7fbc54820000-7fbc54922000 rw-p 00000000 00:00 0 
7fbc54926000-7fbc54934000 r--s 000e0000 08:05 582483                     /root/Android/Sdk/build-tools/25.0.2/lib/dx.jar
7fbc54934000-7fbc5493c000 rw-s 00000000 08:05 1854990                    /tmp/hsperfdata_root/17409
7fbc5493c000-7fbc5493d000 rw-p 00000000 00:00 0 
7fbc5493d000-7fbc5493e000 ---p 00000000 00:00 0 
7fbc5493e000-7fbc54940000 rw-p 00000000 00:00 0 
7fbc54940000-7fbc54941000 r--p 00025000 08:05 657654                     /lib/x86_64-linux-gnu/ld-2.23.so
7fbc54941000-7fbc54942000 rw-p 00026000 08:05 657654                     /lib/x86_64-linux-gnu/ld-2.23.so
7fbc54942000-7fbc54943000 rw-p 00000000 00:00 0 
7fffa4eb1000-7fffa4ed2000 rw-p 00000000 00:00 0                          [stack]
7fffa4f66000-7fffa4f68000 r--p 00000000 00:00 0                          [vvar]
7fffa4f68000-7fffa4f6a000 r-xp 00000000 00:00 0                          [vdso]
ffffffffff600000-ffffffffff601000 r-xp 00000000 00:00 0                  [vsyscall]

VM Arguments:
jvm_args: -Djava.awt.headless=true -Xmx4g -Dfile.encoding=UTF-8 -Duser.country=GT -Duser.language=es -Duser.variant 
java_command: com.android.dx.command.Main --dex --num-threads=4 --multi-dex --main-dex-list /home/lester/CONVERSA/Conversa-Android/app/build/intermediates/multi-dex/debug/maindexlist.txt --output /home/lester/CONVERSA/Conversa-Android/app/build/intermediates/transforms/dex/debug/folders/1000/1f/main /home/lester/CONVERSA/Conversa-Android/app/build/intermediates/transforms/jarMerging/debug/jars/1/1f/combined.jar
java_class_path (initial): /root/Android/Sdk/build-tools/25.0.2/lib/dx.jar
Launcher Type: SUN_STANDARD

Environment Variables:
PATH=/usr/local/sbin:/usr/local/bin:/usr/sbin:/usr/bin:/sbin:/bin:/snap/bin
USERNAME=root
LD_LIBRARY_PATH=/opt/android-studio/bin:
SHELL=/bin/bash
DISPLAY=:0

Signal Handlers:
SIGSEGV: [libjvm.so+0x9e5150], sa_mask[0]=11111111011111111101111111111110, sa_flags=SA_RESTART|SA_SIGINFO
SIGBUS: [libjvm.so+0x9e5150], sa_mask[0]=11111111011111111101111111111110, sa_flags=SA_RESTART|SA_SIGINFO
SIGFPE: [libjvm.so+0x848450], sa_mask[0]=11111111011111111101111111111110, sa_flags=SA_RESTART|SA_SIGINFO
SIGPIPE: [libjvm.so+0x848450], sa_mask[0]=11111111011111111101111111111110, sa_flags=SA_RESTART|SA_SIGINFO
SIGXFSZ: [libjvm.so+0x848450], sa_mask[0]=11111111011111111101111111111110, sa_flags=SA_RESTART|SA_SIGINFO
SIGILL: [libjvm.so+0x848450], sa_mask[0]=11111111011111111101111111111110, sa_flags=SA_RESTART|SA_SIGINFO
SIGUSR1: SIG_DFL, sa_mask[0]=00000000000000000000000000000000, sa_flags=none
SIGUSR2: [libjvm.so+0x848320], sa_mask[0]=00100000000000000000000000000000, sa_flags=SA_RESTART|SA_SIGINFO
SIGHUP: [libjvm.so+0x848510], sa_mask[0]=11111111011111111101111111111110, sa_flags=SA_RESTART|SA_SIGINFO
SIGINT: [libjvm.so+0x848510], sa_mask[0]=11111111011111111101111111111110, sa_flags=SA_RESTART|SA_SIGINFO
SIGTERM: [libjvm.so+0x848510], sa_mask[0]=11111111011111111101111111111110, sa_flags=SA_RESTART|SA_SIGINFO
SIGQUIT: [libjvm.so+0x848510], sa_mask[0]=11111111011111111101111111111110, sa_flags=SA_RESTART|SA_SIGINFO


---------------  S Y S T E M  ---------------

OS:DISTRIB_ID=Ubuntu
DISTRIB_RELEASE=16.04
DISTRIB_CODENAME=xenial
DISTRIB_DESCRIPTION="Ubuntu 16.04.3 LTS"

uname:Linux 4.4.0-92-generic #115-Ubuntu SMP Thu Aug 10 09:04:33 UTC 2017 x86_64
libc:glibc 2.23 NPTL 2.23 
rlimit: STACK 8192k, CORE 0k, NPROC 31122, NOFILE 1048576, AS infinity
load average:2.90 1.29 1.16

/proc/meminfo:
MemTotal:        8075520 kB
MemFree:          181248 kB
MemAvailable:     146548 kB
Buffers:           18152 kB
Cached:           673576 kB
SwapCached:            0 kB
Active:          7155536 kB
Inactive:         512204 kB
Active(anon):    7067084 kB
Inactive(anon):   449388 kB
Active(file):      88452 kB
Inactive(file):    62816 kB
Unevictable:          32 kB
Mlocked:              32 kB
SwapTotal:             0 kB
SwapFree:              0 kB
Dirty:             11280 kB
Writeback:             0 kB
AnonPages:       6976496 kB
Mapped:           277084 kB
Shmem:            540036 kB
Slab:              99308 kB
SReclaimable:      57352 kB
SUnreclaim:        41956 kB
KernelStack:       13936 kB
PageTables:        54004 kB
NFS_Unstable:          0 kB
Bounce:                0 kB
WritebackTmp:          0 kB
CommitLimit:     4037760 kB
Committed_AS:   12539912 kB
VmallocTotal:   34359738367 kB
VmallocUsed:           0 kB
VmallocChunk:          0 kB
HardwareCorrupted:     0 kB
AnonHugePages:   4390912 kB
CmaTotal:              0 kB
CmaFree:               0 kB
HugePages_Total:       0
HugePages_Free:        0
HugePages_Rsvd:        0
HugePages_Surp:        0
Hugepagesize:       2048 kB
DirectMap4k:      170796 kB
DirectMap2M:     7069696 kB
DirectMap1G:     2097152 kB


CPU:total 4 (2 cores per cpu, 2 threads per core) family 6 model 61 stepping 4, cmov, cx8, fxsr, mmx, sse, sse2, sse3, ssse3, sse4.1, sse4.2, popcnt, avx, avx2, aes, clmul, erms, 3dnowpref, lzcnt, ht, tsc, tscinvbit, bmi1, bmi2, adx

/proc/cpuinfo:
processor	: 0
vendor_id	: GenuineIntel
cpu family	: 6
model		: 61
model name	: Intel(R) Core(TM) i7-5500U CPU @ 2.40GHz
stepping	: 4
microcode	: 0x18
cpu MHz		: 2484.937
cache size	: 4096 KB
physical id	: 0
siblings	: 4
core id		: 0
cpu cores	: 2
apicid		: 0
initial apicid	: 0
fpu		: yes
fpu_exception	: yes
cpuid level	: 20
wp		: yes
flags		: fpu vme de pse tsc msr pae mce cx8 apic sep mtrr pge mca cmov pat pse36 clflush dts acpi mmx fxsr sse sse2 ss ht tm pbe syscall nx pdpe1gb rdtscp lm constant_tsc arch_perfmon pebs bts rep_good nopl xtopology nonstop_tsc aperfmperf eagerfpu pni pclmulqdq dtes64 monitor ds_cpl vmx est tm2 ssse3 sdbg fma cx16 xtpr pdcm pcid sse4_1 sse4_2 x2apic movbe popcnt tsc_deadline_timer aes xsave avx f16c rdrand lahf_lm abm 3dnowprefetch epb intel_pt tpr_shadow vnmi flexpriority ept vpid fsgsbase tsc_adjust bmi1 avx2 smep bmi2 erms invpcid rdseed adx smap xsaveopt dtherm ida arat pln pts
bugs		:
bogomips	: 4788.55
clflush size	: 64
cache_alignment	: 64
address sizes	: 39 bits physical, 48 bits virtual
power management:

processor	: 1
vendor_id	: GenuineIntel
cpu family	: 6
model		: 61
model name	: Intel(R) Core(TM) i7-5500U CPU @ 2.40GHz
stepping	: 4
microcode	: 0x18
cpu MHz		: 2356.031
cache size	: 4096 KB
physical id	: 0
siblings	: 4
core id		: 1
cpu cores	: 2
apicid		: 2
initial apicid	: 2
fpu		: yes
fpu_exception	: yes
cpuid level	: 20
wp		: yes
flags		: fpu vme de pse tsc msr pae mce cx8 apic sep mtrr pge mca cmov pat pse36 clflush dts acpi mmx fxsr sse sse2 ss ht tm pbe syscall nx pdpe1gb rdtscp lm constant_tsc arch_perfmon pebs bts rep_good nopl xtopology nonstop_tsc aperfmperf eagerfpu pni pclmulqdq dtes64 monitor ds_cpl vmx est tm2 ssse3 sdbg fma cx16 xtpr pdcm pcid sse4_1 sse4_2 x2apic movbe popcnt tsc_deadline_timer aes xsave avx f16c rdrand lahf_lm abm 3dnowprefetch epb intel_pt tpr_shadow vnmi flexpriority ept vpid fsgsbase tsc_adjust bmi1 avx2 smep bmi2 erms invpcid rdseed adx smap xsaveopt dtherm ida arat pln pts
bugs		:
bogomips	: 4788.55
clflush size	: 64
cache_alignment	: 64
address sizes	: 39 bits physical, 48 bits virtual
power management:

processor	: 2
vendor_id	: GenuineIntel
cpu family	: 6
model		: 61
model name	: Intel(R) Core(TM) i7-5500U CPU @ 2.40GHz
stepping	: 4
microcode	: 0x18
cpu MHz		: 2383.500
cache size	: 4096 KB
physical id	: 0
siblings	: 4
core id		: 0
cpu cores	: 2
apicid		: 1
initial apicid	: 1
fpu		: yes
fpu_exception	: yes
cpuid level	: 20
wp		: yes
flags		: fpu vme de pse tsc msr pae mce cx8 apic sep mtrr pge mca cmov pat pse36 clflush dts acpi mmx fxsr sse sse2 ss ht tm pbe syscall nx pdpe1gb rdtscp lm constant_tsc arch_perfmon pebs bts rep_good nopl xtopology nonstop_tsc aperfmperf eagerfpu pni pclmulqdq dtes64 monitor ds_cpl vmx est tm2 ssse3 sdbg fma cx16 xtpr pdcm pcid sse4_1 sse4_2 x2apic movbe popcnt tsc_deadline_timer aes xsave avx f16c rdrand lahf_lm abm 3dnowprefetch epb intel_pt tpr_shadow vnmi flexpriority ept vpid fsgsbase tsc_adjust bmi1 avx2 smep bmi2 erms invpcid rdseed adx smap xsaveopt dtherm ida arat pln pts
bugs		:
bogomips	: 4788.55
clflush size	: 64
cache_alignment	: 64
address sizes	: 39 bits physical, 48 bits virtual
power management:

processor	: 3
vendor_id	: GenuineIntel
cpu family	: 6
model		: 61
model name	: Intel(R) Core(TM) i7-5500U CPU @ 2.40GHz
stepping	: 4
microcode	: 0x18
cpu MHz		: 2814.093
cache size	: 4096 KB
physical id	: 0
siblings	: 4
core id		: 1
cpu cores	: 2
apicid		: 3
initial apicid	: 3
fpu		: yes
fpu_exception	: yes
cpuid level	: 20
wp		: yes
flags		: fpu vme de pse tsc msr pae mce cx8 apic sep mtrr pge mca cmov pat pse36 clflush dts acpi mmx fxsr sse sse2 ss ht tm pbe syscall nx pdpe1gb rdtscp lm constant_tsc arch_perfmon pebs bts rep_good nopl xtopology nonstop_tsc aperfmperf eagerfpu pni pclmulqdq dtes64 monitor ds_cpl vmx est tm2 ssse3 sdbg fma cx16 xtpr pdcm pcid sse4_1 sse4_2 x2apic movbe popcnt tsc_deadline_timer aes xsave avx f16c rdrand lahf_lm abm 3dnowprefetch epb intel_pt tpr_shadow vnmi flexpriority ept vpid fsgsbase tsc_adjust bmi1 avx2 smep bmi2 erms invpcid rdseed adx smap xsaveopt dtherm ida arat pln pts
bugs		:
bogomips	: 4788.55
clflush size	: 64
cache_alignment	: 64
address sizes	: 39 bits physical, 48 bits virtual
power management:



Memory: 4k page, physical 8075520k(181248k free), swap 0k(0k free)

vm_info: OpenJDK 64-Bit Server VM (25.112-b06) for linux-amd64 JRE (1.8.0_112-release-b06), built on Dec  6 2016 12:11:18 by "builder" with gcc 4.8.4

time: Wed Aug 23 23:06:53 2017
elapsed time: 23 seconds (0d 0h 0m 23s)

