#
# There is insufficient memory for the Java Runtime Environment to continue.
# Native memory allocation (mmap) failed to map 198180864 bytes for committing reserved memory.
# Possible reasons:
#   The system is out of physical RAM or swap space
#   In 32 bit mode, the process size limit was hit
# Possible solutions:
#   Reduce memory load on the system
#   Increase physical memory or swap space
#   Check if swap backing store is full
#   Use 64 bit Java on a 64 bit OS
#   Decrease Java heap size (-Xmx/-Xms)
#   Decrease number of Java threads
#   Decrease Java thread stack sizes (-Xss)
#   Set larger code cache with -XX:ReservedCodeCacheSize=
# This output file may be truncated or incomplete.
#
#  Out of Memory Error (os_linux.cpp:2627), pid=2271, tid=0x00007f3dfe721700
#
# JRE version: OpenJDK Runtime Environment (8.0_112-b06) (build 1.8.0_112-release-b06)
# Java VM: OpenJDK 64-Bit Server VM (25.112-b06 mixed mode linux-amd64 compressed oops)
# Failed to write core dump. Core dumps have been disabled. To enable core dumping, try "ulimit -c unlimited" before starting Java again
#

---------------  T H R E A D  ---------------

Current thread (0x00007f3e14077800):  VMThread [stack: 0x00007f3dfe621000,0x00007f3dfe722000] [id=2281]

Stack: [0x00007f3dfe621000,0x00007f3dfe722000],  sp=0x00007f3dfe7204c0,  free space=1021k
Native frames: (J=compiled Java code, j=interpreted, Vv=VM code, C=native code)
V  [libjvm.so+0x9e465d]  VMError::report_and_die()+0x15d
V  [libjvm.so+0x4b6ada]  report_vm_out_of_memory(char const*, int, unsigned long, VMErrorType, char const*)+0x8a
V  [libjvm.so+0x84c860]  os::pd_commit_memory(char*, unsigned long, unsigned long, bool)+0xf0
V  [libjvm.so+0x84737f]  os::commit_memory(char*, unsigned long, unsigned long, bool)+0x1f
V  [libjvm.so+0x8bd3db]  PSVirtualSpace::expand_by(unsigned long)+0x5b
V  [libjvm.so+0x8be050]  PSYoungGen::resize_generation(unsigned long, unsigned long)+0xb0
V  [libjvm.so+0x8be36b]  PSYoungGen::resize(unsigned long, unsigned long)+0x1b
V  [libjvm.so+0x8baa5c]  PSScavenge::invoke_no_policy()+0xdac
V  [libjvm.so+0x8bb238]  PSScavenge::invoke()+0x38
V  [libjvm.so+0x86fcf3]  ParallelScavengeHeap::failed_mem_allocate(unsigned long)+0x63
V  [libjvm.so+0x9e6124]  VM_ParallelGCFailedAllocation::doit()+0x84
V  [libjvm.so+0x9ea537]  VM_Operation::evaluate()+0x47
V  [libjvm.so+0x9e8ff8]  VMThread::evaluate_operation(VM_Operation*)+0x2c8
V  [libjvm.so+0x9e9479]  VMThread::loop()+0x219
V  [libjvm.so+0x9e98c2]  VMThread::run()+0x72
V  [libjvm.so+0x849c82]  java_start(Thread*)+0xf2

VM_Operation (0x00007f3dfd4dc030): ParallelGCFailedAllocation, mode: safepoint, requested by thread 0x00007f3e141a7800


---------------  P R O C E S S  ---------------

Java Threads: ( => current thread )
  0x00007f3e141a9800 JavaThread "pool-2-thread-4" [_thread_blocked, id=2294, stack(0x00007f3dfd2dc000,0x00007f3dfd3dd000)]
  0x00007f3e141a7800 JavaThread "pool-2-thread-3" [_thread_blocked, id=2293, stack(0x00007f3dfd3dd000,0x00007f3dfd4de000)]
  0x00007f3e141a6000 JavaThread "pool-2-thread-2" [_thread_blocked, id=2292, stack(0x00007f3dfd4de000,0x00007f3dfd5df000)]
  0x00007f3e141a4000 JavaThread "pool-3-thread-1" [_thread_blocked, id=2291, stack(0x00007f3dfd5df000,0x00007f3dfd6e0000)]
  0x00007f3e141a3000 JavaThread "pool-2-thread-1" [_thread_blocked, id=2290, stack(0x00007f3dfd6e0000,0x00007f3dfd7e1000)]
  0x00007f3e140bf800 JavaThread "Service Thread" daemon [_thread_blocked, id=2288, stack(0x00007f3dfd9cd000,0x00007f3dfdace000)]
  0x00007f3e140bc800 JavaThread "C1 CompilerThread2" daemon [_thread_blocked, id=2287, stack(0x00007f3dfdace000,0x00007f3dfdbcf000)]
  0x00007f3e140ba800 JavaThread "C2 CompilerThread1" daemon [_thread_blocked, id=2286, stack(0x00007f3dfdbcf000,0x00007f3dfdcd0000)]
  0x00007f3e140b7800 JavaThread "C2 CompilerThread0" daemon [_thread_blocked, id=2285, stack(0x00007f3dfdcd0000,0x00007f3dfddd1000)]
  0x00007f3e140b6800 JavaThread "Signal Dispatcher" daemon [_thread_blocked, id=2284, stack(0x00007f3dfddd1000,0x00007f3dfded2000)]
  0x00007f3e14083800 JavaThread "Finalizer" daemon [_thread_blocked, id=2283, stack(0x00007f3dfe41f000,0x00007f3dfe520000)]
  0x00007f3e1407f000 JavaThread "Reference Handler" daemon [_thread_blocked, id=2282, stack(0x00007f3dfe520000,0x00007f3dfe621000)]
  0x00007f3e1400a000 JavaThread "main" [_thread_blocked, id=2273, stack(0x00007f3e1bc82000,0x00007f3e1bd83000)]

Other Threads:
=>0x00007f3e14077800 VMThread [stack: 0x00007f3dfe621000,0x00007f3dfe722000] [id=2281]
  0x00007f3e140c2000 WatcherThread [stack: 0x00007f3dfd8cc000,0x00007f3dfd9cd000] [id=2289]

VM state:at safepoint (normal execution)

VM Mutex/Monitor currently owned by a thread:  ([mutex/lock_event])
[0x00007f3e14006570] Threads_lock - owner thread: 0x00007f3e14077800
[0x00007f3e14006a70] Heap_lock - owner thread: 0x00007f3e141a7800

Heap:
 PSYoungGen      total 901120K, used 169445K [0x000000076ab00000, 0x00000007ac080000, 0x00000007c0000000)
  eden space 731648K, 0% used [0x000000076ab00000,0x000000076ab00000,0x0000000797580000)
  from space 169472K, 99% used [0x0000000797580000,0x00000007a1af9528,0x00000007a1b00000)
  to   space 147968K, 0% used [0x00000007a3000000,0x00000007a3000000,0x00000007ac080000)
 ParOldGen       total 730624K, used 509373K [0x00000006c0000000, 0x00000006ec980000, 0x000000076ab00000)
  object space 730624K, 69% used [0x00000006c0000000,0x00000006df16f5d8,0x00000006ec980000)
 Metaspace       used 6414K, capacity 7280K, committed 7552K, reserved 1056768K
  class space    used 583K, capacity 616K, committed 640K, reserved 1048576K

Card table byte_map: [0x00007f3e18312000,0x00007f3e18b13000] byte_map_base: 0x00007f3e14d12000

Marking Bits: (ParMarkBitMap*) 0x00007f3e1b14f340
 Begin Bits: [0x00007f3de0000000, 0x00007f3de4000000)
 End Bits:   [0x00007f3de4000000, 0x00007f3de8000000)

Polling page: 0x00007f3e1bda2000

CodeCache: size=245760Kb used=14684Kb max_used=14701Kb free=231075Kb
 bounds [0x00007f3e05000000, 0x00007f3e05e80000, 0x00007f3e14000000]
 total_blobs=3036 nmethods=2772 adapters=176
 compilation: enabled

Compilation events (10 events):
Event: 20.651 Thread 0x00007f3e140bc800 2956       2       com.android.dx.util.Bits::bitCount (29 bytes)
Event: 20.651 Thread 0x00007f3e140bc800 nmethod 2956 0x00007f3e050ff890 code [0x00007f3e050ffa00, 0x00007f3e050ffbe8]
Event: 20.651 Thread 0x00007f3e140bc800 2955       2       com.android.dx.util.BitIntSet::elements (8 bytes)
Event: 20.652 Thread 0x00007f3e140bc800 nmethod 2955 0x00007f3e0514b990 code [0x00007f3e0514bb00, 0x00007f3e0514bd08]
Event: 20.679 Thread 0x00007f3e140bc800 2958       2       java.lang.Class::getName (21 bytes)
Event: 20.679 Thread 0x00007f3e140bc800 nmethod 2958 0x00007f3e05100890 code [0x00007f3e05100a00, 0x00007f3e05100ba8]
Event: 20.781 Thread 0x00007f3e140bc800 2959       2       com.android.dx.rop.code.Rops::opCmpg (45 bytes)
Event: 20.782 Thread 0x00007f3e140bc800 nmethod 2959 0x00007f3e05e331d0 code [0x00007f3e05e333a0, 0x00007f3e05e33838]
Event: 20.783 Thread 0x00007f3e140b7800 nmethod 2899 0x00007f3e05e62ed0 code [0x00007f3e05e635e0, 0x00007f3e05e689d0]
Event: 20.784 Thread 0x00007f3e140b7800 2957 %     4       com.android.dx.ssa.SCCP::run @ 13 (298 bytes)

GC Heap History (10 events):
Event: 11.169 GC heap after
Heap after GC invocations=14 (full 2):
 PSYoungGen      total 763904K, used 126952K [0x000000076ab00000, 0x00000007a8a80000, 0x00000007c0000000)
  eden space 636928K, 0% used [0x000000076ab00000,0x000000076ab00000,0x0000000791900000)
  from space 126976K, 99% used [0x000000079ba80000,0x00000007a367a070,0x00000007a3680000)
  to   space 165376K, 0% used [0x0000000791900000,0x0000000791900000,0x000000079ba80000)
 ParOldGen       total 287232K, used 271869K [0x00000006c0000000, 0x00000006d1880000, 0x000000076ab00000)
  object space 287232K, 94% used [0x00000006c0000000,0x00000006d097f560,0x00000006d1880000)
 Metaspace       used 6394K, capacity 7280K, committed 7552K, reserved 1056768K
  class space    used 582K, capacity 616K, committed 640K, reserved 1048576K
}
Event: 11.169 GC heap before
{Heap before GC invocations=15 (full 3):
 PSYoungGen      total 763904K, used 126952K [0x000000076ab00000, 0x00000007a8a80000, 0x00000007c0000000)
  eden space 636928K, 0% used [0x000000076ab00000,0x000000076ab00000,0x0000000791900000)
  from space 126976K, 99% used [0x000000079ba80000,0x00000007a367a070,0x00000007a3680000)
  to   space 165376K, 0% used [0x0000000791900000,0x0000000791900000,0x000000079ba80000)
 ParOldGen       total 287232K, used 271869K [0x00000006c0000000, 0x00000006d1880000, 0x000000076ab00000)
  object space 287232K, 94% used [0x00000006c0000000,0x00000006d097f560,0x00000006d1880000)
 Metaspace       used 6394K, capacity 7280K, committed 7552K, reserved 1056768K
  class space    used 582K, capacity 616K, committed 640K, reserved 1048576K
Event: 12.683 GC heap after
Heap after GC invocations=15 (full 3):
 PSYoungGen      total 763904K, used 108068K [0x000000076ab00000, 0x00000007a8a80000, 0x00000007c0000000)
  eden space 636928K, 0% used [0x000000076ab00000,0x000000076ab00000,0x0000000791900000)
  from space 126976K, 85% used [0x000000079ba80000,0x00000007a24090f0,0x00000007a3680000)
  to   space 165376K, 0% used [0x0000000791900000,0x0000000791900000,0x000000079ba80000)
 ParOldGen       total 467968K, used 287173K [0x00000006c0000000, 0x00000006dc900000, 0x000000076ab00000)
  object space 467968K, 61% used [0x00000006c0000000,0x00000006d1871750,0x00000006dc900000)
 Metaspace       used 6394K, capacity 7280K, committed 7552K, reserved 1056768K
  class space    used 582K, capacity 616K, committed 640K, reserved 1048576K
}
Event: 14.082 GC heap before
{Heap before GC invocations=16 (full 3):
 PSYoungGen      total 763904K, used 744996K [0x000000076ab00000, 0x00000007a8a80000, 0x00000007c0000000)
  eden space 636928K, 100% used [0x000000076ab00000,0x0000000791900000,0x0000000791900000)
  from space 126976K, 85% used [0x000000079ba80000,0x00000007a24090f0,0x00000007a3680000)
  to   space 165376K, 0% used [0x0000000791900000,0x0000000791900000,0x000000079ba80000)
 ParOldGen       total 467968K, used 287173K [0x00000006c0000000, 0x00000006dc900000, 0x000000076ab00000)
  object space 467968K, 61% used [0x00000006c0000000,0x00000006d1871750,0x00000006dc900000)
 Metaspace       used 6401K, capacity 7280K, committed 7552K, reserved 1056768K
  class space    used 582K, capacity 616K, committed 640K, reserved 1048576K
Event: 14.380 GC heap after
Heap after GC invocations=16 (full 3):
 PSYoungGen      total 802304K, used 86496K [0x000000076ab00000, 0x00000007ad180000, 0x00000007c0000000)
  eden space 636928K, 0% used [0x000000076ab00000,0x000000076ab00000,0x0000000791900000)
  from space 165376K, 52% used [0x0000000791900000,0x0000000796d78128,0x000000079ba80000)
  to   space 165376K, 0% used [0x00000007a3000000,0x00000007a3000000,0x00000007ad180000)
 ParOldGen       total 467968K, used 396400K [0x00000006c0000000, 0x00000006dc900000, 0x000000076ab00000)
  object space 467968K, 84% used [0x00000006c0000000,0x00000006d831c020,0x00000006dc900000)
 Metaspace       used 6401K, capacity 7280K, committed 7552K, reserved 1056768K
  class space    used 582K, capacity 616K, committed 640K, reserved 1048576K
}
Event: 14.380 GC heap before
{Heap before GC invocations=17 (full 4):
 PSYoungGen      total 802304K, used 86496K [0x000000076ab00000, 0x00000007ad180000, 0x00000007c0000000)
  eden space 636928K, 0% used [0x000000076ab00000,0x000000076ab00000,0x0000000791900000)
  from space 165376K, 52% used [0x0000000791900000,0x0000000796d78128,0x000000079ba80000)
  to   space 165376K, 0% used [0x00000007a3000000,0x00000007a3000000,0x00000007ad180000)
 ParOldGen       total 467968K, used 396400K [0x00000006c0000000, 0x00000006dc900000, 0x000000076ab00000)
  object space 467968K, 84% used [0x00000006c0000000,0x00000006d831c020,0x00000006dc900000)
 Metaspace       used 6401K, capacity 7280K, committed 7552K, reserved 1056768K
  class space    used 582K, capacity 616K, committed 640K, reserved 1048576K
Event: 16.092 GC heap after
Heap after GC invocations=17 (full 4):
 PSYoungGen      total 802304K, used 9463K [0x000000076ab00000, 0x00000007ad180000, 0x00000007c0000000)
  eden space 636928K, 0% used [0x000000076ab00000,0x000000076ab00000,0x0000000791900000)
  from space 165376K, 5% used [0x0000000791900000,0x000000079223dfd0,0x000000079ba80000)
  to   space 165376K, 0% used [0x00000007a3000000,0x00000007a3000000,0x00000007ad180000)
 ParOldGen       total 730624K, used 467521K [0x00000006c0000000, 0x00000006ec980000, 0x000000076ab00000)
  object space 730624K, 63% used [0x00000006c0000000,0x00000006dc890458,0x00000006ec980000)
 Metaspace       used 6401K, capacity 7280K, committed 7552K, reserved 1056768K
  class space    used 582K, capacity 616K, committed 640K, reserved 1048576K
}
Event: 18.125 GC heap before
{Heap before GC invocations=18 (full 4):
 PSYoungGen      total 802304K, used 646391K [0x000000076ab00000, 0x00000007ad180000, 0x00000007c0000000)
  eden space 636928K, 100% used [0x000000076ab00000,0x0000000791900000,0x0000000791900000)
  from space 165376K, 5% used [0x0000000791900000,0x000000079223dfd0,0x000000079ba80000)
  to   space 165376K, 0% used [0x00000007a3000000,0x00000007a3000000,0x00000007ad180000)
 ParOldGen       total 730624K, used 467521K [0x00000006c0000000, 0x00000006ec980000, 0x000000076ab00000)
  object space 730624K, 63% used [0x00000006c0000000,0x00000006dc890458,0x00000006ec980000)
 Metaspace       used 6401K, capacity 7280K, committed 7552K, reserved 1056768K
  class space    used 582K, capacity 616K, committed 640K, reserved 1048576K
Event: 18.423 GC heap after
Heap after GC invocations=18 (full 4):
 PSYoungGen      total 879616K, used 100494K [0x000000076ab00000, 0x00000007ac080000, 0x00000007c0000000)
  eden space 731648K, 0% used [0x000000076ab00000,0x000000076ab00000,0x0000000797580000)
  from space 147968K, 67% used [0x00000007a3000000,0x00000007a92238b8,0x00000007ac080000)
  to   space 169472K, 0% used [0x0000000797580000,0x0000000797580000,0x00000007a1b00000)
 ParOldGen       total 730624K, used 467521K [0x00000006c0000000, 0x00000006ec980000, 0x000000076ab00000)
  object space 730624K, 63% used [0x00000006c0000000,0x00000006dc890458,0x00000006ec980000)
 Metaspace       used 6401K, capacity 7280K, committed 7552K, reserved 1056768K
  class space    used 582K, capacity 616K, committed 640K, reserved 1048576K
}
Event: 20.829 GC heap before
{Heap before GC invocations=19 (full 4):
 PSYoungGen      total 879616K, used 832142K [0x000000076ab00000, 0x00000007ac080000, 0x00000007c0000000)
  eden space 731648K, 100% used [0x000000076ab00000,0x0000000797580000,0x0000000797580000)
  from space 147968K, 67% used [0x00000007a3000000,0x00000007a92238b8,0x00000007ac080000)
  to   space 169472K, 0% used [0x0000000797580000,0x0000000797580000,0x00000007a1b00000)
 ParOldGen       total 730624K, used 467521K [0x00000006c0000000, 0x00000006ec980000, 0x000000076ab00000)
  object space 730624K, 63% used [0x00000006c0000000,0x00000006dc890458,0x00000006ec980000)
 Metaspace       used 6414K, capacity 7280K, committed 7552K, reserved 1056768K
  class space    used 583K, capacity 616K, committed 640K, reserved 1048576K

Deoptimization events (10 events):
Event: 20.335 Thread 0x00007f3e141a6000 Uncommon trap: reason=class_check action=maybe_recompile pc=0x00007f3e05cb4404 method=com.android.dx.ssa.back.InterferenceGraph.mergeInterferenceSet(ILcom/android/dx/util/IntSet;)V @ 20
Event: 20.335 Thread 0x00007f3e141a6000 Uncommon trap: reason=class_check action=maybe_recompile pc=0x00007f3e05d58c54 method=com.android.dx.util.BitIntSet.merge(Lcom/android/dx/util/IntSet;)V @ 1
Event: 20.335 Thread 0x00007f3e141a6000 Uncommon trap: reason=class_check action=maybe_recompile pc=0x00007f3e05d0bb88 method=com.android.dx.ssa.back.InterferenceGraph.mergeInterferenceSet(ILcom/android/dx/util/IntSet;)V @ 20
Event: 20.335 Thread 0x00007f3e141a6000 Uncommon trap: reason=class_check action=maybe_recompile pc=0x00007f3e05d58c54 method=com.android.dx.util.BitIntSet.merge(Lcom/android/dx/util/IntSet;)V @ 1
Event: 20.335 Thread 0x00007f3e141a6000 Uncommon trap: reason=class_check action=maybe_recompile pc=0x00007f3e05cb4404 method=com.android.dx.ssa.back.InterferenceGraph.mergeInterferenceSet(ILcom/android/dx/util/IntSet;)V @ 20
Event: 20.335 Thread 0x00007f3e141a6000 Uncommon trap: reason=class_check action=maybe_recompile pc=0x00007f3e05d58c54 method=com.android.dx.util.BitIntSet.merge(Lcom/android/dx/util/IntSet;)V @ 1
Event: 20.335 Thread 0x00007f3e141a6000 Uncommon trap: reason=class_check action=maybe_recompile pc=0x00007f3e05d0bb88 method=com.android.dx.ssa.back.InterferenceGraph.mergeInterferenceSet(ILcom/android/dx/util/IntSet;)V @ 20
Event: 20.428 Thread 0x00007f3e141a3000 Uncommon trap: reason=class_check action=maybe_recompile pc=0x00007f3e05cc5858 method=com.android.dx.ssa.back.FirstFitLocalCombiningAllocator.findNextUnreservedRopReg(IILcom/android/dx/ssa/back/FirstFitLocalCombiningAllocator$Alignment;)I @ 60
Event: 20.514 Thread 0x00007f3e141a7800 Uncommon trap: reason=bimorphic action=maybe_recompile pc=0x00007f3e05e181cc method=com.android.dx.ssa.back.FirstFitLocalCombiningAllocator.findNextUnreservedRopReg(IILcom/android/dx/ssa/back/FirstFitLocalCombiningAllocator$Alignment;)I @ 60
Event: 20.784 Thread 0x00007f3e141a7800 Uncommon trap: reason=class_check action=maybe_recompile pc=0x00007f3e05cc5858 method=com.android.dx.ssa.back.FirstFitLocalCombiningAllocator.findNextUnreservedRopReg(IILcom/android/dx/ssa/back/FirstFitLocalCombiningAllocator$Alignment;)I @ 60

Internal exceptions (10 events):
Event: 0.014 Thread 0x00007f3e1400a000 Exception <a 'java/lang/NoSuchMethodError': Method sun.misc.Unsafe.prefetchRead(Ljava/lang/Object;J)V name or signature does not match> (0x000000076ab07f60) thrown at [/ssd/Android/AOSP-openjdk/external/jetbrains/jdk/hotspot/src/share/vm/prims/jni.cpp, li
Event: 0.139 Thread 0x00007f3e1400a000 Implicit null exception at 0x00007f3e05167eb4 to 0x00007f3e051684fd
Event: 0.740 Thread 0x00007f3e141a9800 Implicit null exception at 0x00007f3e052edfa2 to 0x00007f3e052ee0a3
Event: 0.867 Thread 0x00007f3e141a7800 Implicit null exception at 0x00007f3e05359927 to 0x00007f3e0535c2c5
Event: 1.020 Thread 0x00007f3e141a9800 Implicit null exception at 0x00007f3e05384329 to 0x00007f3e05385abd
Event: 1.653 Thread 0x00007f3e1400a000 Exception <a 'java/lang/ArrayIndexOutOfBoundsException': 18> (0x000000076d832048) thrown at [/ssd/Android/AOSP-openjdk/external/jetbrains/jdk/hotspot/src/share/vm/interpreter/interpreterRuntime.cpp, line 366]
Event: 1.653 Thread 0x00007f3e1400a000 Exception <a 'java/lang/ArrayIndexOutOfBoundsException': 145> (0x000000076d833bc8) thrown at [/ssd/Android/AOSP-openjdk/external/jetbrains/jdk/hotspot/src/share/vm/interpreter/interpreterRuntime.cpp, line 366]
Event: 1.654 Thread 0x00007f3e1400a000 Exception <a 'java/lang/ArrayIndexOutOfBoundsException'> (0x000000076d834eb0) thrown at [/ssd/Android/AOSP-openjdk/external/jetbrains/jdk/hotspot/src/share/vm/runtime/sharedRuntime.cpp, line 605]
Event: 3.583 Thread 0x00007f3e141a6000 Implicit null exception at 0x00007f3e055c2a53 to 0x00007f3e055c4735
Event: 10.682 Thread 0x00007f3e141a6000 Implicit null exception at 0x00007f3e057dc8f3 to 0x00007f3e057dfd59

Events (10 events):
Event: 20.801 Thread 0x00007f3e141a9800 DEOPT UNPACKING pc=0x00007f3e05047373 sp=0x00007f3dfd3dae70 mode 0
Event: 20.801 Thread 0x00007f3e1400a000 DEOPT PACKING pc=0x00007f3e0581c47b sp=0x00007f3e1bd80d30
Event: 20.801 Thread 0x00007f3e1400a000 DEOPT UNPACKING pc=0x00007f3e05047373 sp=0x00007f3e1bd80b60 mode 0
Event: 20.804 Thread 0x00007f3e141a3000 DEOPT PACKING pc=0x00007f3e053f3074 sp=0x00007f3dfd7df310
Event: 20.804 Thread 0x00007f3e141a3000 DEOPT UNPACKING pc=0x00007f3e05047373 sp=0x00007f3dfd7df010 mode 0
Event: 20.812 Thread 0x00007f3e1400a000 DEOPT PACKING pc=0x00007f3e05822a8c sp=0x00007f3e1bd80c30
Event: 20.812 Thread 0x00007f3e1400a000 DEOPT UNPACKING pc=0x00007f3e05047373 sp=0x00007f3e1bd80a10 mode 0
Event: 20.825 Thread 0x00007f3e141a6000 DEOPT PACKING pc=0x00007f3e0584b9b4 sp=0x00007f3dfd5dd640
Event: 20.825 Thread 0x00007f3e141a6000 DEOPT UNPACKING pc=0x00007f3e05047373 sp=0x00007f3dfd5dd440 mode 0
Event: 20.829 Executing VM operation: ParallelGCFailedAllocation


Dynamic libraries:
00400000-00401000 r-xp 00000000 08:05 929732                             /opt/android-studio/jre/bin/java
00600000-00601000 r--p 00000000 08:05 929732                             /opt/android-studio/jre/bin/java
00601000-00602000 rw-p 00001000 08:05 929732                             /opt/android-studio/jre/bin/java
00ffc000-0101d000 rw-p 00000000 00:00 0                                  [heap]
6c0000000-6ec980000 rw-p 00000000 00:00 0 
6ec980000-76ab00000 ---p 00000000 00:00 0 
76ab00000-7ac080000 rw-p 00000000 00:00 0 
7b7d80000-7c0000000 ---p 00000000 00:00 0 
7c0000000-7c00a0000 rw-p 00000000 00:00 0 
7c00a0000-800000000 ---p 00000000 00:00 0 
7f3da8000000-7f3da8048000 rw-p 00000000 00:00 0 
7f3da8048000-7f3dac000000 ---p 00000000 00:00 0 
7f3db0000000-7f3db005a000 rw-p 00000000 00:00 0 
7f3db005a000-7f3db4000000 ---p 00000000 00:00 0 
7f3db4000000-7f3db404d000 rw-p 00000000 00:00 0 
7f3db404d000-7f3db8000000 ---p 00000000 00:00 0 
7f3db8000000-7f3db8057000 rw-p 00000000 00:00 0 
7f3db8057000-7f3dbc000000 ---p 00000000 00:00 0 
7f3dbc000000-7f3dbc021000 rw-p 00000000 00:00 0 
7f3dbc021000-7f3dc0000000 ---p 00000000 00:00 0 
7f3dc0000000-7f3dc0021000 rw-p 00000000 00:00 0 
7f3dc0021000-7f3dc4000000 ---p 00000000 00:00 0 
7f3dc4000000-7f3dc4021000 rw-p 00000000 00:00 0 
7f3dc4021000-7f3dc8000000 ---p 00000000 00:00 0 
7f3dc8000000-7f3dc9746000 rw-p 00000000 00:00 0 
7f3dc9746000-7f3dcc000000 ---p 00000000 00:00 0 
7f3dcc000000-7f3dcca45000 rw-p 00000000 00:00 0 
7f3dcca45000-7f3dd0000000 ---p 00000000 00:00 0 
7f3dd0000000-7f3dd0021000 rw-p 00000000 00:00 0 
7f3dd0021000-7f3dd4000000 ---p 00000000 00:00 0 
7f3dd4000000-7f3dd5c26000 rw-p 00000000 00:00 0 
7f3dd5c26000-7f3dd8000000 ---p 00000000 00:00 0 
7f3dd8000000-7f3dd8021000 rw-p 00000000 00:00 0 
7f3dd8021000-7f3ddc000000 ---p 00000000 00:00 0 
7f3ddc000000-7f3ddc021000 rw-p 00000000 00:00 0 
7f3ddc021000-7f3de0000000 ---p 00000000 00:00 0 
7f3de0000000-7f3de8000000 rw-p 00000000 00:00 0 
7f3de8000000-7f3de8021000 rw-p 00000000 00:00 0 
7f3de8021000-7f3dec000000 ---p 00000000 00:00 0 
7f3dec000000-7f3dec282000 rw-p 00000000 00:00 0 
7f3dec282000-7f3df0000000 ---p 00000000 00:00 0 
7f3df0000000-7f3df0021000 rw-p 00000000 00:00 0 
7f3df0021000-7f3df4000000 ---p 00000000 00:00 0 
7f3df8000000-7f3df8021000 rw-p 00000000 00:00 0 
7f3df8021000-7f3dfc000000 ---p 00000000 00:00 0 
7f3dfd2dc000-7f3dfd2df000 ---p 00000000 00:00 0 
7f3dfd2df000-7f3dfd3dd000 rw-p 00000000 00:00 0 
7f3dfd3dd000-7f3dfd3e0000 ---p 00000000 00:00 0 
7f3dfd3e0000-7f3dfd4de000 rw-p 00000000 00:00 0 
7f3dfd4de000-7f3dfd4e1000 ---p 00000000 00:00 0 
7f3dfd4e1000-7f3dfd5df000 rw-p 00000000 00:00 0 
7f3dfd5df000-7f3dfd5e2000 ---p 00000000 00:00 0 
7f3dfd5e2000-7f3dfd6e0000 rw-p 00000000 00:00 0 
7f3dfd6e0000-7f3dfd6e3000 ---p 00000000 00:00 0 
7f3dfd6e3000-7f3dfd7e1000 rw-p 00000000 00:00 0 
7f3dfd7e1000-7f3dfd8cc000 r--s 00adf000 08:06 1451661                    /home/lester/CONVERSA/Conversa-Android/app/build/intermediates/transforms/jarMerging/debug/jars/1/1f/combined.jar
7f3dfd8cc000-7f3dfd8cd000 ---p 00000000 00:00 0 
7f3dfd8cd000-7f3dfd9cd000 rw-p 00000000 00:00 0 
7f3dfd9cd000-7f3dfd9d0000 ---p 00000000 00:00 0 
7f3dfd9d0000-7f3dfdace000 rw-p 00000000 00:00 0 
7f3dfdace000-7f3dfdad1000 ---p 00000000 00:00 0 
7f3dfdad1000-7f3dfdbcf000 rw-p 00000000 00:00 0 
7f3dfdbcf000-7f3dfdbd2000 ---p 00000000 00:00 0 
7f3dfdbd2000-7f3dfdcd0000 rw-p 00000000 00:00 0 
7f3dfdcd0000-7f3dfdcd3000 ---p 00000000 00:00 0 
7f3dfdcd3000-7f3dfddd1000 rw-p 00000000 00:00 0 
7f3dfddd1000-7f3dfddd4000 ---p 00000000 00:00 0 
7f3dfddd4000-7f3dfded2000 rw-p 00000000 00:00 0 
7f3dfded2000-7f3dfe41f000 r--p 00000000 08:05 1051794                    /usr/lib/locale/locale-archive
7f3dfe41f000-7f3dfe422000 ---p 00000000 00:00 0 
7f3dfe422000-7f3dfe520000 rw-p 00000000 00:00 0 
7f3dfe520000-7f3dfe523000 ---p 00000000 00:00 0 
7f3dfe523000-7f3dfe621000 rw-p 00000000 00:00 0 
7f3dfe621000-7f3dfe622000 ---p 00000000 00:00 0 
7f3dfe622000-7f3dff631000 rw-p 00000000 00:00 0 
7f3dff631000-7f3dff800000 r--s 03c1b000 08:05 929783                     /opt/android-studio/jre/jre/lib/rt.jar
7f3dff800000-7f3dffec0000 rw-p 00000000 00:00 0 
7f3dffec0000-7f3e00000000 ---p 00000000 00:00 0 
7f3e00000000-7f3e00021000 rw-p 00000000 00:00 0 
7f3e00021000-7f3e04000000 ---p 00000000 00:00 0 
7f3e0401b000-7f3e04040000 r--p 00000000 08:05 144167                     /usr/share/locale-langpack/es/LC_MESSAGES/libc.mo
7f3e04040000-7f3e049a9000 rw-p 00000000 00:00 0 
7f3e049a9000-7f3e049aa000 ---p 00000000 00:00 0 
7f3e049aa000-7f3e04c0f000 rw-p 00000000 00:00 0 
7f3e04c0f000-7f3e05000000 ---p 00000000 00:00 0 
7f3e05000000-7f3e05e80000 rwxp 00000000 00:00 0 
7f3e05e80000-7f3e14000000 ---p 00000000 00:00 0 
7f3e14000000-7f3e143d5000 rw-p 00000000 00:00 0 
7f3e143d5000-7f3e18000000 ---p 00000000 00:00 0 
7f3e1800f000-7f3e18010000 ---p 00000000 00:00 0 
7f3e18010000-7f3e18110000 rw-p 00000000 00:00 0 
7f3e18110000-7f3e18111000 ---p 00000000 00:00 0 
7f3e18111000-7f3e18211000 rw-p 00000000 00:00 0 
7f3e18211000-7f3e18212000 ---p 00000000 00:00 0 
7f3e18212000-7f3e18477000 rw-p 00000000 00:00 0 
7f3e18477000-7f3e18867000 ---p 00000000 00:00 0 
7f3e18867000-7f3e18a73000 rw-p 00000000 00:00 0 
7f3e18a73000-7f3e18b12000 ---p 00000000 00:00 0 
7f3e18b12000-7f3e18b4d000 rw-p 00000000 00:00 0 
7f3e18b4d000-7f3e18ed3000 ---p 00000000 00:00 0 
7f3e18ed3000-7f3e18eed000 r-xp 00000000 08:05 929798                     /opt/android-studio/jre/jre/lib/amd64/libzip.so
7f3e18eed000-7f3e190ed000 ---p 0001a000 08:05 929798                     /opt/android-studio/jre/jre/lib/amd64/libzip.so
7f3e190ed000-7f3e190ee000 r--p 0001a000 08:05 929798                     /opt/android-studio/jre/jre/lib/amd64/libzip.so
7f3e190ee000-7f3e190ef000 rw-p 0001b000 08:05 929798                     /opt/android-studio/jre/jre/lib/amd64/libzip.so
7f3e190ef000-7f3e190fa000 r-xp 00000000 08:05 657657                     /lib/x86_64-linux-gnu/libnss_files-2.23.so
7f3e190fa000-7f3e192f9000 ---p 0000b000 08:05 657657                     /lib/x86_64-linux-gnu/libnss_files-2.23.so
7f3e192f9000-7f3e192fa000 r--p 0000a000 08:05 657657                     /lib/x86_64-linux-gnu/libnss_files-2.23.so
7f3e192fa000-7f3e192fb000 rw-p 0000b000 08:05 657657                     /lib/x86_64-linux-gnu/libnss_files-2.23.so
7f3e192fb000-7f3e19301000 rw-p 00000000 00:00 0 
7f3e19301000-7f3e1930c000 r-xp 00000000 08:05 657660                     /lib/x86_64-linux-gnu/libnss_nis-2.23.so
7f3e1930c000-7f3e1950b000 ---p 0000b000 08:05 657660                     /lib/x86_64-linux-gnu/libnss_nis-2.23.so
7f3e1950b000-7f3e1950c000 r--p 0000a000 08:05 657660                     /lib/x86_64-linux-gnu/libnss_nis-2.23.so
7f3e1950c000-7f3e1950d000 rw-p 0000b000 08:05 657660                     /lib/x86_64-linux-gnu/libnss_nis-2.23.so
7f3e1950d000-7f3e19523000 r-xp 00000000 08:05 657653                     /lib/x86_64-linux-gnu/libnsl-2.23.so
7f3e19523000-7f3e19722000 ---p 00016000 08:05 657653                     /lib/x86_64-linux-gnu/libnsl-2.23.so
7f3e19722000-7f3e19723000 r--p 00015000 08:05 657653                     /lib/x86_64-linux-gnu/libnsl-2.23.so
7f3e19723000-7f3e19724000 rw-p 00016000 08:05 657653                     /lib/x86_64-linux-gnu/libnsl-2.23.so
7f3e19724000-7f3e19726000 rw-p 00000000 00:00 0 
7f3e19726000-7f3e1972e000 r-xp 00000000 08:05 657666                     /lib/x86_64-linux-gnu/libnss_compat-2.23.so
7f3e1972e000-7f3e1992d000 ---p 00008000 08:05 657666                     /lib/x86_64-linux-gnu/libnss_compat-2.23.so
7f3e1992d000-7f3e1992e000 r--p 00007000 08:05 657666                     /lib/x86_64-linux-gnu/libnss_compat-2.23.so
7f3e1992e000-7f3e1992f000 rw-p 00008000 08:05 657666                     /lib/x86_64-linux-gnu/libnss_compat-2.23.so
7f3e1992f000-7f3e1995c000 r-xp 00000000 08:05 929815                     /opt/android-studio/jre/jre/lib/amd64/libjava.so
7f3e1995c000-7f3e19b5b000 ---p 0002d000 08:05 929815                     /opt/android-studio/jre/jre/lib/amd64/libjava.so
7f3e19b5b000-7f3e19b5c000 r--p 0002c000 08:05 929815                     /opt/android-studio/jre/jre/lib/amd64/libjava.so
7f3e19b5c000-7f3e19b5e000 rw-p 0002d000 08:05 929815                     /opt/android-studio/jre/jre/lib/amd64/libjava.so
7f3e19b5e000-7f3e19b6e000 r-xp 00000000 08:05 929788                     /opt/android-studio/jre/jre/lib/amd64/libverify.so
7f3e19b6e000-7f3e19d6d000 ---p 00010000 08:05 929788                     /opt/android-studio/jre/jre/lib/amd64/libverify.so
7f3e19d6d000-7f3e19d6f000 r--p 0000f000 08:05 929788                     /opt/android-studio/jre/jre/lib/amd64/libverify.so
7f3e19d6f000-7f3e19d70000 rw-p 00011000 08:05 929788                     /opt/android-studio/jre/jre/lib/amd64/libverify.so
7f3e19d70000-7f3e19d77000 r-xp 00000000 08:05 657662                     /lib/x86_64-linux-gnu/librt-2.23.so
7f3e19d77000-7f3e19f76000 ---p 00007000 08:05 657662                     /lib/x86_64-linux-gnu/librt-2.23.so
7f3e19f76000-7f3e19f77000 r--p 00006000 08:05 657662                     /lib/x86_64-linux-gnu/librt-2.23.so
7f3e19f77000-7f3e19f78000 rw-p 00007000 08:05 657662                     /lib/x86_64-linux-gnu/librt-2.23.so
7f3e19f78000-7f3e1a080000 r-xp 00000000 08:05 657671                     /lib/x86_64-linux-gnu/libm-2.23.so
7f3e1a080000-7f3e1a27f000 ---p 00108000 08:05 657671                     /lib/x86_64-linux-gnu/libm-2.23.so
7f3e1a27f000-7f3e1a280000 r--p 00107000 08:05 657671                     /lib/x86_64-linux-gnu/libm-2.23.so
7f3e1a280000-7f3e1a281000 rw-p 00108000 08:05 657671                     /lib/x86_64-linux-gnu/libm-2.23.so
7f3e1a281000-7f3e1ae72000 r-xp 00000000 08:05 929796                     /opt/android-studio/jre/jre/lib/amd64/server/libjvm.so
7f3e1ae72000-7f3e1b072000 ---p 00bf1000 08:05 929796                     /opt/android-studio/jre/jre/lib/amd64/server/libjvm.so
7f3e1b072000-7f3e1b111000 r--p 00bf1000 08:05 929796                     /opt/android-studio/jre/jre/lib/amd64/server/libjvm.so
7f3e1b111000-7f3e1b13a000 rw-p 00c90000 08:05 929796                     /opt/android-studio/jre/jre/lib/amd64/server/libjvm.so
7f3e1b13a000-7f3e1b17e000 rw-p 00000000 00:00 0 
7f3e1b17e000-7f3e1b196000 r-xp 00000000 08:05 657659                     /lib/x86_64-linux-gnu/libpthread-2.23.so
7f3e1b196000-7f3e1b395000 ---p 00018000 08:05 657659                     /lib/x86_64-linux-gnu/libpthread-2.23.so
7f3e1b395000-7f3e1b396000 r--p 00017000 08:05 657659                     /lib/x86_64-linux-gnu/libpthread-2.23.so
7f3e1b396000-7f3e1b397000 rw-p 00018000 08:05 657659                     /lib/x86_64-linux-gnu/libpthread-2.23.so
7f3e1b397000-7f3e1b39b000 rw-p 00000000 00:00 0 
7f3e1b39b000-7f3e1b39e000 r-xp 00000000 08:05 657665                     /lib/x86_64-linux-gnu/libdl-2.23.so
7f3e1b39e000-7f3e1b59d000 ---p 00003000 08:05 657665                     /lib/x86_64-linux-gnu/libdl-2.23.so
7f3e1b59d000-7f3e1b59e000 r--p 00002000 08:05 657665                     /lib/x86_64-linux-gnu/libdl-2.23.so
7f3e1b59e000-7f3e1b59f000 rw-p 00003000 08:05 657665                     /lib/x86_64-linux-gnu/libdl-2.23.so
7f3e1b59f000-7f3e1b75f000 r-xp 00000000 08:05 657676                     /lib/x86_64-linux-gnu/libc-2.23.so
7f3e1b75f000-7f3e1b95f000 ---p 001c0000 08:05 657676                     /lib/x86_64-linux-gnu/libc-2.23.so
7f3e1b95f000-7f3e1b963000 r--p 001c0000 08:05 657676                     /lib/x86_64-linux-gnu/libc-2.23.so
7f3e1b963000-7f3e1b965000 rw-p 001c4000 08:05 657676                     /lib/x86_64-linux-gnu/libc-2.23.so
7f3e1b965000-7f3e1b969000 rw-p 00000000 00:00 0 
7f3e1b969000-7f3e1b97f000 r-xp 00000000 08:05 929747                     /opt/android-studio/jre/lib/amd64/jli/libjli.so
7f3e1b97f000-7f3e1bb7e000 ---p 00016000 08:05 929747                     /opt/android-studio/jre/lib/amd64/jli/libjli.so
7f3e1bb7e000-7f3e1bb7f000 r--p 00015000 08:05 929747                     /opt/android-studio/jre/lib/amd64/jli/libjli.so
7f3e1bb7f000-7f3e1bb80000 rw-p 00016000 08:05 929747                     /opt/android-studio/jre/lib/amd64/jli/libjli.so
7f3e1bb80000-7f3e1bba6000 r-xp 00000000 08:05 657654                     /lib/x86_64-linux-gnu/ld-2.23.so
7f3e1bba8000-7f3e1bbaf000 r--s 00000000 08:05 8623                       /usr/lib/x86_64-linux-gnu/gconv/gconv-modules.cache
7f3e1bbaf000-7f3e1bc82000 rw-p 00000000 00:00 0 
7f3e1bc82000-7f3e1bc85000 ---p 00000000 00:00 0 
7f3e1bc85000-7f3e1bd87000 rw-p 00000000 00:00 0 
7f3e1bd8b000-7f3e1bd99000 r--s 000e0000 08:05 806433                     /root/Android/Sdk/build-tools/25.0.3/lib/dx.jar
7f3e1bd99000-7f3e1bda1000 rw-s 00000000 08:05 807024                     /tmp/hsperfdata_lester/2271
7f3e1bda1000-7f3e1bda2000 rw-p 00000000 00:00 0 
7f3e1bda2000-7f3e1bda3000 ---p 00000000 00:00 0 
7f3e1bda3000-7f3e1bda5000 rw-p 00000000 00:00 0 
7f3e1bda5000-7f3e1bda6000 r--p 00025000 08:05 657654                     /lib/x86_64-linux-gnu/ld-2.23.so
7f3e1bda6000-7f3e1bda7000 rw-p 00026000 08:05 657654                     /lib/x86_64-linux-gnu/ld-2.23.so
7f3e1bda7000-7f3e1bda8000 rw-p 00000000 00:00 0 
7ffc7a7e2000-7ffc7a803000 rw-p 00000000 00:00 0                          [stack]
7ffc7a92c000-7ffc7a92e000 r--p 00000000 00:00 0                          [vvar]
7ffc7a92e000-7ffc7a930000 r-xp 00000000 00:00 0                          [vdso]
ffffffffff600000-ffffffffff601000 r-xp 00000000 00:00 0                  [vsyscall]

VM Arguments:
jvm_args: -Djava.awt.headless=true -Xmx4g -Dfile.encoding=UTF-8 -Duser.country=GT -Duser.language=es -Duser.variant 
java_command: com.android.dx.command.Main --dex --num-threads=4 --multi-dex --main-dex-list /home/lester/CONVERSA/Conversa-Android/app/build/intermediates/multi-dex/debug/maindexlist.txt --output /home/lester/CONVERSA/Conversa-Android/app/build/intermediates/transforms/dex/debug/folders/1000/1f/main /home/lester/CONVERSA/Conversa-Android/app/build/intermediates/transforms/jarMerging/debug/jars/1/1f/combined.jar
java_class_path (initial): /root/Android/Sdk/build-tools/25.0.3/lib/dx.jar
Launcher Type: SUN_STANDARD

Environment Variables:
PATH=/home/lester/bin:/home/lester/.local/bin:/usr/local/sbin:/usr/local/bin:/usr/sbin:/usr/bin:/sbin:/bin:/usr/games:/usr/local/games:/snap/bin
SHELL=/bin/bash
DISPLAY=:0

Signal Handlers:
SIGSEGV: [libjvm.so+0x9e5150], sa_mask[0]=11111111011111111101111111111110, sa_flags=SA_RESTART|SA_SIGINFO
SIGBUS: [libjvm.so+0x9e5150], sa_mask[0]=11111111011111111101111111111110, sa_flags=SA_RESTART|SA_SIGINFO
SIGFPE: [libjvm.so+0x848450], sa_mask[0]=11111111011111111101111111111110, sa_flags=SA_RESTART|SA_SIGINFO
SIGPIPE: [libjvm.so+0x848450], sa_mask[0]=11111111011111111101111111111110, sa_flags=SA_RESTART|SA_SIGINFO
SIGXFSZ: [libjvm.so+0x848450], sa_mask[0]=11111111011111111101111111111110, sa_flags=SA_RESTART|SA_SIGINFO
SIGILL: [libjvm.so+0x848450], sa_mask[0]=11111111011111111101111111111110, sa_flags=SA_RESTART|SA_SIGINFO
SIGUSR1: SIG_DFL, sa_mask[0]=00000000000000000000000000000000, sa_flags=none
SIGUSR2: [libjvm.so+0x848320], sa_mask[0]=00100000000000000000000000000000, sa_flags=SA_RESTART|SA_SIGINFO
SIGHUP: [libjvm.so+0x848510], sa_mask[0]=11111111011111111101111111111110, sa_flags=SA_RESTART|SA_SIGINFO
SIGINT: [libjvm.so+0x848510], sa_mask[0]=11111111011111111101111111111110, sa_flags=SA_RESTART|SA_SIGINFO
SIGTERM: [libjvm.so+0x848510], sa_mask[0]=11111111011111111101111111111110, sa_flags=SA_RESTART|SA_SIGINFO
SIGQUIT: [libjvm.so+0x848510], sa_mask[0]=11111111011111111101111111111110, sa_flags=SA_RESTART|SA_SIGINFO


---------------  S Y S T E M  ---------------

OS:DISTRIB_ID=Ubuntu
DISTRIB_RELEASE=16.04
DISTRIB_CODENAME=xenial
DISTRIB_DESCRIPTION="Ubuntu 16.04.3 LTS"

uname:Linux 4.4.0-97-generic #120-Ubuntu SMP Tue Sep 19 17:28:18 UTC 2017 x86_64
libc:glibc 2.23 NPTL 2.23 
rlimit: STACK 8192k, CORE 0k, NPROC 31122, NOFILE 1048576, AS infinity
load average:3.30 1.39 0.68

/proc/meminfo:
MemTotal:        8075500 kB
MemFree:          129692 kB
MemAvailable:      78364 kB
Buffers:           10552 kB
Cached:           807920 kB
SwapCached:            0 kB
Active:          6270444 kB
Inactive:         688020 kB
Active(anon):    6216572 kB
Inactive(anon):   632168 kB
Active(file):      53872 kB
Inactive(file):    55852 kB
Unevictable:          48 kB
Mlocked:              48 kB
SwapTotal:             0 kB
SwapFree:              0 kB
Dirty:               312 kB
Writeback:             0 kB
AnonPages:       6140432 kB
Mapped:          1035660 kB
Shmem:            708424 kB
Slab:             112124 kB
SReclaimable:      65636 kB
SUnreclaim:        46488 kB
KernelStack:       12512 kB
PageTables:        47976 kB
NFS_Unstable:          0 kB
Bounce:                0 kB
WritebackTmp:          0 kB
CommitLimit:     4037748 kB
Committed_AS:   12018076 kB
VmallocTotal:   34359738367 kB
VmallocUsed:           0 kB
VmallocChunk:          0 kB
HardwareCorrupted:     0 kB
AnonHugePages:   3594240 kB
CmaTotal:              0 kB
CmaFree:               0 kB
HugePages_Total:       0
HugePages_Free:        0
HugePages_Rsvd:        0
HugePages_Surp:        0
Hugepagesize:       2048 kB
DirectMap4k:      199468 kB
DirectMap2M:     8089600 kB
DirectMap1G:     1048576 kB


CPU:total 4 (2 cores per cpu, 2 threads per core) family 6 model 61 stepping 4, cmov, cx8, fxsr, mmx, sse, sse2, sse3, ssse3, sse4.1, sse4.2, popcnt, avx, avx2, aes, clmul, erms, 3dnowpref, lzcnt, ht, tsc, tscinvbit, bmi1, bmi2, adx

/proc/cpuinfo:
processor	: 0
vendor_id	: GenuineIntel
cpu family	: 6
model		: 61
model name	: Intel(R) Core(TM) i7-5500U CPU @ 2.40GHz
stepping	: 4
microcode	: 0x18
cpu MHz		: 2375.437
cache size	: 4096 KB
physical id	: 0
siblings	: 4
core id		: 0
cpu cores	: 2
apicid		: 0
initial apicid	: 0
fpu		: yes
fpu_exception	: yes
cpuid level	: 20
wp		: yes
flags		: fpu vme de pse tsc msr pae mce cx8 apic sep mtrr pge mca cmov pat pse36 clflush dts acpi mmx fxsr sse sse2 ss ht tm pbe syscall nx pdpe1gb rdtscp lm constant_tsc arch_perfmon pebs bts rep_good nopl xtopology nonstop_tsc aperfmperf eagerfpu pni pclmulqdq dtes64 monitor ds_cpl vmx est tm2 ssse3 sdbg fma cx16 xtpr pdcm pcid sse4_1 sse4_2 x2apic movbe popcnt tsc_deadline_timer aes xsave avx f16c rdrand lahf_lm abm 3dnowprefetch epb intel_pt tpr_shadow vnmi flexpriority ept vpid fsgsbase tsc_adjust bmi1 avx2 smep bmi2 erms invpcid rdseed adx smap xsaveopt dtherm ida arat pln pts
bugs		:
bogomips	: 4788.89
clflush size	: 64
cache_alignment	: 64
address sizes	: 39 bits physical, 48 bits virtual
power management:

processor	: 1
vendor_id	: GenuineIntel
cpu family	: 6
model		: 61
model name	: Intel(R) Core(TM) i7-5500U CPU @ 2.40GHz
stepping	: 4
microcode	: 0x18
cpu MHz		: 2387.062
cache size	: 4096 KB
physical id	: 0
siblings	: 4
core id		: 1
cpu cores	: 2
apicid		: 2
initial apicid	: 2
fpu		: yes
fpu_exception	: yes
cpuid level	: 20
wp		: yes
flags		: fpu vme de pse tsc msr pae mce cx8 apic sep mtrr pge mca cmov pat pse36 clflush dts acpi mmx fxsr sse sse2 ss ht tm pbe syscall nx pdpe1gb rdtscp lm constant_tsc arch_perfmon pebs bts rep_good nopl xtopology nonstop_tsc aperfmperf eagerfpu pni pclmulqdq dtes64 monitor ds_cpl vmx est tm2 ssse3 sdbg fma cx16 xtpr pdcm pcid sse4_1 sse4_2 x2apic movbe popcnt tsc_deadline_timer aes xsave avx f16c rdrand lahf_lm abm 3dnowprefetch epb intel_pt tpr_shadow vnmi flexpriority ept vpid fsgsbase tsc_adjust bmi1 avx2 smep bmi2 erms invpcid rdseed adx smap xsaveopt dtherm ida arat pln pts
bugs		:
bogomips	: 4788.89
clflush size	: 64
cache_alignment	: 64
address sizes	: 39 bits physical, 48 bits virtual
power management:

processor	: 2
vendor_id	: GenuineIntel
cpu family	: 6
model		: 61
model name	: Intel(R) Core(TM) i7-5500U CPU @ 2.40GHz
stepping	: 4
microcode	: 0x18
cpu MHz		: 2394.468
cache size	: 4096 KB
physical id	: 0
siblings	: 4
core id		: 0
cpu cores	: 2
apicid		: 1
initial apicid	: 1
fpu		: yes
fpu_exception	: yes
cpuid level	: 20
wp		: yes
flags		: fpu vme de pse tsc msr pae mce cx8 apic sep mtrr pge mca cmov pat pse36 clflush dts acpi mmx fxsr sse sse2 ss ht tm pbe syscall nx pdpe1gb rdtscp lm constant_tsc arch_perfmon pebs bts rep_good nopl xtopology nonstop_tsc aperfmperf eagerfpu pni pclmulqdq dtes64 monitor ds_cpl vmx est tm2 ssse3 sdbg fma cx16 xtpr pdcm pcid sse4_1 sse4_2 x2apic movbe popcnt tsc_deadline_timer aes xsave avx f16c rdrand lahf_lm abm 3dnowprefetch epb intel_pt tpr_shadow vnmi flexpriority ept vpid fsgsbase tsc_adjust bmi1 avx2 smep bmi2 erms invpcid rdseed adx smap xsaveopt dtherm ida arat pln pts
bugs		:
bogomips	: 4788.89
clflush size	: 64
cache_alignment	: 64
address sizes	: 39 bits physical, 48 bits virtual
power management:

processor	: 3
vendor_id	: GenuineIntel
cpu family	: 6
model		: 61
model name	: Intel(R) Core(TM) i7-5500U CPU @ 2.40GHz
stepping	: 4
microcode	: 0x18
cpu MHz		: 2400.281
cache size	: 4096 KB
physical id	: 0
siblings	: 4
core id		: 1
cpu cores	: 2
apicid		: 3
initial apicid	: 3
fpu		: yes
fpu_exception	: yes
cpuid level	: 20
wp		: yes
flags		: fpu vme de pse tsc msr pae mce cx8 apic sep mtrr pge mca cmov pat pse36 clflush dts acpi mmx fxsr sse sse2 ss ht tm pbe syscall nx pdpe1gb rdtscp lm constant_tsc arch_perfmon pebs bts rep_good nopl xtopology nonstop_tsc aperfmperf eagerfpu pni pclmulqdq dtes64 monitor ds_cpl vmx est tm2 ssse3 sdbg fma cx16 xtpr pdcm pcid sse4_1 sse4_2 x2apic movbe popcnt tsc_deadline_timer aes xsave avx f16c rdrand lahf_lm abm 3dnowprefetch epb intel_pt tpr_shadow vnmi flexpriority ept vpid fsgsbase tsc_adjust bmi1 avx2 smep bmi2 erms invpcid rdseed adx smap xsaveopt dtherm ida arat pln pts
bugs		:
bogomips	: 4788.89
clflush size	: 64
cache_alignment	: 64
address sizes	: 39 bits physical, 48 bits virtual
power management:



Memory: 4k page, physical 8075500k(129692k free), swap 0k(0k free)

vm_info: OpenJDK 64-Bit Server VM (25.112-b06) for linux-amd64 JRE (1.8.0_112-release-b06), built on Dec  6 2016 12:11:18 by "builder" with gcc 4.8.4

time: Sat Nov  4 21:12:27 2017
elapsed time: 21 seconds (0d 0h 0m 21s)

