#
# There is insufficient memory for the Java Runtime Environment to continue.
# Native memory allocation (mmap) failed to map 194510848 bytes for committing reserved memory.
# Possible reasons:
#   The system is out of physical RAM or swap space
#   In 32 bit mode, the process size limit was hit
# Possible solutions:
#   Reduce memory load on the system
#   Increase physical memory or swap space
#   Check if swap backing store is full
#   Use 64 bit Java on a 64 bit OS
#   Decrease Java heap size (-Xmx/-Xms)
#   Decrease number of Java threads
#   Decrease Java thread stack sizes (-Xss)
#   Set larger code cache with -XX:ReservedCodeCacheSize=
# This output file may be truncated or incomplete.
#
#  Out of Memory Error (os_linux.cpp:2627), pid=9082, tid=0x00007f9a58a00700
#
# JRE version: OpenJDK Runtime Environment (8.0_112-b06) (build 1.8.0_112-release-b06)
# Java VM: OpenJDK 64-Bit Server VM (25.112-b06 mixed mode linux-amd64 compressed oops)
# Failed to write core dump. Core dumps have been disabled. To enable core dumping, try "ulimit -c unlimited" before starting Java again
#

---------------  T H R E A D  ---------------

Current thread (0x00007f9a6c077800):  VMThread [stack: 0x00007f9a58900000,0x00007f9a58a01000] [id=9092]

Stack: [0x00007f9a58900000,0x00007f9a58a01000],  sp=0x00007f9a589ff4c0,  free space=1021k
Native frames: (J=compiled Java code, j=interpreted, Vv=VM code, C=native code)
V  [libjvm.so+0x9e465d]  VMError::report_and_die()+0x15d
V  [libjvm.so+0x4b6ada]  report_vm_out_of_memory(char const*, int, unsigned long, VMErrorType, char const*)+0x8a
V  [libjvm.so+0x84c860]  os::pd_commit_memory(char*, unsigned long, unsigned long, bool)+0xf0
V  [libjvm.so+0x84737f]  os::commit_memory(char*, unsigned long, unsigned long, bool)+0x1f
V  [libjvm.so+0x8bd3db]  PSVirtualSpace::expand_by(unsigned long)+0x5b
V  [libjvm.so+0x8be050]  PSYoungGen::resize_generation(unsigned long, unsigned long)+0xb0
V  [libjvm.so+0x8be36b]  PSYoungGen::resize(unsigned long, unsigned long)+0x1b
V  [libjvm.so+0x8baa5c]  PSScavenge::invoke_no_policy()+0xdac
V  [libjvm.so+0x8bb238]  PSScavenge::invoke()+0x38
V  [libjvm.so+0x86fcf3]  ParallelScavengeHeap::failed_mem_allocate(unsigned long)+0x63
V  [libjvm.so+0x9e6124]  VM_ParallelGCFailedAllocation::doit()+0x84
V  [libjvm.so+0x9ea537]  VM_Operation::evaluate()+0x47
V  [libjvm.so+0x9e8ff8]  VMThread::evaluate_operation(VM_Operation*)+0x2c8
V  [libjvm.so+0x9e9479]  VMThread::loop()+0x219
V  [libjvm.so+0x9e98c2]  VMThread::run()+0x72
V  [libjvm.so+0x849c82]  java_start(Thread*)+0xf2

VM_Operation (0x00007f9a5372ace0): ParallelGCFailedAllocation, mode: safepoint, requested by thread 0x00007f9a6c189800


---------------  P R O C E S S  ---------------

Java Threads: ( => current thread )
  0x00007f9a6c18b000 JavaThread "pool-2-thread-4" [_thread_blocked, id=9105, stack(0x00007f9a5352b000,0x00007f9a5362c000)]
  0x00007f9a6c189800 JavaThread "pool-2-thread-3" [_thread_blocked, id=9104, stack(0x00007f9a5362c000,0x00007f9a5372d000)]
  0x00007f9a6c188000 JavaThread "pool-2-thread-2" [_thread_blocked, id=9103, stack(0x00007f9a5372d000,0x00007f9a5382e000)]
  0x00007f9a6c186000 JavaThread "pool-3-thread-1" [_thread_blocked, id=9102, stack(0x00007f9a5382e000,0x00007f9a5392f000)]
  0x00007f9a6c185000 JavaThread "pool-2-thread-1" [_thread_blocked, id=9101, stack(0x00007f9a5392f000,0x00007f9a53a30000)]
  0x00007f9a6c0bf800 JavaThread "Service Thread" daemon [_thread_blocked, id=9099, stack(0x00007f9a53bfc000,0x00007f9a53cfd000)]
  0x00007f9a6c0bc800 JavaThread "C1 CompilerThread2" daemon [_thread_blocked, id=9098, stack(0x00007f9a53cfd000,0x00007f9a53dfe000)]
  0x00007f9a6c0ba800 JavaThread "C2 CompilerThread1" daemon [_thread_blocked, id=9097, stack(0x00007f9a53dfe000,0x00007f9a53eff000)]
  0x00007f9a6c0b7800 JavaThread "C2 CompilerThread0" daemon [_thread_blocked, id=9096, stack(0x00007f9a53eff000,0x00007f9a54000000)]
  0x00007f9a6c0b6800 JavaThread "Signal Dispatcher" daemon [_thread_blocked, id=9095, stack(0x00007f9a580b0000,0x00007f9a581b1000)]
  0x00007f9a6c083800 JavaThread "Finalizer" daemon [_thread_blocked, id=9094, stack(0x00007f9a586fe000,0x00007f9a587ff000)]
  0x00007f9a6c07f000 JavaThread "Reference Handler" daemon [_thread_blocked, id=9093, stack(0x00007f9a587ff000,0x00007f9a58900000)]
  0x00007f9a6c00a000 JavaThread "main" [_thread_blocked, id=9087, stack(0x00007f9a71f14000,0x00007f9a72015000)]

Other Threads:
=>0x00007f9a6c077800 VMThread [stack: 0x00007f9a58900000,0x00007f9a58a01000] [id=9092]
  0x00007f9a6c0c2000 WatcherThread [stack: 0x00007f9a53afb000,0x00007f9a53bfc000] [id=9100]

VM state:at safepoint (normal execution)

VM Mutex/Monitor currently owned by a thread:  ([mutex/lock_event])
[0x00007f9a6c006580] Threads_lock - owner thread: 0x00007f9a6c077800
[0x00007f9a6c006a80] Heap_lock - owner thread: 0x00007f9a6c189800

Heap:
 PSYoungGen      total 768512K, used 142320K [0x000000076ab00000, 0x00000007a2480000, 0x00000007c0000000)
  eden space 626176K, 0% used [0x000000076ab00000,0x000000076ab00000,0x0000000790e80000)
  from space 142336K, 99% used [0x0000000790e80000,0x000000079997c088,0x0000000799980000)
  to   space 123904K, 0% used [0x000000079ab80000,0x000000079ab80000,0x00000007a2480000)
 ParOldGen       total 485888K, used 340306K [0x00000006c0000000, 0x00000006dda80000, 0x000000076ab00000)
  object space 485888K, 70% used [0x00000006c0000000,0x00000006d4c54a08,0x00000006dda80000)
 Metaspace       used 6366K, capacity 7280K, committed 7552K, reserved 1056768K
  class space    used 582K, capacity 616K, committed 640K, reserved 1048576K

Card table byte_map: [0x00007f9a5b5a2000,0x00007f9a5bda3000] byte_map_base: 0x00007f9a57fa2000

Marking Bits: (ParMarkBitMap*) 0x00007f9a713e1340
 Begin Bits: [0x00007f9a34000000, 0x00007f9a38000000)
 End Bits:   [0x00007f9a38000000, 0x00007f9a3c000000)

Polling page: 0x00007f9a72034000

CodeCache: size=245760Kb used=13010Kb max_used=13025Kb free=232749Kb
 bounds [0x00007f9a5c163000, 0x00007f9a5ce33000, 0x00007f9a6b163000]
 total_blobs=2783 nmethods=2521 adapters=176
 compilation: enabled

Compilation events (10 events):
Event: 13.644 Thread 0x00007f9a6c0bc800 2747       3       com.android.dx.cf.code.Merger::mergeLocals (122 bytes)
Event: 13.645 Thread 0x00007f9a6c0bc800 nmethod 2747 0x00007f9a5ce0b110 code [0x00007f9a5ce0b3a0, 0x00007f9a5ce0c4a8]
Event: 13.671 Thread 0x00007f9a6c0bc800 2748       3       com.android.dx.ssa.ConstCollector::getConstsSortedByCountUse (386 bytes)
Event: 13.675 Thread 0x00007f9a6c0bc800 nmethod 2748 0x00007f9a5ce0fb50 code [0x00007f9a5ce10180, 0x00007f9a5ce14a68]
Event: 13.761 Thread 0x00007f9a6c0b7800 nmethod 1492 0x00007f9a5ce1be90 code [0x00007f9a5ce1c2e0, 0x00007f9a5ce1f3a8]
Event: 13.761 Thread 0x00007f9a6c0b7800 2744       4       com.android.dx.ssa.PhiTypeResolver::run (179 bytes)
Event: 13.811 Thread 0x00007f9a6c0bc800 2752       2       com.android.dx.dex.code.RopTranslator$TranslationVisitor::visitSwitchInsn (237 bytes)
Event: 13.813 Thread 0x00007f9a6c0bc800 nmethod 2752 0x00007f9a5cdf7310 code [0x00007f9a5cdf75a0, 0x00007f9a5cdf7ff8]
Event: 13.813 Thread 0x00007f9a6c0bc800 2753       2       com.android.dx.dex.code.SwitchData::shouldPack (50 bytes)
Event: 13.813 Thread 0x00007f9a6c0bc800 nmethod 2753 0x00007f9a5cddc450 code [0x00007f9a5cddc5c0, 0x00007f9a5cddc7e8]

GC Heap History (10 events):
Event: 7.102 GC heap after
Heap after GC invocations=11 (full 1):
 PSYoungGen      total 639488K, used 89067K [0x000000076ab00000, 0x000000079e080000, 0x00000007c0000000)
  eden space 550400K, 0% used [0x000000076ab00000,0x000000076ab00000,0x000000078c480000)
  from space 89088K, 99% used [0x0000000793c80000,0x000000079937ac90,0x0000000799380000)
  to   space 122880K, 0% used [0x000000078c480000,0x000000078c480000,0x0000000793c80000)
 ParOldGen       total 164864K, used 155739K [0x00000006c0000000, 0x00000006ca100000, 0x000000076ab00000)
  object space 164864K, 94% used [0x00000006c0000000,0x00000006c9816fb8,0x00000006ca100000)
 Metaspace       used 6344K, capacity 7280K, committed 7552K, reserved 1056768K
  class space    used 581K, capacity 616K, committed 640K, reserved 1048576K
}
Event: 7.102 GC heap before
{Heap before GC invocations=12 (full 2):
 PSYoungGen      total 639488K, used 89067K [0x000000076ab00000, 0x000000079e080000, 0x00000007c0000000)
  eden space 550400K, 0% used [0x000000076ab00000,0x000000076ab00000,0x000000078c480000)
  from space 89088K, 99% used [0x0000000793c80000,0x000000079937ac90,0x0000000799380000)
  to   space 122880K, 0% used [0x000000078c480000,0x000000078c480000,0x0000000793c80000)
 ParOldGen       total 164864K, used 155739K [0x00000006c0000000, 0x00000006ca100000, 0x000000076ab00000)
  object space 164864K, 94% used [0x00000006c0000000,0x00000006c9816fb8,0x00000006ca100000)
 Metaspace       used 6344K, capacity 7280K, committed 7552K, reserved 1056768K
  class space    used 581K, capacity 616K, committed 640K, reserved 1048576K
Event: 7.941 GC heap after
Heap after GC invocations=12 (full 2):
 PSYoungGen      total 639488K, used 72441K [0x000000076ab00000, 0x000000079e080000, 0x00000007c0000000)
  eden space 550400K, 0% used [0x000000076ab00000,0x000000076ab00000,0x000000078c480000)
  from space 89088K, 81% used [0x0000000793c80000,0x000000079833e7e0,0x0000000799380000)
  to   space 122880K, 0% used [0x000000078c480000,0x000000078c480000,0x0000000793c80000)
 ParOldGen       total 295936K, used 164829K [0x00000006c0000000, 0x00000006d2100000, 0x000000076ab00000)
  object space 295936K, 55% used [0x00000006c0000000,0x00000006ca0f74a8,0x00000006d2100000)
 Metaspace       used 6344K, capacity 7280K, committed 7552K, reserved 1056768K
  class space    used 581K, capacity 616K, committed 640K, reserved 1048576K
}
Event: 9.324 GC heap before
{Heap before GC invocations=13 (full 2):
 PSYoungGen      total 639488K, used 622841K [0x000000076ab00000, 0x000000079e080000, 0x00000007c0000000)
  eden space 550400K, 100% used [0x000000076ab00000,0x000000078c480000,0x000000078c480000)
  from space 89088K, 81% used [0x0000000793c80000,0x000000079833e7e0,0x0000000799380000)
  to   space 122880K, 0% used [0x000000078c480000,0x000000078c480000,0x0000000793c80000)
 ParOldGen       total 295936K, used 164829K [0x00000006c0000000, 0x00000006d2100000, 0x000000076ab00000)
  object space 295936K, 55% used [0x00000006c0000000,0x00000006ca0f74a8,0x00000006d2100000)
 Metaspace       used 6354K, capacity 7280K, committed 7552K, reserved 1056768K
  class space    used 581K, capacity 616K, committed 640K, reserved 1048576K
Event: 9.551 GC heap after
Heap after GC invocations=13 (full 2):
 PSYoungGen      total 673280K, used 83660K [0x000000076ab00000, 0x00000007a2a80000, 0x00000007c0000000)
  eden space 550400K, 0% used [0x000000076ab00000,0x000000076ab00000,0x000000078c480000)
  from space 122880K, 68% used [0x000000078c480000,0x0000000791633190,0x0000000793c80000)
  to   space 130048K, 0% used [0x000000079ab80000,0x000000079ab80000,0x00000007a2a80000)
 ParOldGen       total 295936K, used 236459K [0x00000006c0000000, 0x00000006d2100000, 0x000000076ab00000)
  object space 295936K, 79% used [0x00000006c0000000,0x00000006ce6eaee0,0x00000006d2100000)
 Metaspace       used 6354K, capacity 7280K, committed 7552K, reserved 1056768K
  class space    used 581K, capacity 616K, committed 640K, reserved 1048576K
}
Event: 9.551 GC heap before
{Heap before GC invocations=14 (full 3):
 PSYoungGen      total 673280K, used 83660K [0x000000076ab00000, 0x00000007a2a80000, 0x00000007c0000000)
  eden space 550400K, 0% used [0x000000076ab00000,0x000000076ab00000,0x000000078c480000)
  from space 122880K, 68% used [0x000000078c480000,0x0000000791633190,0x0000000793c80000)
  to   space 130048K, 0% used [0x000000079ab80000,0x000000079ab80000,0x00000007a2a80000)
 ParOldGen       total 295936K, used 236459K [0x00000006c0000000, 0x00000006d2100000, 0x000000076ab00000)
  object space 295936K, 79% used [0x00000006c0000000,0x00000006ce6eaee0,0x00000006d2100000)
 Metaspace       used 6354K, capacity 7280K, committed 7552K, reserved 1056768K
  class space    used 581K, capacity 616K, committed 640K, reserved 1048576K
Event: 10.961 GC heap after
Heap after GC invocations=14 (full 3):
 PSYoungGen      total 673280K, used 20395K [0x000000076ab00000, 0x00000007a2a80000, 0x00000007c0000000)
  eden space 550400K, 0% used [0x000000076ab00000,0x000000076ab00000,0x000000078c480000)
  from space 122880K, 16% used [0x000000078c480000,0x000000078d86ae98,0x0000000793c80000)
  to   space 130048K, 0% used [0x000000079ab80000,0x000000079ab80000,0x00000007a2a80000)
 ParOldGen       total 485888K, used 295816K [0x00000006c0000000, 0x00000006dda80000, 0x000000076ab00000)
  object space 485888K, 60% used [0x00000006c0000000,0x00000006d20e22c0,0x00000006dda80000)
 Metaspace       used 6354K, capacity 7280K, committed 7552K, reserved 1056768K
  class space    used 581K, capacity 616K, committed 640K, reserved 1048576K
}
Event: 12.411 GC heap before
{Heap before GC invocations=15 (full 3):
 PSYoungGen      total 673280K, used 570795K [0x000000076ab00000, 0x00000007a2a80000, 0x00000007c0000000)
  eden space 550400K, 100% used [0x000000076ab00000,0x000000078c480000,0x000000078c480000)
  from space 122880K, 16% used [0x000000078c480000,0x000000078d86ae98,0x0000000793c80000)
  to   space 130048K, 0% used [0x000000079ab80000,0x000000079ab80000,0x00000007a2a80000)
 ParOldGen       total 485888K, used 295816K [0x00000006c0000000, 0x00000006dda80000, 0x000000076ab00000)
  object space 485888K, 60% used [0x00000006c0000000,0x00000006d20e22c0,0x00000006dda80000)
 Metaspace       used 6359K, capacity 7280K, committed 7552K, reserved 1056768K
  class space    used 582K, capacity 616K, committed 640K, reserved 1048576K
Event: 12.612 GC heap after
Heap after GC invocations=15 (full 3):
 PSYoungGen      total 750080K, used 102400K [0x000000076ab00000, 0x00000007a2480000, 0x00000007c0000000)
  eden space 626176K, 0% used [0x000000076ab00000,0x000000076ab00000,0x0000000790e80000)
  from space 123904K, 82% used [0x000000079ab80000,0x00000007a0f80160,0x00000007a2480000)
  to   space 142336K, 0% used [0x0000000790e80000,0x0000000790e80000,0x0000000799980000)
 ParOldGen       total 485888K, used 295816K [0x00000006c0000000, 0x00000006dda80000, 0x000000076ab00000)
  object space 485888K, 60% used [0x00000006c0000000,0x00000006d20e22c0,0x00000006dda80000)
 Metaspace       used 6359K, capacity 7280K, committed 7552K, reserved 1056768K
  class space    used 582K, capacity 616K, committed 640K, reserved 1048576K
}
Event: 13.946 GC heap before
{Heap before GC invocations=16 (full 3):
 PSYoungGen      total 750080K, used 728576K [0x000000076ab00000, 0x00000007a2480000, 0x00000007c0000000)
  eden space 626176K, 100% used [0x000000076ab00000,0x0000000790e80000,0x0000000790e80000)
  from space 123904K, 82% used [0x000000079ab80000,0x00000007a0f80160,0x00000007a2480000)
  to   space 142336K, 0% used [0x0000000790e80000,0x0000000790e80000,0x0000000799980000)
 ParOldGen       total 485888K, used 295816K [0x00000006c0000000, 0x00000006dda80000, 0x000000076ab00000)
  object space 485888K, 60% used [0x00000006c0000000,0x00000006d20e22c0,0x00000006dda80000)
 Metaspace       used 6366K, capacity 7280K, committed 7552K, reserved 1056768K
  class space    used 582K, capacity 616K, committed 640K, reserved 1048576K

Deoptimization events (10 events):
Event: 12.271 Thread 0x00007f9a6c185000 Uncommon trap: reason=speculate_class_check action=maybe_recompile pc=0x00007f9a5ccb7818 method=com.android.dx.rop.cst.TypedConstant.getBasicType()I @ 1
Event: 12.896 Thread 0x00007f9a6c185000 Uncommon trap: reason=unstable_if action=reinterpret pc=0x00007f9a5cd57990 method=com.android.dx.rop.code.DexTranslationAdvice.hasConstantOperation(Lcom/android/dx/rop/code/Rop;Lcom/android/dx/rop/code/RegisterSpec;Lcom/android/dx/rop/code/RegisterSpec;)Z
Event: 12.904 Thread 0x00007f9a6c00a000 Uncommon trap: reason=unstable_if action=reinterpret pc=0x00007f9a5cc91a90 method=com.android.dx.ssa.back.IdenticalBlockCombiner.replaceSucc(Lcom/android/dx/rop/code/BasicBlock;II)V @ 30
Event: 13.088 Thread 0x00007f9a6c189800 Uncommon trap: reason=class_check action=maybe_recompile pc=0x00007f9a5cd70fb4 method=com.android.dx.ssa.SCCP.simulateBranch(Lcom/android/dx/ssa/SsaInsn;)V @ 339
Event: 13.094 Thread 0x00007f9a6c189800 Uncommon trap: reason=class_check action=maybe_recompile pc=0x00007f9a5cd70fb4 method=com.android.dx.ssa.SCCP.simulateBranch(Lcom/android/dx/ssa/SsaInsn;)V @ 339
Event: 13.365 Thread 0x00007f9a6c185000 Uncommon trap: reason=unstable_if action=reinterpret pc=0x00007f9a5cc57ba8 method=java.util.TimSort.sort([Ljava/lang/Object;IILjava/util/Comparator;[Ljava/lang/Object;II)V @ 53
Event: 13.636 Thread 0x00007f9a6c188000 Uncommon trap: reason=bimorphic action=maybe_recompile pc=0x00007f9a5ce0e7b4 method=com.android.dx.cf.code.Merger.mergeType(Lcom/android/dx/rop/type/TypeBearer;Lcom/android/dx/rop/type/TypeBearer;)Lcom/android/dx/rop/type/TypeBearer; @ 21
Event: 13.637 Thread 0x00007f9a6c188000 Uncommon trap: reason=bimorphic action=maybe_recompile pc=0x00007f9a5ce0e7b4 method=com.android.dx.cf.code.Merger.mergeType(Lcom/android/dx/rop/type/TypeBearer;Lcom/android/dx/rop/type/TypeBearer;)Lcom/android/dx/rop/type/TypeBearer; @ 21
Event: 13.639 Thread 0x00007f9a6c188000 Uncommon trap: reason=unstable_if action=reinterpret pc=0x00007f9a5ce0e92c method=com.android.dx.cf.code.Merger.mergeType(Lcom/android/dx/rop/type/TypeBearer;Lcom/android/dx/rop/type/TypeBearer;)Lcom/android/dx/rop/type/TypeBearer; @ 77
Event: 13.904 Thread 0x00007f9a6c18b000 Uncommon trap: reason=unstable_if action=reinterpret pc=0x00007f9a5cd0511c method=com.android.dx.ssa.SCCP.replaceBranches()V @ 14

Internal exceptions (9 events):
Event: 0.014 Thread 0x00007f9a6c00a000 Exception <a 'java/lang/NoSuchMethodError': Method sun.misc.Unsafe.defineClass(Ljava/lang/String;[BII)Ljava/lang/Class; name or signature does not match> (0x000000076ab07c78) thrown at [/ssd/Android/AOSP-openjdk/external/jetbrains/jdk/hotspot/src/share/vm
Event: 0.014 Thread 0x00007f9a6c00a000 Exception <a 'java/lang/NoSuchMethodError': Method sun.misc.Unsafe.prefetchRead(Ljava/lang/Object;J)V name or signature does not match> (0x000000076ab07f60) thrown at [/ssd/Android/AOSP-openjdk/external/jetbrains/jdk/hotspot/src/share/vm/prims/jni.cpp, li
Event: 0.310 Thread 0x00007f9a6c00a000 Implicit null exception at 0x00007f9a5c2cad34 to 0x00007f9a5c2cb37d
Event: 0.765 Thread 0x00007f9a6c00a000 Implicit null exception at 0x00007f9a5c47308c to 0x00007f9a5c475a15
Event: 1.063 Thread 0x00007f9a6c188000 Implicit null exception at 0x00007f9a5c49a577 to 0x00007f9a5c49cfc5
Event: 1.529 Thread 0x00007f9a6c00a000 Exception <a 'java/lang/ArrayIndexOutOfBoundsException': 18> (0x000000076e4c3020) thrown at [/ssd/Android/AOSP-openjdk/external/jetbrains/jdk/hotspot/src/share/vm/interpreter/interpreterRuntime.cpp, line 366]
Event: 1.529 Thread 0x00007f9a6c00a000 Exception <a 'java/lang/ArrayIndexOutOfBoundsException': 145> (0x000000076e4c4de8) thrown at [/ssd/Android/AOSP-openjdk/external/jetbrains/jdk/hotspot/src/share/vm/interpreter/interpreterRuntime.cpp, line 366]
Event: 1.540 Thread 0x00007f9a6c00a000 Exception <a 'java/lang/ArrayIndexOutOfBoundsException'> (0x000000076e4c60d0) thrown at [/ssd/Android/AOSP-openjdk/external/jetbrains/jdk/hotspot/src/share/vm/runtime/sharedRuntime.cpp, line 605]
Event: 11.903 Thread 0x00007f9a6c185000 Implicit null exception at 0x00007f9a5cb96ff3 to 0x00007f9a5cb99251

Events (10 events):
Event: 13.911 Thread 0x00007f9a6c188000 DEOPT UNPACKING pc=0x00007f9a5c1aa373 sp=0x00007f9a5382bce8 mode 0
Event: 13.920 Thread 0x00007f9a6c189800 DEOPT PACKING pc=0x00007f9a5c4a9199 sp=0x00007f9a5372b180
Event: 13.920 Thread 0x00007f9a6c189800 DEOPT UNPACKING pc=0x00007f9a5c1aa373 sp=0x00007f9a5372af10 mode 0
Event: 13.928 Thread 0x00007f9a6c18b000 DEOPT PACKING pc=0x00007f9a5c4e7ca4 sp=0x00007f9a53629f60
Event: 13.928 Thread 0x00007f9a6c18b000 DEOPT UNPACKING pc=0x00007f9a5c1aa373 sp=0x00007f9a53629ce8 mode 0
Event: 13.941 Thread 0x00007f9a6c18b000 DEOPT PACKING pc=0x00007f9a5c4e7ca4 sp=0x00007f9a53629f60
Event: 13.941 Thread 0x00007f9a6c18b000 DEOPT UNPACKING pc=0x00007f9a5c1aa373 sp=0x00007f9a53629ce8 mode 0
Event: 13.944 Thread 0x00007f9a6c189800 DEOPT PACKING pc=0x00007f9a5c6edbe5 sp=0x00007f9a5372b1d0
Event: 13.944 Thread 0x00007f9a6c189800 DEOPT UNPACKING pc=0x00007f9a5c1aa373 sp=0x00007f9a5372af80 mode 0
Event: 13.945 Executing VM operation: ParallelGCFailedAllocation


Dynamic libraries:
00400000-00401000 r-xp 00000000 08:05 929732                             /opt/android-studio/jre/bin/java
00600000-00601000 r--p 00000000 08:05 929732                             /opt/android-studio/jre/bin/java
00601000-00602000 rw-p 00001000 08:05 929732                             /opt/android-studio/jre/bin/java
0173f000-01760000 rw-p 00000000 00:00 0                                  [heap]
6c0000000-6dda80000 rw-p 00000000 00:00 0 
6dda80000-76ab00000 ---p 00000000 00:00 0 
76ab00000-7a2480000 rw-p 00000000 00:00 0 
7ade00000-7c0000000 ---p 00000000 00:00 0 
7c0000000-7c00a0000 rw-p 00000000 00:00 0 
7c00a0000-800000000 ---p 00000000 00:00 0 
7f99fc000000-7f99fc050000 rw-p 00000000 00:00 0 
7f99fc050000-7f9a00000000 ---p 00000000 00:00 0 
7f9a04000000-7f9a04021000 rw-p 00000000 00:00 0 
7f9a04021000-7f9a08000000 ---p 00000000 00:00 0 
7f9a08000000-7f9a08063000 rw-p 00000000 00:00 0 
7f9a08063000-7f9a0c000000 ---p 00000000 00:00 0 
7f9a0c000000-7f9a0c021000 rw-p 00000000 00:00 0 
7f9a0c021000-7f9a10000000 ---p 00000000 00:00 0 
7f9a10000000-7f9a10021000 rw-p 00000000 00:00 0 
7f9a10021000-7f9a14000000 ---p 00000000 00:00 0 
7f9a14000000-7f9a14021000 rw-p 00000000 00:00 0 
7f9a14021000-7f9a18000000 ---p 00000000 00:00 0 
7f9a18000000-7f9a18021000 rw-p 00000000 00:00 0 
7f9a18021000-7f9a1c000000 ---p 00000000 00:00 0 
7f9a1c000000-7f9a1d3eb000 rw-p 00000000 00:00 0 
7f9a1d3eb000-7f9a20000000 ---p 00000000 00:00 0 
7f9a20000000-7f9a20883000 rw-p 00000000 00:00 0 
7f9a20883000-7f9a24000000 ---p 00000000 00:00 0 
7f9a24000000-7f9a24021000 rw-p 00000000 00:00 0 
7f9a24021000-7f9a28000000 ---p 00000000 00:00 0 
7f9a28000000-7f9a2962f000 rw-p 00000000 00:00 0 
7f9a2962f000-7f9a2c000000 ---p 00000000 00:00 0 
7f9a2c000000-7f9a2c021000 rw-p 00000000 00:00 0 
7f9a2c021000-7f9a30000000 ---p 00000000 00:00 0 
7f9a30000000-7f9a30021000 rw-p 00000000 00:00 0 
7f9a30021000-7f9a34000000 ---p 00000000 00:00 0 
7f9a34000000-7f9a3c000000 rw-p 00000000 00:00 0 
7f9a3c000000-7f9a3c021000 rw-p 00000000 00:00 0 
7f9a3c021000-7f9a40000000 ---p 00000000 00:00 0 
7f9a40000000-7f9a40282000 rw-p 00000000 00:00 0 
7f9a40282000-7f9a44000000 ---p 00000000 00:00 0 
7f9a44000000-7f9a44021000 rw-p 00000000 00:00 0 
7f9a44021000-7f9a48000000 ---p 00000000 00:00 0 
7f9a4c000000-7f9a4c021000 rw-p 00000000 00:00 0 
7f9a4c021000-7f9a50000000 ---p 00000000 00:00 0 
7f9a5352b000-7f9a5352e000 ---p 00000000 00:00 0 
7f9a5352e000-7f9a5362c000 rw-p 00000000 00:00 0 
7f9a5362c000-7f9a5362f000 ---p 00000000 00:00 0 
7f9a5362f000-7f9a5372d000 rw-p 00000000 00:00 0 
7f9a5372d000-7f9a53730000 ---p 00000000 00:00 0 
7f9a53730000-7f9a5382e000 rw-p 00000000 00:00 0 
7f9a5382e000-7f9a53831000 ---p 00000000 00:00 0 
7f9a53831000-7f9a5392f000 rw-p 00000000 00:00 0 
7f9a5392f000-7f9a53932000 ---p 00000000 00:00 0 
7f9a53932000-7f9a53a30000 rw-p 00000000 00:00 0 
7f9a53a30000-7f9a53afb000 r--s 0096c000 08:06 408882                     /home/lester/CONVERSA/Conversa-Android/app/build/intermediates/transforms/jarMerging/debug/jars/1/1f/combined.jar
7f9a53afb000-7f9a53afc000 ---p 00000000 00:00 0 
7f9a53afc000-7f9a53bfc000 rw-p 00000000 00:00 0 
7f9a53bfc000-7f9a53bff000 ---p 00000000 00:00 0 
7f9a53bff000-7f9a53cfd000 rw-p 00000000 00:00 0 
7f9a53cfd000-7f9a53d00000 ---p 00000000 00:00 0 
7f9a53d00000-7f9a53dfe000 rw-p 00000000 00:00 0 
7f9a53dfe000-7f9a53e01000 ---p 00000000 00:00 0 
7f9a53e01000-7f9a53eff000 rw-p 00000000 00:00 0 
7f9a53eff000-7f9a53f02000 ---p 00000000 00:00 0 
7f9a53f02000-7f9a54000000 rw-p 00000000 00:00 0 
7f9a54000000-7f9a54021000 rw-p 00000000 00:00 0 
7f9a54021000-7f9a58000000 ---p 00000000 00:00 0 
7f9a5808b000-7f9a580b0000 r--p 00000000 08:05 144167                     /usr/share/locale-langpack/es/LC_MESSAGES/libc.mo
7f9a580b0000-7f9a580b3000 ---p 00000000 00:00 0 
7f9a580b3000-7f9a581b1000 rw-p 00000000 00:00 0 
7f9a581b1000-7f9a586fe000 r--p 00000000 08:05 1051794                    /usr/lib/locale/locale-archive
7f9a586fe000-7f9a58701000 ---p 00000000 00:00 0 
7f9a58701000-7f9a587ff000 rw-p 00000000 00:00 0 
7f9a587ff000-7f9a58802000 ---p 00000000 00:00 0 
7f9a58802000-7f9a58900000 rw-p 00000000 00:00 0 
7f9a58900000-7f9a58901000 ---p 00000000 00:00 0 
7f9a58901000-7f9a59a03000 rw-p 00000000 00:00 0 
7f9a59a03000-7f9a59bd2000 r--s 03c1b000 08:05 929783                     /opt/android-studio/jre/jre/lib/rt.jar
7f9a59bd2000-7f9a5a308000 rw-p 00000000 00:00 0 
7f9a5a308000-7f9a5a448000 ---p 00000000 00:00 0 
7f9a5a448000-7f9a5ac48000 rw-p 00000000 00:00 0 
7f9a5ac48000-7f9a5ac49000 ---p 00000000 00:00 0 
7f9a5ac49000-7f9a5ad49000 rw-p 00000000 00:00 0 
7f9a5ad49000-7f9a5ad4a000 ---p 00000000 00:00 0 
7f9a5ad4a000-7f9a5ae4a000 rw-p 00000000 00:00 0 
7f9a5ae4a000-7f9a5ae4b000 ---p 00000000 00:00 0 
7f9a5ae4b000-7f9a5af4b000 rw-p 00000000 00:00 0 
7f9a5af4b000-7f9a5af4c000 ---p 00000000 00:00 0 
7f9a5af4c000-7f9a5b13a000 rw-p 00000000 00:00 0 
7f9a5b13a000-7f9a5b5a2000 ---p 00000000 00:00 0 
7f9a5b5a2000-7f9a5b690000 rw-p 00000000 00:00 0 
7f9a5b690000-7f9a5baf7000 ---p 00000000 00:00 0 
7f9a5baf7000-7f9a5bcb5000 rw-p 00000000 00:00 0 
7f9a5bcb5000-7f9a5bda2000 ---p 00000000 00:00 0 
7f9a5bda2000-7f9a5bdd7000 rw-p 00000000 00:00 0 
7f9a5bdd7000-7f9a5c163000 ---p 00000000 00:00 0 
7f9a5c163000-7f9a5ce33000 rwxp 00000000 00:00 0 
7f9a5ce33000-7f9a6b163000 ---p 00000000 00:00 0 
7f9a6b163000-7f9a6b17d000 r-xp 00000000 08:05 929798                     /opt/android-studio/jre/jre/lib/amd64/libzip.so
7f9a6b17d000-7f9a6b37d000 ---p 0001a000 08:05 929798                     /opt/android-studio/jre/jre/lib/amd64/libzip.so
7f9a6b37d000-7f9a6b37e000 r--p 0001a000 08:05 929798                     /opt/android-studio/jre/jre/lib/amd64/libzip.so
7f9a6b37e000-7f9a6b37f000 rw-p 0001b000 08:05 929798                     /opt/android-studio/jre/jre/lib/amd64/libzip.so
7f9a6b37f000-7f9a6b38a000 r-xp 00000000 08:05 657657                     /lib/x86_64-linux-gnu/libnss_files-2.23.so
7f9a6b38a000-7f9a6b589000 ---p 0000b000 08:05 657657                     /lib/x86_64-linux-gnu/libnss_files-2.23.so
7f9a6b589000-7f9a6b58a000 r--p 0000a000 08:05 657657                     /lib/x86_64-linux-gnu/libnss_files-2.23.so
7f9a6b58a000-7f9a6b58b000 rw-p 0000b000 08:05 657657                     /lib/x86_64-linux-gnu/libnss_files-2.23.so
7f9a6b58b000-7f9a6b591000 rw-p 00000000 00:00 0 
7f9a6b591000-7f9a6b59c000 r-xp 00000000 08:05 657660                     /lib/x86_64-linux-gnu/libnss_nis-2.23.so
7f9a6b59c000-7f9a6b79b000 ---p 0000b000 08:05 657660                     /lib/x86_64-linux-gnu/libnss_nis-2.23.so
7f9a6b79b000-7f9a6b79c000 r--p 0000a000 08:05 657660                     /lib/x86_64-linux-gnu/libnss_nis-2.23.so
7f9a6b79c000-7f9a6b79d000 rw-p 0000b000 08:05 657660                     /lib/x86_64-linux-gnu/libnss_nis-2.23.so
7f9a6b79d000-7f9a6b7b3000 r-xp 00000000 08:05 657653                     /lib/x86_64-linux-gnu/libnsl-2.23.so
7f9a6b7b3000-7f9a6b9b2000 ---p 00016000 08:05 657653                     /lib/x86_64-linux-gnu/libnsl-2.23.so
7f9a6b9b2000-7f9a6b9b3000 r--p 00015000 08:05 657653                     /lib/x86_64-linux-gnu/libnsl-2.23.so
7f9a6b9b3000-7f9a6b9b4000 rw-p 00016000 08:05 657653                     /lib/x86_64-linux-gnu/libnsl-2.23.so
7f9a6b9b4000-7f9a6b9b6000 rw-p 00000000 00:00 0 
7f9a6b9b6000-7f9a6b9be000 r-xp 00000000 08:05 657666                     /lib/x86_64-linux-gnu/libnss_compat-2.23.so
7f9a6b9be000-7f9a6bbbd000 ---p 00008000 08:05 657666                     /lib/x86_64-linux-gnu/libnss_compat-2.23.so
7f9a6bbbd000-7f9a6bbbe000 r--p 00007000 08:05 657666                     /lib/x86_64-linux-gnu/libnss_compat-2.23.so
7f9a6bbbe000-7f9a6bbbf000 rw-p 00008000 08:05 657666                     /lib/x86_64-linux-gnu/libnss_compat-2.23.so
7f9a6bbbf000-7f9a6bbec000 r-xp 00000000 08:05 929815                     /opt/android-studio/jre/jre/lib/amd64/libjava.so
7f9a6bbec000-7f9a6bdeb000 ---p 0002d000 08:05 929815                     /opt/android-studio/jre/jre/lib/amd64/libjava.so
7f9a6bdeb000-7f9a6bdec000 r--p 0002c000 08:05 929815                     /opt/android-studio/jre/jre/lib/amd64/libjava.so
7f9a6bdec000-7f9a6bdee000 rw-p 0002d000 08:05 929815                     /opt/android-studio/jre/jre/lib/amd64/libjava.so
7f9a6bdee000-7f9a6bdfe000 r-xp 00000000 08:05 929788                     /opt/android-studio/jre/jre/lib/amd64/libverify.so
7f9a6bdfe000-7f9a6bffd000 ---p 00010000 08:05 929788                     /opt/android-studio/jre/jre/lib/amd64/libverify.so
7f9a6bffd000-7f9a6bfff000 r--p 0000f000 08:05 929788                     /opt/android-studio/jre/jre/lib/amd64/libverify.so
7f9a6bfff000-7f9a6c000000 rw-p 00011000 08:05 929788                     /opt/android-studio/jre/jre/lib/amd64/libverify.so
7f9a6c000000-7f9a6c3a5000 rw-p 00000000 00:00 0 
7f9a6c3a5000-7f9a70000000 ---p 00000000 00:00 0 
7f9a70002000-7f9a70009000 r-xp 00000000 08:05 657662                     /lib/x86_64-linux-gnu/librt-2.23.so
7f9a70009000-7f9a70208000 ---p 00007000 08:05 657662                     /lib/x86_64-linux-gnu/librt-2.23.so
7f9a70208000-7f9a70209000 r--p 00006000 08:05 657662                     /lib/x86_64-linux-gnu/librt-2.23.so
7f9a70209000-7f9a7020a000 rw-p 00007000 08:05 657662                     /lib/x86_64-linux-gnu/librt-2.23.so
7f9a7020a000-7f9a70312000 r-xp 00000000 08:05 657671                     /lib/x86_64-linux-gnu/libm-2.23.so
7f9a70312000-7f9a70511000 ---p 00108000 08:05 657671                     /lib/x86_64-linux-gnu/libm-2.23.so
7f9a70511000-7f9a70512000 r--p 00107000 08:05 657671                     /lib/x86_64-linux-gnu/libm-2.23.so
7f9a70512000-7f9a70513000 rw-p 00108000 08:05 657671                     /lib/x86_64-linux-gnu/libm-2.23.so
7f9a70513000-7f9a71104000 r-xp 00000000 08:05 929796                     /opt/android-studio/jre/jre/lib/amd64/server/libjvm.so
7f9a71104000-7f9a71304000 ---p 00bf1000 08:05 929796                     /opt/android-studio/jre/jre/lib/amd64/server/libjvm.so
7f9a71304000-7f9a713a3000 r--p 00bf1000 08:05 929796                     /opt/android-studio/jre/jre/lib/amd64/server/libjvm.so
7f9a713a3000-7f9a713cc000 rw-p 00c90000 08:05 929796                     /opt/android-studio/jre/jre/lib/amd64/server/libjvm.so
7f9a713cc000-7f9a71410000 rw-p 00000000 00:00 0 
7f9a71410000-7f9a71428000 r-xp 00000000 08:05 657659                     /lib/x86_64-linux-gnu/libpthread-2.23.so
7f9a71428000-7f9a71627000 ---p 00018000 08:05 657659                     /lib/x86_64-linux-gnu/libpthread-2.23.so
7f9a71627000-7f9a71628000 r--p 00017000 08:05 657659                     /lib/x86_64-linux-gnu/libpthread-2.23.so
7f9a71628000-7f9a71629000 rw-p 00018000 08:05 657659                     /lib/x86_64-linux-gnu/libpthread-2.23.so
7f9a71629000-7f9a7162d000 rw-p 00000000 00:00 0 
7f9a7162d000-7f9a71630000 r-xp 00000000 08:05 657665                     /lib/x86_64-linux-gnu/libdl-2.23.so
7f9a71630000-7f9a7182f000 ---p 00003000 08:05 657665                     /lib/x86_64-linux-gnu/libdl-2.23.so
7f9a7182f000-7f9a71830000 r--p 00002000 08:05 657665                     /lib/x86_64-linux-gnu/libdl-2.23.so
7f9a71830000-7f9a71831000 rw-p 00003000 08:05 657665                     /lib/x86_64-linux-gnu/libdl-2.23.so
7f9a71831000-7f9a719f1000 r-xp 00000000 08:05 657676                     /lib/x86_64-linux-gnu/libc-2.23.so
7f9a719f1000-7f9a71bf1000 ---p 001c0000 08:05 657676                     /lib/x86_64-linux-gnu/libc-2.23.so
7f9a71bf1000-7f9a71bf5000 r--p 001c0000 08:05 657676                     /lib/x86_64-linux-gnu/libc-2.23.so
7f9a71bf5000-7f9a71bf7000 rw-p 001c4000 08:05 657676                     /lib/x86_64-linux-gnu/libc-2.23.so
7f9a71bf7000-7f9a71bfb000 rw-p 00000000 00:00 0 
7f9a71bfb000-7f9a71c11000 r-xp 00000000 08:05 929747                     /opt/android-studio/jre/lib/amd64/jli/libjli.so
7f9a71c11000-7f9a71e10000 ---p 00016000 08:05 929747                     /opt/android-studio/jre/lib/amd64/jli/libjli.so
7f9a71e10000-7f9a71e11000 r--p 00015000 08:05 929747                     /opt/android-studio/jre/lib/amd64/jli/libjli.so
7f9a71e11000-7f9a71e12000 rw-p 00016000 08:05 929747                     /opt/android-studio/jre/lib/amd64/jli/libjli.so
7f9a71e12000-7f9a71e38000 r-xp 00000000 08:05 657654                     /lib/x86_64-linux-gnu/ld-2.23.so
7f9a71e3a000-7f9a71e41000 r--s 00000000 08:05 8623                       /usr/lib/x86_64-linux-gnu/gconv/gconv-modules.cache
7f9a71e41000-7f9a71f14000 rw-p 00000000 00:00 0 
7f9a71f14000-7f9a71f17000 ---p 00000000 00:00 0 
7f9a71f17000-7f9a72019000 rw-p 00000000 00:00 0 
7f9a7201d000-7f9a7202b000 r--s 000e0000 08:05 582483                     /root/Android/Sdk/build-tools/25.0.2/lib/dx.jar
7f9a7202b000-7f9a72033000 rw-s 00000000 08:05 1466486                    /tmp/hsperfdata_root/9082
7f9a72033000-7f9a72034000 rw-p 00000000 00:00 0 
7f9a72034000-7f9a72035000 ---p 00000000 00:00 0 
7f9a72035000-7f9a72037000 rw-p 00000000 00:00 0 
7f9a72037000-7f9a72038000 r--p 00025000 08:05 657654                     /lib/x86_64-linux-gnu/ld-2.23.so
7f9a72038000-7f9a72039000 rw-p 00026000 08:05 657654                     /lib/x86_64-linux-gnu/ld-2.23.so
7f9a72039000-7f9a7203a000 rw-p 00000000 00:00 0 
7ffef9d2e000-7ffef9d4f000 rw-p 00000000 00:00 0                          [stack]
7ffef9dea000-7ffef9dec000 r--p 00000000 00:00 0                          [vvar]
7ffef9dec000-7ffef9dee000 r-xp 00000000 00:00 0                          [vdso]
ffffffffff600000-ffffffffff601000 r-xp 00000000 00:00 0                  [vsyscall]

VM Arguments:
jvm_args: -Djava.awt.headless=true -Xmx4g -Dfile.encoding=UTF-8 -Duser.country=GT -Duser.language=es -Duser.variant 
java_command: com.android.dx.command.Main --dex --num-threads=4 --multi-dex --main-dex-list /home/lester/CONVERSA/Conversa-Android/app/build/intermediates/multi-dex/debug/maindexlist.txt --output /home/lester/CONVERSA/Conversa-Android/app/build/intermediates/transforms/dex/debug/folders/1000/1f/main /home/lester/CONVERSA/Conversa-Android/app/build/intermediates/transforms/jarMerging/debug/jars/1/1f/combined.jar
java_class_path (initial): /root/Android/Sdk/build-tools/25.0.2/lib/dx.jar
Launcher Type: SUN_STANDARD

Environment Variables:
PATH=/usr/local/sbin:/usr/local/bin:/usr/sbin:/usr/bin:/sbin:/bin:/snap/bin
USERNAME=root
LD_LIBRARY_PATH=/opt/android-studio/bin:
SHELL=/bin/bash
DISPLAY=:0

Signal Handlers:
SIGSEGV: [libjvm.so+0x9e5150], sa_mask[0]=11111111011111111101111111111110, sa_flags=SA_RESTART|SA_SIGINFO
SIGBUS: [libjvm.so+0x9e5150], sa_mask[0]=11111111011111111101111111111110, sa_flags=SA_RESTART|SA_SIGINFO
SIGFPE: [libjvm.so+0x848450], sa_mask[0]=11111111011111111101111111111110, sa_flags=SA_RESTART|SA_SIGINFO
SIGPIPE: [libjvm.so+0x848450], sa_mask[0]=11111111011111111101111111111110, sa_flags=SA_RESTART|SA_SIGINFO
SIGXFSZ: [libjvm.so+0x848450], sa_mask[0]=11111111011111111101111111111110, sa_flags=SA_RESTART|SA_SIGINFO
SIGILL: [libjvm.so+0x848450], sa_mask[0]=11111111011111111101111111111110, sa_flags=SA_RESTART|SA_SIGINFO
SIGUSR1: SIG_DFL, sa_mask[0]=00000000000000000000000000000000, sa_flags=none
SIGUSR2: [libjvm.so+0x848320], sa_mask[0]=00100000000000000000000000000000, sa_flags=SA_RESTART|SA_SIGINFO
SIGHUP: [libjvm.so+0x848510], sa_mask[0]=11111111011111111101111111111110, sa_flags=SA_RESTART|SA_SIGINFO
SIGINT: [libjvm.so+0x848510], sa_mask[0]=11111111011111111101111111111110, sa_flags=SA_RESTART|SA_SIGINFO
SIGTERM: [libjvm.so+0x848510], sa_mask[0]=11111111011111111101111111111110, sa_flags=SA_RESTART|SA_SIGINFO
SIGQUIT: [libjvm.so+0x848510], sa_mask[0]=11111111011111111101111111111110, sa_flags=SA_RESTART|SA_SIGINFO


---------------  S Y S T E M  ---------------

OS:DISTRIB_ID=Ubuntu
DISTRIB_RELEASE=16.04
DISTRIB_CODENAME=xenial
DISTRIB_DESCRIPTION="Ubuntu 16.04.3 LTS"

uname:Linux 4.4.0-92-generic #115-Ubuntu SMP Thu Aug 10 09:04:33 UTC 2017 x86_64
libc:glibc 2.23 NPTL 2.23 
rlimit: STACK 8192k, CORE 0k, NPROC 31122, NOFILE 1048576, AS infinity
load average:3.04 2.74 1.85

/proc/meminfo:
MemTotal:        8075520 kB
MemFree:          129480 kB
MemAvailable:      69528 kB
Buffers:            2988 kB
Cached:           662704 kB
SwapCached:            0 kB
Active:          6473720 kB
Inactive:         578696 kB
Active(anon):    6427792 kB
Inactive(anon):   530328 kB
Active(file):      45928 kB
Inactive(file):    48368 kB
Unevictable:          32 kB
Mlocked:              32 kB
SwapTotal:             0 kB
SwapFree:              0 kB
Dirty:              2316 kB
Writeback:             0 kB
AnonPages:       6387068 kB
Mapped:           886596 kB
Shmem:            571084 kB
Slab:             109384 kB
SReclaimable:      63820 kB
SUnreclaim:        45564 kB
KernelStack:       13072 kB
PageTables:        50032 kB
NFS_Unstable:          0 kB
Bounce:                0 kB
WritebackTmp:          0 kB
CommitLimit:     4037760 kB
Committed_AS:   12314968 kB
VmallocTotal:   34359738367 kB
VmallocUsed:           0 kB
VmallocChunk:          0 kB
HardwareCorrupted:     0 kB
AnonHugePages:   3796992 kB
CmaTotal:              0 kB
CmaFree:               0 kB
HugePages_Total:       0
HugePages_Free:        0
HugePages_Rsvd:        0
HugePages_Surp:        0
Hugepagesize:       2048 kB
DirectMap4k:      267052 kB
DirectMap2M:     6973440 kB
DirectMap1G:     2097152 kB


CPU:total 4 (2 cores per cpu, 2 threads per core) family 6 model 61 stepping 4, cmov, cx8, fxsr, mmx, sse, sse2, sse3, ssse3, sse4.1, sse4.2, popcnt, avx, avx2, aes, clmul, erms, 3dnowpref, lzcnt, ht, tsc, tscinvbit, bmi1, bmi2, adx

/proc/cpuinfo:
processor	: 0
vendor_id	: GenuineIntel
cpu family	: 6
model		: 61
model name	: Intel(R) Core(TM) i7-5500U CPU @ 2.40GHz
stepping	: 4
microcode	: 0x18
cpu MHz		: 2382.750
cache size	: 4096 KB
physical id	: 0
siblings	: 4
core id		: 0
cpu cores	: 2
apicid		: 0
initial apicid	: 0
fpu		: yes
fpu_exception	: yes
cpuid level	: 20
wp		: yes
flags		: fpu vme de pse tsc msr pae mce cx8 apic sep mtrr pge mca cmov pat pse36 clflush dts acpi mmx fxsr sse sse2 ss ht tm pbe syscall nx pdpe1gb rdtscp lm constant_tsc arch_perfmon pebs bts rep_good nopl xtopology nonstop_tsc aperfmperf eagerfpu pni pclmulqdq dtes64 monitor ds_cpl vmx est tm2 ssse3 sdbg fma cx16 xtpr pdcm pcid sse4_1 sse4_2 x2apic movbe popcnt tsc_deadline_timer aes xsave avx f16c rdrand lahf_lm abm 3dnowprefetch epb intel_pt tpr_shadow vnmi flexpriority ept vpid fsgsbase tsc_adjust bmi1 avx2 smep bmi2 erms invpcid rdseed adx smap xsaveopt dtherm ida arat pln pts
bugs		:
bogomips	: 4789.04
clflush size	: 64
cache_alignment	: 64
address sizes	: 39 bits physical, 48 bits virtual
power management:

processor	: 1
vendor_id	: GenuineIntel
cpu family	: 6
model		: 61
model name	: Intel(R) Core(TM) i7-5500U CPU @ 2.40GHz
stepping	: 4
microcode	: 0x18
cpu MHz		: 2362.031
cache size	: 4096 KB
physical id	: 0
siblings	: 4
core id		: 1
cpu cores	: 2
apicid		: 2
initial apicid	: 2
fpu		: yes
fpu_exception	: yes
cpuid level	: 20
wp		: yes
flags		: fpu vme de pse tsc msr pae mce cx8 apic sep mtrr pge mca cmov pat pse36 clflush dts acpi mmx fxsr sse sse2 ss ht tm pbe syscall nx pdpe1gb rdtscp lm constant_tsc arch_perfmon pebs bts rep_good nopl xtopology nonstop_tsc aperfmperf eagerfpu pni pclmulqdq dtes64 monitor ds_cpl vmx est tm2 ssse3 sdbg fma cx16 xtpr pdcm pcid sse4_1 sse4_2 x2apic movbe popcnt tsc_deadline_timer aes xsave avx f16c rdrand lahf_lm abm 3dnowprefetch epb intel_pt tpr_shadow vnmi flexpriority ept vpid fsgsbase tsc_adjust bmi1 avx2 smep bmi2 erms invpcid rdseed adx smap xsaveopt dtherm ida arat pln pts
bugs		:
bogomips	: 4789.04
clflush size	: 64
cache_alignment	: 64
address sizes	: 39 bits physical, 48 bits virtual
power management:

processor	: 2
vendor_id	: GenuineIntel
cpu family	: 6
model		: 61
model name	: Intel(R) Core(TM) i7-5500U CPU @ 2.40GHz
stepping	: 4
microcode	: 0x18
cpu MHz		: 2400.281
cache size	: 4096 KB
physical id	: 0
siblings	: 4
core id		: 0
cpu cores	: 2
apicid		: 1
initial apicid	: 1
fpu		: yes
fpu_exception	: yes
cpuid level	: 20
wp		: yes
flags		: fpu vme de pse tsc msr pae mce cx8 apic sep mtrr pge mca cmov pat pse36 clflush dts acpi mmx fxsr sse sse2 ss ht tm pbe syscall nx pdpe1gb rdtscp lm constant_tsc arch_perfmon pebs bts rep_good nopl xtopology nonstop_tsc aperfmperf eagerfpu pni pclmulqdq dtes64 monitor ds_cpl vmx est tm2 ssse3 sdbg fma cx16 xtpr pdcm pcid sse4_1 sse4_2 x2apic movbe popcnt tsc_deadline_timer aes xsave avx f16c rdrand lahf_lm abm 3dnowprefetch epb intel_pt tpr_shadow vnmi flexpriority ept vpid fsgsbase tsc_adjust bmi1 avx2 smep bmi2 erms invpcid rdseed adx smap xsaveopt dtherm ida arat pln pts
bugs		:
bogomips	: 4789.04
clflush size	: 64
cache_alignment	: 64
address sizes	: 39 bits physical, 48 bits virtual
power management:

processor	: 3
vendor_id	: GenuineIntel
cpu family	: 6
model		: 61
model name	: Intel(R) Core(TM) i7-5500U CPU @ 2.40GHz
stepping	: 4
microcode	: 0x18
cpu MHz		: 2400.000
cache size	: 4096 KB
physical id	: 0
siblings	: 4
core id		: 1
cpu cores	: 2
apicid		: 3
initial apicid	: 3
fpu		: yes
fpu_exception	: yes
cpuid level	: 20
wp		: yes
flags		: fpu vme de pse tsc msr pae mce cx8 apic sep mtrr pge mca cmov pat pse36 clflush dts acpi mmx fxsr sse sse2 ss ht tm pbe syscall nx pdpe1gb rdtscp lm constant_tsc arch_perfmon pebs bts rep_good nopl xtopology nonstop_tsc aperfmperf eagerfpu pni pclmulqdq dtes64 monitor ds_cpl vmx est tm2 ssse3 sdbg fma cx16 xtpr pdcm pcid sse4_1 sse4_2 x2apic movbe popcnt tsc_deadline_timer aes xsave avx f16c rdrand lahf_lm abm 3dnowprefetch epb intel_pt tpr_shadow vnmi flexpriority ept vpid fsgsbase tsc_adjust bmi1 avx2 smep bmi2 erms invpcid rdseed adx smap xsaveopt dtherm ida arat pln pts
bugs		:
bogomips	: 4789.04
clflush size	: 64
cache_alignment	: 64
address sizes	: 39 bits physical, 48 bits virtual
power management:



Memory: 4k page, physical 8075520k(129480k free), swap 0k(0k free)

vm_info: OpenJDK 64-Bit Server VM (25.112-b06) for linux-amd64 JRE (1.8.0_112-release-b06), built on Dec  6 2016 12:11:18 by "builder" with gcc 4.8.4

time: Thu Sep  7 20:03:58 2017
elapsed time: 17 seconds (0d 0h 0m 17s)

