#
# There is insufficient memory for the Java Runtime Environment to continue.
# Native memory allocation (mmap) failed to map 184025088 bytes for committing reserved memory.
# Possible reasons:
#   The system is out of physical RAM or swap space
#   In 32 bit mode, the process size limit was hit
# Possible solutions:
#   Reduce memory load on the system
#   Increase physical memory or swap space
#   Check if swap backing store is full
#   Use 64 bit Java on a 64 bit OS
#   Decrease Java heap size (-Xmx/-Xms)
#   Decrease number of Java threads
#   Decrease Java thread stack sizes (-Xss)
#   Set larger code cache with -XX:ReservedCodeCacheSize=
# This output file may be truncated or incomplete.
#
#  Out of Memory Error (os_linux.cpp:2627), pid=8099, tid=0x00007fe13ffff700
#
# JRE version: OpenJDK Runtime Environment (8.0_112-b06) (build 1.8.0_112-release-b06)
# Java VM: OpenJDK 64-Bit Server VM (25.112-b06 mixed mode linux-amd64 compressed oops)
# Failed to write core dump. Core dumps have been disabled. To enable core dumping, try "ulimit -c unlimited" before starting Java again
#

---------------  T H R E A D  ---------------

Current thread (0x00007fe15c077800):  VMThread [stack: 0x00007fe13feff000,0x00007fe140000000] [id=8109]

Stack: [0x00007fe13feff000,0x00007fe140000000],  sp=0x00007fe13fffe4d0,  free space=1021k
Native frames: (J=compiled Java code, j=interpreted, Vv=VM code, C=native code)
V  [libjvm.so+0x9e465d]  VMError::report_and_die()+0x15d
V  [libjvm.so+0x4b6ada]  report_vm_out_of_memory(char const*, int, unsigned long, VMErrorType, char const*)+0x8a
V  [libjvm.so+0x84c860]  os::pd_commit_memory(char*, unsigned long, unsigned long, bool)+0xf0
V  [libjvm.so+0x84737f]  os::commit_memory(char*, unsigned long, unsigned long, bool)+0x1f
V  [libjvm.so+0x8bd3db]  PSVirtualSpace::expand_by(unsigned long)+0x5b
V  [libjvm.so+0x8ae1bb]  PSOldGen::expand_by(unsigned long) [clone .part.109]+0x1b
V  [libjvm.so+0x8ae37b]  PSOldGen::expand(unsigned long) [clone .part.111]+0xdb
V  [libjvm.so+0x8aec58]  PSOldGen::resize(unsigned long)+0x188
V  [libjvm.so+0x8b426c]  PSParallelCompact::invoke_no_policy(bool)+0x97c
V  [libjvm.so+0x8bb37d]  PSScavenge::invoke()+0x17d
V  [libjvm.so+0x86fcf3]  ParallelScavengeHeap::failed_mem_allocate(unsigned long)+0x63
V  [libjvm.so+0x9e6124]  VM_ParallelGCFailedAllocation::doit()+0x84
V  [libjvm.so+0x9ea537]  VM_Operation::evaluate()+0x47
V  [libjvm.so+0x9e8ff8]  VMThread::evaluate_operation(VM_Operation*)+0x2c8
V  [libjvm.so+0x9e9479]  VMThread::loop()+0x219
V  [libjvm.so+0x9e98c2]  VMThread::run()+0x72
V  [libjvm.so+0x849c82]  java_start(Thread*)+0xf2

VM_Operation (0x00007fe13edd9c70): ParallelGCFailedAllocation, mode: safepoint, requested by thread 0x00007fe15c1a1800


---------------  P R O C E S S  ---------------

Java Threads: ( => current thread )
  0x00007fe15c1a3800 JavaThread "pool-2-thread-4" [_thread_blocked, id=8122, stack(0x00007fe13ebda000,0x00007fe13ecdb000)]
  0x00007fe15c1a1800 JavaThread "pool-2-thread-3" [_thread_blocked, id=8121, stack(0x00007fe13ecdb000,0x00007fe13eddc000)]
  0x00007fe15c1a0000 JavaThread "pool-2-thread-2" [_thread_blocked, id=8120, stack(0x00007fe13eddc000,0x00007fe13eedd000)]
  0x00007fe15c19e000 JavaThread "pool-3-thread-1" [_thread_blocked, id=8119, stack(0x00007fe13eedd000,0x00007fe13efde000)]
  0x00007fe15c19d000 JavaThread "pool-2-thread-1" [_thread_blocked, id=8118, stack(0x00007fe13efde000,0x00007fe13f0df000)]
  0x00007fe15c0bf800 JavaThread "Service Thread" daemon [_thread_blocked, id=8116, stack(0x00007fe13f2ab000,0x00007fe13f3ac000)]
  0x00007fe15c0bc800 JavaThread "C1 CompilerThread2" daemon [_thread_blocked, id=8115, stack(0x00007fe13f3ac000,0x00007fe13f4ad000)]
  0x00007fe15c0ba800 JavaThread "C2 CompilerThread1" daemon [_thread_blocked, id=8114, stack(0x00007fe13f4ad000,0x00007fe13f5ae000)]
  0x00007fe15c0b7800 JavaThread "C2 CompilerThread0" daemon [_thread_blocked, id=8113, stack(0x00007fe13f5ae000,0x00007fe13f6af000)]
  0x00007fe15c0b6800 JavaThread "Signal Dispatcher" daemon [_thread_blocked, id=8112, stack(0x00007fe13f6af000,0x00007fe13f7b0000)]
  0x00007fe15c083800 JavaThread "Finalizer" daemon [_thread_blocked, id=8111, stack(0x00007fe13fcfd000,0x00007fe13fdfe000)]
  0x00007fe15c07f000 JavaThread "Reference Handler" daemon [_thread_blocked, id=8110, stack(0x00007fe13fdfe000,0x00007fe13feff000)]
  0x00007fe15c00a000 JavaThread "main" [_thread_blocked, id=8104, stack(0x00007fe165543000,0x00007fe165644000)]

Other Threads:
=>0x00007fe15c077800 VMThread [stack: 0x00007fe13feff000,0x00007fe140000000] [id=8109]
  0x00007fe15c0c2000 WatcherThread [stack: 0x00007fe13f1aa000,0x00007fe13f2ab000] [id=8117]

VM state:at safepoint (normal execution)

VM Mutex/Monitor currently owned by a thread:  ([mutex/lock_event])
[0x00007fe15c005f00] ExpandHeap_lock - owner thread: 0x00007fe15c077800
[0x00007fe15c006580] Threads_lock - owner thread: 0x00007fe15c077800
[0x00007fe15c006a80] Heap_lock - owner thread: 0x00007fe15c1a1800

Heap:
 PSYoungGen      total 689664K, used 29799K [0x000000076ab00000, 0x00000007a4c80000, 0x00000007c0000000)
  eden space 568320K, 0% used [0x000000076ab00000,0x000000076ab00000,0x000000078d600000)
  from space 121344K, 24% used [0x000000078d600000,0x000000078f319ec0,0x0000000794c80000)
  to   space 130048K, 0% used [0x000000079cd80000,0x000000079cd80000,0x00000007a4c80000)
 ParOldGen       total 287232K, used 287006K [0x00000006c0000000, 0x00000006d1880000, 0x000000076ab00000)
  object space 287232K, 99% used [0x00000006c0000000,0x00000006d1847940,0x00000006d1880000)
 Metaspace       used 6385K, capacity 7280K, committed 7552K, reserved 1056768K
  class space    used 581K, capacity 616K, committed 640K, reserved 1048576K

Card table byte_map: [0x00007fe161bd3000,0x00007fe1623d4000] byte_map_base: 0x00007fe15e5d3000

Marking Bits: (ParMarkBitMap*) 0x00007fe164a10340
 Begin Bits: [0x00007fe130000000, 0x00007fe134000000)
 End Bits:   [0x00007fe134000000, 0x00007fe138000000)

Polling page: 0x00007fe165663000

CodeCache: size=245760Kb used=11033Kb max_used=11038Kb free=234726Kb
 bounds [0x00007fe14d000000, 0x00007fe14dae0000, 0x00007fe15c000000]
 total_blobs=2716 nmethods=2454 adapters=176
 compilation: enabled

Compilation events (10 events):
Event: 8.944 Thread 0x00007fe15c0b7800 nmethod 2526 0x00007fe14dacd7d0 code [0x00007fe14dacda40, 0x00007fe14dacf288]
Event: 8.944 Thread 0x00007fe15c0b7800 2520       4       com.android.dx.ssa.SsaMethod::getCountReachableBlocks (44 bytes)
Event: 8.950 Thread 0x00007fe15c0b7800 nmethod 2520 0x00007fe14dac0490 code [0x00007fe14dac0600, 0x00007fe14dac09f8]
Event: 8.950 Thread 0x00007fe15c0b7800 2551       4       com.android.dx.ssa.back.SsaToRop::convertBasicBlocks (151 bytes)
Event: 9.052 Thread 0x00007fe15c0bc800 2625       2       com.android.dx.rop.code.Rops::opNeg (57 bytes)
Event: 9.053 Thread 0x00007fe15c0bc800 nmethod 2625 0x00007fe14dac3310 code [0x00007fe14dac34e0, 0x00007fe14dac39b8]
Event: 9.261 Thread 0x00007fe15c0bc800 2627 %     3       com.android.dx.dex.file.ValueEncoder::addContents @ 44 (75 bytes)
Event: 9.263 Thread 0x00007fe15c0bc800 nmethod 2627% 0x00007fe14dac2150 code [0x00007fe14dac2340, 0x00007fe14dac2fb8]
Event: 9.337 Thread 0x00007fe15c0bc800 2630       2       java.util.HashMap$TreeNode::treeify (221 bytes)
Event: 9.338 Thread 0x00007fe15c0bc800 nmethod 2630 0x00007fe14dac1650 code [0x00007fe14dac1800, 0x00007fe14dac1d88]

GC Heap History (10 events):
Event: 4.345 GC heap after
Heap after GC invocations=9 (full 1):
 PSYoungGen      total 529920K, used 31422K [0x000000076ab00000, 0x0000000791300000, 0x00000007c0000000)
  eden space 479744K, 0% used [0x000000076ab00000,0x000000076ab00000,0x0000000787f80000)
  from space 50176K, 62% used [0x000000078c100000,0x000000078dfaf940,0x000000078f200000)
  to   space 67072K, 0% used [0x0000000787f80000,0x0000000787f80000,0x000000078c100000)
 ParOldGen       total 162304K, used 84758K [0x00000006c0000000, 0x00000006c9e80000, 0x000000076ab00000)
  object space 162304K, 52% used [0x00000006c0000000,0x00000006c52c58e0,0x00000006c9e80000)
 Metaspace       used 6330K, capacity 7280K, committed 7552K, reserved 1056768K
  class space    used 581K, capacity 616K, committed 640K, reserved 1048576K
}
Event: 5.431 GC heap before
{Heap before GC invocations=10 (full 1):
 PSYoungGen      total 529920K, used 511166K [0x000000076ab00000, 0x0000000791300000, 0x00000007c0000000)
  eden space 479744K, 100% used [0x000000076ab00000,0x0000000787f80000,0x0000000787f80000)
  from space 50176K, 62% used [0x000000078c100000,0x000000078dfaf940,0x000000078f200000)
  to   space 67072K, 0% used [0x0000000787f80000,0x0000000787f80000,0x000000078c100000)
 ParOldGen       total 162304K, used 84758K [0x00000006c0000000, 0x00000006c9e80000, 0x000000076ab00000)
  object space 162304K, 52% used [0x00000006c0000000,0x00000006c52c58e0,0x00000006c9e80000)
 Metaspace       used 6356K, capacity 7280K, committed 7552K, reserved 1056768K
  class space    used 581K, capacity 616K, committed 640K, reserved 1048576K
Event: 5.568 GC heap after
Heap after GC invocations=10 (full 1):
 PSYoungGen      total 546816K, used 67071K [0x000000076ab00000, 0x000000079a300000, 0x00000007c0000000)
  eden space 479744K, 0% used [0x000000076ab00000,0x000000076ab00000,0x0000000787f80000)
  from space 67072K, 99% used [0x0000000787f80000,0x000000078c0ffc50,0x000000078c100000)
  to   space 88576K, 0% used [0x0000000794c80000,0x0000000794c80000,0x000000079a300000)
 ParOldGen       total 162304K, used 107335K [0x00000006c0000000, 0x00000006c9e80000, 0x000000076ab00000)
  object space 162304K, 66% used [0x00000006c0000000,0x00000006c68d1d18,0x00000006c9e80000)
 Metaspace       used 6356K, capacity 7280K, committed 7552K, reserved 1056768K
  class space    used 581K, capacity 616K, committed 640K, reserved 1048576K
}
Event: 6.763 GC heap before
{Heap before GC invocations=11 (full 1):
 PSYoungGen      total 546816K, used 546815K [0x000000076ab00000, 0x000000079a300000, 0x00000007c0000000)
  eden space 479744K, 100% used [0x000000076ab00000,0x0000000787f80000,0x0000000787f80000)
  from space 67072K, 99% used [0x0000000787f80000,0x000000078c0ffc50,0x000000078c100000)
  to   space 88576K, 0% used [0x0000000794c80000,0x0000000794c80000,0x000000079a300000)
 ParOldGen       total 162304K, used 107335K [0x00000006c0000000, 0x00000006c9e80000, 0x000000076ab00000)
  object space 162304K, 66% used [0x00000006c0000000,0x00000006c68d1d18,0x00000006c9e80000)
 Metaspace       used 6376K, capacity 7280K, committed 7552K, reserved 1056768K
  class space    used 581K, capacity 616K, committed 640K, reserved 1048576K
Event: 7.025 GC heap after
Heap after GC invocations=11 (full 1):
 PSYoungGen      total 656896K, used 88552K [0x000000076ab00000, 0x000000079f180000, 0x00000007c0000000)
  eden space 568320K, 0% used [0x000000076ab00000,0x000000076ab00000,0x000000078d600000)
  from space 88576K, 99% used [0x0000000794c80000,0x000000079a2fa358,0x000000079a300000)
  to   space 121344K, 0% used [0x000000078d600000,0x000000078d600000,0x0000000794c80000)
 ParOldGen       total 162304K, used 154244K [0x00000006c0000000, 0x00000006c9e80000, 0x000000076ab00000)
  object space 162304K, 95% used [0x00000006c0000000,0x00000006c96a1130,0x00000006c9e80000)
 Metaspace       used 6376K, capacity 7280K, committed 7552K, reserved 1056768K
  class space    used 581K, capacity 616K, committed 640K, reserved 1048576K
}
Event: 7.025 GC heap before
{Heap before GC invocations=12 (full 2):
 PSYoungGen      total 656896K, used 88552K [0x000000076ab00000, 0x000000079f180000, 0x00000007c0000000)
  eden space 568320K, 0% used [0x000000076ab00000,0x000000076ab00000,0x000000078d600000)
  from space 88576K, 99% used [0x0000000794c80000,0x000000079a2fa358,0x000000079a300000)
  to   space 121344K, 0% used [0x000000078d600000,0x000000078d600000,0x0000000794c80000)
 ParOldGen       total 162304K, used 154244K [0x00000006c0000000, 0x00000006c9e80000, 0x000000076ab00000)
  object space 162304K, 95% used [0x00000006c0000000,0x00000006c96a1130,0x00000006c9e80000)
 Metaspace       used 6376K, capacity 7280K, committed 7552K, reserved 1056768K
  class space    used 581K, capacity 616K, committed 640K, reserved 1048576K
Event: 8.053 GC heap after
Heap after GC invocations=12 (full 2):
 PSYoungGen      total 656896K, used 72503K [0x000000076ab00000, 0x000000079f180000, 0x00000007c0000000)
  eden space 568320K, 0% used [0x000000076ab00000,0x000000076ab00000,0x000000078d600000)
  from space 88576K, 81% used [0x0000000794c80000,0x000000079934dd00,0x000000079a300000)
  to   space 121344K, 0% used [0x000000078d600000,0x000000078d600000,0x0000000794c80000)
 ParOldGen       total 287232K, used 162279K [0x00000006c0000000, 0x00000006d1880000, 0x000000076ab00000)
  object space 287232K, 56% used [0x00000006c0000000,0x00000006c9e79e78,0x00000006d1880000)
 Metaspace       used 6376K, capacity 7280K, committed 7552K, reserved 1056768K
  class space    used 581K, capacity 616K, committed 640K, reserved 1048576K
}
Event: 9.388 GC heap before
{Heap before GC invocations=13 (full 2):
 PSYoungGen      total 656896K, used 640823K [0x000000076ab00000, 0x000000079f180000, 0x00000007c0000000)
  eden space 568320K, 100% used [0x000000076ab00000,0x000000078d600000,0x000000078d600000)
  from space 88576K, 81% used [0x0000000794c80000,0x000000079934dd00,0x000000079a300000)
  to   space 121344K, 0% used [0x000000078d600000,0x000000078d600000,0x0000000794c80000)
 ParOldGen       total 287232K, used 162279K [0x00000006c0000000, 0x00000006d1880000, 0x000000076ab00000)
  object space 287232K, 56% used [0x00000006c0000000,0x00000006c9e79e78,0x00000006d1880000)
 Metaspace       used 6385K, capacity 7280K, committed 7552K, reserved 1056768K
  class space    used 581K, capacity 616K, committed 640K, reserved 1048576K
Event: 9.693 GC heap after
Heap after GC invocations=13 (full 2):
 PSYoungGen      total 689664K, used 86499K [0x000000076ab00000, 0x00000007a4c80000, 0x00000007c0000000)
  eden space 568320K, 0% used [0x000000076ab00000,0x000000076ab00000,0x000000078d600000)
  from space 121344K, 71% used [0x000000078d600000,0x0000000792a78f08,0x0000000794c80000)
  to   space 130048K, 0% used [0x000000079cd80000,0x000000079cd80000,0x00000007a4c80000)
 ParOldGen       total 287232K, used 234242K [0x00000006c0000000, 0x00000006d1880000, 0x000000076ab00000)
  object space 287232K, 81% used [0x00000006c0000000,0x00000006ce4c0810,0x00000006d1880000)
 Metaspace       used 6385K, capacity 7280K, committed 7552K, reserved 1056768K
  class space    used 581K, capacity 616K, committed 640K, reserved 1048576K
}
Event: 9.693 GC heap before
{Heap before GC invocations=14 (full 3):
 PSYoungGen      total 689664K, used 86499K [0x000000076ab00000, 0x00000007a4c80000, 0x00000007c0000000)
  eden space 568320K, 0% used [0x000000076ab00000,0x000000076ab00000,0x000000078d600000)
  from space 121344K, 71% used [0x000000078d600000,0x0000000792a78f08,0x0000000794c80000)
  to   space 130048K, 0% used [0x000000079cd80000,0x000000079cd80000,0x00000007a4c80000)
 ParOldGen       total 287232K, used 234242K [0x00000006c0000000, 0x00000006d1880000, 0x000000076ab00000)
  object space 287232K, 81% used [0x00000006c0000000,0x00000006ce4c0810,0x00000006d1880000)
 Metaspace       used 6385K, capacity 7280K, committed 7552K, reserved 1056768K
  class space    used 581K, capacity 616K, committed 640K, reserved 1048576K

Deoptimization events (10 events):
Event: 4.867 Thread 0x00007fe15c1a1800 Uncommon trap: reason=bimorphic action=maybe_recompile pc=0x00007fe14d9994a0 method=com.android.dx.ssa.SCCP.setLatticeValueTo(IILcom/android/dx/rop/cst/Constant;)Z @ 43
Event: 4.868 Thread 0x00007fe15c19d000 Uncommon trap: reason=bimorphic action=maybe_recompile pc=0x00007fe14d9994a0 method=com.android.dx.ssa.SCCP.setLatticeValueTo(IILcom/android/dx/rop/cst/Constant;)Z @ 43
Event: 4.868 Thread 0x00007fe15c1a1800 Uncommon trap: reason=bimorphic action=maybe_recompile pc=0x00007fe14d9994a0 method=com.android.dx.ssa.SCCP.setLatticeValueTo(IILcom/android/dx/rop/cst/Constant;)Z @ 43
Event: 6.035 Thread 0x00007fe15c1a1800 Uncommon trap: reason=unstable_if action=reinterpret pc=0x00007fe14d9aeb00 method=com.android.dx.ssa.SCCP.simulateBranch(Lcom/android/dx/ssa/SsaInsn;)V @ 334
Event: 8.174 Thread 0x00007fe15c1a1800 Uncommon trap: reason=unstable_if action=reinterpret pc=0x00007fe14d899e68 method=com.android.dx.ssa.SsaMethod.getExitBlock()Lcom/android/dx/ssa/SsaBasicBlock; @ 4
Event: 8.174 Thread 0x00007fe15c1a1800 Uncommon trap: reason=unstable_if action=reinterpret pc=0x00007fe14d433420 method=com.android.dx.ssa.SsaMethod.getExitBlock()Lcom/android/dx/ssa/SsaBasicBlock; @ 4
Event: 8.174 Thread 0x00007fe15c1a1800 Uncommon trap: reason=unstable_if action=reinterpret pc=0x00007fe14d9e4d08 method=com.android.dx.ssa.SsaMethod.getExitBlock()Lcom/android/dx/ssa/SsaBasicBlock; @ 4
Event: 8.331 Thread 0x00007fe15c1a3800 Uncommon trap: reason=unstable_if action=reinterpret pc=0x00007fe14d9f4ed0 method=com.android.dx.rop.code.LocalVariableExtractor.processBlock(I)V @ 208
Event: 8.746 Thread 0x00007fe15c00a000 Uncommon trap: reason=unstable_if action=reinterpret pc=0x00007fe14daa79b4 method=com.android.dx.ssa.InterferenceRegisterMapper.interferes(III)Z @ 69
Event: 8.802 Thread 0x00007fe15c1a1800 Uncommon trap: reason=unstable_if action=reinterpret pc=0x00007fe14da4a8a8 method=com.android.dx.rop.code.BasicBlockList.preferredSuccessorOf(Lcom/android/dx/rop/code/BasicBlock;)Lcom/android/dx/rop/code/BasicBlock; @ 58

Internal exceptions (9 events):
Event: 0.013 Thread 0x00007fe15c00a000 Exception <a 'java/lang/NoSuchMethodError': Method sun.misc.Unsafe.defineClass(Ljava/lang/String;[BII)Ljava/lang/Class; name or signature does not match> (0x000000076ab07c78) thrown at [/ssd/Android/AOSP-openjdk/external/jetbrains/jdk/hotspot/src/share/vm
Event: 0.013 Thread 0x00007fe15c00a000 Exception <a 'java/lang/NoSuchMethodError': Method sun.misc.Unsafe.prefetchRead(Ljava/lang/Object;J)V name or signature does not match> (0x000000076ab07f60) thrown at [/ssd/Android/AOSP-openjdk/external/jetbrains/jdk/hotspot/src/share/vm/prims/jni.cpp, li
Event: 0.242 Thread 0x00007fe15c00a000 Implicit null exception at 0x00007fe14d166ab4 to 0x00007fe14d1670fd
Event: 0.797 Thread 0x00007fe15c19d000 Implicit null exception at 0x00007fe14d33dd19 to 0x00007fe14d340639
Event: 0.951 Thread 0x00007fe15c1a0000 Implicit null exception at 0x00007fe14d36ce95 to 0x00007fe14d36f99d
Event: 1.079 Thread 0x00007fe15c19d000 Implicit null exception at 0x00007fe14d42ce18 to 0x00007fe14d42cffd
Event: 1.432 Thread 0x00007fe15c1a3800 Exception <a 'java/lang/ArrayIndexOutOfBoundsException': 18> (0x000000076f904410) thrown at [/ssd/Android/AOSP-openjdk/external/jetbrains/jdk/hotspot/src/share/vm/interpreter/interpreterRuntime.cpp, line 366]
Event: 1.432 Thread 0x00007fe15c1a3800 Exception <a 'java/lang/ArrayIndexOutOfBoundsException': 145> (0x000000076f905f90) thrown at [/ssd/Android/AOSP-openjdk/external/jetbrains/jdk/hotspot/src/share/vm/interpreter/interpreterRuntime.cpp, line 366]
Event: 1.443 Thread 0x00007fe15c1a3800 Exception <a 'java/lang/ArrayIndexOutOfBoundsException'> (0x000000076f907278) thrown at [/ssd/Android/AOSP-openjdk/external/jetbrains/jdk/hotspot/src/share/vm/runtime/sharedRuntime.cpp, line 605]

Events (10 events):
Event: 9.322 Thread 0x00007fe15c19d000 DEOPT UNPACKING pc=0x00007fe14d047373 sp=0x00007fe13f0dcd58 mode 0
Event: 9.328 Thread 0x00007fe15c1a3800 DEOPT PACKING pc=0x00007fe14d521841 sp=0x00007fe13ecd9110
Event: 9.328 Thread 0x00007fe15c1a3800 DEOPT UNPACKING pc=0x00007fe14d047373 sp=0x00007fe13ecd8f60 mode 0
Event: 9.335 Thread 0x00007fe15c19d000 DEOPT PACKING pc=0x00007fe14d390810 sp=0x00007fe13f0dcf70
Event: 9.335 Thread 0x00007fe15c19d000 DEOPT UNPACKING pc=0x00007fe14d047373 sp=0x00007fe13f0dcd58 mode 0
Event: 9.350 Thread 0x00007fe15c1a1800 DEOPT PACKING pc=0x00007fe14d390810 sp=0x00007fe13edda0a0
Event: 9.350 Thread 0x00007fe15c1a1800 DEOPT UNPACKING pc=0x00007fe14d047373 sp=0x00007fe13edd9e88 mode 0
Event: 9.376 Thread 0x00007fe15c1a3800 DEOPT PACKING pc=0x00007fe14d390810 sp=0x00007fe13ecd8f70
Event: 9.376 Thread 0x00007fe15c1a3800 DEOPT UNPACKING pc=0x00007fe14d047373 sp=0x00007fe13ecd8d58 mode 0
Event: 9.388 Executing VM operation: ParallelGCFailedAllocation


Dynamic libraries:
00400000-00401000 r-xp 00000000 08:05 929732                             /opt/android-studio/jre/bin/java
00600000-00601000 r--p 00000000 08:05 929732                             /opt/android-studio/jre/bin/java
00601000-00602000 rw-p 00001000 08:05 929732                             /opt/android-studio/jre/bin/java
00df6000-00e17000 rw-p 00000000 00:00 0                                  [heap]
6c0000000-6d1880000 rw-p 00000000 00:00 0 
6dc800000-76ab00000 ---p 00000000 00:00 0 
76ab00000-7a4c80000 rw-p 00000000 00:00 0 
7a4c80000-7c0000000 ---p 00000000 00:00 0 
7c0000000-7c00a0000 rw-p 00000000 00:00 0 
7c00a0000-800000000 ---p 00000000 00:00 0 
7fe0f4000000-7fe0f4021000 rw-p 00000000 00:00 0 
7fe0f4021000-7fe0f8000000 ---p 00000000 00:00 0 
7fe0fc000000-7fe0fc036000 rw-p 00000000 00:00 0 
7fe0fc036000-7fe100000000 ---p 00000000 00:00 0 
7fe100000000-7fe100032000 rw-p 00000000 00:00 0 
7fe100032000-7fe104000000 ---p 00000000 00:00 0 
7fe104000000-7fe104046000 rw-p 00000000 00:00 0 
7fe104046000-7fe108000000 ---p 00000000 00:00 0 
7fe108000000-7fe108021000 rw-p 00000000 00:00 0 
7fe108021000-7fe10c000000 ---p 00000000 00:00 0 
7fe10c000000-7fe10c021000 rw-p 00000000 00:00 0 
7fe10c021000-7fe110000000 ---p 00000000 00:00 0 
7fe110000000-7fe110021000 rw-p 00000000 00:00 0 
7fe110021000-7fe114000000 ---p 00000000 00:00 0 
7fe114000000-7fe115435000 rw-p 00000000 00:00 0 
7fe115435000-7fe118000000 ---p 00000000 00:00 0 
7fe118000000-7fe118f0b000 rw-p 00000000 00:00 0 
7fe118f0b000-7fe11c000000 ---p 00000000 00:00 0 
7fe11c000000-7fe11c021000 rw-p 00000000 00:00 0 
7fe11c021000-7fe120000000 ---p 00000000 00:00 0 
7fe120000000-7fe120fd4000 rw-p 00000000 00:00 0 
7fe120fd4000-7fe124000000 ---p 00000000 00:00 0 
7fe124000000-7fe124021000 rw-p 00000000 00:00 0 
7fe124021000-7fe128000000 ---p 00000000 00:00 0 
7fe128000000-7fe128021000 rw-p 00000000 00:00 0 
7fe128021000-7fe12c000000 ---p 00000000 00:00 0 
7fe12c000000-7fe12c28a000 rw-p 00000000 00:00 0 
7fe12c28a000-7fe130000000 ---p 00000000 00:00 0 
7fe130000000-7fe138000000 rw-p 00000000 00:00 0 
7fe138000000-7fe138021000 rw-p 00000000 00:00 0 
7fe138021000-7fe13c000000 ---p 00000000 00:00 0 
7fe13ebb5000-7fe13ebda000 r--p 00000000 08:05 144167                     /usr/share/locale-langpack/es/LC_MESSAGES/libc.mo
7fe13ebda000-7fe13ebdd000 ---p 00000000 00:00 0 
7fe13ebdd000-7fe13ecdb000 rw-p 00000000 00:00 0 
7fe13ecdb000-7fe13ecde000 ---p 00000000 00:00 0 
7fe13ecde000-7fe13eddc000 rw-p 00000000 00:00 0 
7fe13eddc000-7fe13eddf000 ---p 00000000 00:00 0 
7fe13eddf000-7fe13eedd000 rw-p 00000000 00:00 0 
7fe13eedd000-7fe13eee0000 ---p 00000000 00:00 0 
7fe13eee0000-7fe13efde000 rw-p 00000000 00:00 0 
7fe13efde000-7fe13efe1000 ---p 00000000 00:00 0 
7fe13efe1000-7fe13f0df000 rw-p 00000000 00:00 0 
7fe13f0df000-7fe13f1aa000 r--s 0096c000 08:06 408027                     /home/lester/CONVERSA/Conversa-Android/app/build/intermediates/transforms/jarMerging/debug/jars/1/1f/combined.jar
7fe13f1aa000-7fe13f1ab000 ---p 00000000 00:00 0 
7fe13f1ab000-7fe13f2ab000 rw-p 00000000 00:00 0 
7fe13f2ab000-7fe13f2ae000 ---p 00000000 00:00 0 
7fe13f2ae000-7fe13f3ac000 rw-p 00000000 00:00 0 
7fe13f3ac000-7fe13f3af000 ---p 00000000 00:00 0 
7fe13f3af000-7fe13f4ad000 rw-p 00000000 00:00 0 
7fe13f4ad000-7fe13f4b0000 ---p 00000000 00:00 0 
7fe13f4b0000-7fe13f5ae000 rw-p 00000000 00:00 0 
7fe13f5ae000-7fe13f5b1000 ---p 00000000 00:00 0 
7fe13f5b1000-7fe13f6af000 rw-p 00000000 00:00 0 
7fe13f6af000-7fe13f6b2000 ---p 00000000 00:00 0 
7fe13f6b2000-7fe13f7b0000 rw-p 00000000 00:00 0 
7fe13f7b0000-7fe13fcfd000 r--p 00000000 08:05 1051794                    /usr/lib/locale/locale-archive
7fe13fcfd000-7fe13fd00000 ---p 00000000 00:00 0 
7fe13fd00000-7fe13fdfe000 rw-p 00000000 00:00 0 
7fe13fdfe000-7fe13fe01000 ---p 00000000 00:00 0 
7fe13fe01000-7fe13feff000 rw-p 00000000 00:00 0 
7fe13feff000-7fe13ff00000 ---p 00000000 00:00 0 
7fe13ff00000-7fe140000000 rw-p 00000000 00:00 0 
7fe140000000-7fe140021000 rw-p 00000000 00:00 0 
7fe140021000-7fe144000000 ---p 00000000 00:00 0 
7fe144000000-7fe144021000 rw-p 00000000 00:00 0 
7fe144021000-7fe148000000 ---p 00000000 00:00 0 
7fe148000000-7fe148021000 rw-p 00000000 00:00 0 
7fe148021000-7fe14c000000 ---p 00000000 00:00 0 
7fe14c01f000-7fe14d000000 rw-p 00000000 00:00 0 
7fe14d000000-7fe14dae0000 rwxp 00000000 00:00 0 
7fe14dae0000-7fe15c000000 ---p 00000000 00:00 0 
7fe15c000000-7fe15c3ae000 rw-p 00000000 00:00 0 
7fe15c3ae000-7fe160000000 ---p 00000000 00:00 0 
7fe160013000-7fe160034000 rw-p 00000000 00:00 0 
7fe160034000-7fe160203000 r--s 03c1b000 08:05 929783                     /opt/android-studio/jre/jre/lib/rt.jar
7fe160203000-7fe160939000 rw-p 00000000 00:00 0 
7fe160939000-7fe160a79000 ---p 00000000 00:00 0 
7fe160a79000-7fe161279000 rw-p 00000000 00:00 0 
7fe161279000-7fe16127a000 ---p 00000000 00:00 0 
7fe16127a000-7fe16137a000 rw-p 00000000 00:00 0 
7fe16137a000-7fe16137b000 ---p 00000000 00:00 0 
7fe16137b000-7fe16147b000 rw-p 00000000 00:00 0 
7fe16147b000-7fe16147c000 ---p 00000000 00:00 0 
7fe16147c000-7fe16157c000 rw-p 00000000 00:00 0 
7fe16157c000-7fe16157d000 ---p 00000000 00:00 0 
7fe16157d000-7fe16170a000 rw-p 00000000 00:00 0 
7fe16170a000-7fe161bd3000 ---p 00000000 00:00 0 
7fe161bd3000-7fe161c60000 rw-p 00000000 00:00 0 
7fe161c60000-7fe162128000 ---p 00000000 00:00 0 
7fe162128000-7fe1622fa000 rw-p 00000000 00:00 0 
7fe1622fa000-7fe1623d3000 ---p 00000000 00:00 0 
7fe1623d3000-7fe162400000 rw-p 00000000 00:00 0 
7fe162400000-7fe162794000 ---p 00000000 00:00 0 
7fe162794000-7fe1627ae000 r-xp 00000000 08:05 929798                     /opt/android-studio/jre/jre/lib/amd64/libzip.so
7fe1627ae000-7fe1629ae000 ---p 0001a000 08:05 929798                     /opt/android-studio/jre/jre/lib/amd64/libzip.so
7fe1629ae000-7fe1629af000 r--p 0001a000 08:05 929798                     /opt/android-studio/jre/jre/lib/amd64/libzip.so
7fe1629af000-7fe1629b0000 rw-p 0001b000 08:05 929798                     /opt/android-studio/jre/jre/lib/amd64/libzip.so
7fe1629b0000-7fe1629bb000 r-xp 00000000 08:05 657657                     /lib/x86_64-linux-gnu/libnss_files-2.23.so
7fe1629bb000-7fe162bba000 ---p 0000b000 08:05 657657                     /lib/x86_64-linux-gnu/libnss_files-2.23.so
7fe162bba000-7fe162bbb000 r--p 0000a000 08:05 657657                     /lib/x86_64-linux-gnu/libnss_files-2.23.so
7fe162bbb000-7fe162bbc000 rw-p 0000b000 08:05 657657                     /lib/x86_64-linux-gnu/libnss_files-2.23.so
7fe162bbc000-7fe162bc2000 rw-p 00000000 00:00 0 
7fe162bc2000-7fe162bcd000 r-xp 00000000 08:05 657660                     /lib/x86_64-linux-gnu/libnss_nis-2.23.so
7fe162bcd000-7fe162dcc000 ---p 0000b000 08:05 657660                     /lib/x86_64-linux-gnu/libnss_nis-2.23.so
7fe162dcc000-7fe162dcd000 r--p 0000a000 08:05 657660                     /lib/x86_64-linux-gnu/libnss_nis-2.23.so
7fe162dcd000-7fe162dce000 rw-p 0000b000 08:05 657660                     /lib/x86_64-linux-gnu/libnss_nis-2.23.so
7fe162dce000-7fe162de4000 r-xp 00000000 08:05 657653                     /lib/x86_64-linux-gnu/libnsl-2.23.so
7fe162de4000-7fe162fe3000 ---p 00016000 08:05 657653                     /lib/x86_64-linux-gnu/libnsl-2.23.so
7fe162fe3000-7fe162fe4000 r--p 00015000 08:05 657653                     /lib/x86_64-linux-gnu/libnsl-2.23.so
7fe162fe4000-7fe162fe5000 rw-p 00016000 08:05 657653                     /lib/x86_64-linux-gnu/libnsl-2.23.so
7fe162fe5000-7fe162fe7000 rw-p 00000000 00:00 0 
7fe162fe7000-7fe162fef000 r-xp 00000000 08:05 657666                     /lib/x86_64-linux-gnu/libnss_compat-2.23.so
7fe162fef000-7fe1631ee000 ---p 00008000 08:05 657666                     /lib/x86_64-linux-gnu/libnss_compat-2.23.so
7fe1631ee000-7fe1631ef000 r--p 00007000 08:05 657666                     /lib/x86_64-linux-gnu/libnss_compat-2.23.so
7fe1631ef000-7fe1631f0000 rw-p 00008000 08:05 657666                     /lib/x86_64-linux-gnu/libnss_compat-2.23.so
7fe1631f0000-7fe16321d000 r-xp 00000000 08:05 929815                     /opt/android-studio/jre/jre/lib/amd64/libjava.so
7fe16321d000-7fe16341c000 ---p 0002d000 08:05 929815                     /opt/android-studio/jre/jre/lib/amd64/libjava.so
7fe16341c000-7fe16341d000 r--p 0002c000 08:05 929815                     /opt/android-studio/jre/jre/lib/amd64/libjava.so
7fe16341d000-7fe16341f000 rw-p 0002d000 08:05 929815                     /opt/android-studio/jre/jre/lib/amd64/libjava.so
7fe16341f000-7fe16342f000 r-xp 00000000 08:05 929788                     /opt/android-studio/jre/jre/lib/amd64/libverify.so
7fe16342f000-7fe16362e000 ---p 00010000 08:05 929788                     /opt/android-studio/jre/jre/lib/amd64/libverify.so
7fe16362e000-7fe163630000 r--p 0000f000 08:05 929788                     /opt/android-studio/jre/jre/lib/amd64/libverify.so
7fe163630000-7fe163631000 rw-p 00011000 08:05 929788                     /opt/android-studio/jre/jre/lib/amd64/libverify.so
7fe163631000-7fe163638000 r-xp 00000000 08:05 657662                     /lib/x86_64-linux-gnu/librt-2.23.so
7fe163638000-7fe163837000 ---p 00007000 08:05 657662                     /lib/x86_64-linux-gnu/librt-2.23.so
7fe163837000-7fe163838000 r--p 00006000 08:05 657662                     /lib/x86_64-linux-gnu/librt-2.23.so
7fe163838000-7fe163839000 rw-p 00007000 08:05 657662                     /lib/x86_64-linux-gnu/librt-2.23.so
7fe163839000-7fe163941000 r-xp 00000000 08:05 657671                     /lib/x86_64-linux-gnu/libm-2.23.so
7fe163941000-7fe163b40000 ---p 00108000 08:05 657671                     /lib/x86_64-linux-gnu/libm-2.23.so
7fe163b40000-7fe163b41000 r--p 00107000 08:05 657671                     /lib/x86_64-linux-gnu/libm-2.23.so
7fe163b41000-7fe163b42000 rw-p 00108000 08:05 657671                     /lib/x86_64-linux-gnu/libm-2.23.so
7fe163b42000-7fe164733000 r-xp 00000000 08:05 929796                     /opt/android-studio/jre/jre/lib/amd64/server/libjvm.so
7fe164733000-7fe164933000 ---p 00bf1000 08:05 929796                     /opt/android-studio/jre/jre/lib/amd64/server/libjvm.so
7fe164933000-7fe1649d2000 r--p 00bf1000 08:05 929796                     /opt/android-studio/jre/jre/lib/amd64/server/libjvm.so
7fe1649d2000-7fe1649fb000 rw-p 00c90000 08:05 929796                     /opt/android-studio/jre/jre/lib/amd64/server/libjvm.so
7fe1649fb000-7fe164a3f000 rw-p 00000000 00:00 0 
7fe164a3f000-7fe164a57000 r-xp 00000000 08:05 657659                     /lib/x86_64-linux-gnu/libpthread-2.23.so
7fe164a57000-7fe164c56000 ---p 00018000 08:05 657659                     /lib/x86_64-linux-gnu/libpthread-2.23.so
7fe164c56000-7fe164c57000 r--p 00017000 08:05 657659                     /lib/x86_64-linux-gnu/libpthread-2.23.so
7fe164c57000-7fe164c58000 rw-p 00018000 08:05 657659                     /lib/x86_64-linux-gnu/libpthread-2.23.so
7fe164c58000-7fe164c5c000 rw-p 00000000 00:00 0 
7fe164c5c000-7fe164c5f000 r-xp 00000000 08:05 657665                     /lib/x86_64-linux-gnu/libdl-2.23.so
7fe164c5f000-7fe164e5e000 ---p 00003000 08:05 657665                     /lib/x86_64-linux-gnu/libdl-2.23.so
7fe164e5e000-7fe164e5f000 r--p 00002000 08:05 657665                     /lib/x86_64-linux-gnu/libdl-2.23.so
7fe164e5f000-7fe164e60000 rw-p 00003000 08:05 657665                     /lib/x86_64-linux-gnu/libdl-2.23.so
7fe164e60000-7fe165020000 r-xp 00000000 08:05 657676                     /lib/x86_64-linux-gnu/libc-2.23.so
7fe165020000-7fe165220000 ---p 001c0000 08:05 657676                     /lib/x86_64-linux-gnu/libc-2.23.so
7fe165220000-7fe165224000 r--p 001c0000 08:05 657676                     /lib/x86_64-linux-gnu/libc-2.23.so
7fe165224000-7fe165226000 rw-p 001c4000 08:05 657676                     /lib/x86_64-linux-gnu/libc-2.23.so
7fe165226000-7fe16522a000 rw-p 00000000 00:00 0 
7fe16522a000-7fe165240000 r-xp 00000000 08:05 929747                     /opt/android-studio/jre/lib/amd64/jli/libjli.so
7fe165240000-7fe16543f000 ---p 00016000 08:05 929747                     /opt/android-studio/jre/lib/amd64/jli/libjli.so
7fe16543f000-7fe165440000 r--p 00015000 08:05 929747                     /opt/android-studio/jre/lib/amd64/jli/libjli.so
7fe165440000-7fe165441000 rw-p 00016000 08:05 929747                     /opt/android-studio/jre/lib/amd64/jli/libjli.so
7fe165441000-7fe165467000 r-xp 00000000 08:05 657654                     /lib/x86_64-linux-gnu/ld-2.23.so
7fe165469000-7fe165470000 r--s 00000000 08:05 8623                       /usr/lib/x86_64-linux-gnu/gconv/gconv-modules.cache
7fe165470000-7fe165543000 rw-p 00000000 00:00 0 
7fe165543000-7fe165546000 ---p 00000000 00:00 0 
7fe165546000-7fe165648000 rw-p 00000000 00:00 0 
7fe16564c000-7fe16565a000 r--s 000e0000 08:05 582483                     /root/Android/Sdk/build-tools/25.0.2/lib/dx.jar
7fe16565a000-7fe165662000 rw-s 00000000 08:05 1466487                    /tmp/hsperfdata_root/8099
7fe165662000-7fe165663000 rw-p 00000000 00:00 0 
7fe165663000-7fe165664000 ---p 00000000 00:00 0 
7fe165664000-7fe165666000 rw-p 00000000 00:00 0 
7fe165666000-7fe165667000 r--p 00025000 08:05 657654                     /lib/x86_64-linux-gnu/ld-2.23.so
7fe165667000-7fe165668000 rw-p 00026000 08:05 657654                     /lib/x86_64-linux-gnu/ld-2.23.so
7fe165668000-7fe165669000 rw-p 00000000 00:00 0 
7fff343ef000-7fff34410000 rw-p 00000000 00:00 0                          [stack]
7fff3453b000-7fff3453d000 r--p 00000000 00:00 0                          [vvar]
7fff3453d000-7fff3453f000 r-xp 00000000 00:00 0                          [vdso]
ffffffffff600000-ffffffffff601000 r-xp 00000000 00:00 0                  [vsyscall]

VM Arguments:
jvm_args: -Djava.awt.headless=true -Xmx4g -Dfile.encoding=UTF-8 -Duser.country=GT -Duser.language=es -Duser.variant 
java_command: com.android.dx.command.Main --dex --num-threads=4 --multi-dex --main-dex-list /home/lester/CONVERSA/Conversa-Android/app/build/intermediates/multi-dex/debug/maindexlist.txt --output /home/lester/CONVERSA/Conversa-Android/app/build/intermediates/transforms/dex/debug/folders/1000/1f/main /home/lester/CONVERSA/Conversa-Android/app/build/intermediates/transforms/jarMerging/debug/jars/1/1f/combined.jar
java_class_path (initial): /root/Android/Sdk/build-tools/25.0.2/lib/dx.jar
Launcher Type: SUN_STANDARD

Environment Variables:
PATH=/usr/local/sbin:/usr/local/bin:/usr/sbin:/usr/bin:/sbin:/bin:/snap/bin
USERNAME=root
LD_LIBRARY_PATH=/opt/android-studio/bin:
SHELL=/bin/bash
DISPLAY=:0

Signal Handlers:
SIGSEGV: [libjvm.so+0x9e5150], sa_mask[0]=11111111011111111101111111111110, sa_flags=SA_RESTART|SA_SIGINFO
SIGBUS: [libjvm.so+0x9e5150], sa_mask[0]=11111111011111111101111111111110, sa_flags=SA_RESTART|SA_SIGINFO
SIGFPE: [libjvm.so+0x848450], sa_mask[0]=11111111011111111101111111111110, sa_flags=SA_RESTART|SA_SIGINFO
SIGPIPE: [libjvm.so+0x848450], sa_mask[0]=11111111011111111101111111111110, sa_flags=SA_RESTART|SA_SIGINFO
SIGXFSZ: [libjvm.so+0x848450], sa_mask[0]=11111111011111111101111111111110, sa_flags=SA_RESTART|SA_SIGINFO
SIGILL: [libjvm.so+0x848450], sa_mask[0]=11111111011111111101111111111110, sa_flags=SA_RESTART|SA_SIGINFO
SIGUSR1: SIG_DFL, sa_mask[0]=00000000000000000000000000000000, sa_flags=none
SIGUSR2: [libjvm.so+0x848320], sa_mask[0]=00100000000000000000000000000000, sa_flags=SA_RESTART|SA_SIGINFO
SIGHUP: [libjvm.so+0x848510], sa_mask[0]=11111111011111111101111111111110, sa_flags=SA_RESTART|SA_SIGINFO
SIGINT: [libjvm.so+0x848510], sa_mask[0]=11111111011111111101111111111110, sa_flags=SA_RESTART|SA_SIGINFO
SIGTERM: [libjvm.so+0x848510], sa_mask[0]=11111111011111111101111111111110, sa_flags=SA_RESTART|SA_SIGINFO
SIGQUIT: [libjvm.so+0x848510], sa_mask[0]=11111111011111111101111111111110, sa_flags=SA_RESTART|SA_SIGINFO


---------------  S Y S T E M  ---------------

OS:DISTRIB_ID=Ubuntu
DISTRIB_RELEASE=16.04
DISTRIB_CODENAME=xenial
DISTRIB_DESCRIPTION="Ubuntu 16.04.3 LTS"

uname:Linux 4.4.0-92-generic #115-Ubuntu SMP Thu Aug 10 09:04:33 UTC 2017 x86_64
libc:glibc 2.23 NPTL 2.23 
rlimit: STACK 8192k, CORE 0k, NPROC 31122, NOFILE 1048576, AS infinity
load average:2.60 2.14 1.34

/proc/meminfo:
MemTotal:        8075520 kB
MemFree:          129508 kB
MemAvailable:      73488 kB
Buffers:            2840 kB
Cached:           672756 kB
SwapCached:            0 kB
Active:          6385788 kB
Inactive:         572144 kB
Active(anon):    6334440 kB
Inactive(anon):   520612 kB
Active(file):      51348 kB
Inactive(file):    51532 kB
Unevictable:          40 kB
Mlocked:              40 kB
SwapTotal:             0 kB
SwapFree:              0 kB
Dirty:               752 kB
Writeback:             0 kB
AnonPages:       6283160 kB
Mapped:          1009036 kB
Shmem:            571960 kB
Slab:             109380 kB
SReclaimable:      63100 kB
SUnreclaim:        46280 kB
KernelStack:       13152 kB
PageTables:        50016 kB
NFS_Unstable:          0 kB
Bounce:                0 kB
WritebackTmp:          0 kB
CommitLimit:     4037760 kB
Committed_AS:   12431692 kB
VmallocTotal:   34359738367 kB
VmallocUsed:           0 kB
VmallocChunk:          0 kB
HardwareCorrupted:     0 kB
AnonHugePages:   3313664 kB
CmaTotal:              0 kB
CmaFree:               0 kB
HugePages_Total:       0
HugePages_Free:        0
HugePages_Rsvd:        0
HugePages_Surp:        0
Hugepagesize:       2048 kB
DirectMap4k:      244524 kB
DirectMap2M:     6995968 kB
DirectMap1G:     2097152 kB


CPU:total 4 (2 cores per cpu, 2 threads per core) family 6 model 61 stepping 4, cmov, cx8, fxsr, mmx, sse, sse2, sse3, ssse3, sse4.1, sse4.2, popcnt, avx, avx2, aes, clmul, erms, 3dnowpref, lzcnt, ht, tsc, tscinvbit, bmi1, bmi2, adx

/proc/cpuinfo:
processor	: 0
vendor_id	: GenuineIntel
cpu family	: 6
model		: 61
model name	: Intel(R) Core(TM) i7-5500U CPU @ 2.40GHz
stepping	: 4
microcode	: 0x18
cpu MHz		: 2400.843
cache size	: 4096 KB
physical id	: 0
siblings	: 4
core id		: 0
cpu cores	: 2
apicid		: 0
initial apicid	: 0
fpu		: yes
fpu_exception	: yes
cpuid level	: 20
wp		: yes
flags		: fpu vme de pse tsc msr pae mce cx8 apic sep mtrr pge mca cmov pat pse36 clflush dts acpi mmx fxsr sse sse2 ss ht tm pbe syscall nx pdpe1gb rdtscp lm constant_tsc arch_perfmon pebs bts rep_good nopl xtopology nonstop_tsc aperfmperf eagerfpu pni pclmulqdq dtes64 monitor ds_cpl vmx est tm2 ssse3 sdbg fma cx16 xtpr pdcm pcid sse4_1 sse4_2 x2apic movbe popcnt tsc_deadline_timer aes xsave avx f16c rdrand lahf_lm abm 3dnowprefetch epb intel_pt tpr_shadow vnmi flexpriority ept vpid fsgsbase tsc_adjust bmi1 avx2 smep bmi2 erms invpcid rdseed adx smap xsaveopt dtherm ida arat pln pts
bugs		:
bogomips	: 4789.04
clflush size	: 64
cache_alignment	: 64
address sizes	: 39 bits physical, 48 bits virtual
power management:

processor	: 1
vendor_id	: GenuineIntel
cpu family	: 6
model		: 61
model name	: Intel(R) Core(TM) i7-5500U CPU @ 2.40GHz
stepping	: 4
microcode	: 0x18
cpu MHz		: 2351.250
cache size	: 4096 KB
physical id	: 0
siblings	: 4
core id		: 1
cpu cores	: 2
apicid		: 2
initial apicid	: 2
fpu		: yes
fpu_exception	: yes
cpuid level	: 20
wp		: yes
flags		: fpu vme de pse tsc msr pae mce cx8 apic sep mtrr pge mca cmov pat pse36 clflush dts acpi mmx fxsr sse sse2 ss ht tm pbe syscall nx pdpe1gb rdtscp lm constant_tsc arch_perfmon pebs bts rep_good nopl xtopology nonstop_tsc aperfmperf eagerfpu pni pclmulqdq dtes64 monitor ds_cpl vmx est tm2 ssse3 sdbg fma cx16 xtpr pdcm pcid sse4_1 sse4_2 x2apic movbe popcnt tsc_deadline_timer aes xsave avx f16c rdrand lahf_lm abm 3dnowprefetch epb intel_pt tpr_shadow vnmi flexpriority ept vpid fsgsbase tsc_adjust bmi1 avx2 smep bmi2 erms invpcid rdseed adx smap xsaveopt dtherm ida arat pln pts
bugs		:
bogomips	: 4789.04
clflush size	: 64
cache_alignment	: 64
address sizes	: 39 bits physical, 48 bits virtual
power management:

processor	: 2
vendor_id	: GenuineIntel
cpu family	: 6
model		: 61
model name	: Intel(R) Core(TM) i7-5500U CPU @ 2.40GHz
stepping	: 4
microcode	: 0x18
cpu MHz		: 2400.093
cache size	: 4096 KB
physical id	: 0
siblings	: 4
core id		: 0
cpu cores	: 2
apicid		: 1
initial apicid	: 1
fpu		: yes
fpu_exception	: yes
cpuid level	: 20
wp		: yes
flags		: fpu vme de pse tsc msr pae mce cx8 apic sep mtrr pge mca cmov pat pse36 clflush dts acpi mmx fxsr sse sse2 ss ht tm pbe syscall nx pdpe1gb rdtscp lm constant_tsc arch_perfmon pebs bts rep_good nopl xtopology nonstop_tsc aperfmperf eagerfpu pni pclmulqdq dtes64 monitor ds_cpl vmx est tm2 ssse3 sdbg fma cx16 xtpr pdcm pcid sse4_1 sse4_2 x2apic movbe popcnt tsc_deadline_timer aes xsave avx f16c rdrand lahf_lm abm 3dnowprefetch epb intel_pt tpr_shadow vnmi flexpriority ept vpid fsgsbase tsc_adjust bmi1 avx2 smep bmi2 erms invpcid rdseed adx smap xsaveopt dtherm ida arat pln pts
bugs		:
bogomips	: 4789.04
clflush size	: 64
cache_alignment	: 64
address sizes	: 39 bits physical, 48 bits virtual
power management:

processor	: 3
vendor_id	: GenuineIntel
cpu family	: 6
model		: 61
model name	: Intel(R) Core(TM) i7-5500U CPU @ 2.40GHz
stepping	: 4
microcode	: 0x18
cpu MHz		: 2400.093
cache size	: 4096 KB
physical id	: 0
siblings	: 4
core id		: 1
cpu cores	: 2
apicid		: 3
initial apicid	: 3
fpu		: yes
fpu_exception	: yes
cpuid level	: 20
wp		: yes
flags		: fpu vme de pse tsc msr pae mce cx8 apic sep mtrr pge mca cmov pat pse36 clflush dts acpi mmx fxsr sse sse2 ss ht tm pbe syscall nx pdpe1gb rdtscp lm constant_tsc arch_perfmon pebs bts rep_good nopl xtopology nonstop_tsc aperfmperf eagerfpu pni pclmulqdq dtes64 monitor ds_cpl vmx est tm2 ssse3 sdbg fma cx16 xtpr pdcm pcid sse4_1 sse4_2 x2apic movbe popcnt tsc_deadline_timer aes xsave avx f16c rdrand lahf_lm abm 3dnowprefetch epb intel_pt tpr_shadow vnmi flexpriority ept vpid fsgsbase tsc_adjust bmi1 avx2 smep bmi2 erms invpcid rdseed adx smap xsaveopt dtherm ida arat pln pts
bugs		:
bogomips	: 4789.04
clflush size	: 64
cache_alignment	: 64
address sizes	: 39 bits physical, 48 bits virtual
power management:



Memory: 4k page, physical 8075520k(129508k free), swap 0k(0k free)

vm_info: OpenJDK 64-Bit Server VM (25.112-b06) for linux-amd64 JRE (1.8.0_112-release-b06), built on Dec  6 2016 12:11:18 by "builder" with gcc 4.8.4

time: Thu Sep  7 19:58:42 2017
elapsed time: 12 seconds (0d 0h 0m 12s)

