#
# There is insufficient memory for the Java Runtime Environment to continue.
# Native memory allocation (mmap) failed to map 339214336 bytes for committing reserved memory.
# Possible reasons:
#   The system is out of physical RAM or swap space
#   In 32 bit mode, the process size limit was hit
# Possible solutions:
#   Reduce memory load on the system
#   Increase physical memory or swap space
#   Check if swap backing store is full
#   Use 64 bit Java on a 64 bit OS
#   Decrease Java heap size (-Xmx/-Xms)
#   Decrease number of Java threads
#   Decrease Java thread stack sizes (-Xss)
#   Set larger code cache with -XX:ReservedCodeCacheSize=
# This output file may be truncated or incomplete.
#
#  Out of Memory Error (os_linux.cpp:2627), pid=5451, tid=0x00007f8b29203700
#
# JRE version: OpenJDK Runtime Environment (8.0_112-b06) (build 1.8.0_112-release-b06)
# Java VM: OpenJDK 64-Bit Server VM (25.112-b06 mixed mode linux-amd64 compressed oops)
# Failed to write core dump. Core dumps have been disabled. To enable core dumping, try "ulimit -c unlimited" before starting Java again
#

---------------  T H R E A D  ---------------

Current thread (0x00007f8b3c077800):  VMThread [stack: 0x00007f8b29103000,0x00007f8b29204000] [id=5460]

Stack: [0x00007f8b29103000,0x00007f8b29204000],  sp=0x00007f8b292024d0,  free space=1021k
Native frames: (J=compiled Java code, j=interpreted, Vv=VM code, C=native code)
V  [libjvm.so+0x9e465d]  VMError::report_and_die()+0x15d
V  [libjvm.so+0x4b6ada]  report_vm_out_of_memory(char const*, int, unsigned long, VMErrorType, char const*)+0x8a
V  [libjvm.so+0x84c860]  os::pd_commit_memory(char*, unsigned long, unsigned long, bool)+0xf0
V  [libjvm.so+0x84737f]  os::commit_memory(char*, unsigned long, unsigned long, bool)+0x1f
V  [libjvm.so+0x8bd3db]  PSVirtualSpace::expand_by(unsigned long)+0x5b
V  [libjvm.so+0x8ae1bb]  PSOldGen::expand_by(unsigned long) [clone .part.109]+0x1b
V  [libjvm.so+0x8ae37b]  PSOldGen::expand(unsigned long) [clone .part.111]+0xdb
V  [libjvm.so+0x8aec58]  PSOldGen::resize(unsigned long)+0x188
V  [libjvm.so+0x8b426c]  PSParallelCompact::invoke_no_policy(bool)+0x97c
V  [libjvm.so+0x8bb37d]  PSScavenge::invoke()+0x17d
V  [libjvm.so+0x86fcf3]  ParallelScavengeHeap::failed_mem_allocate(unsigned long)+0x63
V  [libjvm.so+0x9e6124]  VM_ParallelGCFailedAllocation::doit()+0x84
V  [libjvm.so+0x9ea537]  VM_Operation::evaluate()+0x47
V  [libjvm.so+0x9e8ff8]  VMThread::evaluate_operation(VM_Operation*)+0x2c8
V  [libjvm.so+0x9e9479]  VMThread::loop()+0x219
V  [libjvm.so+0x9e98c2]  VMThread::run()+0x72
V  [libjvm.so+0x849c82]  java_start(Thread*)+0xf2

VM_Operation (0x00007f8b23dfc1a0): ParallelGCFailedAllocation, mode: safepoint, requested by thread 0x00007f8b3c191000


---------------  P R O C E S S  ---------------

Java Threads: ( => current thread )
  0x00007f8b3c191000 JavaThread "pool-2-thread-4" [_thread_blocked, id=5473, stack(0x00007f8b23cfd000,0x00007f8b23dfe000)]
  0x00007f8b3c18f800 JavaThread "pool-2-thread-3" [_thread_blocked, id=5472, stack(0x00007f8b23dfe000,0x00007f8b23eff000)]
  0x00007f8b3c18e000 JavaThread "pool-2-thread-2" [_thread_blocked, id=5471, stack(0x00007f8b23eff000,0x00007f8b24000000)]
  0x00007f8b3c18c000 JavaThread "pool-3-thread-1" [_thread_blocked, id=5470, stack(0x00007f8b280c1000,0x00007f8b281c2000)]
  0x00007f8b3c18b000 JavaThread "pool-2-thread-1" [_thread_blocked, id=5469, stack(0x00007f8b281c2000,0x00007f8b282c3000)]
  0x00007f8b3c0bf800 JavaThread "Service Thread" daemon [_thread_blocked, id=5467, stack(0x00007f8b284af000,0x00007f8b285b0000)]
  0x00007f8b3c0bc800 JavaThread "C1 CompilerThread2" daemon [_thread_blocked, id=5466, stack(0x00007f8b285b0000,0x00007f8b286b1000)]
  0x00007f8b3c0ba800 JavaThread "C2 CompilerThread1" daemon [_thread_blocked, id=5465, stack(0x00007f8b286b1000,0x00007f8b287b2000)]
  0x00007f8b3c0b7800 JavaThread "C2 CompilerThread0" daemon [_thread_blocked, id=5464, stack(0x00007f8b287b2000,0x00007f8b288b3000)]
  0x00007f8b3c0b6800 JavaThread "Signal Dispatcher" daemon [_thread_blocked, id=5463, stack(0x00007f8b288b3000,0x00007f8b289b4000)]
  0x00007f8b3c083800 JavaThread "Finalizer" daemon [_thread_blocked, id=5462, stack(0x00007f8b28f01000,0x00007f8b29002000)]
  0x00007f8b3c07f000 JavaThread "Reference Handler" daemon [_thread_blocked, id=5461, stack(0x00007f8b29002000,0x00007f8b29103000)]
  0x00007f8b3c00a000 JavaThread "main" [_thread_blocked, id=5454, stack(0x00007f8b42718000,0x00007f8b42819000)]

Other Threads:
=>0x00007f8b3c077800 VMThread [stack: 0x00007f8b29103000,0x00007f8b29204000] [id=5460]
  0x00007f8b3c0c2000 WatcherThread [stack: 0x00007f8b283ae000,0x00007f8b284af000] [id=5468]

VM state:at safepoint (normal execution)

VM Mutex/Monitor currently owned by a thread:  ([mutex/lock_event])
[0x00007f8b3c005ef0] ExpandHeap_lock - owner thread: 0x00007f8b3c077800
[0x00007f8b3c006570] Threads_lock - owner thread: 0x00007f8b3c077800
[0x00007f8b3c006a70] Heap_lock - owner thread: 0x00007f8b3c191000

Heap:
 PSYoungGen      total 813056K, used 0K [0x000000076ab00000, 0x00000007aca80000, 0x00000007c0000000)
  eden space 631808K, 0% used [0x000000076ab00000,0x000000076ab00000,0x0000000791400000)
  from space 181248K, 0% used [0x0000000791400000,0x0000000791400000,0x000000079c500000)
  to   space 181760K, 0% used [0x00000007a1900000,0x00000007a1900000,0x00000007aca80000)
 ParOldGen       total 721920K, used 719152K [0x00000006c0000000, 0x00000006ec100000, 0x000000076ab00000)
  object space 721920K, 99% used [0x00000006c0000000,0x00000006ebe4c2a8,0x00000006ec100000)
 Metaspace       used 6403K, capacity 7280K, committed 7552K, reserved 1056768K
  class space    used 583K, capacity 616K, committed 640K, reserved 1048576K

Card table byte_map: [0x00007f8b2bbec000,0x00007f8b2c3ed000] byte_map_base: 0x00007f8b285ec000

Marking Bits: (ParMarkBitMap*) 0x00007f8b41be5340
 Begin Bits: [0x00007f8b0c000000, 0x00007f8b10000000)
 End Bits:   [0x00007f8b10000000, 0x00007f8b14000000)

Polling page: 0x00007f8b42838000

CodeCache: size=245760Kb used=14688Kb max_used=14727Kb free=231071Kb
 bounds [0x00007f8b2c7ad000, 0x00007f8b2d61d000, 0x00007f8b3b7ad000]
 total_blobs=2959 nmethods=2697 adapters=176
 compilation: enabled

Compilation events (10 events):
Event: 21.315 Thread 0x00007f8b3c0bc800 2877       2       com.android.dx.rop.cst.CstLiteralBits::fitsIn16Bits (26 bytes)
Event: 21.315 Thread 0x00007f8b3c0bc800 nmethod 2877 0x00007f8b2d5e7c10 code [0x00007f8b2d5e7d80, 0x00007f8b2d5e7f58]
Event: 21.391 Thread 0x00007f8b3c0bc800 2879 %     3       com.android.dx.cf.code.BytecodeArray::parseNewarray @ 245 (594 bytes)
Event: 21.395 Thread 0x00007f8b3c0bc800 nmethod 2879% 0x00007f8b2d5f5e90 code [0x00007f8b2d5f6260, 0x00007f8b2d5f8c68]
Event: 21.395 Thread 0x00007f8b3c0bc800 2880       3       com.android.dx.cf.code.BytecodeArray::parseNewarray (594 bytes)
Event: 21.397 Thread 0x00007f8b3c0bc800 nmethod 2880 0x00007f8b2d5fa390 code [0x00007f8b2d5fa760, 0x00007f8b2d5fce68]
Event: 21.504 Thread 0x00007f8b3c0ba800 nmethod 2646 0x00007f8b2d6073d0 code [0x00007f8b2d607dc0, 0x00007f8b2d60f420]
Event: 21.504 Thread 0x00007f8b3c0ba800 2878       4       com.android.dx.ssa.back.FirstFitLocalCombiningAllocator::findNextUnreservedRopReg (68 bytes)
Event: 21.509 Thread 0x00007f8b3c0ba800 nmethod 2878 0x00007f8b2d5f3a10 code [0x00007f8b2d5f3b80, 0x00007f8b2d5f3e98]
Event: 21.509 Thread 0x00007f8b3c0ba800 2867       4       com.android.dx.ssa.back.FirstFitLocalCombiningAllocator::handleNormalUnassociated (99 bytes)

GC Heap History (10 events):
Event: 14.616 GC heap after
Heap after GC invocations=19 (full 3):
 PSYoungGen      total 705536K, used 130045K [0x000000076ab00000, 0x00000007a2f00000, 0x00000007c0000000)
  eden space 575488K, 0% used [0x000000076ab00000,0x000000076ab00000,0x000000078dd00000)
  from space 130048K, 99% used [0x0000000797680000,0x000000079f57f470,0x000000079f580000)
  to   space 157184K, 0% used [0x000000078dd00000,0x000000078dd00000,0x0000000797680000)
 ParOldGen       total 427008K, used 340452K [0x00000006c0000000, 0x00000006da100000, 0x000000076ab00000)
  object space 427008K, 79% used [0x00000006c0000000,0x00000006d4c792d0,0x00000006da100000)
 Metaspace       used 6388K, capacity 7280K, committed 7552K, reserved 1056768K
  class space    used 582K, capacity 616K, committed 640K, reserved 1048576K
}
Event: 15.966 GC heap before
{Heap before GC invocations=20 (full 3):
 PSYoungGen      total 705536K, used 705533K [0x000000076ab00000, 0x00000007a2f00000, 0x00000007c0000000)
  eden space 575488K, 100% used [0x000000076ab00000,0x000000078dd00000,0x000000078dd00000)
  from space 130048K, 99% used [0x0000000797680000,0x000000079f57f470,0x000000079f580000)
  to   space 157184K, 0% used [0x000000078dd00000,0x000000078dd00000,0x0000000797680000)
 ParOldGen       total 427008K, used 340452K [0x00000006c0000000, 0x00000006da100000, 0x000000076ab00000)
  object space 427008K, 79% used [0x00000006c0000000,0x00000006d4c792d0,0x00000006da100000)
 Metaspace       used 6388K, capacity 7280K, committed 7552K, reserved 1056768K
  class space    used 582K, capacity 616K, committed 640K, reserved 1048576K
Event: 16.232 GC heap after
Heap after GC invocations=20 (full 3):
 PSYoungGen      total 732672K, used 77772K [0x000000076ab00000, 0x00000007a5c80000, 0x00000007c0000000)
  eden space 575488K, 0% used [0x000000076ab00000,0x000000076ab00000,0x000000078dd00000)
  from space 157184K, 49% used [0x000000078dd00000,0x00000007928f3120,0x0000000797680000)
  to   space 155136K, 0% used [0x000000079c500000,0x000000079c500000,0x00000007a5c80000)
 ParOldGen       total 470528K, used 470498K [0x00000006c0000000, 0x00000006dcb80000, 0x000000076ab00000)
  object space 470528K, 99% used [0x00000006c0000000,0x00000006dcb78b08,0x00000006dcb80000)
 Metaspace       used 6388K, capacity 7280K, committed 7552K, reserved 1056768K
  class space    used 582K, capacity 616K, committed 640K, reserved 1048576K
}
Event: 16.232 GC heap before
{Heap before GC invocations=21 (full 4):
 PSYoungGen      total 732672K, used 77772K [0x000000076ab00000, 0x00000007a5c80000, 0x00000007c0000000)
  eden space 575488K, 0% used [0x000000076ab00000,0x000000076ab00000,0x000000078dd00000)
  from space 157184K, 49% used [0x000000078dd00000,0x00000007928f3120,0x0000000797680000)
  to   space 155136K, 0% used [0x000000079c500000,0x000000079c500000,0x00000007a5c80000)
 ParOldGen       total 470528K, used 470498K [0x00000006c0000000, 0x00000006dcb80000, 0x000000076ab00000)
  object space 470528K, 99% used [0x00000006c0000000,0x00000006dcb78b08,0x00000006dcb80000)
 Metaspace       used 6388K, capacity 7280K, committed 7552K, reserved 1056768K
  class space    used 582K, capacity 616K, committed 640K, reserved 1048576K
Event: 18.392 GC heap after
Heap after GC invocations=21 (full 4):
 PSYoungGen      total 732672K, used 69725K [0x000000076ab00000, 0x00000007a5c80000, 0x00000007c0000000)
  eden space 575488K, 0% used [0x000000076ab00000,0x000000076ab00000,0x000000078dd00000)
  from space 157184K, 44% used [0x000000078dd00000,0x0000000792117650,0x0000000797680000)
  to   space 155136K, 0% used [0x000000079c500000,0x000000079c500000,0x00000007a5c80000)
 ParOldGen       total 721920K, used 470297K [0x00000006c0000000, 0x00000006ec100000, 0x000000076ab00000)
  object space 721920K, 65% used [0x00000006c0000000,0x00000006dcb46578,0x00000006ec100000)
 Metaspace       used 6388K, capacity 7280K, committed 7552K, reserved 1056768K
  class space    used 582K, capacity 616K, committed 640K, reserved 1048576K
}
Event: 19.756 GC heap before
{Heap before GC invocations=22 (full 4):
 PSYoungGen      total 732672K, used 645213K [0x000000076ab00000, 0x00000007a5c80000, 0x00000007c0000000)
  eden space 575488K, 100% used [0x000000076ab00000,0x000000078dd00000,0x000000078dd00000)
  from space 157184K, 44% used [0x000000078dd00000,0x0000000792117650,0x0000000797680000)
  to   space 155136K, 0% used [0x000000079c500000,0x000000079c500000,0x00000007a5c80000)
 ParOldGen       total 721920K, used 470297K [0x00000006c0000000, 0x00000006ec100000, 0x000000076ab00000)
  object space 721920K, 65% used [0x00000006c0000000,0x00000006dcb46578,0x00000006ec100000)
 Metaspace       used 6388K, capacity 7280K, committed 7552K, reserved 1056768K
  class space    used 582K, capacity 616K, committed 640K, reserved 1048576K
Event: 20.058 GC heap after
Heap after GC invocations=22 (full 4):
 PSYoungGen      total 786944K, used 155121K [0x000000076ab00000, 0x00000007a8600000, 0x00000007c0000000)
  eden space 631808K, 0% used [0x000000076ab00000,0x000000076ab00000,0x0000000791400000)
  from space 155136K, 99% used [0x000000079c500000,0x00000007a5c7c418,0x00000007a5c80000)
  to   space 181248K, 0% used [0x0000000791400000,0x0000000791400000,0x000000079c500000)
 ParOldGen       total 721920K, used 471544K [0x00000006c0000000, 0x00000006ec100000, 0x000000076ab00000)
  object space 721920K, 65% used [0x00000006c0000000,0x00000006dcc7e0d0,0x00000006ec100000)
 Metaspace       used 6388K, capacity 7280K, committed 7552K, reserved 1056768K
  class space    used 582K, capacity 616K, committed 640K, reserved 1048576K
}
Event: 21.588 GC heap before
{Heap before GC invocations=23 (full 4):
 PSYoungGen      total 786944K, used 786929K [0x000000076ab00000, 0x00000007a8600000, 0x00000007c0000000)
  eden space 631808K, 100% used [0x000000076ab00000,0x0000000791400000,0x0000000791400000)
  from space 155136K, 99% used [0x000000079c500000,0x00000007a5c7c418,0x00000007a5c80000)
  to   space 181248K, 0% used [0x0000000791400000,0x0000000791400000,0x000000079c500000)
 ParOldGen       total 721920K, used 471544K [0x00000006c0000000, 0x00000006ec100000, 0x000000076ab00000)
  object space 721920K, 65% used [0x00000006c0000000,0x00000006dcc7e0d0,0x00000006ec100000)
 Metaspace       used 6403K, capacity 7280K, committed 7552K, reserved 1056768K
  class space    used 583K, capacity 616K, committed 640K, reserved 1048576K
Event: 21.878 GC heap after
Heap after GC invocations=23 (full 4):
 PSYoungGen      total 813056K, used 100781K [0x000000076ab00000, 0x00000007aca80000, 0x00000007c0000000)
  eden space 631808K, 0% used [0x000000076ab00000,0x000000076ab00000,0x0000000791400000)
  from space 181248K, 55% used [0x0000000791400000,0x000000079766b4d8,0x000000079c500000)
  to   space 181760K, 0% used [0x00000007a1900000,0x00000007a1900000,0x00000007aca80000)
 ParOldGen       total 721920K, used 624522K [0x00000006c0000000, 0x00000006ec100000, 0x000000076ab00000)
  object space 721920K, 86% used [0x00000006c0000000,0x00000006e61e28e0,0x00000006ec100000)
 Metaspace       used 6403K, capacity 7280K, committed 7552K, reserved 1056768K
  class space    used 583K, capacity 616K, committed 640K, reserved 1048576K
}
Event: 21.878 GC heap before
{Heap before GC invocations=24 (full 5):
 PSYoungGen      total 813056K, used 100781K [0x000000076ab00000, 0x00000007aca80000, 0x00000007c0000000)
  eden space 631808K, 0% used [0x000000076ab00000,0x000000076ab00000,0x0000000791400000)
  from space 181248K, 55% used [0x0000000791400000,0x000000079766b4d8,0x000000079c500000)
  to   space 181760K, 0% used [0x00000007a1900000,0x00000007a1900000,0x00000007aca80000)
 ParOldGen       total 721920K, used 624522K [0x00000006c0000000, 0x00000006ec100000, 0x000000076ab00000)
  object space 721920K, 86% used [0x00000006c0000000,0x00000006e61e28e0,0x00000006ec100000)
 Metaspace       used 6403K, capacity 7280K, committed 7552K, reserved 1056768K
  class space    used 583K, capacity 616K, committed 640K, reserved 1048576K

Deoptimization events (10 events):
Event: 20.280 Thread 0x00007f8b3c18e000 Uncommon trap: reason=class_check action=maybe_recompile pc=0x00007f8b2d52f3c8 method=com.android.dx.ssa.back.InterferenceGraph.mergeInterferenceSet(ILcom/android/dx/util/IntSet;)V @ 20
Event: 20.280 Thread 0x00007f8b3c18e000 Uncommon trap: reason=class_check action=maybe_recompile pc=0x00007f8b2d52f3c8 method=com.android.dx.ssa.back.InterferenceGraph.mergeInterferenceSet(ILcom/android/dx/util/IntSet;)V @ 20
Event: 20.280 Thread 0x00007f8b3c18e000 Uncommon trap: reason=class_check action=maybe_recompile pc=0x00007f8b2d52f3c8 method=com.android.dx.ssa.back.InterferenceGraph.mergeInterferenceSet(ILcom/android/dx/util/IntSet;)V @ 20
Event: 20.344 Thread 0x00007f8b3c00a000 Uncommon trap: reason=bimorphic action=maybe_recompile pc=0x00007f8b2d48ac90 method=com.android.dx.cf.code.BytecodeArray.parseInstruction(ILcom/android/dx/cf/code/BytecodeArray$Visitor;)I @ 1003
Event: 20.344 Thread 0x00007f8b3c00a000 Uncommon trap: reason=bimorphic action=maybe_recompile pc=0x00007f8b2d48b1e4 method=com.android.dx.cf.code.BytecodeArray.parseInstruction(ILcom/android/dx/cf/code/BytecodeArray$Visitor;)I @ 1327
Event: 20.344 Thread 0x00007f8b3c00a000 Uncommon trap: reason=bimorphic action=maybe_recompile pc=0x00007f8b2d48b1e4 method=com.android.dx.cf.code.BytecodeArray.parseInstruction(ILcom/android/dx/cf/code/BytecodeArray$Visitor;)I @ 1327
Event: 21.337 Thread 0x00007f8b3c18f800 Uncommon trap: reason=bimorphic action=maybe_recompile pc=0x00007f8b2d4e36a0 method=com.android.dx.ssa.back.FirstFitLocalCombiningAllocator.findNextUnreservedRopReg(IILcom/android/dx/ssa/back/FirstFitLocalCombiningAllocator$Alignment;)I @ 60
Event: 21.337 Thread 0x00007f8b3c18f800 Uncommon trap: reason=bimorphic action=maybe_recompile pc=0x00007f8b2d4e36a0 method=com.android.dx.ssa.back.FirstFitLocalCombiningAllocator.findNextUnreservedRopReg(IILcom/android/dx/ssa/back/FirstFitLocalCombiningAllocator$Alignment;)I @ 60
Event: 21.343 Thread 0x00007f8b3c18f800 Uncommon trap: reason=bimorphic action=maybe_recompile pc=0x00007f8b2d4e36a0 method=com.android.dx.ssa.back.FirstFitLocalCombiningAllocator.findNextUnreservedRopReg(IILcom/android/dx/ssa/back/FirstFitLocalCombiningAllocator$Alignment;)I @ 60
Event: 21.344 Thread 0x00007f8b3c18f800 Uncommon trap: reason=bimorphic action=maybe_recompile pc=0x00007f8b2d4e36a0 method=com.android.dx.ssa.back.FirstFitLocalCombiningAllocator.findNextUnreservedRopReg(IILcom/android/dx/ssa/back/FirstFitLocalCombiningAllocator$Alignment;)I @ 60

Internal exceptions (10 events):
Event: 0.015 Thread 0x00007f8b3c00a000 Exception <a 'java/lang/NoSuchMethodError': Method sun.misc.Unsafe.defineClass(Ljava/lang/String;[BII)Ljava/lang/Class; name or signature does not match> (0x000000076ab07c78) thrown at [/ssd/Android/AOSP-openjdk/external/jetbrains/jdk/hotspot/src/share/vm
Event: 0.015 Thread 0x00007f8b3c00a000 Exception <a 'java/lang/NoSuchMethodError': Method sun.misc.Unsafe.prefetchRead(Ljava/lang/Object;J)V name or signature does not match> (0x000000076ab07f60) thrown at [/ssd/Android/AOSP-openjdk/external/jetbrains/jdk/hotspot/src/share/vm/prims/jni.cpp, li
Event: 0.480 Thread 0x00007f8b3c00a000 Implicit null exception at 0x00007f8b2c9093f4 to 0x00007f8b2c909a3d
Event: 0.965 Thread 0x00007f8b3c18f800 Implicit null exception at 0x00007f8b2cad7953 to 0x00007f8b2cada479
Event: 1.295 Thread 0x00007f8b3c18f800 Implicit null exception at 0x00007f8b2cb1960c to 0x00007f8b2cb1c025
Event: 1.381 Thread 0x00007f8b3c18e000 Implicit null exception at 0x00007f8b2cbb2318 to 0x00007f8b2cbb24fd
Event: 2.129 Thread 0x00007f8b3c191000 Exception <a 'java/lang/ArrayIndexOutOfBoundsException': 18> (0x000000076d10add8) thrown at [/ssd/Android/AOSP-openjdk/external/jetbrains/jdk/hotspot/src/share/vm/interpreter/interpreterRuntime.cpp, line 366]
Event: 2.129 Thread 0x00007f8b3c191000 Exception <a 'java/lang/ArrayIndexOutOfBoundsException': 145> (0x000000076d10c958) thrown at [/ssd/Android/AOSP-openjdk/external/jetbrains/jdk/hotspot/src/share/vm/interpreter/interpreterRuntime.cpp, line 366]
Event: 2.129 Thread 0x00007f8b3c191000 Exception <a 'java/lang/ArrayIndexOutOfBoundsException'> (0x000000076d10dc40) thrown at [/ssd/Android/AOSP-openjdk/external/jetbrains/jdk/hotspot/src/share/vm/runtime/sharedRuntime.cpp, line 605]
Event: 12.610 Thread 0x00007f8b3c191000 Implicit null exception at 0x00007f8b2d273f75 to 0x00007f8b2d277f19

Events (10 events):
Event: 21.468 Thread 0x00007f8b3c18f800 DEOPT UNPACKING pc=0x00007f8b2c7f4373 sp=0x00007f8b23efcec0 mode 0
Event: 21.498 Thread 0x00007f8b3c18f800 DEOPT PACKING pc=0x00007f8b2cab5c8a sp=0x00007f8b23efcea0
Event: 21.498 Thread 0x00007f8b3c18f800 DEOPT UNPACKING pc=0x00007f8b2c7f4373 sp=0x00007f8b23efcc08 mode 0
Event: 21.507 Thread 0x00007f8b3c18e000 DEOPT PACKING pc=0x00007f8b2cb92134 sp=0x00007f8b23ffe310
Event: 21.507 Thread 0x00007f8b3c18e000 DEOPT UNPACKING pc=0x00007f8b2c7f4373 sp=0x00007f8b23ffe010 mode 0
Event: 21.551 Thread 0x00007f8b3c18b000 DEOPT PACKING pc=0x00007f8b2cb92134 sp=0x00007f8b282c1210
Event: 21.551 Thread 0x00007f8b3c18b000 DEOPT UNPACKING pc=0x00007f8b2c7f4373 sp=0x00007f8b282c0f10 mode 0
Event: 21.559 Thread 0x00007f8b3c18b000 DEOPT PACKING pc=0x00007f8b2ce97db4 sp=0x00007f8b282c1640
Event: 21.559 Thread 0x00007f8b3c18b000 DEOPT UNPACKING pc=0x00007f8b2c7f4373 sp=0x00007f8b282c1440 mode 0
Event: 21.588 Executing VM operation: ParallelGCFailedAllocation


Dynamic libraries:
00400000-00401000 r-xp 00000000 08:05 929732                             /opt/android-studio/jre/bin/java
00600000-00601000 r--p 00000000 08:05 929732                             /opt/android-studio/jre/bin/java
00601000-00602000 rw-p 00001000 08:05 929732                             /opt/android-studio/jre/bin/java
010a9000-010ca000 rw-p 00000000 00:00 0                                  [heap]
6c0000000-6ec100000 rw-p 00000000 00:00 0 
700480000-76ab00000 ---p 00000000 00:00 0 
76ab00000-7aca80000 rw-p 00000000 00:00 0 
7aca80000-7c0000000 ---p 00000000 00:00 0 
7c0000000-7c00a0000 rw-p 00000000 00:00 0 
7c00a0000-800000000 ---p 00000000 00:00 0 
7f8ad4000000-7f8ad403d000 rw-p 00000000 00:00 0 
7f8ad403d000-7f8ad8000000 ---p 00000000 00:00 0 
7f8ad8000000-7f8ad8029000 rw-p 00000000 00:00 0 
7f8ad8029000-7f8adc000000 ---p 00000000 00:00 0 
7f8adc000000-7f8adc021000 rw-p 00000000 00:00 0 
7f8adc021000-7f8ae0000000 ---p 00000000 00:00 0 
7f8ae0000000-7f8ae0032000 rw-p 00000000 00:00 0 
7f8ae0032000-7f8ae4000000 ---p 00000000 00:00 0 
7f8ae4000000-7f8ae4021000 rw-p 00000000 00:00 0 
7f8ae4021000-7f8ae8000000 ---p 00000000 00:00 0 
7f8ae8000000-7f8ae802c000 rw-p 00000000 00:00 0 
7f8ae802c000-7f8aec000000 ---p 00000000 00:00 0 
7f8aec000000-7f8aec7dc000 rw-p 00000000 00:00 0 
7f8aec7dc000-7f8af0000000 ---p 00000000 00:00 0 
7f8af0000000-7f8af0021000 rw-p 00000000 00:00 0 
7f8af0021000-7f8af4000000 ---p 00000000 00:00 0 
7f8af4000000-7f8af5967000 rw-p 00000000 00:00 0 
7f8af5967000-7f8af8000000 ---p 00000000 00:00 0 
7f8af8000000-7f8af95b0000 rw-p 00000000 00:00 0 
7f8af95b0000-7f8afc000000 ---p 00000000 00:00 0 
7f8afc000000-7f8afc021000 rw-p 00000000 00:00 0 
7f8afc021000-7f8b00000000 ---p 00000000 00:00 0 
7f8b00000000-7f8b00021000 rw-p 00000000 00:00 0 
7f8b00021000-7f8b04000000 ---p 00000000 00:00 0 
7f8b04000000-7f8b0428a000 rw-p 00000000 00:00 0 
7f8b0428a000-7f8b08000000 ---p 00000000 00:00 0 
7f8b08000000-7f8b08021000 rw-p 00000000 00:00 0 
7f8b08021000-7f8b0c000000 ---p 00000000 00:00 0 
7f8b0c000000-7f8b14000000 rw-p 00000000 00:00 0 
7f8b14000000-7f8b14021000 rw-p 00000000 00:00 0 
7f8b14021000-7f8b18000000 ---p 00000000 00:00 0 
7f8b18000000-7f8b18021000 rw-p 00000000 00:00 0 
7f8b18021000-7f8b1c000000 ---p 00000000 00:00 0 
7f8b1c000000-7f8b1c021000 rw-p 00000000 00:00 0 
7f8b1c021000-7f8b20000000 ---p 00000000 00:00 0 
7f8b23cfd000-7f8b23d00000 ---p 00000000 00:00 0 
7f8b23d00000-7f8b23dfe000 rw-p 00000000 00:00 0 
7f8b23dfe000-7f8b23e01000 ---p 00000000 00:00 0 
7f8b23e01000-7f8b23eff000 rw-p 00000000 00:00 0 
7f8b23eff000-7f8b23f02000 ---p 00000000 00:00 0 
7f8b23f02000-7f8b24000000 rw-p 00000000 00:00 0 
7f8b24000000-7f8b24021000 rw-p 00000000 00:00 0 
7f8b24021000-7f8b28000000 ---p 00000000 00:00 0 
7f8b2809c000-7f8b280c1000 r--p 00000000 08:05 144167                     /usr/share/locale-langpack/es/LC_MESSAGES/libc.mo
7f8b280c1000-7f8b280c4000 ---p 00000000 00:00 0 
7f8b280c4000-7f8b281c2000 rw-p 00000000 00:00 0 
7f8b281c2000-7f8b281c5000 ---p 00000000 00:00 0 
7f8b281c5000-7f8b282c3000 rw-p 00000000 00:00 0 
7f8b282c3000-7f8b283ae000 r--s 00adf000 08:06 1449312                    /home/lester/CONVERSA/Conversa-Android/app/build/intermediates/transforms/jarMerging/debug/jars/1/1f/combined.jar
7f8b283ae000-7f8b283af000 ---p 00000000 00:00 0 
7f8b283af000-7f8b284af000 rw-p 00000000 00:00 0 
7f8b284af000-7f8b284b2000 ---p 00000000 00:00 0 
7f8b284b2000-7f8b285b0000 rw-p 00000000 00:00 0 
7f8b285b0000-7f8b285b3000 ---p 00000000 00:00 0 
7f8b285b3000-7f8b286b1000 rw-p 00000000 00:00 0 
7f8b286b1000-7f8b286b4000 ---p 00000000 00:00 0 
7f8b286b4000-7f8b287b2000 rw-p 00000000 00:00 0 
7f8b287b2000-7f8b287b5000 ---p 00000000 00:00 0 
7f8b287b5000-7f8b288b3000 rw-p 00000000 00:00 0 
7f8b288b3000-7f8b288b6000 ---p 00000000 00:00 0 
7f8b288b6000-7f8b289b4000 rw-p 00000000 00:00 0 
7f8b289b4000-7f8b28f01000 r--p 00000000 08:05 1051794                    /usr/lib/locale/locale-archive
7f8b28f01000-7f8b28f04000 ---p 00000000 00:00 0 
7f8b28f04000-7f8b29002000 rw-p 00000000 00:00 0 
7f8b29002000-7f8b29005000 ---p 00000000 00:00 0 
7f8b29005000-7f8b29103000 rw-p 00000000 00:00 0 
7f8b29103000-7f8b29104000 ---p 00000000 00:00 0 
7f8b29104000-7f8b2a1c4000 rw-p 00000000 00:00 0 
7f8b2a1c4000-7f8b2a393000 r--s 03c1b000 08:05 929783                     /opt/android-studio/jre/jre/lib/rt.jar
7f8b2a393000-7f8b2aa53000 rw-p 00000000 00:00 0 
7f8b2aa53000-7f8b2ab93000 ---p 00000000 00:00 0 
7f8b2ab93000-7f8b2b393000 rw-p 00000000 00:00 0 
7f8b2b393000-7f8b2b394000 ---p 00000000 00:00 0 
7f8b2b394000-7f8b2b494000 rw-p 00000000 00:00 0 
7f8b2b494000-7f8b2b495000 ---p 00000000 00:00 0 
7f8b2b495000-7f8b2b595000 rw-p 00000000 00:00 0 
7f8b2b595000-7f8b2b596000 ---p 00000000 00:00 0 
7f8b2b596000-7f8b2b7f7000 rw-p 00000000 00:00 0 
7f8b2b7f7000-7f8b2bbec000 ---p 00000000 00:00 0 
7f8b2bbec000-7f8b2bd4d000 rw-p 00000000 00:00 0 
7f8b2bd4d000-7f8b2c141000 ---p 00000000 00:00 0 
7f8b2c141000-7f8b2c352000 rw-p 00000000 00:00 0 
7f8b2c352000-7f8b2c3ec000 ---p 00000000 00:00 0 
7f8b2c3ec000-7f8b2c427000 rw-p 00000000 00:00 0 
7f8b2c427000-7f8b2c7ad000 ---p 00000000 00:00 0 
7f8b2c7ad000-7f8b2d61d000 rwxp 00000000 00:00 0 
7f8b2d61d000-7f8b3b7ad000 ---p 00000000 00:00 0 
7f8b3b7ad000-7f8b3b7c7000 r-xp 00000000 08:05 929798                     /opt/android-studio/jre/jre/lib/amd64/libzip.so
7f8b3b7c7000-7f8b3b9c7000 ---p 0001a000 08:05 929798                     /opt/android-studio/jre/jre/lib/amd64/libzip.so
7f8b3b9c7000-7f8b3b9c8000 r--p 0001a000 08:05 929798                     /opt/android-studio/jre/jre/lib/amd64/libzip.so
7f8b3b9c8000-7f8b3b9c9000 rw-p 0001b000 08:05 929798                     /opt/android-studio/jre/jre/lib/amd64/libzip.so
7f8b3b9c9000-7f8b3b9d4000 r-xp 00000000 08:05 657657                     /lib/x86_64-linux-gnu/libnss_files-2.23.so
7f8b3b9d4000-7f8b3bbd3000 ---p 0000b000 08:05 657657                     /lib/x86_64-linux-gnu/libnss_files-2.23.so
7f8b3bbd3000-7f8b3bbd4000 r--p 0000a000 08:05 657657                     /lib/x86_64-linux-gnu/libnss_files-2.23.so
7f8b3bbd4000-7f8b3bbd5000 rw-p 0000b000 08:05 657657                     /lib/x86_64-linux-gnu/libnss_files-2.23.so
7f8b3bbd5000-7f8b3bbdb000 rw-p 00000000 00:00 0 
7f8b3bbdb000-7f8b3bbe6000 r-xp 00000000 08:05 657660                     /lib/x86_64-linux-gnu/libnss_nis-2.23.so
7f8b3bbe6000-7f8b3bde5000 ---p 0000b000 08:05 657660                     /lib/x86_64-linux-gnu/libnss_nis-2.23.so
7f8b3bde5000-7f8b3bde6000 r--p 0000a000 08:05 657660                     /lib/x86_64-linux-gnu/libnss_nis-2.23.so
7f8b3bde6000-7f8b3bde7000 rw-p 0000b000 08:05 657660                     /lib/x86_64-linux-gnu/libnss_nis-2.23.so
7f8b3bde7000-7f8b3bdfd000 r-xp 00000000 08:05 657653                     /lib/x86_64-linux-gnu/libnsl-2.23.so
7f8b3bdfd000-7f8b3bffc000 ---p 00016000 08:05 657653                     /lib/x86_64-linux-gnu/libnsl-2.23.so
7f8b3bffc000-7f8b3bffd000 r--p 00015000 08:05 657653                     /lib/x86_64-linux-gnu/libnsl-2.23.so
7f8b3bffd000-7f8b3bffe000 rw-p 00016000 08:05 657653                     /lib/x86_64-linux-gnu/libnsl-2.23.so
7f8b3bffe000-7f8b3c000000 rw-p 00000000 00:00 0 
7f8b3c000000-7f8b3c395000 rw-p 00000000 00:00 0 
7f8b3c395000-7f8b40000000 ---p 00000000 00:00 0 
7f8b40003000-7f8b400bb000 rw-p 00000000 00:00 0 
7f8b400bb000-7f8b400bc000 ---p 00000000 00:00 0 
7f8b400bc000-7f8b401bc000 rw-p 00000000 00:00 0 
7f8b401bc000-7f8b401c4000 r-xp 00000000 08:05 657666                     /lib/x86_64-linux-gnu/libnss_compat-2.23.so
7f8b401c4000-7f8b403c3000 ---p 00008000 08:05 657666                     /lib/x86_64-linux-gnu/libnss_compat-2.23.so
7f8b403c3000-7f8b403c4000 r--p 00007000 08:05 657666                     /lib/x86_64-linux-gnu/libnss_compat-2.23.so
7f8b403c4000-7f8b403c5000 rw-p 00008000 08:05 657666                     /lib/x86_64-linux-gnu/libnss_compat-2.23.so
7f8b403c5000-7f8b403f2000 r-xp 00000000 08:05 929815                     /opt/android-studio/jre/jre/lib/amd64/libjava.so
7f8b403f2000-7f8b405f1000 ---p 0002d000 08:05 929815                     /opt/android-studio/jre/jre/lib/amd64/libjava.so
7f8b405f1000-7f8b405f2000 r--p 0002c000 08:05 929815                     /opt/android-studio/jre/jre/lib/amd64/libjava.so
7f8b405f2000-7f8b405f4000 rw-p 0002d000 08:05 929815                     /opt/android-studio/jre/jre/lib/amd64/libjava.so
7f8b405f4000-7f8b40604000 r-xp 00000000 08:05 929788                     /opt/android-studio/jre/jre/lib/amd64/libverify.so
7f8b40604000-7f8b40803000 ---p 00010000 08:05 929788                     /opt/android-studio/jre/jre/lib/amd64/libverify.so
7f8b40803000-7f8b40805000 r--p 0000f000 08:05 929788                     /opt/android-studio/jre/jre/lib/amd64/libverify.so
7f8b40805000-7f8b40806000 rw-p 00011000 08:05 929788                     /opt/android-studio/jre/jre/lib/amd64/libverify.so
7f8b40806000-7f8b4080d000 r-xp 00000000 08:05 657662                     /lib/x86_64-linux-gnu/librt-2.23.so
7f8b4080d000-7f8b40a0c000 ---p 00007000 08:05 657662                     /lib/x86_64-linux-gnu/librt-2.23.so
7f8b40a0c000-7f8b40a0d000 r--p 00006000 08:05 657662                     /lib/x86_64-linux-gnu/librt-2.23.so
7f8b40a0d000-7f8b40a0e000 rw-p 00007000 08:05 657662                     /lib/x86_64-linux-gnu/librt-2.23.so
7f8b40a0e000-7f8b40b16000 r-xp 00000000 08:05 657671                     /lib/x86_64-linux-gnu/libm-2.23.so
7f8b40b16000-7f8b40d15000 ---p 00108000 08:05 657671                     /lib/x86_64-linux-gnu/libm-2.23.so
7f8b40d15000-7f8b40d16000 r--p 00107000 08:05 657671                     /lib/x86_64-linux-gnu/libm-2.23.so
7f8b40d16000-7f8b40d17000 rw-p 00108000 08:05 657671                     /lib/x86_64-linux-gnu/libm-2.23.so
7f8b40d17000-7f8b41908000 r-xp 00000000 08:05 929796                     /opt/android-studio/jre/jre/lib/amd64/server/libjvm.so
7f8b41908000-7f8b41b08000 ---p 00bf1000 08:05 929796                     /opt/android-studio/jre/jre/lib/amd64/server/libjvm.so
7f8b41b08000-7f8b41ba7000 r--p 00bf1000 08:05 929796                     /opt/android-studio/jre/jre/lib/amd64/server/libjvm.so
7f8b41ba7000-7f8b41bd0000 rw-p 00c90000 08:05 929796                     /opt/android-studio/jre/jre/lib/amd64/server/libjvm.so
7f8b41bd0000-7f8b41c14000 rw-p 00000000 00:00 0 
7f8b41c14000-7f8b41c2c000 r-xp 00000000 08:05 657659                     /lib/x86_64-linux-gnu/libpthread-2.23.so
7f8b41c2c000-7f8b41e2b000 ---p 00018000 08:05 657659                     /lib/x86_64-linux-gnu/libpthread-2.23.so
7f8b41e2b000-7f8b41e2c000 r--p 00017000 08:05 657659                     /lib/x86_64-linux-gnu/libpthread-2.23.so
7f8b41e2c000-7f8b41e2d000 rw-p 00018000 08:05 657659                     /lib/x86_64-linux-gnu/libpthread-2.23.so
7f8b41e2d000-7f8b41e31000 rw-p 00000000 00:00 0 
7f8b41e31000-7f8b41e34000 r-xp 00000000 08:05 657665                     /lib/x86_64-linux-gnu/libdl-2.23.so
7f8b41e34000-7f8b42033000 ---p 00003000 08:05 657665                     /lib/x86_64-linux-gnu/libdl-2.23.so
7f8b42033000-7f8b42034000 r--p 00002000 08:05 657665                     /lib/x86_64-linux-gnu/libdl-2.23.so
7f8b42034000-7f8b42035000 rw-p 00003000 08:05 657665                     /lib/x86_64-linux-gnu/libdl-2.23.so
7f8b42035000-7f8b421f5000 r-xp 00000000 08:05 657676                     /lib/x86_64-linux-gnu/libc-2.23.so
7f8b421f5000-7f8b423f5000 ---p 001c0000 08:05 657676                     /lib/x86_64-linux-gnu/libc-2.23.so
7f8b423f5000-7f8b423f9000 r--p 001c0000 08:05 657676                     /lib/x86_64-linux-gnu/libc-2.23.so
7f8b423f9000-7f8b423fb000 rw-p 001c4000 08:05 657676                     /lib/x86_64-linux-gnu/libc-2.23.so
7f8b423fb000-7f8b423ff000 rw-p 00000000 00:00 0 
7f8b423ff000-7f8b42415000 r-xp 00000000 08:05 929747                     /opt/android-studio/jre/lib/amd64/jli/libjli.so
7f8b42415000-7f8b42614000 ---p 00016000 08:05 929747                     /opt/android-studio/jre/lib/amd64/jli/libjli.so
7f8b42614000-7f8b42615000 r--p 00015000 08:05 929747                     /opt/android-studio/jre/lib/amd64/jli/libjli.so
7f8b42615000-7f8b42616000 rw-p 00016000 08:05 929747                     /opt/android-studio/jre/lib/amd64/jli/libjli.so
7f8b42616000-7f8b4263c000 r-xp 00000000 08:05 657654                     /lib/x86_64-linux-gnu/ld-2.23.so
7f8b4263e000-7f8b42645000 r--s 00000000 08:05 8623                       /usr/lib/x86_64-linux-gnu/gconv/gconv-modules.cache
7f8b42645000-7f8b42718000 rw-p 00000000 00:00 0 
7f8b42718000-7f8b4271b000 ---p 00000000 00:00 0 
7f8b4271b000-7f8b4281d000 rw-p 00000000 00:00 0 
7f8b42821000-7f8b4282f000 r--s 000e0000 08:05 806433                     /root/Android/Sdk/build-tools/25.0.3/lib/dx.jar
7f8b4282f000-7f8b42837000 rw-s 00000000 08:05 806998                     /tmp/hsperfdata_lester/5451
7f8b42837000-7f8b42838000 rw-p 00000000 00:00 0 
7f8b42838000-7f8b42839000 ---p 00000000 00:00 0 
7f8b42839000-7f8b4283b000 rw-p 00000000 00:00 0 
7f8b4283b000-7f8b4283c000 r--p 00025000 08:05 657654                     /lib/x86_64-linux-gnu/ld-2.23.so
7f8b4283c000-7f8b4283d000 rw-p 00026000 08:05 657654                     /lib/x86_64-linux-gnu/ld-2.23.so
7f8b4283d000-7f8b4283e000 rw-p 00000000 00:00 0 
7ffdeea44000-7ffdeea65000 rw-p 00000000 00:00 0                          [stack]
7ffdeeac3000-7ffdeeac5000 r--p 00000000 00:00 0                          [vvar]
7ffdeeac5000-7ffdeeac7000 r-xp 00000000 00:00 0                          [vdso]
ffffffffff600000-ffffffffff601000 r-xp 00000000 00:00 0                  [vsyscall]

VM Arguments:
jvm_args: -Djava.awt.headless=true -Xmx4g -Dfile.encoding=UTF-8 -Duser.country=GT -Duser.language=es -Duser.variant 
java_command: com.android.dx.command.Main --dex --num-threads=4 --multi-dex --main-dex-list /home/lester/CONVERSA/Conversa-Android/app/build/intermediates/multi-dex/debug/maindexlist.txt --output /home/lester/CONVERSA/Conversa-Android/app/build/intermediates/transforms/dex/debug/folders/1000/1f/main /home/lester/CONVERSA/Conversa-Android/app/build/intermediates/transforms/jarMerging/debug/jars/1/1f/combined.jar
java_class_path (initial): /root/Android/Sdk/build-tools/25.0.3/lib/dx.jar
Launcher Type: SUN_STANDARD

Environment Variables:
PATH=/home/lester/bin:/home/lester/.local/bin:/usr/local/sbin:/usr/local/bin:/usr/sbin:/usr/bin:/sbin:/bin:/usr/games:/usr/local/games:/snap/bin
SHELL=/bin/bash
DISPLAY=:0

Signal Handlers:
SIGSEGV: [libjvm.so+0x9e5150], sa_mask[0]=11111111011111111101111111111110, sa_flags=SA_RESTART|SA_SIGINFO
SIGBUS: [libjvm.so+0x9e5150], sa_mask[0]=11111111011111111101111111111110, sa_flags=SA_RESTART|SA_SIGINFO
SIGFPE: [libjvm.so+0x848450], sa_mask[0]=11111111011111111101111111111110, sa_flags=SA_RESTART|SA_SIGINFO
SIGPIPE: [libjvm.so+0x848450], sa_mask[0]=11111111011111111101111111111110, sa_flags=SA_RESTART|SA_SIGINFO
SIGXFSZ: [libjvm.so+0x848450], sa_mask[0]=11111111011111111101111111111110, sa_flags=SA_RESTART|SA_SIGINFO
SIGILL: [libjvm.so+0x848450], sa_mask[0]=11111111011111111101111111111110, sa_flags=SA_RESTART|SA_SIGINFO
SIGUSR1: SIG_DFL, sa_mask[0]=00000000000000000000000000000000, sa_flags=none
SIGUSR2: [libjvm.so+0x848320], sa_mask[0]=00100000000000000000000000000000, sa_flags=SA_RESTART|SA_SIGINFO
SIGHUP: [libjvm.so+0x848510], sa_mask[0]=11111111011111111101111111111110, sa_flags=SA_RESTART|SA_SIGINFO
SIGINT: [libjvm.so+0x848510], sa_mask[0]=11111111011111111101111111111110, sa_flags=SA_RESTART|SA_SIGINFO
SIGTERM: [libjvm.so+0x848510], sa_mask[0]=11111111011111111101111111111110, sa_flags=SA_RESTART|SA_SIGINFO
SIGQUIT: [libjvm.so+0x848510], sa_mask[0]=11111111011111111101111111111110, sa_flags=SA_RESTART|SA_SIGINFO


---------------  S Y S T E M  ---------------

OS:DISTRIB_ID=Ubuntu
DISTRIB_RELEASE=16.04
DISTRIB_CODENAME=xenial
DISTRIB_DESCRIPTION="Ubuntu 16.04.3 LTS"

uname:Linux 4.4.0-97-generic #120-Ubuntu SMP Tue Sep 19 17:28:18 UTC 2017 x86_64
libc:glibc 2.23 NPTL 2.23 
rlimit: STACK 8192k, CORE 0k, NPROC 31122, NOFILE 1048576, AS infinity
load average:3.50 2.31 1.63

/proc/meminfo:
MemTotal:        8075500 kB
MemFree:          140132 kB
MemAvailable:      59412 kB
Buffers:            2508 kB
Cached:           693176 kB
SwapCached:            0 kB
Active:          6394628 kB
Inactive:         611236 kB
Active(anon):    6362192 kB
Inactive(anon):   571084 kB
Active(file):      32436 kB
Inactive(file):    40152 kB
Unevictable:          32 kB
Mlocked:              32 kB
SwapTotal:             0 kB
SwapFree:              0 kB
Dirty:             20468 kB
Writeback:             0 kB
AnonPages:       6310900 kB
Mapped:           970080 kB
Shmem:            622412 kB
Slab:              90028 kB
SReclaimable:      43988 kB
SUnreclaim:        46040 kB
KernelStack:       12720 kB
PageTables:        49676 kB
NFS_Unstable:          0 kB
Bounce:                0 kB
WritebackTmp:          0 kB
CommitLimit:     4037748 kB
Committed_AS:   12056260 kB
VmallocTotal:   34359738367 kB
VmallocUsed:           0 kB
VmallocChunk:          0 kB
HardwareCorrupted:     0 kB
AnonHugePages:   3448832 kB
CmaTotal:              0 kB
CmaFree:               0 kB
HugePages_Total:       0
HugePages_Free:        0
HugePages_Rsvd:        0
HugePages_Surp:        0
Hugepagesize:       2048 kB
DirectMap4k:      162604 kB
DirectMap2M:     4980736 kB
DirectMap1G:     4194304 kB


CPU:total 4 (2 cores per cpu, 2 threads per core) family 6 model 61 stepping 4, cmov, cx8, fxsr, mmx, sse, sse2, sse3, ssse3, sse4.1, sse4.2, popcnt, avx, avx2, aes, clmul, erms, 3dnowpref, lzcnt, ht, tsc, tscinvbit, bmi1, bmi2, adx

/proc/cpuinfo:
processor	: 0
vendor_id	: GenuineIntel
cpu family	: 6
model		: 61
model name	: Intel(R) Core(TM) i7-5500U CPU @ 2.40GHz
stepping	: 4
microcode	: 0x18
cpu MHz		: 2395.968
cache size	: 4096 KB
physical id	: 0
siblings	: 4
core id		: 0
cpu cores	: 2
apicid		: 0
initial apicid	: 0
fpu		: yes
fpu_exception	: yes
cpuid level	: 20
wp		: yes
flags		: fpu vme de pse tsc msr pae mce cx8 apic sep mtrr pge mca cmov pat pse36 clflush dts acpi mmx fxsr sse sse2 ss ht tm pbe syscall nx pdpe1gb rdtscp lm constant_tsc arch_perfmon pebs bts rep_good nopl xtopology nonstop_tsc aperfmperf eagerfpu pni pclmulqdq dtes64 monitor ds_cpl vmx est tm2 ssse3 sdbg fma cx16 xtpr pdcm pcid sse4_1 sse4_2 x2apic movbe popcnt tsc_deadline_timer aes xsave avx f16c rdrand lahf_lm abm 3dnowprefetch epb intel_pt tpr_shadow vnmi flexpriority ept vpid fsgsbase tsc_adjust bmi1 avx2 smep bmi2 erms invpcid rdseed adx smap xsaveopt dtherm ida arat pln pts
bugs		:
bogomips	: 4789.05
clflush size	: 64
cache_alignment	: 64
address sizes	: 39 bits physical, 48 bits virtual
power management:

processor	: 1
vendor_id	: GenuineIntel
cpu family	: 6
model		: 61
model name	: Intel(R) Core(TM) i7-5500U CPU @ 2.40GHz
stepping	: 4
microcode	: 0x18
cpu MHz		: 2382.656
cache size	: 4096 KB
physical id	: 0
siblings	: 4
core id		: 1
cpu cores	: 2
apicid		: 2
initial apicid	: 2
fpu		: yes
fpu_exception	: yes
cpuid level	: 20
wp		: yes
flags		: fpu vme de pse tsc msr pae mce cx8 apic sep mtrr pge mca cmov pat pse36 clflush dts acpi mmx fxsr sse sse2 ss ht tm pbe syscall nx pdpe1gb rdtscp lm constant_tsc arch_perfmon pebs bts rep_good nopl xtopology nonstop_tsc aperfmperf eagerfpu pni pclmulqdq dtes64 monitor ds_cpl vmx est tm2 ssse3 sdbg fma cx16 xtpr pdcm pcid sse4_1 sse4_2 x2apic movbe popcnt tsc_deadline_timer aes xsave avx f16c rdrand lahf_lm abm 3dnowprefetch epb intel_pt tpr_shadow vnmi flexpriority ept vpid fsgsbase tsc_adjust bmi1 avx2 smep bmi2 erms invpcid rdseed adx smap xsaveopt dtherm ida arat pln pts
bugs		:
bogomips	: 4789.05
clflush size	: 64
cache_alignment	: 64
address sizes	: 39 bits physical, 48 bits virtual
power management:

processor	: 2
vendor_id	: GenuineIntel
cpu family	: 6
model		: 61
model name	: Intel(R) Core(TM) i7-5500U CPU @ 2.40GHz
stepping	: 4
microcode	: 0x18
cpu MHz		: 2394.187
cache size	: 4096 KB
physical id	: 0
siblings	: 4
core id		: 0
cpu cores	: 2
apicid		: 1
initial apicid	: 1
fpu		: yes
fpu_exception	: yes
cpuid level	: 20
wp		: yes
flags		: fpu vme de pse tsc msr pae mce cx8 apic sep mtrr pge mca cmov pat pse36 clflush dts acpi mmx fxsr sse sse2 ss ht tm pbe syscall nx pdpe1gb rdtscp lm constant_tsc arch_perfmon pebs bts rep_good nopl xtopology nonstop_tsc aperfmperf eagerfpu pni pclmulqdq dtes64 monitor ds_cpl vmx est tm2 ssse3 sdbg fma cx16 xtpr pdcm pcid sse4_1 sse4_2 x2apic movbe popcnt tsc_deadline_timer aes xsave avx f16c rdrand lahf_lm abm 3dnowprefetch epb intel_pt tpr_shadow vnmi flexpriority ept vpid fsgsbase tsc_adjust bmi1 avx2 smep bmi2 erms invpcid rdseed adx smap xsaveopt dtherm ida arat pln pts
bugs		:
bogomips	: 4789.05
clflush size	: 64
cache_alignment	: 64
address sizes	: 39 bits physical, 48 bits virtual
power management:

processor	: 3
vendor_id	: GenuineIntel
cpu family	: 6
model		: 61
model name	: Intel(R) Core(TM) i7-5500U CPU @ 2.40GHz
stepping	: 4
microcode	: 0x18
cpu MHz		: 2395.687
cache size	: 4096 KB
physical id	: 0
siblings	: 4
core id		: 1
cpu cores	: 2
apicid		: 3
initial apicid	: 3
fpu		: yes
fpu_exception	: yes
cpuid level	: 20
wp		: yes
flags		: fpu vme de pse tsc msr pae mce cx8 apic sep mtrr pge mca cmov pat pse36 clflush dts acpi mmx fxsr sse sse2 ss ht tm pbe syscall nx pdpe1gb rdtscp lm constant_tsc arch_perfmon pebs bts rep_good nopl xtopology nonstop_tsc aperfmperf eagerfpu pni pclmulqdq dtes64 monitor ds_cpl vmx est tm2 ssse3 sdbg fma cx16 xtpr pdcm pcid sse4_1 sse4_2 x2apic movbe popcnt tsc_deadline_timer aes xsave avx f16c rdrand lahf_lm abm 3dnowprefetch epb intel_pt tpr_shadow vnmi flexpriority ept vpid fsgsbase tsc_adjust bmi1 avx2 smep bmi2 erms invpcid rdseed adx smap xsaveopt dtherm ida arat pln pts
bugs		:
bogomips	: 4789.05
clflush size	: 64
cache_alignment	: 64
address sizes	: 39 bits physical, 48 bits virtual
power management:



Memory: 4k page, physical 8075500k(140132k free), swap 0k(0k free)

vm_info: OpenJDK 64-Bit Server VM (25.112-b06) for linux-amd64 JRE (1.8.0_112-release-b06), built on Dec  6 2016 12:11:18 by "builder" with gcc 4.8.4

time: Sat Nov  4 00:07:24 2017
elapsed time: 25 seconds (0d 0h 0m 25s)

