#
# There is insufficient memory for the Java Runtime Environment to continue.
# Native memory allocation (mmap) failed to map 134742016 bytes for committing reserved memory.
# Possible reasons:
#   The system is out of physical RAM or swap space
#   In 32 bit mode, the process size limit was hit
# Possible solutions:
#   Reduce memory load on the system
#   Increase physical memory or swap space
#   Check if swap backing store is full
#   Use 64 bit Java on a 64 bit OS
#   Decrease Java heap size (-Xmx/-Xms)
#   Decrease number of Java threads
#   Decrease Java thread stack sizes (-Xss)
#   Set larger code cache with -XX:ReservedCodeCacheSize=
# This output file may be truncated or incomplete.
#
#  Out of Memory Error (os_linux.cpp:2627), pid=22618, tid=0x00007f6daf1f1700
#
# JRE version: OpenJDK Runtime Environment (8.0_112-b06) (build 1.8.0_112-release-b06)
# Java VM: OpenJDK 64-Bit Server VM (25.112-b06 mixed mode linux-amd64 compressed oops)
# Failed to write core dump. Core dumps have been disabled. To enable core dumping, try "ulimit -c unlimited" before starting Java again
#

---------------  T H R E A D  ---------------

Current thread (0x00007f6dd0077800):  VMThread [stack: 0x00007f6daf0f1000,0x00007f6daf1f2000] [id=22629]

Stack: [0x00007f6daf0f1000,0x00007f6daf1f2000],  sp=0x00007f6daf1f04c0,  free space=1021k
Native frames: (J=compiled Java code, j=interpreted, Vv=VM code, C=native code)
V  [libjvm.so+0x9e465d]  VMError::report_and_die()+0x15d
V  [libjvm.so+0x4b6ada]  report_vm_out_of_memory(char const*, int, unsigned long, VMErrorType, char const*)+0x8a
V  [libjvm.so+0x84c860]  os::pd_commit_memory(char*, unsigned long, unsigned long, bool)+0xf0
V  [libjvm.so+0x84737f]  os::commit_memory(char*, unsigned long, unsigned long, bool)+0x1f
V  [libjvm.so+0x8bd3db]  PSVirtualSpace::expand_by(unsigned long)+0x5b
V  [libjvm.so+0x8be050]  PSYoungGen::resize_generation(unsigned long, unsigned long)+0xb0
V  [libjvm.so+0x8be36b]  PSYoungGen::resize(unsigned long, unsigned long)+0x1b
V  [libjvm.so+0x8baa5c]  PSScavenge::invoke_no_policy()+0xdac
V  [libjvm.so+0x8bb238]  PSScavenge::invoke()+0x38
V  [libjvm.so+0x86fcf3]  ParallelScavengeHeap::failed_mem_allocate(unsigned long)+0x63
V  [libjvm.so+0x9e6124]  VM_ParallelGCFailedAllocation::doit()+0x84
V  [libjvm.so+0x9ea537]  VM_Operation::evaluate()+0x47
V  [libjvm.so+0x9e8ff8]  VMThread::evaluate_operation(VM_Operation*)+0x2c8
V  [libjvm.so+0x9e9479]  VMThread::loop()+0x219
V  [libjvm.so+0x9e98c2]  VMThread::run()+0x72
V  [libjvm.so+0x849c82]  java_start(Thread*)+0xf2

VM_Operation (0x00007f6dae0cee80): ParallelGCFailedAllocation, mode: safepoint, requested by thread 0x00007f6dd016f800


---------------  P R O C E S S  ---------------

Java Threads: ( => current thread )
  0x00007f6dd0174800 JavaThread "pool-2-thread-4" [_thread_blocked, id=22642, stack(0x00007f6daddce000,0x00007f6dadecf000)]
  0x00007f6dd0171000 JavaThread "pool-2-thread-3" [_thread_blocked, id=22641, stack(0x00007f6dadecf000,0x00007f6dadfd0000)]
  0x00007f6dd016f800 JavaThread "pool-2-thread-2" [_thread_blocked, id=22640, stack(0x00007f6dadfd0000,0x00007f6dae0d1000)]
  0x00007f6dd016d800 JavaThread "pool-3-thread-1" [_thread_blocked, id=22639, stack(0x00007f6dae0d1000,0x00007f6dae1d2000)]
  0x00007f6dd016c800 JavaThread "pool-2-thread-1" [_thread_blocked, id=22638, stack(0x00007f6dae1d2000,0x00007f6dae2d3000)]
  0x00007f6dd00c7800 JavaThread "Service Thread" daemon [_thread_blocked, id=22636, stack(0x00007f6dae49d000,0x00007f6dae59e000)]
  0x00007f6dd00bc800 JavaThread "C1 CompilerThread2" daemon [_thread_blocked, id=22635, stack(0x00007f6dae59e000,0x00007f6dae69f000)]
  0x00007f6dd00ba800 JavaThread "C2 CompilerThread1" daemon [_thread_blocked, id=22634, stack(0x00007f6dae69f000,0x00007f6dae7a0000)]
  0x00007f6dd00b7800 JavaThread "C2 CompilerThread0" daemon [_thread_blocked, id=22633, stack(0x00007f6dae7a0000,0x00007f6dae8a1000)]
  0x00007f6dd00b6800 JavaThread "Signal Dispatcher" daemon [_thread_blocked, id=22632, stack(0x00007f6dae8a1000,0x00007f6dae9a2000)]
  0x00007f6dd0083800 JavaThread "Finalizer" daemon [_thread_blocked, id=22631, stack(0x00007f6daeeef000,0x00007f6daeff0000)]
  0x00007f6dd007f000 JavaThread "Reference Handler" daemon [_thread_blocked, id=22630, stack(0x00007f6daeff0000,0x00007f6daf0f1000)]
  0x00007f6dd000a000 JavaThread "main" [_thread_blocked, id=22624, stack(0x00007f6dd8708000,0x00007f6dd8809000)]

Other Threads:
=>0x00007f6dd0077800 VMThread [stack: 0x00007f6daf0f1000,0x00007f6daf1f2000] [id=22629]
  0x00007f6dd00ca000 WatcherThread [stack: 0x00007f6dae39c000,0x00007f6dae49d000] [id=22637]

VM state:at safepoint (normal execution)

VM Mutex/Monitor currently owned by a thread:  ([mutex/lock_event])
[0x00007f6dd0006580] Threads_lock - owner thread: 0x00007f6dd0077800
[0x00007f6dd0006a80] Heap_lock - owner thread: 0x00007f6dd016f800

Heap:
 PSYoungGen      total 546816K, used 67045K [0x000000076ab00000, 0x0000000791300000, 0x00000007c0000000)
  eden space 479744K, 0% used [0x000000076ab00000,0x000000076ab00000,0x0000000787f80000)
  from space 67072K, 99% used [0x0000000787f80000,0x000000078c0f9560,0x000000078c100000)
  to   space 50176K, 0% used [0x000000078c100000,0x000000078c100000,0x000000078f200000)
 ParOldGen       total 163328K, used 109992K [0x00000006c0000000, 0x00000006c9f80000, 0x000000076ab00000)
  object space 163328K, 67% used [0x00000006c0000000,0x00000006c6b6a2c0,0x00000006c9f80000)
 Metaspace       used 6329K, capacity 7280K, committed 7552K, reserved 1056768K
  class space    used 581K, capacity 616K, committed 640K, reserved 1048576K

Card table byte_map: [0x00007f6dd4d98000,0x00007f6dd5599000] byte_map_base: 0x00007f6dd1798000

Marking Bits: (ParMarkBitMap*) 0x00007f6dd7bd5340
 Begin Bits: [0x00007f6db9000000, 0x00007f6dbd000000)
 End Bits:   [0x00007f6dbd000000, 0x00007f6dc1000000)

Polling page: 0x00007f6dd8828000

CodeCache: size=245760Kb used=12009Kb max_used=12021Kb free=233751Kb
 bounds [0x00007f6dc1000000, 0x00007f6dc1bd0000, 0x00007f6dd0000000]
 total_blobs=2809 nmethods=2547 adapters=176
 compilation: enabled

Compilation events (10 events):
Event: 15.400 Thread 0x00007f6dd00b7800 2683       4       com.android.dx.cf.direct.AttributeListParser::<init> (83 bytes)
Event: 15.403 Thread 0x00007f6dd00b7800 nmethod 2683 0x00007f6dc1b5f090 code [0x00007f6dc1b5f220, 0x00007f6dc1b5f638]
Event: 15.403 Thread 0x00007f6dd00b7800 2699       4       com.android.dx.ssa.SsaMethod::computeReachability (131 bytes)
Event: 15.424 Thread 0x00007f6dd00b7800 nmethod 2699 0x00007f6dc1b7bf90 code [0x00007f6dc1b7c1a0, 0x00007f6dc1b7d058]
Event: 15.505 Thread 0x00007f6dd00ba800 nmethod 2692% 0x00007f6dc1bc0490 code [0x00007f6dc1bc0c60, 0x00007f6dc1bc67c8]
Event: 15.729 Thread 0x00007f6dd00bc800 2700       3       com.android.dx.dex.cf.CfTranslator::coerceConstant (144 bytes)
Event: 15.730 Thread 0x00007f6dd00bc800 nmethod 2700 0x00007f6dc1b8b5d0 code [0x00007f6dc1b8b900, 0x00007f6dc1b8d668]
Event: 49.415 Thread 0x00007f6dd00ba800 2701       4       com.android.dx.rop.cst.CstLiteral32::equals (35 bytes)
Event: 49.415 Thread 0x00007f6dd00bc800 2703       3       com.android.dx.dex.code.RopTranslator::getRegs (64 bytes)
Event: 49.416 Thread 0x00007f6dd00b7800 2702       4       com.android.dx.rop.code.BasicBlockList$RegCountVisitor::visitPlainCstInsn (6 bytes)

GC Heap History (10 events):
Event: 3.274 GC heap after
Heap after GC invocations=5 (full 0):
 PSYoungGen      total 132096K, used 5089K [0x000000076ab00000, 0x000000077d300000, 0x00000007c0000000)
  eden space 126976K, 0% used [0x000000076ab00000,0x000000076ab00000,0x0000000772700000)
  from space 5120K, 99% used [0x0000000772700000,0x0000000772bf8610,0x0000000772c00000)
  to   space 24576K, 0% used [0x000000077bb00000,0x000000077bb00000,0x000000077d300000)
 ParOldGen       total 84992K, used 28998K [0x00000006c0000000, 0x00000006c5300000, 0x000000076ab00000)
  object space 84992K, 34% used [0x00000006c0000000,0x00000006c1c51bf8,0x00000006c5300000)
 Metaspace       used 5978K, capacity 7024K, committed 7296K, reserved 1056768K
  class space    used 580K, capacity 616K, committed 640K, reserved 1048576K
}
Event: 3.756 GC heap before
{Heap before GC invocations=6 (full 0):
 PSYoungGen      total 132096K, used 132065K [0x000000076ab00000, 0x000000077d300000, 0x00000007c0000000)
  eden space 126976K, 100% used [0x000000076ab00000,0x0000000772700000,0x0000000772700000)
  from space 5120K, 99% used [0x0000000772700000,0x0000000772bf8610,0x0000000772c00000)
  to   space 24576K, 0% used [0x000000077bb00000,0x000000077bb00000,0x000000077d300000)
 ParOldGen       total 84992K, used 28998K [0x00000006c0000000, 0x00000006c5300000, 0x000000076ab00000)
  object space 84992K, 34% used [0x00000006c0000000,0x00000006c1c51bf8,0x00000006c5300000)
 Metaspace       used 6141K, capacity 7152K, committed 7296K, reserved 1056768K
  class space    used 580K, capacity 616K, committed 640K, reserved 1048576K
Event: 3.821 GC heap after
Heap after GC invocations=6 (full 0):
 PSYoungGen      total 272896K, used 24464K [0x000000076ab00000, 0x000000077de00000, 0x00000007c0000000)
  eden space 248320K, 0% used [0x000000076ab00000,0x000000076ab00000,0x0000000779d80000)
  from space 24576K, 99% used [0x000000077bb00000,0x000000077d2e43e8,0x000000077d300000)
  to   space 30208K, 0% used [0x0000000779d80000,0x0000000779d80000,0x000000077bb00000)
 ParOldGen       total 84992K, used 29006K [0x00000006c0000000, 0x00000006c5300000, 0x000000076ab00000)
  object space 84992K, 34% used [0x00000006c0000000,0x00000006c1c53bf8,0x00000006c5300000)
 Metaspace       used 6141K, capacity 7152K, committed 7296K, reserved 1056768K
  class space    used 580K, capacity 616K, committed 640K, reserved 1048576K
}
Event: 5.429 GC heap before
{Heap before GC invocations=7 (full 0):
 PSYoungGen      total 272896K, used 272784K [0x000000076ab00000, 0x000000077de00000, 0x00000007c0000000)
  eden space 248320K, 100% used [0x000000076ab00000,0x0000000779d80000,0x0000000779d80000)
  from space 24576K, 99% used [0x000000077bb00000,0x000000077d2e43e8,0x000000077d300000)
  to   space 30208K, 0% used [0x0000000779d80000,0x0000000779d80000,0x000000077bb00000)
 ParOldGen       total 84992K, used 29006K [0x00000006c0000000, 0x00000006c5300000, 0x000000076ab00000)
  object space 84992K, 34% used [0x00000006c0000000,0x00000006c1c53bf8,0x00000006c5300000)
 Metaspace       used 6253K, capacity 7216K, committed 7296K, reserved 1056768K
  class space    used 580K, capacity 616K, committed 640K, reserved 1048576K
Event: 5.517 GC heap after
Heap after GC invocations=7 (full 0):
 PSYoungGen      total 278528K, used 30204K [0x000000076ab00000, 0x000000078f200000, 0x00000007c0000000)
  eden space 248320K, 0% used [0x000000076ab00000,0x000000076ab00000,0x0000000779d80000)
  from space 30208K, 99% used [0x0000000779d80000,0x000000077baff180,0x000000077bb00000)
  to   space 50176K, 0% used [0x000000078c100000,0x000000078c100000,0x000000078f200000)
 ParOldGen       total 84992K, used 55655K [0x00000006c0000000, 0x00000006c5300000, 0x000000076ab00000)
  object space 84992K, 65% used [0x00000006c0000000,0x00000006c3659cb0,0x00000006c5300000)
 Metaspace       used 6253K, capacity 7216K, committed 7296K, reserved 1056768K
  class space    used 580K, capacity 616K, committed 640K, reserved 1048576K
}
Event: 6.301 GC heap before
{Heap before GC invocations=8 (full 0):
 PSYoungGen      total 278528K, used 278524K [0x000000076ab00000, 0x000000078f200000, 0x00000007c0000000)
  eden space 248320K, 100% used [0x000000076ab00000,0x0000000779d80000,0x0000000779d80000)
  from space 30208K, 99% used [0x0000000779d80000,0x000000077baff180,0x000000077bb00000)
  to   space 50176K, 0% used [0x000000078c100000,0x000000078c100000,0x000000078f200000)
 ParOldGen       total 84992K, used 55655K [0x00000006c0000000, 0x00000006c5300000, 0x000000076ab00000)
  object space 84992K, 65% used [0x00000006c0000000,0x00000006c3659cb0,0x00000006c5300000)
 Metaspace       used 6299K, capacity 7216K, committed 7296K, reserved 1056768K
  class space    used 580K, capacity 616K, committed 640K, reserved 1048576K
Event: 6.419 GC heap after
Heap after GC invocations=8 (full 0):
 PSYoungGen      total 529920K, used 50170K [0x000000076ab00000, 0x0000000791300000, 0x00000007c0000000)
  eden space 479744K, 0% used [0x000000076ab00000,0x000000076ab00000,0x0000000787f80000)
  from space 50176K, 99% used [0x000000078c100000,0x000000078f1fe958,0x000000078f200000)
  to   space 67072K, 0% used [0x0000000787f80000,0x0000000787f80000,0x000000078c100000)
 ParOldGen       total 84992K, used 71413K [0x00000006c0000000, 0x00000006c5300000, 0x000000076ab00000)
  object space 84992K, 84% used [0x00000006c0000000,0x00000006c45bd450,0x00000006c5300000)
 Metaspace       used 6299K, capacity 7216K, committed 7296K, reserved 1056768K
  class space    used 580K, capacity 616K, committed 640K, reserved 1048576K
}
Event: 6.419 GC heap before
{Heap before GC invocations=9 (full 1):
 PSYoungGen      total 529920K, used 50170K [0x000000076ab00000, 0x0000000791300000, 0x00000007c0000000)
  eden space 479744K, 0% used [0x000000076ab00000,0x000000076ab00000,0x0000000787f80000)
  from space 50176K, 99% used [0x000000078c100000,0x000000078f1fe958,0x000000078f200000)
  to   space 67072K, 0% used [0x0000000787f80000,0x0000000787f80000,0x000000078c100000)
 ParOldGen       total 84992K, used 71413K [0x00000006c0000000, 0x00000006c5300000, 0x000000076ab00000)
  object space 84992K, 84% used [0x00000006c0000000,0x00000006c45bd450,0x00000006c5300000)
 Metaspace       used 6299K, capacity 7216K, committed 7296K, reserved 1056768K
  class space    used 580K, capacity 616K, committed 640K, reserved 1048576K
Event: 7.489 GC heap after
Heap after GC invocations=9 (full 1):
 PSYoungGen      total 529920K, used 33180K [0x000000076ab00000, 0x0000000791300000, 0x00000007c0000000)
  eden space 479744K, 0% used [0x000000076ab00000,0x000000076ab00000,0x0000000787f80000)
  from space 50176K, 66% used [0x000000078c100000,0x000000078e167158,0x000000078f200000)
  to   space 67072K, 0% used [0x0000000787f80000,0x0000000787f80000,0x000000078c100000)
 ParOldGen       total 163328K, used 84948K [0x00000006c0000000, 0x00000006c9f80000, 0x000000076ab00000)
  object space 163328K, 52% used [0x00000006c0000000,0x00000006c52f5300,0x00000006c9f80000)
 Metaspace       used 6299K, capacity 7216K, committed 7296K, reserved 1056768K
  class space    used 580K, capacity 616K, committed 640K, reserved 1048576K
}
Event: 163.503 GC heap before
{Heap before GC invocations=10 (full 1):
 PSYoungGen      total 529920K, used 512924K [0x000000076ab00000, 0x0000000791300000, 0x00000007c0000000)
  eden space 479744K, 100% used [0x000000076ab00000,0x0000000787f80000,0x0000000787f80000)
  from space 50176K, 66% used [0x000000078c100000,0x000000078e167158,0x000000078f200000)
  to   space 67072K, 0% used [0x0000000787f80000,0x0000000787f80000,0x000000078c100000)
 ParOldGen       total 163328K, used 84948K [0x00000006c0000000, 0x00000006c9f80000, 0x000000076ab00000)
  object space 163328K, 52% used [0x00000006c0000000,0x00000006c52f5300,0x00000006c9f80000)
 Metaspace       used 6329K, capacity 7280K, committed 7552K, reserved 1056768K
  class space    used 581K, capacity 616K, committed 640K, reserved 1048576K

Deoptimization events (10 events):
Event: 7.535 Thread 0x00007f6dd0174800 Uncommon trap: reason=bimorphic action=maybe_recompile pc=0x00007f6dc19217e8 method=com.android.dx.ssa.SCCP.setLatticeValueTo(IILcom/android/dx/rop/cst/Constant;)Z @ 43
Event: 7.535 Thread 0x00007f6dd0174800 Uncommon trap: reason=bimorphic action=maybe_recompile pc=0x00007f6dc19217e8 method=com.android.dx.ssa.SCCP.setLatticeValueTo(IILcom/android/dx/rop/cst/Constant;)Z @ 43
Event: 7.540 Thread 0x00007f6dd0174800 Uncommon trap: reason=bimorphic action=maybe_recompile pc=0x00007f6dc19217e8 method=com.android.dx.ssa.SCCP.setLatticeValueTo(IILcom/android/dx/rop/cst/Constant;)Z @ 43
Event: 7.540 Thread 0x00007f6dd0174800 Uncommon trap: reason=bimorphic action=maybe_recompile pc=0x00007f6dc19217e8 method=com.android.dx.ssa.SCCP.setLatticeValueTo(IILcom/android/dx/rop/cst/Constant;)Z @ 43
Event: 7.555 Thread 0x00007f6dd0174800 Uncommon trap: reason=unstable_if action=reinterpret pc=0x00007f6dc173f2f8 method=com.android.dx.ssa.SCCP.simulateBranch(Lcom/android/dx/ssa/SsaInsn;)V @ 548
Event: 8.562 Thread 0x00007f6dd0174800 Uncommon trap: reason=unstable_if action=reinterpret pc=0x00007f6dc19bdac0 method=com.android.dx.rop.code.RegisterSpecSet.<init>(I)V @ 2
Event: 14.718 Thread 0x00007f6dd016c800 Uncommon trap: reason=unstable_if action=reinterpret pc=0x00007f6dc1b0c680 method=com.android.dx.cf.code.Merger.mergeType(Lcom/android/dx/rop/type/TypeBearer;Lcom/android/dx/rop/type/TypeBearer;)Lcom/android/dx/rop/type/TypeBearer; @ 133
Event: 15.103 Thread 0x00007f6dd0174800 Uncommon trap: reason=class_check action=maybe_recompile pc=0x00007f6dc1b59648 method=com.android.dx.ssa.back.FirstFitLocalCombiningAllocator.findRopRegForLocal(II)I @ 12
Event: 49.757 Thread 0x00007f6dd0171000 Uncommon trap: reason=unstable_if action=reinterpret pc=0x00007f6dc1bad338 method=com.android.dx.cf.code.ByteCatchList.toTargetList(I)Lcom/android/dx/util/IntList; @ 31
Event: 140.497 Thread 0x00007f6dd016c800 Uncommon trap: reason=unstable_if action=reinterpret pc=0x00007f6dc1a451dc method=com.android.dx.ssa.SCCP.simulateBranch(Lcom/android/dx/ssa/SsaInsn;)V @ 334

Internal exceptions (9 events):
Event: 0.027 Thread 0x00007f6dd000a000 Exception <a 'java/lang/NoSuchMethodError': Method sun.misc.Unsafe.defineClass(Ljava/lang/String;[BII)Ljava/lang/Class; name or signature does not match> (0x000000076ab07c78) thrown at [/ssd/Android/AOSP-openjdk/external/jetbrains/jdk/hotspot/src/share/vm
Event: 0.027 Thread 0x00007f6dd000a000 Exception <a 'java/lang/NoSuchMethodError': Method sun.misc.Unsafe.prefetchRead(Ljava/lang/Object;J)V name or signature does not match> (0x000000076ab07f60) thrown at [/ssd/Android/AOSP-openjdk/external/jetbrains/jdk/hotspot/src/share/vm/prims/jni.cpp, li
Event: 0.637 Thread 0x00007f6dd000a000 Implicit null exception at 0x00007f6dc115bdf4 to 0x00007f6dc115c43d
Event: 1.979 Thread 0x00007f6dd016f800 Implicit null exception at 0x00007f6dc12c5122 to 0x00007f6dc12c5223
Event: 2.161 Thread 0x00007f6dd016f800 Implicit null exception at 0x00007f6dc1317b06 to 0x00007f6dc131a8a9
Event: 2.625 Thread 0x00007f6dd0174800 Implicit null exception at 0x00007f6dc14049d8 to 0x00007f6dc1404bbd
Event: 2.950 Thread 0x00007f6dd016c800 Exception <a 'java/lang/ArrayIndexOutOfBoundsException': 18> (0x000000076f2fb310) thrown at [/ssd/Android/AOSP-openjdk/external/jetbrains/jdk/hotspot/src/share/vm/interpreter/interpreterRuntime.cpp, line 366]
Event: 2.951 Thread 0x00007f6dd016c800 Exception <a 'java/lang/ArrayIndexOutOfBoundsException': 145> (0x000000076f2fce90) thrown at [/ssd/Android/AOSP-openjdk/external/jetbrains/jdk/hotspot/src/share/vm/interpreter/interpreterRuntime.cpp, line 366]
Event: 2.956 Thread 0x00007f6dd016c800 Exception <a 'java/lang/ArrayIndexOutOfBoundsException'> (0x000000076f2fe178) thrown at [/ssd/Android/AOSP-openjdk/external/jetbrains/jdk/hotspot/src/share/vm/runtime/sharedRuntime.cpp, line 605]

Events (10 events):
Event: 60.567 Thread 0x00007f6dd0171000 DEOPT PACKING pc=0x00007f6dc1bad338 sp=0x00007f6dadfce090
Event: 60.664 Thread 0x00007f6dd0171000 DEOPT UNPACKING pc=0x00007f6dc1004f69 sp=0x00007f6dadfcdec8 mode 2
Event: 81.237 Thread 0x00007f6dd0174800 DEOPT PACKING pc=0x00007f6dc15a2679 sp=0x00007f6dadecd1d0
Event: 81.433 Thread 0x00007f6dd0174800 DEOPT UNPACKING pc=0x00007f6dc1047373 sp=0x00007f6dadeccf80 mode 0
Event: 136.539 Thread 0x00007f6dd016c800 Uncommon trap: trap_request=0xffffff65 fr.pc=0x00007f6dc1a451dc
Event: 141.163 Thread 0x00007f6dd016c800 DEOPT PACKING pc=0x00007f6dc1a451dc sp=0x00007f6dae2d0fe0
Event: 141.232 Thread 0x00007f6dd016f800 DEOPT PACKING pc=0x00007f6dc1412680 sp=0x00007f6dae0cf130
Event: 141.232 Thread 0x00007f6dd016f800 DEOPT UNPACKING pc=0x00007f6dc1047373 sp=0x00007f6dae0cef60 mode 0
Event: 141.233 Executing VM operation: ParallelGCFailedAllocation
Event: 141.525 Thread 0x00007f6dd016c800 DEOPT UNPACKING pc=0x00007f6dc1004f69 sp=0x00007f6dae2d0fe8 mode 2


Dynamic libraries:
00400000-00401000 r-xp 00000000 08:05 929732                             /opt/android-studio/jre/bin/java
00600000-00601000 r--p 00000000 08:05 929732                             /opt/android-studio/jre/bin/java
00601000-00602000 rw-p 00001000 08:05 929732                             /opt/android-studio/jre/bin/java
01756000-01777000 rw-p 00000000 00:00 0                                  [heap]
6c0000000-6c9f80000 rw-p 00000000 00:00 0 
6c9f80000-76ab00000 ---p 00000000 00:00 0 
76ab00000-791300000 rw-p 00000000 00:00 0 
799380000-7c0000000 ---p 00000000 00:00 0 
7c0000000-7c00a0000 rw-p 00000000 00:00 0 
7c00a0000-800000000 ---p 00000000 00:00 0 
7f6d6c000000-7f6d6c027000 rw-p 00000000 00:00 0 
7f6d6c027000-7f6d70000000 ---p 00000000 00:00 0 
7f6d70000000-7f6d70029000 rw-p 00000000 00:00 0 
7f6d70029000-7f6d74000000 ---p 00000000 00:00 0 
7f6d74000000-7f6d74021000 rw-p 00000000 00:00 0 
7f6d74021000-7f6d78000000 ---p 00000000 00:00 0 
7f6d78000000-7f6d7803e000 rw-p 00000000 00:00 0 
7f6d7803e000-7f6d7c000000 ---p 00000000 00:00 0 
7f6d7c000000-7f6d7c021000 rw-p 00000000 00:00 0 
7f6d7c021000-7f6d80000000 ---p 00000000 00:00 0 
7f6d80000000-7f6d80044000 rw-p 00000000 00:00 0 
7f6d80044000-7f6d84000000 ---p 00000000 00:00 0 
7f6d84000000-7f6d849c9000 rw-p 00000000 00:00 0 
7f6d849c9000-7f6d88000000 ---p 00000000 00:00 0 
7f6d88000000-7f6d88021000 rw-p 00000000 00:00 0 
7f6d88021000-7f6d8c000000 ---p 00000000 00:00 0 
7f6d8c000000-7f6d8d445000 rw-p 00000000 00:00 0 
7f6d8d445000-7f6d90000000 ---p 00000000 00:00 0 
7f6d90000000-7f6d915fd000 rw-p 00000000 00:00 0 
7f6d915fd000-7f6d94000000 ---p 00000000 00:00 0 
7f6d94000000-7f6d94021000 rw-p 00000000 00:00 0 
7f6d94021000-7f6d98000000 ---p 00000000 00:00 0 
7f6d98000000-7f6d98021000 rw-p 00000000 00:00 0 
7f6d98021000-7f6d9c000000 ---p 00000000 00:00 0 
7f6d9c000000-7f6d9c281000 rw-p 00000000 00:00 0 
7f6d9c281000-7f6da0000000 ---p 00000000 00:00 0 
7f6da0000000-7f6da0021000 rw-p 00000000 00:00 0 
7f6da0021000-7f6da4000000 ---p 00000000 00:00 0 
7f6da4000000-7f6da4021000 rw-p 00000000 00:00 0 
7f6da4021000-7f6da8000000 ---p 00000000 00:00 0 
7f6da8000000-7f6da8021000 rw-p 00000000 00:00 0 
7f6da8021000-7f6dac000000 ---p 00000000 00:00 0 
7f6dadda9000-7f6daddce000 r--p 00000000 08:05 144167                     /usr/share/locale-langpack/es/LC_MESSAGES/libc.mo
7f6daddce000-7f6daddd1000 ---p 00000000 00:00 0 
7f6daddd1000-7f6dadecf000 rw-p 00000000 00:00 0 
7f6dadecf000-7f6daded2000 ---p 00000000 00:00 0 
7f6daded2000-7f6dadfd0000 rw-p 00000000 00:00 0 
7f6dadfd0000-7f6dadfd3000 ---p 00000000 00:00 0 
7f6dadfd3000-7f6dae0d1000 rw-p 00000000 00:00 0 
7f6dae0d1000-7f6dae0d4000 ---p 00000000 00:00 0 
7f6dae0d4000-7f6dae1d2000 rw-p 00000000 00:00 0 
7f6dae1d2000-7f6dae1d5000 ---p 00000000 00:00 0 
7f6dae1d5000-7f6dae2d3000 rw-p 00000000 00:00 0 
7f6dae2d3000-7f6dae39c000 r--s 00935000 08:06 262179                     /home/lester/CONVERSA/Conversa-Android/app/build/intermediates/transforms/jarMerging/debug/jars/1/1f/combined.jar
7f6dae39c000-7f6dae39d000 ---p 00000000 00:00 0 
7f6dae39d000-7f6dae49d000 rw-p 00000000 00:00 0 
7f6dae49d000-7f6dae4a0000 ---p 00000000 00:00 0 
7f6dae4a0000-7f6dae59e000 rw-p 00000000 00:00 0 
7f6dae59e000-7f6dae5a1000 ---p 00000000 00:00 0 
7f6dae5a1000-7f6dae69f000 rw-p 00000000 00:00 0 
7f6dae69f000-7f6dae6a2000 ---p 00000000 00:00 0 
7f6dae6a2000-7f6dae7a0000 rw-p 00000000 00:00 0 
7f6dae7a0000-7f6dae7a3000 ---p 00000000 00:00 0 
7f6dae7a3000-7f6dae8a1000 rw-p 00000000 00:00 0 
7f6dae8a1000-7f6dae8a4000 ---p 00000000 00:00 0 
7f6dae8a4000-7f6dae9a2000 rw-p 00000000 00:00 0 
7f6dae9a2000-7f6daeeef000 r--p 00000000 08:05 1051794                    /usr/lib/locale/locale-archive
7f6daeeef000-7f6daeef2000 ---p 00000000 00:00 0 
7f6daeef2000-7f6daeff0000 rw-p 00000000 00:00 0 
7f6daeff0000-7f6daeff3000 ---p 00000000 00:00 0 
7f6daeff3000-7f6daf0f1000 rw-p 00000000 00:00 0 
7f6daf0f1000-7f6daf0f2000 ---p 00000000 00:00 0 
7f6daf0f2000-7f6db0000000 rw-p 00000000 00:00 0 
7f6db0000000-7f6db0021000 rw-p 00000000 00:00 0 
7f6db0021000-7f6db4000000 ---p 00000000 00:00 0 
7f6db4000000-7f6db4021000 rw-p 00000000 00:00 0 
7f6db4021000-7f6db8000000 ---p 00000000 00:00 0 
7f6db8000000-7f6db86c0000 rw-p 00000000 00:00 0 
7f6db86c0000-7f6db8800000 ---p 00000000 00:00 0 
7f6db8800000-7f6dc1000000 rw-p 00000000 00:00 0 
7f6dc1000000-7f6dc1bd0000 rwxp 00000000 00:00 0 
7f6dc1bd0000-7f6dd0000000 ---p 00000000 00:00 0 
7f6dd0000000-7f6dd0386000 rw-p 00000000 00:00 0 
7f6dd0386000-7f6dd4000000 ---p 00000000 00:00 0 
7f6dd4005000-7f6dd41f9000 rw-p 00000000 00:00 0 
7f6dd41f9000-7f6dd43c8000 r--s 03c1b000 08:05 929783                     /opt/android-studio/jre/jre/lib/rt.jar
7f6dd43c8000-7f6dd443e000 rw-p 00000000 00:00 0 
7f6dd443e000-7f6dd443f000 ---p 00000000 00:00 0 
7f6dd443f000-7f6dd453f000 rw-p 00000000 00:00 0 
7f6dd453f000-7f6dd4540000 ---p 00000000 00:00 0 
7f6dd4540000-7f6dd4640000 rw-p 00000000 00:00 0 
7f6dd4640000-7f6dd4641000 ---p 00000000 00:00 0 
7f6dd4641000-7f6dd4741000 rw-p 00000000 00:00 0 
7f6dd4741000-7f6dd4742000 ---p 00000000 00:00 0 
7f6dd4742000-7f6dd4892000 rw-p 00000000 00:00 0 
7f6dd4892000-7f6dd4d98000 ---p 00000000 00:00 0 
7f6dd4d98000-7f6dd4de8000 rw-p 00000000 00:00 0 
7f6dd4de8000-7f6dd52ed000 ---p 00000000 00:00 0 
7f6dd52ed000-7f6dd5422000 rw-p 00000000 00:00 0 
7f6dd5422000-7f6dd5598000 ---p 00000000 00:00 0 
7f6dd5598000-7f6dd55c9000 rw-p 00000000 00:00 0 
7f6dd55c9000-7f6dd5959000 ---p 00000000 00:00 0 
7f6dd5959000-7f6dd5973000 r-xp 00000000 08:05 929798                     /opt/android-studio/jre/jre/lib/amd64/libzip.so
7f6dd5973000-7f6dd5b73000 ---p 0001a000 08:05 929798                     /opt/android-studio/jre/jre/lib/amd64/libzip.so
7f6dd5b73000-7f6dd5b74000 r--p 0001a000 08:05 929798                     /opt/android-studio/jre/jre/lib/amd64/libzip.so
7f6dd5b74000-7f6dd5b75000 rw-p 0001b000 08:05 929798                     /opt/android-studio/jre/jre/lib/amd64/libzip.so
7f6dd5b75000-7f6dd5b80000 r-xp 00000000 08:05 657657                     /lib/x86_64-linux-gnu/libnss_files-2.23.so
7f6dd5b80000-7f6dd5d7f000 ---p 0000b000 08:05 657657                     /lib/x86_64-linux-gnu/libnss_files-2.23.so
7f6dd5d7f000-7f6dd5d80000 r--p 0000a000 08:05 657657                     /lib/x86_64-linux-gnu/libnss_files-2.23.so
7f6dd5d80000-7f6dd5d81000 rw-p 0000b000 08:05 657657                     /lib/x86_64-linux-gnu/libnss_files-2.23.so
7f6dd5d81000-7f6dd5d87000 rw-p 00000000 00:00 0 
7f6dd5d87000-7f6dd5d92000 r-xp 00000000 08:05 657660                     /lib/x86_64-linux-gnu/libnss_nis-2.23.so
7f6dd5d92000-7f6dd5f91000 ---p 0000b000 08:05 657660                     /lib/x86_64-linux-gnu/libnss_nis-2.23.so
7f6dd5f91000-7f6dd5f92000 r--p 0000a000 08:05 657660                     /lib/x86_64-linux-gnu/libnss_nis-2.23.so
7f6dd5f92000-7f6dd5f93000 rw-p 0000b000 08:05 657660                     /lib/x86_64-linux-gnu/libnss_nis-2.23.so
7f6dd5f93000-7f6dd5fa9000 r-xp 00000000 08:05 657653                     /lib/x86_64-linux-gnu/libnsl-2.23.so
7f6dd5fa9000-7f6dd61a8000 ---p 00016000 08:05 657653                     /lib/x86_64-linux-gnu/libnsl-2.23.so
7f6dd61a8000-7f6dd61a9000 r--p 00015000 08:05 657653                     /lib/x86_64-linux-gnu/libnsl-2.23.so
7f6dd61a9000-7f6dd61aa000 rw-p 00016000 08:05 657653                     /lib/x86_64-linux-gnu/libnsl-2.23.so
7f6dd61aa000-7f6dd61ac000 rw-p 00000000 00:00 0 
7f6dd61ac000-7f6dd61b4000 r-xp 00000000 08:05 657666                     /lib/x86_64-linux-gnu/libnss_compat-2.23.so
7f6dd61b4000-7f6dd63b3000 ---p 00008000 08:05 657666                     /lib/x86_64-linux-gnu/libnss_compat-2.23.so
7f6dd63b3000-7f6dd63b4000 r--p 00007000 08:05 657666                     /lib/x86_64-linux-gnu/libnss_compat-2.23.so
7f6dd63b4000-7f6dd63b5000 rw-p 00008000 08:05 657666                     /lib/x86_64-linux-gnu/libnss_compat-2.23.so
7f6dd63b5000-7f6dd63e2000 r-xp 00000000 08:05 929815                     /opt/android-studio/jre/jre/lib/amd64/libjava.so
7f6dd63e2000-7f6dd65e1000 ---p 0002d000 08:05 929815                     /opt/android-studio/jre/jre/lib/amd64/libjava.so
7f6dd65e1000-7f6dd65e2000 r--p 0002c000 08:05 929815                     /opt/android-studio/jre/jre/lib/amd64/libjava.so
7f6dd65e2000-7f6dd65e4000 rw-p 0002d000 08:05 929815                     /opt/android-studio/jre/jre/lib/amd64/libjava.so
7f6dd65e4000-7f6dd65f4000 r-xp 00000000 08:05 929788                     /opt/android-studio/jre/jre/lib/amd64/libverify.so
7f6dd65f4000-7f6dd67f3000 ---p 00010000 08:05 929788                     /opt/android-studio/jre/jre/lib/amd64/libverify.so
7f6dd67f3000-7f6dd67f5000 r--p 0000f000 08:05 929788                     /opt/android-studio/jre/jre/lib/amd64/libverify.so
7f6dd67f5000-7f6dd67f6000 rw-p 00011000 08:05 929788                     /opt/android-studio/jre/jre/lib/amd64/libverify.so
7f6dd67f6000-7f6dd67fd000 r-xp 00000000 08:05 657662                     /lib/x86_64-linux-gnu/librt-2.23.so
7f6dd67fd000-7f6dd69fc000 ---p 00007000 08:05 657662                     /lib/x86_64-linux-gnu/librt-2.23.so
7f6dd69fc000-7f6dd69fd000 r--p 00006000 08:05 657662                     /lib/x86_64-linux-gnu/librt-2.23.so
7f6dd69fd000-7f6dd69fe000 rw-p 00007000 08:05 657662                     /lib/x86_64-linux-gnu/librt-2.23.so
7f6dd69fe000-7f6dd6b06000 r-xp 00000000 08:05 657671                     /lib/x86_64-linux-gnu/libm-2.23.so
7f6dd6b06000-7f6dd6d05000 ---p 00108000 08:05 657671                     /lib/x86_64-linux-gnu/libm-2.23.so
7f6dd6d05000-7f6dd6d06000 r--p 00107000 08:05 657671                     /lib/x86_64-linux-gnu/libm-2.23.so
7f6dd6d06000-7f6dd6d07000 rw-p 00108000 08:05 657671                     /lib/x86_64-linux-gnu/libm-2.23.so
7f6dd6d07000-7f6dd78f8000 r-xp 00000000 08:05 929796                     /opt/android-studio/jre/jre/lib/amd64/server/libjvm.so
7f6dd78f8000-7f6dd7af8000 ---p 00bf1000 08:05 929796                     /opt/android-studio/jre/jre/lib/amd64/server/libjvm.so
7f6dd7af8000-7f6dd7b97000 r--p 00bf1000 08:05 929796                     /opt/android-studio/jre/jre/lib/amd64/server/libjvm.so
7f6dd7b97000-7f6dd7bc0000 rw-p 00c90000 08:05 929796                     /opt/android-studio/jre/jre/lib/amd64/server/libjvm.so
7f6dd7bc0000-7f6dd7c04000 rw-p 00000000 00:00 0 
7f6dd7c04000-7f6dd7c1c000 r-xp 00000000 08:05 657659                     /lib/x86_64-linux-gnu/libpthread-2.23.so
7f6dd7c1c000-7f6dd7e1b000 ---p 00018000 08:05 657659                     /lib/x86_64-linux-gnu/libpthread-2.23.so
7f6dd7e1b000-7f6dd7e1c000 r--p 00017000 08:05 657659                     /lib/x86_64-linux-gnu/libpthread-2.23.so
7f6dd7e1c000-7f6dd7e1d000 rw-p 00018000 08:05 657659                     /lib/x86_64-linux-gnu/libpthread-2.23.so
7f6dd7e1d000-7f6dd7e21000 rw-p 00000000 00:00 0 
7f6dd7e21000-7f6dd7e24000 r-xp 00000000 08:05 657665                     /lib/x86_64-linux-gnu/libdl-2.23.so
7f6dd7e24000-7f6dd8023000 ---p 00003000 08:05 657665                     /lib/x86_64-linux-gnu/libdl-2.23.so
7f6dd8023000-7f6dd8024000 r--p 00002000 08:05 657665                     /lib/x86_64-linux-gnu/libdl-2.23.so
7f6dd8024000-7f6dd8025000 rw-p 00003000 08:05 657665                     /lib/x86_64-linux-gnu/libdl-2.23.so
7f6dd8025000-7f6dd81e5000 r-xp 00000000 08:05 657676                     /lib/x86_64-linux-gnu/libc-2.23.so
7f6dd81e5000-7f6dd83e5000 ---p 001c0000 08:05 657676                     /lib/x86_64-linux-gnu/libc-2.23.so
7f6dd83e5000-7f6dd83e9000 r--p 001c0000 08:05 657676                     /lib/x86_64-linux-gnu/libc-2.23.so
7f6dd83e9000-7f6dd83eb000 rw-p 001c4000 08:05 657676                     /lib/x86_64-linux-gnu/libc-2.23.so
7f6dd83eb000-7f6dd83ef000 rw-p 00000000 00:00 0 
7f6dd83ef000-7f6dd8405000 r-xp 00000000 08:05 929747                     /opt/android-studio/jre/lib/amd64/jli/libjli.so
7f6dd8405000-7f6dd8604000 ---p 00016000 08:05 929747                     /opt/android-studio/jre/lib/amd64/jli/libjli.so
7f6dd8604000-7f6dd8605000 r--p 00015000 08:05 929747                     /opt/android-studio/jre/lib/amd64/jli/libjli.so
7f6dd8605000-7f6dd8606000 rw-p 00016000 08:05 929747                     /opt/android-studio/jre/lib/amd64/jli/libjli.so
7f6dd8606000-7f6dd862c000 r-xp 00000000 08:05 657654                     /lib/x86_64-linux-gnu/ld-2.23.so
7f6dd862e000-7f6dd8635000 r--s 00000000 08:05 8623                       /usr/lib/x86_64-linux-gnu/gconv/gconv-modules.cache
7f6dd8635000-7f6dd8708000 rw-p 00000000 00:00 0 
7f6dd8708000-7f6dd870b000 ---p 00000000 00:00 0 
7f6dd870b000-7f6dd880d000 rw-p 00000000 00:00 0 
7f6dd8811000-7f6dd881f000 r--s 000e0000 08:05 582483                     /root/Android/Sdk/build-tools/25.0.2/lib/dx.jar
7f6dd881f000-7f6dd8827000 rw-s 00000000 08:05 1855084                    /tmp/hsperfdata_root/22618
7f6dd8827000-7f6dd8828000 rw-p 00000000 00:00 0 
7f6dd8828000-7f6dd8829000 ---p 00000000 00:00 0 
7f6dd8829000-7f6dd882b000 rw-p 00000000 00:00 0 
7f6dd882b000-7f6dd882c000 r--p 00025000 08:05 657654                     /lib/x86_64-linux-gnu/ld-2.23.so
7f6dd882c000-7f6dd882d000 rw-p 00026000 08:05 657654                     /lib/x86_64-linux-gnu/ld-2.23.so
7f6dd882d000-7f6dd882e000 rw-p 00000000 00:00 0 
7ffd9700e000-7ffd9702f000 rw-p 00000000 00:00 0                          [stack]
7ffd97134000-7ffd97136000 r--p 00000000 00:00 0                          [vvar]
7ffd97136000-7ffd97138000 r-xp 00000000 00:00 0                          [vdso]
ffffffffff600000-ffffffffff601000 r-xp 00000000 00:00 0                  [vsyscall]

VM Arguments:
jvm_args: -Djava.awt.headless=true -Xmx4g -Dfile.encoding=UTF-8 -Duser.country=GT -Duser.language=es -Duser.variant 
java_command: com.android.dx.command.Main --dex --num-threads=4 --multi-dex --main-dex-list /home/lester/CONVERSA/Conversa-Android/app/build/intermediates/multi-dex/debug/maindexlist.txt --output /home/lester/CONVERSA/Conversa-Android/app/build/intermediates/transforms/dex/debug/folders/1000/1f/main /home/lester/CONVERSA/Conversa-Android/app/build/intermediates/transforms/jarMerging/debug/jars/1/1f/combined.jar
java_class_path (initial): /root/Android/Sdk/build-tools/25.0.2/lib/dx.jar
Launcher Type: SUN_STANDARD

Environment Variables:
PATH=/usr/local/sbin:/usr/local/bin:/usr/sbin:/usr/bin:/sbin:/bin:/snap/bin
USERNAME=root
LD_LIBRARY_PATH=/opt/android-studio/bin:
SHELL=/bin/bash
DISPLAY=:0

Signal Handlers:
SIGSEGV: [libjvm.so+0x9e5150], sa_mask[0]=11111111011111111101111111111110, sa_flags=SA_RESTART|SA_SIGINFO
SIGBUS: [libjvm.so+0x9e5150], sa_mask[0]=11111111011111111101111111111110, sa_flags=SA_RESTART|SA_SIGINFO
SIGFPE: [libjvm.so+0x848450], sa_mask[0]=11111111011111111101111111111110, sa_flags=SA_RESTART|SA_SIGINFO
SIGPIPE: [libjvm.so+0x848450], sa_mask[0]=11111111011111111101111111111110, sa_flags=SA_RESTART|SA_SIGINFO
SIGXFSZ: [libjvm.so+0x848450], sa_mask[0]=11111111011111111101111111111110, sa_flags=SA_RESTART|SA_SIGINFO
SIGILL: [libjvm.so+0x848450], sa_mask[0]=11111111011111111101111111111110, sa_flags=SA_RESTART|SA_SIGINFO
SIGUSR1: SIG_DFL, sa_mask[0]=00000000000000000000000000000000, sa_flags=none
SIGUSR2: [libjvm.so+0x848320], sa_mask[0]=00100000000000000000000000000000, sa_flags=SA_RESTART|SA_SIGINFO
SIGHUP: [libjvm.so+0x848510], sa_mask[0]=11111111011111111101111111111110, sa_flags=SA_RESTART|SA_SIGINFO
SIGINT: [libjvm.so+0x848510], sa_mask[0]=11111111011111111101111111111110, sa_flags=SA_RESTART|SA_SIGINFO
SIGTERM: [libjvm.so+0x848510], sa_mask[0]=11111111011111111101111111111110, sa_flags=SA_RESTART|SA_SIGINFO
SIGQUIT: [libjvm.so+0x848510], sa_mask[0]=11111111011111111101111111111110, sa_flags=SA_RESTART|SA_SIGINFO


---------------  S Y S T E M  ---------------

OS:DISTRIB_ID=Ubuntu
DISTRIB_RELEASE=16.04
DISTRIB_CODENAME=xenial
DISTRIB_DESCRIPTION="Ubuntu 16.04.3 LTS"

uname:Linux 4.4.0-92-generic #115-Ubuntu SMP Thu Aug 10 09:04:33 UTC 2017 x86_64
libc:glibc 2.23 NPTL 2.23 
rlimit: STACK 8192k, CORE 0k, NPROC 31122, NOFILE 1048576, AS infinity
load average:58.66 29.87 12.47

/proc/meminfo:
MemTotal:        8075520 kB
MemFree:          163056 kB
MemAvailable:      73816 kB
Buffers:            1000 kB
Cached:           604296 kB
SwapCached:            0 kB
Active:          7185744 kB
Inactive:         512468 kB
Active(anon):    7163100 kB
Inactive(anon):   484212 kB
Active(file):      22644 kB
Inactive(file):    28256 kB
Unevictable:          32 kB
Mlocked:              32 kB
SwapTotal:             0 kB
SwapFree:              0 kB
Dirty:               736 kB
Writeback:             0 kB
AnonPages:       7093376 kB
Mapped:           238624 kB
Shmem:            553968 kB
Slab:              91676 kB
SReclaimable:      48640 kB
SUnreclaim:        43036 kB
KernelStack:       13648 kB
PageTables:        53988 kB
NFS_Unstable:          0 kB
Bounce:                0 kB
WritebackTmp:          0 kB
CommitLimit:     4037760 kB
Committed_AS:   12582836 kB
VmallocTotal:   34359738367 kB
VmallocUsed:           0 kB
VmallocChunk:          0 kB
HardwareCorrupted:     0 kB
AnonHugePages:   3704832 kB
CmaTotal:              0 kB
CmaFree:               0 kB
HugePages_Total:       0
HugePages_Free:        0
HugePages_Rsvd:        0
HugePages_Surp:        0
Hugepagesize:       2048 kB
DirectMap4k:      185132 kB
DirectMap2M:     7055360 kB
DirectMap1G:     2097152 kB


CPU:total 4 (2 cores per cpu, 2 threads per core) family 6 model 61 stepping 4, cmov, cx8, fxsr, mmx, sse, sse2, sse3, ssse3, sse4.1, sse4.2, popcnt, avx, avx2, aes, clmul, erms, 3dnowpref, lzcnt, ht, tsc, tscinvbit, bmi1, bmi2, adx

/proc/cpuinfo:
processor	: 0
vendor_id	: GenuineIntel
cpu family	: 6
model		: 61
model name	: Intel(R) Core(TM) i7-5500U CPU @ 2.40GHz
stepping	: 4
microcode	: 0x18
cpu MHz		: 966.750
cache size	: 4096 KB
physical id	: 0
siblings	: 4
core id		: 0
cpu cores	: 2
apicid		: 0
initial apicid	: 0
fpu		: yes
fpu_exception	: yes
cpuid level	: 20
wp		: yes
flags		: fpu vme de pse tsc msr pae mce cx8 apic sep mtrr pge mca cmov pat pse36 clflush dts acpi mmx fxsr sse sse2 ss ht tm pbe syscall nx pdpe1gb rdtscp lm constant_tsc arch_perfmon pebs bts rep_good nopl xtopology nonstop_tsc aperfmperf eagerfpu pni pclmulqdq dtes64 monitor ds_cpl vmx est tm2 ssse3 sdbg fma cx16 xtpr pdcm pcid sse4_1 sse4_2 x2apic movbe popcnt tsc_deadline_timer aes xsave avx f16c rdrand lahf_lm abm 3dnowprefetch epb intel_pt tpr_shadow vnmi flexpriority ept vpid fsgsbase tsc_adjust bmi1 avx2 smep bmi2 erms invpcid rdseed adx smap xsaveopt dtherm ida arat pln pts
bugs		:
bogomips	: 4788.55
clflush size	: 64
cache_alignment	: 64
address sizes	: 39 bits physical, 48 bits virtual
power management:

processor	: 1
vendor_id	: GenuineIntel
cpu family	: 6
model		: 61
model name	: Intel(R) Core(TM) i7-5500U CPU @ 2.40GHz
stepping	: 4
microcode	: 0x18
cpu MHz		: 1708.218
cache size	: 4096 KB
physical id	: 0
siblings	: 4
core id		: 1
cpu cores	: 2
apicid		: 2
initial apicid	: 2
fpu		: yes
fpu_exception	: yes
cpuid level	: 20
wp		: yes
flags		: fpu vme de pse tsc msr pae mce cx8 apic sep mtrr pge mca cmov pat pse36 clflush dts acpi mmx fxsr sse sse2 ss ht tm pbe syscall nx pdpe1gb rdtscp lm constant_tsc arch_perfmon pebs bts rep_good nopl xtopology nonstop_tsc aperfmperf eagerfpu pni pclmulqdq dtes64 monitor ds_cpl vmx est tm2 ssse3 sdbg fma cx16 xtpr pdcm pcid sse4_1 sse4_2 x2apic movbe popcnt tsc_deadline_timer aes xsave avx f16c rdrand lahf_lm abm 3dnowprefetch epb intel_pt tpr_shadow vnmi flexpriority ept vpid fsgsbase tsc_adjust bmi1 avx2 smep bmi2 erms invpcid rdseed adx smap xsaveopt dtherm ida arat pln pts
bugs		:
bogomips	: 4788.55
clflush size	: 64
cache_alignment	: 64
address sizes	: 39 bits physical, 48 bits virtual
power management:

processor	: 2
vendor_id	: GenuineIntel
cpu family	: 6
model		: 61
model name	: Intel(R) Core(TM) i7-5500U CPU @ 2.40GHz
stepping	: 4
microcode	: 0x18
cpu MHz		: 840.187
cache size	: 4096 KB
physical id	: 0
siblings	: 4
core id		: 0
cpu cores	: 2
apicid		: 1
initial apicid	: 1
fpu		: yes
fpu_exception	: yes
cpuid level	: 20
wp		: yes
flags		: fpu vme de pse tsc msr pae mce cx8 apic sep mtrr pge mca cmov pat pse36 clflush dts acpi mmx fxsr sse sse2 ss ht tm pbe syscall nx pdpe1gb rdtscp lm constant_tsc arch_perfmon pebs bts rep_good nopl xtopology nonstop_tsc aperfmperf eagerfpu pni pclmulqdq dtes64 monitor ds_cpl vmx est tm2 ssse3 sdbg fma cx16 xtpr pdcm pcid sse4_1 sse4_2 x2apic movbe popcnt tsc_deadline_timer aes xsave avx f16c rdrand lahf_lm abm 3dnowprefetch epb intel_pt tpr_shadow vnmi flexpriority ept vpid fsgsbase tsc_adjust bmi1 avx2 smep bmi2 erms invpcid rdseed adx smap xsaveopt dtherm ida arat pln pts
bugs		:
bogomips	: 4788.55
clflush size	: 64
cache_alignment	: 64
address sizes	: 39 bits physical, 48 bits virtual
power management:

processor	: 3
vendor_id	: GenuineIntel
cpu family	: 6
model		: 61
model name	: Intel(R) Core(TM) i7-5500U CPU @ 2.40GHz
stepping	: 4
microcode	: 0x18
cpu MHz		: 1527.656
cache size	: 4096 KB
physical id	: 0
siblings	: 4
core id		: 1
cpu cores	: 2
apicid		: 3
initial apicid	: 3
fpu		: yes
fpu_exception	: yes
cpuid level	: 20
wp		: yes
flags		: fpu vme de pse tsc msr pae mce cx8 apic sep mtrr pge mca cmov pat pse36 clflush dts acpi mmx fxsr sse sse2 ss ht tm pbe syscall nx pdpe1gb rdtscp lm constant_tsc arch_perfmon pebs bts rep_good nopl xtopology nonstop_tsc aperfmperf eagerfpu pni pclmulqdq dtes64 monitor ds_cpl vmx est tm2 ssse3 sdbg fma cx16 xtpr pdcm pcid sse4_1 sse4_2 x2apic movbe popcnt tsc_deadline_timer aes xsave avx f16c rdrand lahf_lm abm 3dnowprefetch epb intel_pt tpr_shadow vnmi flexpriority ept vpid fsgsbase tsc_adjust bmi1 avx2 smep bmi2 erms invpcid rdseed adx smap xsaveopt dtherm ida arat pln pts
bugs		:
bogomips	: 4788.55
clflush size	: 64
cache_alignment	: 64
address sizes	: 39 bits physical, 48 bits virtual
power management:



Memory: 4k page, physical 8075520k(163056k free), swap 0k(0k free)

vm_info: OpenJDK 64-Bit Server VM (25.112-b06) for linux-amd64 JRE (1.8.0_112-release-b06), built on Dec  6 2016 12:11:18 by "builder" with gcc 4.8.4

time: Thu Aug 24 19:00:35 2017
elapsed time: 196 seconds (0d 0h 3m 16s)

