#
# There is insufficient memory for the Java Runtime Environment to continue.
# Native memory allocation (mmap) failed to map 264241152 bytes for committing reserved memory.
# Possible reasons:
#   The system is out of physical RAM or swap space
#   In 32 bit mode, the process size limit was hit
# Possible solutions:
#   Reduce memory load on the system
#   Increase physical memory or swap space
#   Check if swap backing store is full
#   Use 64 bit Java on a 64 bit OS
#   Decrease Java heap size (-Xmx/-Xms)
#   Decrease number of Java threads
#   Decrease Java thread stack sizes (-Xss)
#   Set larger code cache with -XX:ReservedCodeCacheSize=
# This output file may be truncated or incomplete.
#
#  Out of Memory Error (os_linux.cpp:2627), pid=8308, tid=0x00007fa2af5f5700
#
# JRE version: OpenJDK Runtime Environment (8.0_112-b06) (build 1.8.0_112-release-b06)
# Java VM: OpenJDK 64-Bit Server VM (25.112-b06 mixed mode linux-amd64 compressed oops)
# Failed to write core dump. Core dumps have been disabled. To enable core dumping, try "ulimit -c unlimited" before starting Java again
#

---------------  T H R E A D  ---------------

Current thread (0x00007fa2c4077800):  VMThread [stack: 0x00007fa2af4f5000,0x00007fa2af5f6000] [id=8318]

Stack: [0x00007fa2af4f5000,0x00007fa2af5f6000],  sp=0x00007fa2af5f44d0,  free space=1021k
Native frames: (J=compiled Java code, j=interpreted, Vv=VM code, C=native code)
V  [libjvm.so+0x9e465d]  VMError::report_and_die()+0x15d
V  [libjvm.so+0x4b6ada]  report_vm_out_of_memory(char const*, int, unsigned long, VMErrorType, char const*)+0x8a
V  [libjvm.so+0x84c860]  os::pd_commit_memory(char*, unsigned long, unsigned long, bool)+0xf0
V  [libjvm.so+0x84737f]  os::commit_memory(char*, unsigned long, unsigned long, bool)+0x1f
V  [libjvm.so+0x8bd3db]  PSVirtualSpace::expand_by(unsigned long)+0x5b
V  [libjvm.so+0x8ae1bb]  PSOldGen::expand_by(unsigned long) [clone .part.109]+0x1b
V  [libjvm.so+0x8ae37b]  PSOldGen::expand(unsigned long) [clone .part.111]+0xdb
V  [libjvm.so+0x8aec58]  PSOldGen::resize(unsigned long)+0x188
V  [libjvm.so+0x8b426c]  PSParallelCompact::invoke_no_policy(bool)+0x97c
V  [libjvm.so+0x8bb37d]  PSScavenge::invoke()+0x17d
V  [libjvm.so+0x86fcf3]  ParallelScavengeHeap::failed_mem_allocate(unsigned long)+0x63
V  [libjvm.so+0x9e6124]  VM_ParallelGCFailedAllocation::doit()+0x84
V  [libjvm.so+0x9ea537]  VM_Operation::evaluate()+0x47
V  [libjvm.so+0x9e8ff8]  VMThread::evaluate_operation(VM_Operation*)+0x2c8
V  [libjvm.so+0x9e9479]  VMThread::loop()+0x219
V  [libjvm.so+0x9e98c2]  VMThread::run()+0x72
V  [libjvm.so+0x849c82]  java_start(Thread*)+0xf2

VM_Operation (0x00007fa2ae2cc060): ParallelGCFailedAllocation, mode: safepoint, requested by thread 0x00007fa2c41a5800


---------------  P R O C E S S  ---------------

Java Threads: ( => current thread )
  0x00007fa2c41a5800 JavaThread "pool-2-thread-4" [_thread_blocked, id=8331, stack(0x00007fa2ae1cd000,0x00007fa2ae2ce000)]
  0x00007fa2c41a2000 JavaThread "pool-2-thread-3" [_thread_blocked, id=8330, stack(0x00007fa2ae2ce000,0x00007fa2ae3cf000)]
  0x00007fa2c41a0000 JavaThread "pool-2-thread-2" [_thread_blocked, id=8329, stack(0x00007fa2ae3cf000,0x00007fa2ae4d0000)]
  0x00007fa2c419e800 JavaThread "pool-3-thread-1" [_thread_blocked, id=8328, stack(0x00007fa2ae4d0000,0x00007fa2ae5d1000)]
  0x00007fa2c419d800 JavaThread "pool-2-thread-1" [_thread_blocked, id=8327, stack(0x00007fa2ae5d1000,0x00007fa2ae6d2000)]
  0x00007fa2c40e1800 JavaThread "Service Thread" daemon [_thread_blocked, id=8325, stack(0x00007fa2ae8a1000,0x00007fa2ae9a2000)]
  0x00007fa2c40bc800 JavaThread "C1 CompilerThread2" daemon [_thread_blocked, id=8324, stack(0x00007fa2ae9a2000,0x00007fa2aeaa3000)]
  0x00007fa2c40ba800 JavaThread "C2 CompilerThread1" daemon [_thread_blocked, id=8323, stack(0x00007fa2aeaa3000,0x00007fa2aeba4000)]
  0x00007fa2c40b7800 JavaThread "C2 CompilerThread0" daemon [_thread_blocked, id=8322, stack(0x00007fa2aeba4000,0x00007fa2aeca5000)]
  0x00007fa2c40b6800 JavaThread "Signal Dispatcher" daemon [_thread_blocked, id=8321, stack(0x00007fa2aeca5000,0x00007fa2aeda6000)]
  0x00007fa2c4083800 JavaThread "Finalizer" daemon [_thread_blocked, id=8320, stack(0x00007fa2af2f3000,0x00007fa2af3f4000)]
  0x00007fa2c407f000 JavaThread "Reference Handler" daemon [_thread_blocked, id=8319, stack(0x00007fa2af3f4000,0x00007fa2af4f5000)]
  0x00007fa2c400a000 JavaThread "main" [_thread_blocked, id=8309, stack(0x00007fa2ccb3c000,0x00007fa2ccc3d000)]

Other Threads:
=>0x00007fa2c4077800 VMThread [stack: 0x00007fa2af4f5000,0x00007fa2af5f6000] [id=8318]
  0x00007fa2c40e4000 WatcherThread [stack: 0x00007fa2ae7a0000,0x00007fa2ae8a1000] [id=8326]

VM state:at safepoint (normal execution)

VM Mutex/Monitor currently owned by a thread:  ([mutex/lock_event])
[0x00007fa2c4005f00] ExpandHeap_lock - owner thread: 0x00007fa2c4077800
[0x00007fa2c4006580] Threads_lock - owner thread: 0x00007fa2c4077800
[0x00007fa2c4006a80] Heap_lock - owner thread: 0x00007fa2c41a5800

Heap:
 PSYoungGen      total 949760K, used 105210K [0x000000076ab00000, 0x00000007b4700000, 0x00000007c0000000)
  eden space 764416K, 0% used [0x000000076ab00000,0x000000076ab00000,0x0000000799580000)
  from space 185344K, 56% used [0x00000007a5f00000,0x00000007ac5be9d0,0x00000007b1400000)
  to   space 206336K, 0% used [0x0000000799580000,0x0000000799580000,0x00000007a5f00000)
 ParOldGen       total 472576K, used 472476K [0x00000006c0000000, 0x00000006dcd80000, 0x000000076ab00000)
  object space 472576K, 99% used [0x00000006c0000000,0x00000006dcd67380,0x00000006dcd80000)
 Metaspace       used 6414K, capacity 7280K, committed 7552K, reserved 1056768K
  class space    used 584K, capacity 616K, committed 640K, reserved 1048576K

Card table byte_map: [0x00007fa2c91cc000,0x00007fa2c99cd000] byte_map_base: 0x00007fa2c5bcc000

Marking Bits: (ParMarkBitMap*) 0x00007fa2cc009340
 Begin Bits: [0x00007fa290000000, 0x00007fa294000000)
 End Bits:   [0x00007fa294000000, 0x00007fa298000000)

Polling page: 0x00007fa2ccc5c000

CodeCache: size=245760Kb used=14287Kb max_used=14392Kb free=231472Kb
 bounds [0x00007fa2b5000000, 0x00007fa2b5e20000, 0x00007fa2c4000000]
 total_blobs=2877 nmethods=2615 adapters=176
 compilation: enabled

Compilation events (10 events):
Event: 15.816 Thread 0x00007fa2c40ba800 nmethod 2641 0x00007fa2b5e12050 code [0x00007fa2b5e12240, 0x00007fa2b5e12d98]
Event: 15.816 Thread 0x00007fa2c40ba800 2315       4       com.android.dx.rop.type.Type::compareTo (9 bytes)
Event: 15.817 Thread 0x00007fa2c40ba800 nmethod 2315 0x00007fa2b50ff890 code [0x00007fa2b50ff9e0, 0x00007fa2b50ffbd8]
Event: 15.817 Thread 0x00007fa2c40ba800 2805       4       com.android.dx.ssa.back.FirstFitLocalCombiningAllocator::findNextUnreservedRopReg (68 bytes)
Event: 15.823 Thread 0x00007fa2c40ba800 nmethod 2805 0x00007fa2b5e11610 code [0x00007fa2b5e117a0, 0x00007fa2b5e11b98]
Event: 15.823 Thread 0x00007fa2c40ba800 1419       4       com.android.dx.rop.code.RopMethod::labelToPredecessors (54 bytes)
Event: 15.861 Thread 0x00007fa2c40ba800 nmethod 1419 0x00007fa2b513a710 code [0x00007fa2b513a980, 0x00007fa2b513bf30]
Event: 15.862 Thread 0x00007fa2c40b7800 nmethod 2804 0x00007fa2b5135e10 code [0x00007fa2b51360a0, 0x00007fa2b5137728]
Event: 15.862 Thread 0x00007fa2c40ba800 2807 %     4       com.android.dx.ssa.back.IdenticalBlockCombiner::process @ 25 (323 bytes)
Event: 15.863 Thread 0x00007fa2c40b7800 2808       4       com.android.dx.dex.code.RopTranslator::outputInstructions (69 bytes)

GC Heap History (10 events):
Event: 9.543 GC heap after
Heap after GC invocations=13 (full 2):
 PSYoungGen      total 677376K, used 81490K [0x000000076ab00000, 0x00000007a3000000, 0x00000007c0000000)
  eden space 556544K, 0% used [0x000000076ab00000,0x000000076ab00000,0x000000078ca80000)
  from space 120832K, 67% used [0x000000078ca80000,0x0000000791a14a00,0x0000000794080000)
  to   space 127488K, 0% used [0x000000079b380000,0x000000079b380000,0x00000007a3000000)
 ParOldGen       total 289792K, used 231638K [0x00000006c0000000, 0x00000006d1b00000, 0x000000076ab00000)
  object space 289792K, 79% used [0x00000006c0000000,0x00000006ce235af0,0x00000006d1b00000)
 Metaspace       used 6400K, capacity 7280K, committed 7552K, reserved 1056768K
  class space    used 583K, capacity 616K, committed 640K, reserved 1048576K
}
Event: 9.543 GC heap before
{Heap before GC invocations=14 (full 3):
 PSYoungGen      total 677376K, used 81490K [0x000000076ab00000, 0x00000007a3000000, 0x00000007c0000000)
  eden space 556544K, 0% used [0x000000076ab00000,0x000000076ab00000,0x000000078ca80000)
  from space 120832K, 67% used [0x000000078ca80000,0x0000000791a14a00,0x0000000794080000)
  to   space 127488K, 0% used [0x000000079b380000,0x000000079b380000,0x00000007a3000000)
 ParOldGen       total 289792K, used 231638K [0x00000006c0000000, 0x00000006d1b00000, 0x000000076ab00000)
  object space 289792K, 79% used [0x00000006c0000000,0x00000006ce235af0,0x00000006d1b00000)
 Metaspace       used 6400K, capacity 7280K, committed 7552K, reserved 1056768K
  class space    used 583K, capacity 616K, committed 640K, reserved 1048576K
Event: 10.568 GC heap after
Heap after GC invocations=14 (full 3):
 PSYoungGen      total 677376K, used 19725K [0x000000076ab00000, 0x00000007a3000000, 0x00000007c0000000)
  eden space 556544K, 0% used [0x000000076ab00000,0x000000076ab00000,0x000000078ca80000)
  from space 120832K, 16% used [0x000000078ca80000,0x000000078ddc36a0,0x0000000794080000)
  to   space 127488K, 0% used [0x000000079b380000,0x000000079b380000,0x00000007a3000000)
 ParOldGen       total 472576K, used 289432K [0x00000006c0000000, 0x00000006dcd80000, 0x000000076ab00000)
  object space 472576K, 61% used [0x00000006c0000000,0x00000006d1aa6350,0x00000006dcd80000)
 Metaspace       used 6400K, capacity 7280K, committed 7552K, reserved 1056768K
  class space    used 583K, capacity 616K, committed 640K, reserved 1048576K
}
Event: 11.999 GC heap before
{Heap before GC invocations=15 (full 3):
 PSYoungGen      total 677376K, used 576269K [0x000000076ab00000, 0x00000007a3000000, 0x00000007c0000000)
  eden space 556544K, 100% used [0x000000076ab00000,0x000000078ca80000,0x000000078ca80000)
  from space 120832K, 16% used [0x000000078ca80000,0x000000078ddc36a0,0x0000000794080000)
  to   space 127488K, 0% used [0x000000079b380000,0x000000079b380000,0x00000007a3000000)
 ParOldGen       total 472576K, used 289432K [0x00000006c0000000, 0x00000006dcd80000, 0x000000076ab00000)
  object space 472576K, 61% used [0x00000006c0000000,0x00000006d1aa6350,0x00000006dcd80000)
 Metaspace       used 6407K, capacity 7280K, committed 7552K, reserved 1056768K
  class space    used 584K, capacity 616K, committed 640K, reserved 1048576K
Event: 12.639 GC heap after
Heap after GC invocations=15 (full 3):
 PSYoungGen      total 780288K, used 107464K [0x000000076ab00000, 0x00000007a4980000, 0x00000007c0000000)
  eden space 652800K, 0% used [0x000000076ab00000,0x000000076ab00000,0x0000000792880000)
  from space 127488K, 84% used [0x000000079b380000,0x00000007a1c72260,0x00000007a3000000)
  to   space 142336K, 0% used [0x0000000792880000,0x0000000792880000,0x000000079b380000)
 ParOldGen       total 472576K, used 289432K [0x00000006c0000000, 0x00000006dcd80000, 0x000000076ab00000)
  object space 472576K, 61% used [0x00000006c0000000,0x00000006d1aa6350,0x00000006dcd80000)
 Metaspace       used 6407K, capacity 7280K, committed 7552K, reserved 1056768K
  class space    used 584K, capacity 616K, committed 640K, reserved 1048576K
}
Event: 14.223 GC heap before
{Heap before GC invocations=16 (full 3):
 PSYoungGen      total 780288K, used 760264K [0x000000076ab00000, 0x00000007a4980000, 0x00000007c0000000)
  eden space 652800K, 100% used [0x000000076ab00000,0x0000000792880000,0x0000000792880000)
  from space 127488K, 84% used [0x000000079b380000,0x00000007a1c72260,0x00000007a3000000)
  to   space 142336K, 0% used [0x0000000792880000,0x0000000792880000,0x000000079b380000)
 ParOldGen       total 472576K, used 289432K [0x00000006c0000000, 0x00000006dcd80000, 0x000000076ab00000)
  object space 472576K, 61% used [0x00000006c0000000,0x00000006d1aa6350,0x00000006dcd80000)
 Metaspace       used 6413K, capacity 7280K, committed 7552K, reserved 1056768K
  class space    used 584K, capacity 616K, committed 640K, reserved 1048576K
Event: 14.521 GC heap after
Heap after GC invocations=16 (full 3):
 PSYoungGen      total 795136K, used 142304K [0x000000076ab00000, 0x00000007b1400000, 0x00000007c0000000)
  eden space 652800K, 0% used [0x000000076ab00000,0x000000076ab00000,0x0000000792880000)
  from space 142336K, 99% used [0x0000000792880000,0x000000079b3783e8,0x000000079b380000)
  to   space 185344K, 0% used [0x00000007a5f00000,0x00000007a5f00000,0x00000007b1400000)
 ParOldGen       total 472576K, used 339536K [0x00000006c0000000, 0x00000006dcd80000, 0x000000076ab00000)
  object space 472576K, 71% used [0x00000006c0000000,0x00000006d4b94160,0x00000006dcd80000)
 Metaspace       used 6413K, capacity 7280K, committed 7552K, reserved 1056768K
  class space    used 584K, capacity 616K, committed 640K, reserved 1048576K
}
Event: 15.885 GC heap before
{Heap before GC invocations=17 (full 3):
 PSYoungGen      total 795136K, used 795104K [0x000000076ab00000, 0x00000007b1400000, 0x00000007c0000000)
  eden space 652800K, 100% used [0x000000076ab00000,0x0000000792880000,0x0000000792880000)
  from space 142336K, 99% used [0x0000000792880000,0x000000079b3783e8,0x000000079b380000)
  to   space 185344K, 0% used [0x00000007a5f00000,0x00000007a5f00000,0x00000007b1400000)
 ParOldGen       total 472576K, used 339536K [0x00000006c0000000, 0x00000006dcd80000, 0x000000076ab00000)
  object space 472576K, 71% used [0x00000006c0000000,0x00000006d4b94160,0x00000006dcd80000)
 Metaspace       used 6414K, capacity 7280K, committed 7552K, reserved 1056768K
  class space    used 584K, capacity 616K, committed 640K, reserved 1048576K
Event: 16.204 GC heap after
Heap after GC invocations=17 (full 3):
 PSYoungGen      total 949760K, used 154878K [0x000000076ab00000, 0x00000007b4700000, 0x00000007c0000000)
  eden space 764416K, 0% used [0x000000076ab00000,0x000000076ab00000,0x0000000799580000)
  from space 185344K, 83% used [0x00000007a5f00000,0x00000007af63f968,0x00000007b1400000)
  to   space 206336K, 0% used [0x0000000799580000,0x0000000799580000,0x00000007a5f00000)
 ParOldGen       total 472576K, used 429396K [0x00000006c0000000, 0x00000006dcd80000, 0x000000076ab00000)
  object space 472576K, 90% used [0x00000006c0000000,0x00000006da355270,0x00000006dcd80000)
 Metaspace       used 6414K, capacity 7280K, committed 7552K, reserved 1056768K
  class space    used 584K, capacity 616K, committed 640K, reserved 1048576K
}
Event: 16.204 GC heap before
{Heap before GC invocations=18 (full 4):
 PSYoungGen      total 949760K, used 154878K [0x000000076ab00000, 0x00000007b4700000, 0x00000007c0000000)
  eden space 764416K, 0% used [0x000000076ab00000,0x000000076ab00000,0x0000000799580000)
  from space 185344K, 83% used [0x00000007a5f00000,0x00000007af63f968,0x00000007b1400000)
  to   space 206336K, 0% used [0x0000000799580000,0x0000000799580000,0x00000007a5f00000)
 ParOldGen       total 472576K, used 429396K [0x00000006c0000000, 0x00000006dcd80000, 0x000000076ab00000)
  object space 472576K, 90% used [0x00000006c0000000,0x00000006da355270,0x00000006dcd80000)
 Metaspace       used 6414K, capacity 7280K, committed 7552K, reserved 1056768K
  class space    used 584K, capacity 616K, committed 640K, reserved 1048576K

Deoptimization events (10 events):
Event: 13.250 Thread 0x00007fa2c419d800 Uncommon trap: reason=class_check action=maybe_recompile pc=0x00007fa2b5c8add8 method=com.android.dx.ssa.SCCP.simulateBranch(Lcom/android/dx/ssa/SsaInsn;)V @ 339
Event: 13.256 Thread 0x00007fa2c419d800 Uncommon trap: reason=class_check action=maybe_recompile pc=0x00007fa2b5c8add8 method=com.android.dx.ssa.SCCP.simulateBranch(Lcom/android/dx/ssa/SsaInsn;)V @ 339
Event: 13.496 Thread 0x00007fa2c400a000 Uncommon trap: reason=bimorphic action=maybe_recompile pc=0x00007fa2b5d2e638 method=com.android.dx.cf.code.Merger.mergeType(Lcom/android/dx/rop/type/TypeBearer;Lcom/android/dx/rop/type/TypeBearer;)Lcom/android/dx/rop/type/TypeBearer; @ 28
Event: 13.496 Thread 0x00007fa2c400a000 Uncommon trap: reason=bimorphic action=maybe_recompile pc=0x00007fa2b5d2e3e0 method=com.android.dx.cf.code.Merger.mergeType(Lcom/android/dx/rop/type/TypeBearer;Lcom/android/dx/rop/type/TypeBearer;)Lcom/android/dx/rop/type/TypeBearer; @ 6
Event: 13.496 Thread 0x00007fa2c400a000 Uncommon trap: reason=bimorphic action=maybe_recompile pc=0x00007fa2b5d2e3e0 method=com.android.dx.cf.code.Merger.mergeType(Lcom/android/dx/rop/type/TypeBearer;Lcom/android/dx/rop/type/TypeBearer;)Lcom/android/dx/rop/type/TypeBearer; @ 6
Event: 13.496 Thread 0x00007fa2c400a000 Uncommon trap: reason=bimorphic action=maybe_recompile pc=0x00007fa2b5d2e3e0 method=com.android.dx.cf.code.Merger.mergeType(Lcom/android/dx/rop/type/TypeBearer;Lcom/android/dx/rop/type/TypeBearer;)Lcom/android/dx/rop/type/TypeBearer; @ 6
Event: 14.530 Thread 0x00007fa2c419d800 Uncommon trap: reason=unstable_if action=reinterpret pc=0x00007fa2b5d9278c method=com.android.dx.rop.type.Type.isReference()Z @ 6
Event: 14.922 Thread 0x00007fa2c41a0000 Uncommon trap: reason=unstable_if action=reinterpret pc=0x00007fa2b5d5f0c0 method=com.android.dx.cf.code.Merger.isPossiblyAssignableFrom(Lcom/android/dx/rop/type/TypeBearer;Lcom/android/dx/rop/type/TypeBearer;)Z @ 131
Event: 15.121 Thread 0x00007fa2c419d800 Uncommon trap: reason=unstable_if action=reinterpret pc=0x00007fa2b5d7bdb0 method=com.android.dx.rop.type.Type.isReference()Z @ 6
Event: 15.248 Thread 0x00007fa2c41a2000 Uncommon trap: reason=unstable_if action=reinterpret pc=0x00007fa2b5dbbac0 method=com.android.dx.rop.code.LocalItem.compareHandlesNulls(Lcom/android/dx/rop/cst/CstString;Lcom/android/dx/rop/cst/CstString;)I @ 8

Internal exceptions (10 events):
Event: 0.014 Thread 0x00007fa2c400a000 Exception <a 'java/lang/NoSuchMethodError': Method sun.misc.Unsafe.prefetchRead(Ljava/lang/Object;J)V name or signature does not match> (0x000000076ab07f60) thrown at [/ssd/Android/AOSP-openjdk/external/jetbrains/jdk/hotspot/src/share/vm/prims/jni.cpp, li
Event: 0.761 Thread 0x00007fa2c419d800 Implicit null exception at 0x00007fa2b527a722 to 0x00007fa2b527a823
Event: 0.835 Thread 0x00007fa2c41a2000 Implicit null exception at 0x00007fa2b538d86c to 0x00007fa2b538f2f1
Event: 0.971 Thread 0x00007fa2c419d800 Implicit null exception at 0x00007fa2b537b6e9 to 0x00007fa2b537ce6d
Event: 1.086 Thread 0x00007fa2c419d800 Implicit null exception at 0x00007fa2b53de3d8 to 0x00007fa2b53de5bd
Event: 1.456 Thread 0x00007fa2c41a0000 Exception <a 'java/lang/ArrayIndexOutOfBoundsException': 18> (0x000000076f8c2730) thrown at [/ssd/Android/AOSP-openjdk/external/jetbrains/jdk/hotspot/src/share/vm/interpreter/interpreterRuntime.cpp, line 366]
Event: 1.457 Thread 0x00007fa2c41a0000 Exception <a 'java/lang/ArrayIndexOutOfBoundsException'> (0x000000076f8c42b0) thrown at [/ssd/Android/AOSP-openjdk/external/jetbrains/jdk/hotspot/src/share/vm/runtime/sharedRuntime.cpp, line 605]
Event: 1.457 Thread 0x00007fa2c41a0000 Exception <a 'java/lang/ArrayIndexOutOfBoundsException'> (0x000000076f8c5598) thrown at [/ssd/Android/AOSP-openjdk/external/jetbrains/jdk/hotspot/src/share/vm/runtime/sharedRuntime.cpp, line 605]
Event: 11.619 Thread 0x00007fa2c41a5800 Implicit null exception at 0x00007fa2b5946b53 to 0x00007fa2b594d7f1
Event: 15.248 Thread 0x00007fa2c41a2000 Implicit null exception at 0x00007fa2b5dbae59 to 0x00007fa2b5dbba95

Events (10 events):
Event: 15.796 Thread 0x00007fa2c40b7800 flushing nmethod 0x00007fa2b514cdd0
Event: 15.796 Thread 0x00007fa2c40b7800 flushing nmethod 0x00007fa2b515a110
Event: 15.796 Thread 0x00007fa2c40b7800 flushing nmethod 0x00007fa2b515c090
Event: 15.796 Thread 0x00007fa2c40b7800 flushing nmethod 0x00007fa2b515ca90
Event: 15.796 Thread 0x00007fa2c40b7800 flushing nmethod 0x00007fa2b515d290
Event: 15.796 Thread 0x00007fa2c40b7800 flushing nmethod 0x00007fa2b515e690
Event: 15.796 Thread 0x00007fa2c40b7800 flushing nmethod 0x00007fa2b515ed90
Event: 15.796 Thread 0x00007fa2c40b7800 flushing nmethod 0x00007fa2b5161f90
Event: 15.816 Thread 0x00007fa2c40ba800 flushing nmethod 0x00007fa2b5171510
Event: 15.884 Executing VM operation: ParallelGCFailedAllocation


Dynamic libraries:
00400000-00401000 r-xp 00000000 08:05 929732                             /opt/android-studio/jre/bin/java
00600000-00601000 r--p 00000000 08:05 929732                             /opt/android-studio/jre/bin/java
00601000-00602000 rw-p 00001000 08:05 929732                             /opt/android-studio/jre/bin/java
021fc000-0221d000 rw-p 00000000 00:00 0                                  [heap]
6c0000000-6dcd80000 rw-p 00000000 00:00 0 
6ec980000-76ab00000 ---p 00000000 00:00 0 
76ab00000-7b4700000 rw-p 00000000 00:00 0 
7b4700000-7c0000000 ---p 00000000 00:00 0 
7c0000000-7c00a0000 rw-p 00000000 00:00 0 
7c00a0000-800000000 ---p 00000000 00:00 0 
7fa258000000-7fa258039000 rw-p 00000000 00:00 0 
7fa258039000-7fa25c000000 ---p 00000000 00:00 0 
7fa260000000-7fa26004b000 rw-p 00000000 00:00 0 
7fa26004b000-7fa264000000 ---p 00000000 00:00 0 
7fa264000000-7fa264029000 rw-p 00000000 00:00 0 
7fa264029000-7fa268000000 ---p 00000000 00:00 0 
7fa268000000-7fa268025000 rw-p 00000000 00:00 0 
7fa268025000-7fa26c000000 ---p 00000000 00:00 0 
7fa26c000000-7fa26c021000 rw-p 00000000 00:00 0 
7fa26c021000-7fa270000000 ---p 00000000 00:00 0 
7fa270000000-7fa270021000 rw-p 00000000 00:00 0 
7fa270021000-7fa274000000 ---p 00000000 00:00 0 
7fa274000000-7fa274021000 rw-p 00000000 00:00 0 
7fa274021000-7fa278000000 ---p 00000000 00:00 0 
7fa278000000-7fa279953000 rw-p 00000000 00:00 0 
7fa279953000-7fa27c000000 ---p 00000000 00:00 0 
7fa27c000000-7fa27c95d000 rw-p 00000000 00:00 0 
7fa27c95d000-7fa280000000 ---p 00000000 00:00 0 
7fa280000000-7fa280021000 rw-p 00000000 00:00 0 
7fa280021000-7fa284000000 ---p 00000000 00:00 0 
7fa284000000-7fa285647000 rw-p 00000000 00:00 0 
7fa285647000-7fa288000000 ---p 00000000 00:00 0 
7fa288000000-7fa288021000 rw-p 00000000 00:00 0 
7fa288021000-7fa28c000000 ---p 00000000 00:00 0 
7fa28c000000-7fa28c021000 rw-p 00000000 00:00 0 
7fa28c021000-7fa290000000 ---p 00000000 00:00 0 
7fa290000000-7fa298000000 rw-p 00000000 00:00 0 
7fa298000000-7fa298021000 rw-p 00000000 00:00 0 
7fa298021000-7fa29c000000 ---p 00000000 00:00 0 
7fa29c000000-7fa29c282000 rw-p 00000000 00:00 0 
7fa29c282000-7fa2a0000000 ---p 00000000 00:00 0 
7fa2a0000000-7fa2a0021000 rw-p 00000000 00:00 0 
7fa2a0021000-7fa2a4000000 ---p 00000000 00:00 0 
7fa2a8000000-7fa2a8021000 rw-p 00000000 00:00 0 
7fa2a8021000-7fa2ac000000 ---p 00000000 00:00 0 
7fa2ae1cd000-7fa2ae1d0000 ---p 00000000 00:00 0 
7fa2ae1d0000-7fa2ae2ce000 rw-p 00000000 00:00 0 
7fa2ae2ce000-7fa2ae2d1000 ---p 00000000 00:00 0 
7fa2ae2d1000-7fa2ae3cf000 rw-p 00000000 00:00 0 
7fa2ae3cf000-7fa2ae3d2000 ---p 00000000 00:00 0 
7fa2ae3d2000-7fa2ae4d0000 rw-p 00000000 00:00 0 
7fa2ae4d0000-7fa2ae4d3000 ---p 00000000 00:00 0 
7fa2ae4d3000-7fa2ae5d1000 rw-p 00000000 00:00 0 
7fa2ae5d1000-7fa2ae5d4000 ---p 00000000 00:00 0 
7fa2ae5d4000-7fa2ae6d2000 rw-p 00000000 00:00 0 
7fa2ae6d2000-7fa2ae7a0000 r--s 00983000 08:06 664658                     /home/lester/CONVERSA/Conversa-Android/app/build/intermediates/transforms/jarMerging/debug/jars/1/1f/combined.jar
7fa2ae7a0000-7fa2ae7a1000 ---p 00000000 00:00 0 
7fa2ae7a1000-7fa2ae8a1000 rw-p 00000000 00:00 0 
7fa2ae8a1000-7fa2ae8a4000 ---p 00000000 00:00 0 
7fa2ae8a4000-7fa2ae9a2000 rw-p 00000000 00:00 0 
7fa2ae9a2000-7fa2ae9a5000 ---p 00000000 00:00 0 
7fa2ae9a5000-7fa2aeaa3000 rw-p 00000000 00:00 0 
7fa2aeaa3000-7fa2aeaa6000 ---p 00000000 00:00 0 
7fa2aeaa6000-7fa2aeba4000 rw-p 00000000 00:00 0 
7fa2aeba4000-7fa2aeba7000 ---p 00000000 00:00 0 
7fa2aeba7000-7fa2aeca5000 rw-p 00000000 00:00 0 
7fa2aeca5000-7fa2aeca8000 ---p 00000000 00:00 0 
7fa2aeca8000-7fa2aeda6000 rw-p 00000000 00:00 0 
7fa2aeda6000-7fa2af2f3000 r--p 00000000 08:05 1051794                    /usr/lib/locale/locale-archive
7fa2af2f3000-7fa2af2f6000 ---p 00000000 00:00 0 
7fa2af2f6000-7fa2af3f4000 rw-p 00000000 00:00 0 
7fa2af3f4000-7fa2af3f7000 ---p 00000000 00:00 0 
7fa2af3f7000-7fa2af4f5000 rw-p 00000000 00:00 0 
7fa2af4f5000-7fa2af4f6000 ---p 00000000 00:00 0 
7fa2af4f6000-7fa2b0000000 rw-p 00000000 00:00 0 
7fa2b0000000-7fa2b0021000 rw-p 00000000 00:00 0 
7fa2b0021000-7fa2b4000000 ---p 00000000 00:00 0 
7fa2b400d000-7fa2b4032000 r--p 00000000 08:05 144167                     /usr/share/locale-langpack/es/LC_MESSAGES/libc.mo
7fa2b4032000-7fa2b45bb000 rw-p 00000000 00:00 0 
7fa2b45bb000-7fa2b478a000 r--s 03c1b000 08:05 929783                     /opt/android-studio/jre/jre/lib/rt.jar
7fa2b478a000-7fa2b4ec0000 rw-p 00000000 00:00 0 
7fa2b4ec0000-7fa2b5000000 ---p 00000000 00:00 0 
7fa2b5000000-7fa2b5e20000 rwxp 00000000 00:00 0 
7fa2b5e20000-7fa2c4000000 ---p 00000000 00:00 0 
7fa2c4000000-7fa2c43b5000 rw-p 00000000 00:00 0 
7fa2c43b5000-7fa2c8000000 ---p 00000000 00:00 0 
7fa2c8003000-7fa2c8872000 rw-p 00000000 00:00 0 
7fa2c8872000-7fa2c8873000 ---p 00000000 00:00 0 
7fa2c8873000-7fa2c8973000 rw-p 00000000 00:00 0 
7fa2c8973000-7fa2c8974000 ---p 00000000 00:00 0 
7fa2c8974000-7fa2c8a74000 rw-p 00000000 00:00 0 
7fa2c8a74000-7fa2c8a75000 ---p 00000000 00:00 0 
7fa2c8a75000-7fa2c8b75000 rw-p 00000000 00:00 0 
7fa2c8b75000-7fa2c8b76000 ---p 00000000 00:00 0 
7fa2c8b76000-7fa2c8d5d000 rw-p 00000000 00:00 0 
7fa2c8d5d000-7fa2c91cc000 ---p 00000000 00:00 0 
7fa2c91cc000-7fa2c92b3000 rw-p 00000000 00:00 0 
7fa2c92b3000-7fa2c9721000 ---p 00000000 00:00 0 
7fa2c9721000-7fa2c9970000 rw-p 00000000 00:00 0 
7fa2c9970000-7fa2c99cc000 ---p 00000000 00:00 0 
7fa2c99cc000-7fa2c9a06000 rw-p 00000000 00:00 0 
7fa2c9a06000-7fa2c9d8d000 ---p 00000000 00:00 0 
7fa2c9d8d000-7fa2c9da7000 r-xp 00000000 08:05 929798                     /opt/android-studio/jre/jre/lib/amd64/libzip.so
7fa2c9da7000-7fa2c9fa7000 ---p 0001a000 08:05 929798                     /opt/android-studio/jre/jre/lib/amd64/libzip.so
7fa2c9fa7000-7fa2c9fa8000 r--p 0001a000 08:05 929798                     /opt/android-studio/jre/jre/lib/amd64/libzip.so
7fa2c9fa8000-7fa2c9fa9000 rw-p 0001b000 08:05 929798                     /opt/android-studio/jre/jre/lib/amd64/libzip.so
7fa2c9fa9000-7fa2c9fb4000 r-xp 00000000 08:05 657657                     /lib/x86_64-linux-gnu/libnss_files-2.23.so
7fa2c9fb4000-7fa2ca1b3000 ---p 0000b000 08:05 657657                     /lib/x86_64-linux-gnu/libnss_files-2.23.so
7fa2ca1b3000-7fa2ca1b4000 r--p 0000a000 08:05 657657                     /lib/x86_64-linux-gnu/libnss_files-2.23.so
7fa2ca1b4000-7fa2ca1b5000 rw-p 0000b000 08:05 657657                     /lib/x86_64-linux-gnu/libnss_files-2.23.so
7fa2ca1b5000-7fa2ca1bb000 rw-p 00000000 00:00 0 
7fa2ca1bb000-7fa2ca1c6000 r-xp 00000000 08:05 657660                     /lib/x86_64-linux-gnu/libnss_nis-2.23.so
7fa2ca1c6000-7fa2ca3c5000 ---p 0000b000 08:05 657660                     /lib/x86_64-linux-gnu/libnss_nis-2.23.so
7fa2ca3c5000-7fa2ca3c6000 r--p 0000a000 08:05 657660                     /lib/x86_64-linux-gnu/libnss_nis-2.23.so
7fa2ca3c6000-7fa2ca3c7000 rw-p 0000b000 08:05 657660                     /lib/x86_64-linux-gnu/libnss_nis-2.23.so
7fa2ca3c7000-7fa2ca3dd000 r-xp 00000000 08:05 657653                     /lib/x86_64-linux-gnu/libnsl-2.23.so
7fa2ca3dd000-7fa2ca5dc000 ---p 00016000 08:05 657653                     /lib/x86_64-linux-gnu/libnsl-2.23.so
7fa2ca5dc000-7fa2ca5dd000 r--p 00015000 08:05 657653                     /lib/x86_64-linux-gnu/libnsl-2.23.so
7fa2ca5dd000-7fa2ca5de000 rw-p 00016000 08:05 657653                     /lib/x86_64-linux-gnu/libnsl-2.23.so
7fa2ca5de000-7fa2ca5e0000 rw-p 00000000 00:00 0 
7fa2ca5e0000-7fa2ca5e8000 r-xp 00000000 08:05 657666                     /lib/x86_64-linux-gnu/libnss_compat-2.23.so
7fa2ca5e8000-7fa2ca7e7000 ---p 00008000 08:05 657666                     /lib/x86_64-linux-gnu/libnss_compat-2.23.so
7fa2ca7e7000-7fa2ca7e8000 r--p 00007000 08:05 657666                     /lib/x86_64-linux-gnu/libnss_compat-2.23.so
7fa2ca7e8000-7fa2ca7e9000 rw-p 00008000 08:05 657666                     /lib/x86_64-linux-gnu/libnss_compat-2.23.so
7fa2ca7e9000-7fa2ca816000 r-xp 00000000 08:05 929815                     /opt/android-studio/jre/jre/lib/amd64/libjava.so
7fa2ca816000-7fa2caa15000 ---p 0002d000 08:05 929815                     /opt/android-studio/jre/jre/lib/amd64/libjava.so
7fa2caa15000-7fa2caa16000 r--p 0002c000 08:05 929815                     /opt/android-studio/jre/jre/lib/amd64/libjava.so
7fa2caa16000-7fa2caa18000 rw-p 0002d000 08:05 929815                     /opt/android-studio/jre/jre/lib/amd64/libjava.so
7fa2caa18000-7fa2caa28000 r-xp 00000000 08:05 929788                     /opt/android-studio/jre/jre/lib/amd64/libverify.so
7fa2caa28000-7fa2cac27000 ---p 00010000 08:05 929788                     /opt/android-studio/jre/jre/lib/amd64/libverify.so
7fa2cac27000-7fa2cac29000 r--p 0000f000 08:05 929788                     /opt/android-studio/jre/jre/lib/amd64/libverify.so
7fa2cac29000-7fa2cac2a000 rw-p 00011000 08:05 929788                     /opt/android-studio/jre/jre/lib/amd64/libverify.so
7fa2cac2a000-7fa2cac31000 r-xp 00000000 08:05 657662                     /lib/x86_64-linux-gnu/librt-2.23.so
7fa2cac31000-7fa2cae30000 ---p 00007000 08:05 657662                     /lib/x86_64-linux-gnu/librt-2.23.so
7fa2cae30000-7fa2cae31000 r--p 00006000 08:05 657662                     /lib/x86_64-linux-gnu/librt-2.23.so
7fa2cae31000-7fa2cae32000 rw-p 00007000 08:05 657662                     /lib/x86_64-linux-gnu/librt-2.23.so
7fa2cae32000-7fa2caf3a000 r-xp 00000000 08:05 657671                     /lib/x86_64-linux-gnu/libm-2.23.so
7fa2caf3a000-7fa2cb139000 ---p 00108000 08:05 657671                     /lib/x86_64-linux-gnu/libm-2.23.so
7fa2cb139000-7fa2cb13a000 r--p 00107000 08:05 657671                     /lib/x86_64-linux-gnu/libm-2.23.so
7fa2cb13a000-7fa2cb13b000 rw-p 00108000 08:05 657671                     /lib/x86_64-linux-gnu/libm-2.23.so
7fa2cb13b000-7fa2cbd2c000 r-xp 00000000 08:05 929796                     /opt/android-studio/jre/jre/lib/amd64/server/libjvm.so
7fa2cbd2c000-7fa2cbf2c000 ---p 00bf1000 08:05 929796                     /opt/android-studio/jre/jre/lib/amd64/server/libjvm.so
7fa2cbf2c000-7fa2cbfcb000 r--p 00bf1000 08:05 929796                     /opt/android-studio/jre/jre/lib/amd64/server/libjvm.so
7fa2cbfcb000-7fa2cbff4000 rw-p 00c90000 08:05 929796                     /opt/android-studio/jre/jre/lib/amd64/server/libjvm.so
7fa2cbff4000-7fa2cc038000 rw-p 00000000 00:00 0 
7fa2cc038000-7fa2cc050000 r-xp 00000000 08:05 657659                     /lib/x86_64-linux-gnu/libpthread-2.23.so
7fa2cc050000-7fa2cc24f000 ---p 00018000 08:05 657659                     /lib/x86_64-linux-gnu/libpthread-2.23.so
7fa2cc24f000-7fa2cc250000 r--p 00017000 08:05 657659                     /lib/x86_64-linux-gnu/libpthread-2.23.so
7fa2cc250000-7fa2cc251000 rw-p 00018000 08:05 657659                     /lib/x86_64-linux-gnu/libpthread-2.23.so
7fa2cc251000-7fa2cc255000 rw-p 00000000 00:00 0 
7fa2cc255000-7fa2cc258000 r-xp 00000000 08:05 657665                     /lib/x86_64-linux-gnu/libdl-2.23.so
7fa2cc258000-7fa2cc457000 ---p 00003000 08:05 657665                     /lib/x86_64-linux-gnu/libdl-2.23.so
7fa2cc457000-7fa2cc458000 r--p 00002000 08:05 657665                     /lib/x86_64-linux-gnu/libdl-2.23.so
7fa2cc458000-7fa2cc459000 rw-p 00003000 08:05 657665                     /lib/x86_64-linux-gnu/libdl-2.23.so
7fa2cc459000-7fa2cc619000 r-xp 00000000 08:05 657676                     /lib/x86_64-linux-gnu/libc-2.23.so
7fa2cc619000-7fa2cc819000 ---p 001c0000 08:05 657676                     /lib/x86_64-linux-gnu/libc-2.23.so
7fa2cc819000-7fa2cc81d000 r--p 001c0000 08:05 657676                     /lib/x86_64-linux-gnu/libc-2.23.so
7fa2cc81d000-7fa2cc81f000 rw-p 001c4000 08:05 657676                     /lib/x86_64-linux-gnu/libc-2.23.so
7fa2cc81f000-7fa2cc823000 rw-p 00000000 00:00 0 
7fa2cc823000-7fa2cc839000 r-xp 00000000 08:05 929747                     /opt/android-studio/jre/lib/amd64/jli/libjli.so
7fa2cc839000-7fa2cca38000 ---p 00016000 08:05 929747                     /opt/android-studio/jre/lib/amd64/jli/libjli.so
7fa2cca38000-7fa2cca39000 r--p 00015000 08:05 929747                     /opt/android-studio/jre/lib/amd64/jli/libjli.so
7fa2cca39000-7fa2cca3a000 rw-p 00016000 08:05 929747                     /opt/android-studio/jre/lib/amd64/jli/libjli.so
7fa2cca3a000-7fa2cca60000 r-xp 00000000 08:05 657654                     /lib/x86_64-linux-gnu/ld-2.23.so
7fa2cca62000-7fa2cca69000 r--s 00000000 08:05 8623                       /usr/lib/x86_64-linux-gnu/gconv/gconv-modules.cache
7fa2cca69000-7fa2ccb3c000 rw-p 00000000 00:00 0 
7fa2ccb3c000-7fa2ccb3f000 ---p 00000000 00:00 0 
7fa2ccb3f000-7fa2ccc41000 rw-p 00000000 00:00 0 
7fa2ccc45000-7fa2ccc53000 r--s 000e0000 08:05 582483                     /root/Android/Sdk/build-tools/25.0.2/lib/dx.jar
7fa2ccc53000-7fa2ccc5b000 rw-s 00000000 08:05 2636908                    /tmp/hsperfdata_root/8308
7fa2ccc5b000-7fa2ccc5c000 rw-p 00000000 00:00 0 
7fa2ccc5c000-7fa2ccc5d000 ---p 00000000 00:00 0 
7fa2ccc5d000-7fa2ccc5f000 rw-p 00000000 00:00 0 
7fa2ccc5f000-7fa2ccc60000 r--p 00025000 08:05 657654                     /lib/x86_64-linux-gnu/ld-2.23.so
7fa2ccc60000-7fa2ccc61000 rw-p 00026000 08:05 657654                     /lib/x86_64-linux-gnu/ld-2.23.so
7fa2ccc61000-7fa2ccc62000 rw-p 00000000 00:00 0 
7ffd2ccd2000-7ffd2ccf3000 rw-p 00000000 00:00 0                          [stack]
7ffd2cdb1000-7ffd2cdb3000 r--p 00000000 00:00 0                          [vvar]
7ffd2cdb3000-7ffd2cdb5000 r-xp 00000000 00:00 0                          [vdso]
ffffffffff600000-ffffffffff601000 r-xp 00000000 00:00 0                  [vsyscall]

VM Arguments:
jvm_args: -Djava.awt.headless=true -Xmx4g -Dfile.encoding=UTF-8 -Duser.country=GT -Duser.language=es -Duser.variant 
java_command: com.android.dx.command.Main --dex --num-threads=4 --multi-dex --main-dex-list /home/lester/CONVERSA/Conversa-Android/app/build/intermediates/multi-dex/debug/maindexlist.txt --output /home/lester/CONVERSA/Conversa-Android/app/build/intermediates/transforms/dex/debug/folders/1000/1f/main /home/lester/CONVERSA/Conversa-Android/app/build/intermediates/transforms/jarMerging/debug/jars/1/1f/combined.jar
java_class_path (initial): /root/Android/Sdk/build-tools/25.0.2/lib/dx.jar
Launcher Type: SUN_STANDARD

Environment Variables:
PATH=/usr/local/sbin:/usr/local/bin:/usr/sbin:/usr/bin:/sbin:/bin:/snap/bin
USERNAME=root
LD_LIBRARY_PATH=/opt/android-studio/bin:
SHELL=/bin/bash
DISPLAY=:0

Signal Handlers:
SIGSEGV: [libjvm.so+0x9e5150], sa_mask[0]=11111111011111111101111111111110, sa_flags=SA_RESTART|SA_SIGINFO
SIGBUS: [libjvm.so+0x9e5150], sa_mask[0]=11111111011111111101111111111110, sa_flags=SA_RESTART|SA_SIGINFO
SIGFPE: [libjvm.so+0x848450], sa_mask[0]=11111111011111111101111111111110, sa_flags=SA_RESTART|SA_SIGINFO
SIGPIPE: [libjvm.so+0x848450], sa_mask[0]=11111111011111111101111111111110, sa_flags=SA_RESTART|SA_SIGINFO
SIGXFSZ: [libjvm.so+0x848450], sa_mask[0]=11111111011111111101111111111110, sa_flags=SA_RESTART|SA_SIGINFO
SIGILL: [libjvm.so+0x848450], sa_mask[0]=11111111011111111101111111111110, sa_flags=SA_RESTART|SA_SIGINFO
SIGUSR1: SIG_DFL, sa_mask[0]=00000000000000000000000000000000, sa_flags=none
SIGUSR2: [libjvm.so+0x848320], sa_mask[0]=00100000000000000000000000000000, sa_flags=SA_RESTART|SA_SIGINFO
SIGHUP: [libjvm.so+0x848510], sa_mask[0]=11111111011111111101111111111110, sa_flags=SA_RESTART|SA_SIGINFO
SIGINT: [libjvm.so+0x848510], sa_mask[0]=11111111011111111101111111111110, sa_flags=SA_RESTART|SA_SIGINFO
SIGTERM: [libjvm.so+0x848510], sa_mask[0]=11111111011111111101111111111110, sa_flags=SA_RESTART|SA_SIGINFO
SIGQUIT: [libjvm.so+0x848510], sa_mask[0]=11111111011111111101111111111110, sa_flags=SA_RESTART|SA_SIGINFO


---------------  S Y S T E M  ---------------

OS:DISTRIB_ID=Ubuntu
DISTRIB_RELEASE=16.04
DISTRIB_CODENAME=xenial
DISTRIB_DESCRIPTION="Ubuntu 16.04.3 LTS"

uname:Linux 4.4.0-92-generic #115-Ubuntu SMP Thu Aug 10 09:04:33 UTC 2017 x86_64
libc:glibc 2.23 NPTL 2.23 
rlimit: STACK 8192k, CORE 0k, NPROC 31122, NOFILE 1048576, AS infinity
load average:2.34 1.49 1.36

/proc/meminfo:
MemTotal:        8075520 kB
MemFree:          149484 kB
MemAvailable:     118192 kB
Buffers:           14976 kB
Cached:           817852 kB
SwapCached:            0 kB
Active:          6280432 kB
Inactive:         678248 kB
Active(anon):    6197460 kB
Inactive(anon):   612680 kB
Active(file):      82972 kB
Inactive(file):    65568 kB
Unevictable:          48 kB
Mlocked:              48 kB
SwapTotal:             0 kB
SwapFree:              0 kB
Dirty:               208 kB
Writeback:             0 kB
AnonPages:       6126676 kB
Mapped:          1056100 kB
Shmem:            683544 kB
Slab:             113988 kB
SReclaimable:      66892 kB
SUnreclaim:        47096 kB
KernelStack:       13328 kB
PageTables:        53592 kB
NFS_Unstable:          0 kB
Bounce:                0 kB
WritebackTmp:          0 kB
CommitLimit:     4037760 kB
Committed_AS:   12287320 kB
VmallocTotal:   34359738367 kB
VmallocUsed:           0 kB
VmallocChunk:          0 kB
HardwareCorrupted:     0 kB
AnonHugePages:   3014656 kB
CmaTotal:              0 kB
CmaFree:               0 kB
HugePages_Total:       0
HugePages_Free:        0
HugePages_Rsvd:        0
HugePages_Surp:        0
Hugepagesize:       2048 kB
DirectMap4k:      178988 kB
DirectMap2M:     7061504 kB
DirectMap1G:     2097152 kB


CPU:total 4 (2 cores per cpu, 2 threads per core) family 6 model 61 stepping 4, cmov, cx8, fxsr, mmx, sse, sse2, sse3, ssse3, sse4.1, sse4.2, popcnt, avx, avx2, aes, clmul, erms, 3dnowpref, lzcnt, ht, tsc, tscinvbit, bmi1, bmi2, adx

/proc/cpuinfo:
processor	: 0
vendor_id	: GenuineIntel
cpu family	: 6
model		: 61
model name	: Intel(R) Core(TM) i7-5500U CPU @ 2.40GHz
stepping	: 4
microcode	: 0x18
cpu MHz		: 2308.968
cache size	: 4096 KB
physical id	: 0
siblings	: 4
core id		: 0
cpu cores	: 2
apicid		: 0
initial apicid	: 0
fpu		: yes
fpu_exception	: yes
cpuid level	: 20
wp		: yes
flags		: fpu vme de pse tsc msr pae mce cx8 apic sep mtrr pge mca cmov pat pse36 clflush dts acpi mmx fxsr sse sse2 ss ht tm pbe syscall nx pdpe1gb rdtscp lm constant_tsc arch_perfmon pebs bts rep_good nopl xtopology nonstop_tsc aperfmperf eagerfpu pni pclmulqdq dtes64 monitor ds_cpl vmx est tm2 ssse3 sdbg fma cx16 xtpr pdcm pcid sse4_1 sse4_2 x2apic movbe popcnt tsc_deadline_timer aes xsave avx f16c rdrand lahf_lm abm 3dnowprefetch epb intel_pt tpr_shadow vnmi flexpriority ept vpid fsgsbase tsc_adjust bmi1 avx2 smep bmi2 erms invpcid rdseed adx smap xsaveopt dtherm ida arat pln pts
bugs		:
bogomips	: 4788.93
clflush size	: 64
cache_alignment	: 64
address sizes	: 39 bits physical, 48 bits virtual
power management:

processor	: 1
vendor_id	: GenuineIntel
cpu family	: 6
model		: 61
model name	: Intel(R) Core(TM) i7-5500U CPU @ 2.40GHz
stepping	: 4
microcode	: 0x18
cpu MHz		: 2410.687
cache size	: 4096 KB
physical id	: 0
siblings	: 4
core id		: 1
cpu cores	: 2
apicid		: 2
initial apicid	: 2
fpu		: yes
fpu_exception	: yes
cpuid level	: 20
wp		: yes
flags		: fpu vme de pse tsc msr pae mce cx8 apic sep mtrr pge mca cmov pat pse36 clflush dts acpi mmx fxsr sse sse2 ss ht tm pbe syscall nx pdpe1gb rdtscp lm constant_tsc arch_perfmon pebs bts rep_good nopl xtopology nonstop_tsc aperfmperf eagerfpu pni pclmulqdq dtes64 monitor ds_cpl vmx est tm2 ssse3 sdbg fma cx16 xtpr pdcm pcid sse4_1 sse4_2 x2apic movbe popcnt tsc_deadline_timer aes xsave avx f16c rdrand lahf_lm abm 3dnowprefetch epb intel_pt tpr_shadow vnmi flexpriority ept vpid fsgsbase tsc_adjust bmi1 avx2 smep bmi2 erms invpcid rdseed adx smap xsaveopt dtherm ida arat pln pts
bugs		:
bogomips	: 4788.93
clflush size	: 64
cache_alignment	: 64
address sizes	: 39 bits physical, 48 bits virtual
power management:

processor	: 2
vendor_id	: GenuineIntel
cpu family	: 6
model		: 61
model name	: Intel(R) Core(TM) i7-5500U CPU @ 2.40GHz
stepping	: 4
microcode	: 0x18
cpu MHz		: 2400.843
cache size	: 4096 KB
physical id	: 0
siblings	: 4
core id		: 0
cpu cores	: 2
apicid		: 1
initial apicid	: 1
fpu		: yes
fpu_exception	: yes
cpuid level	: 20
wp		: yes
flags		: fpu vme de pse tsc msr pae mce cx8 apic sep mtrr pge mca cmov pat pse36 clflush dts acpi mmx fxsr sse sse2 ss ht tm pbe syscall nx pdpe1gb rdtscp lm constant_tsc arch_perfmon pebs bts rep_good nopl xtopology nonstop_tsc aperfmperf eagerfpu pni pclmulqdq dtes64 monitor ds_cpl vmx est tm2 ssse3 sdbg fma cx16 xtpr pdcm pcid sse4_1 sse4_2 x2apic movbe popcnt tsc_deadline_timer aes xsave avx f16c rdrand lahf_lm abm 3dnowprefetch epb intel_pt tpr_shadow vnmi flexpriority ept vpid fsgsbase tsc_adjust bmi1 avx2 smep bmi2 erms invpcid rdseed adx smap xsaveopt dtherm ida arat pln pts
bugs		:
bogomips	: 4788.93
clflush size	: 64
cache_alignment	: 64
address sizes	: 39 bits physical, 48 bits virtual
power management:

processor	: 3
vendor_id	: GenuineIntel
cpu family	: 6
model		: 61
model name	: Intel(R) Core(TM) i7-5500U CPU @ 2.40GHz
stepping	: 4
microcode	: 0x18
cpu MHz		: 2400.000
cache size	: 4096 KB
physical id	: 0
siblings	: 4
core id		: 1
cpu cores	: 2
apicid		: 3
initial apicid	: 3
fpu		: yes
fpu_exception	: yes
cpuid level	: 20
wp		: yes
flags		: fpu vme de pse tsc msr pae mce cx8 apic sep mtrr pge mca cmov pat pse36 clflush dts acpi mmx fxsr sse sse2 ss ht tm pbe syscall nx pdpe1gb rdtscp lm constant_tsc arch_perfmon pebs bts rep_good nopl xtopology nonstop_tsc aperfmperf eagerfpu pni pclmulqdq dtes64 monitor ds_cpl vmx est tm2 ssse3 sdbg fma cx16 xtpr pdcm pcid sse4_1 sse4_2 x2apic movbe popcnt tsc_deadline_timer aes xsave avx f16c rdrand lahf_lm abm 3dnowprefetch epb intel_pt tpr_shadow vnmi flexpriority ept vpid fsgsbase tsc_adjust bmi1 avx2 smep bmi2 erms invpcid rdseed adx smap xsaveopt dtherm ida arat pln pts
bugs		:
bogomips	: 4788.93
clflush size	: 64
cache_alignment	: 64
address sizes	: 39 bits physical, 48 bits virtual
power management:



Memory: 4k page, physical 8075520k(149484k free), swap 0k(0k free)

vm_info: OpenJDK 64-Bit Server VM (25.112-b06) for linux-amd64 JRE (1.8.0_112-release-b06), built on Dec  6 2016 12:11:18 by "builder" with gcc 4.8.4

time: Sat Sep  9 10:34:57 2017
elapsed time: 19 seconds (0d 0h 0m 19s)

