#
# There is insufficient memory for the Java Runtime Environment to continue.
# Native memory allocation (mmap) failed to map 250609664 bytes for committing reserved memory.
# Possible reasons:
#   The system is out of physical RAM or swap space
#   In 32 bit mode, the process size limit was hit
# Possible solutions:
#   Reduce memory load on the system
#   Increase physical memory or swap space
#   Check if swap backing store is full
#   Use 64 bit Java on a 64 bit OS
#   Decrease Java heap size (-Xmx/-Xms)
#   Decrease number of Java threads
#   Decrease Java thread stack sizes (-Xss)
#   Set larger code cache with -XX:ReservedCodeCacheSize=
# This output file may be truncated or incomplete.
#
#  Out of Memory Error (os_linux.cpp:2627), pid=8030, tid=0x00007f4961f9e700
#
# JRE version: OpenJDK Runtime Environment (8.0_112-b06) (build 1.8.0_112-release-b06)
# Java VM: OpenJDK 64-Bit Server VM (25.112-b06 mixed mode linux-amd64 compressed oops)
# Failed to write core dump. Core dumps have been disabled. To enable core dumping, try "ulimit -c unlimited" before starting Java again
#

---------------  T H R E A D  ---------------

Current thread (0x00007f4978077800):  VMThread [stack: 0x00007f4961e9e000,0x00007f4961f9f000] [id=8040]

Stack: [0x00007f4961e9e000,0x00007f4961f9f000],  sp=0x00007f4961f9d4c0,  free space=1021k
Native frames: (J=compiled Java code, j=interpreted, Vv=VM code, C=native code)
V  [libjvm.so+0x9e465d]  VMError::report_and_die()+0x15d
V  [libjvm.so+0x4b6ada]  report_vm_out_of_memory(char const*, int, unsigned long, VMErrorType, char const*)+0x8a
V  [libjvm.so+0x84c860]  os::pd_commit_memory(char*, unsigned long, unsigned long, bool)+0xf0
V  [libjvm.so+0x84737f]  os::commit_memory(char*, unsigned long, unsigned long, bool)+0x1f
V  [libjvm.so+0x8bd3db]  PSVirtualSpace::expand_by(unsigned long)+0x5b
V  [libjvm.so+0x8be050]  PSYoungGen::resize_generation(unsigned long, unsigned long)+0xb0
V  [libjvm.so+0x8be36b]  PSYoungGen::resize(unsigned long, unsigned long)+0x1b
V  [libjvm.so+0x8baa5c]  PSScavenge::invoke_no_policy()+0xdac
V  [libjvm.so+0x8bb238]  PSScavenge::invoke()+0x38
V  [libjvm.so+0x86fcf3]  ParallelScavengeHeap::failed_mem_allocate(unsigned long)+0x63
V  [libjvm.so+0x9e6124]  VM_ParallelGCFailedAllocation::doit()+0x84
V  [libjvm.so+0x9ea537]  VM_Operation::evaluate()+0x47
V  [libjvm.so+0x9e8ff8]  VMThread::evaluate_operation(VM_Operation*)+0x2c8
V  [libjvm.so+0x9e9479]  VMThread::loop()+0x219
V  [libjvm.so+0x9e98c2]  VMThread::run()+0x72
V  [libjvm.so+0x849c82]  java_start(Thread*)+0xf2

VM_Operation (0x00007f497f5d78d0): ParallelGCFailedAllocation, mode: safepoint, requested by thread 0x00007f497800a000


---------------  P R O C E S S  ---------------

Java Threads: ( => current thread )
  0x00007f497819b000 JavaThread "pool-2-thread-4" [_thread_blocked, id=8053, stack(0x00007f4960b78000,0x00007f4960c79000)]
  0x00007f4978199000 JavaThread "pool-2-thread-3" [_thread_blocked, id=8052, stack(0x00007f4960c79000,0x00007f4960d7a000)]
  0x00007f4978197800 JavaThread "pool-2-thread-2" [_thread_blocked, id=8051, stack(0x00007f4960d7a000,0x00007f4960e7b000)]
  0x00007f4978195800 JavaThread "pool-3-thread-1" [_thread_blocked, id=8050, stack(0x00007f4960e7b000,0x00007f4960f7c000)]
  0x00007f4978194800 JavaThread "pool-2-thread-1" [_thread_blocked, id=8049, stack(0x00007f4960f7c000,0x00007f496107d000)]
  0x00007f49780c7800 JavaThread "Service Thread" daemon [_thread_blocked, id=8047, stack(0x00007f496124a000,0x00007f496134b000)]
  0x00007f49780bc800 JavaThread "C1 CompilerThread2" daemon [_thread_blocked, id=8046, stack(0x00007f496134b000,0x00007f496144c000)]
  0x00007f49780ba800 JavaThread "C2 CompilerThread1" daemon [_thread_blocked, id=8045, stack(0x00007f496144c000,0x00007f496154d000)]
  0x00007f49780b7800 JavaThread "C2 CompilerThread0" daemon [_thread_blocked, id=8044, stack(0x00007f496154d000,0x00007f496164e000)]
  0x00007f49780b6800 JavaThread "Signal Dispatcher" daemon [_thread_blocked, id=8043, stack(0x00007f496164e000,0x00007f496174f000)]
  0x00007f4978083800 JavaThread "Finalizer" daemon [_thread_blocked, id=8042, stack(0x00007f4961c9c000,0x00007f4961d9d000)]
  0x00007f497807f000 JavaThread "Reference Handler" daemon [_thread_blocked, id=8041, stack(0x00007f4961d9d000,0x00007f4961e9e000)]
  0x00007f497800a000 JavaThread "main" [_thread_blocked, id=8032, stack(0x00007f497f4d9000,0x00007f497f5da000)]

Other Threads:
=>0x00007f4978077800 VMThread [stack: 0x00007f4961e9e000,0x00007f4961f9f000] [id=8040]
  0x00007f49780c9800 WatcherThread [stack: 0x00007f4961149000,0x00007f496124a000] [id=8048]

VM state:at safepoint (normal execution)

VM Mutex/Monitor currently owned by a thread:  ([mutex/lock_event])
[0x00007f4978006580] Threads_lock - owner thread: 0x00007f4978077800
[0x00007f4978006a80] Heap_lock - owner thread: 0x00007f497800a000

Heap:
 PSYoungGen      total 798208K, used 141816K [0x000000076ab00000, 0x00000007a4100000, 0x00000007c0000000)
  eden space 656384K, 0% used [0x000000076ab00000,0x000000076ab00000,0x0000000792c00000)
  from space 141824K, 99% used [0x0000000792c00000,0x000000079b67e1c0,0x000000079b680000)
  to   space 128000K, 0% used [0x000000079c180000,0x000000079c180000,0x00000007a3e80000)
 ParOldGen       total 467968K, used 336250K [0x00000006c0000000, 0x00000006dc900000, 0x000000076ab00000)
  object space 467968K, 71% used [0x00000006c0000000,0x00000006d485e8e0,0x00000006dc900000)
 Metaspace       used 6415K, capacity 7280K, committed 7552K, reserved 1056768K
  class space    used 584K, capacity 616K, committed 640K, reserved 1048576K

Card table byte_map: [0x00007f49687ff000,0x00007f4969000000] byte_map_base: 0x00007f49651ff000

Marking Bits: (ParMarkBitMap*) 0x00007f497e9a6340
 Begin Bits: [0x00007f4944000000, 0x00007f4948000000)
 End Bits:   [0x00007f4948000000, 0x00007f494c000000)

Polling page: 0x00007f497f5f9000

CodeCache: size=245760Kb used=12221Kb max_used=12246Kb free=233538Kb
 bounds [0x00007f4969000000, 0x00007f4969c10000, 0x00007f4978000000]
 total_blobs=2792 nmethods=2530 adapters=176
 compilation: enabled

Compilation events (10 events):
Event: 14.712 Thread 0x00007f49780ba800 nmethod 2550 0x00007f4969bcfdd0 code [0x00007f4969bcff40, 0x00007f4969bd0218]
Event: 14.712 Thread 0x00007f49780ba800 2369   !   4       com.android.dx.cf.code.Ropper::processBlock (1101 bytes)
Event: 14.720 Thread 0x00007f49780bc800 2747       3       com.android.dx.util.LabeledList::getMaxLabel (47 bytes)
Event: 14.720 Thread 0x00007f49780bc800 nmethod 2747 0x00007f4969bb0290 code [0x00007f4969bb0420, 0x00007f4969bb0898]
Event: 14.736 Thread 0x00007f49780b7800 nmethod 2530% 0x00007f4969bf7050 code [0x00007f4969bf73c0, 0x00007f4969bf9988]
Event: 14.737 Thread 0x00007f49780b7800 2476       4       java.util.ArrayList::clear (39 bytes)
Event: 14.738 Thread 0x00007f49780b7800 nmethod 2476 0x00007f4969b4cb50 code [0x00007f4969b4cca0, 0x00007f4969b4cd98]
Event: 14.738 Thread 0x00007f49780b7800 2597       4       com.android.dx.ssa.SsaConverter::edgeSplitSuccessors (98 bytes)
Event: 14.902 Thread 0x00007f49780b7800 nmethod 2597 0x00007f4969c01610 code [0x00007f4969c019e0, 0x00007f4969c05098]
Event: 14.902 Thread 0x00007f49780b7800 2749       4       com.android.dx.ssa.DeadCodeRemover::run (194 bytes)

GC Heap History (10 events):
Event: 7.908 GC heap after
Heap after GC invocations=11 (full 1):
 PSYoungGen      total 649216K, used 88574K [0x000000076ab00000, 0x000000079e600000, 0x00000007c0000000)
  eden space 560640K, 0% used [0x000000076ab00000,0x000000076ab00000,0x000000078ce80000)
  from space 88576K, 99% used [0x0000000794480000,0x0000000799aff940,0x0000000799b00000)
  to   space 120832K, 0% used [0x000000078ce80000,0x000000078ce80000,0x0000000794480000)
 ParOldGen       total 163328K, used 152139K [0x00000006c0000000, 0x00000006c9f80000, 0x000000076ab00000)
  object space 163328K, 93% used [0x00000006c0000000,0x00000006c9492e50,0x00000006c9f80000)
 Metaspace       used 6398K, capacity 7280K, committed 7552K, reserved 1056768K
  class space    used 583K, capacity 616K, committed 640K, reserved 1048576K
}
Event: 7.908 GC heap before
{Heap before GC invocations=12 (full 2):
 PSYoungGen      total 649216K, used 88574K [0x000000076ab00000, 0x000000079e600000, 0x00000007c0000000)
  eden space 560640K, 0% used [0x000000076ab00000,0x000000076ab00000,0x000000078ce80000)
  from space 88576K, 99% used [0x0000000794480000,0x0000000799aff940,0x0000000799b00000)
  to   space 120832K, 0% used [0x000000078ce80000,0x000000078ce80000,0x0000000794480000)
 ParOldGen       total 163328K, used 152139K [0x00000006c0000000, 0x00000006c9f80000, 0x000000076ab00000)
  object space 163328K, 93% used [0x00000006c0000000,0x00000006c9492e50,0x00000006c9f80000)
 Metaspace       used 6398K, capacity 7280K, committed 7552K, reserved 1056768K
  class space    used 583K, capacity 616K, committed 640K, reserved 1048576K
Event: 8.737 GC heap after
Heap after GC invocations=12 (full 2):
 PSYoungGen      total 649216K, used 70394K [0x000000076ab00000, 0x000000079e600000, 0x00000007c0000000)
  eden space 560640K, 0% used [0x000000076ab00000,0x000000076ab00000,0x000000078ce80000)
  from space 88576K, 79% used [0x0000000794480000,0x000000079893eb50,0x0000000799b00000)
  to   space 120832K, 0% used [0x000000078ce80000,0x000000078ce80000,0x0000000794480000)
 ParOldGen       total 288256K, used 162882K [0x00000006c0000000, 0x00000006d1980000, 0x000000076ab00000)
  object space 288256K, 56% used [0x00000006c0000000,0x00000006c9f10830,0x00000006d1980000)
 Metaspace       used 6398K, capacity 7280K, committed 7552K, reserved 1056768K
  class space    used 583K, capacity 616K, committed 640K, reserved 1048576K
}
Event: 10.230 GC heap before
{Heap before GC invocations=13 (full 2):
 PSYoungGen      total 649216K, used 631034K [0x000000076ab00000, 0x000000079e600000, 0x00000007c0000000)
  eden space 560640K, 100% used [0x000000076ab00000,0x000000078ce80000,0x000000078ce80000)
  from space 88576K, 79% used [0x0000000794480000,0x000000079893eb50,0x0000000799b00000)
  to   space 120832K, 0% used [0x000000078ce80000,0x000000078ce80000,0x0000000794480000)
 ParOldGen       total 288256K, used 162882K [0x00000006c0000000, 0x00000006d1980000, 0x000000076ab00000)
  object space 288256K, 56% used [0x00000006c0000000,0x00000006c9f10830,0x00000006d1980000)
 Metaspace       used 6407K, capacity 7280K, committed 7552K, reserved 1056768K
  class space    used 583K, capacity 616K, committed 640K, reserved 1048576K
Event: 10.475 GC heap after
Heap after GC invocations=13 (full 2):
 PSYoungGen      total 681472K, used 82812K [0x000000076ab00000, 0x00000007a3e80000, 0x00000007c0000000)
  eden space 560640K, 0% used [0x000000076ab00000,0x000000076ab00000,0x000000078ce80000)
  from space 120832K, 68% used [0x000000078ce80000,0x0000000791f5f3a8,0x0000000794480000)
  to   space 128000K, 0% used [0x000000079c180000,0x000000079c180000,0x00000007a3e80000)
 ParOldGen       total 288256K, used 233714K [0x00000006c0000000, 0x00000006d1980000, 0x000000076ab00000)
  object space 288256K, 81% used [0x00000006c0000000,0x00000006ce43c938,0x00000006d1980000)
 Metaspace       used 6407K, capacity 7280K, committed 7552K, reserved 1056768K
  class space    used 583K, capacity 616K, committed 640K, reserved 1048576K
}
Event: 10.475 GC heap before
{Heap before GC invocations=14 (full 3):
 PSYoungGen      total 681472K, used 82812K [0x000000076ab00000, 0x00000007a3e80000, 0x00000007c0000000)
  eden space 560640K, 0% used [0x000000076ab00000,0x000000076ab00000,0x000000078ce80000)
  from space 120832K, 68% used [0x000000078ce80000,0x0000000791f5f3a8,0x0000000794480000)
  to   space 128000K, 0% used [0x000000079c180000,0x000000079c180000,0x00000007a3e80000)
 ParOldGen       total 288256K, used 233714K [0x00000006c0000000, 0x00000006d1980000, 0x000000076ab00000)
  object space 288256K, 81% used [0x00000006c0000000,0x00000006ce43c938,0x00000006d1980000)
 Metaspace       used 6407K, capacity 7280K, committed 7552K, reserved 1056768K
  class space    used 583K, capacity 616K, committed 640K, reserved 1048576K
Event: 11.517 GC heap after
Heap after GC invocations=14 (full 3):
 PSYoungGen      total 681472K, used 24669K [0x000000076ab00000, 0x00000007a3e80000, 0x00000007c0000000)
  eden space 560640K, 0% used [0x000000076ab00000,0x000000076ab00000,0x000000078ce80000)
  from space 120832K, 20% used [0x000000078ce80000,0x000000078e697448,0x0000000794480000)
  to   space 128000K, 0% used [0x000000079c180000,0x000000079c180000,0x00000007a3e80000)
 ParOldGen       total 467968K, used 288198K [0x00000006c0000000, 0x00000006dc900000, 0x000000076ab00000)
  object space 467968K, 61% used [0x00000006c0000000,0x00000006d19718c0,0x00000006dc900000)
 Metaspace       used 6407K, capacity 7280K, committed 7552K, reserved 1056768K
  class space    used 583K, capacity 616K, committed 640K, reserved 1048576K
}
Event: 12.984 GC heap before
{Heap before GC invocations=15 (full 3):
 PSYoungGen      total 681472K, used 585309K [0x000000076ab00000, 0x00000007a3e80000, 0x00000007c0000000)
  eden space 560640K, 100% used [0x000000076ab00000,0x000000078ce80000,0x000000078ce80000)
  from space 120832K, 20% used [0x000000078ce80000,0x000000078e697448,0x0000000794480000)
  to   space 128000K, 0% used [0x000000079c180000,0x000000079c180000,0x00000007a3e80000)
 ParOldGen       total 467968K, used 288198K [0x00000006c0000000, 0x00000006dc900000, 0x000000076ab00000)
  object space 467968K, 61% used [0x00000006c0000000,0x00000006d19718c0,0x00000006dc900000)
 Metaspace       used 6409K, capacity 7280K, committed 7552K, reserved 1056768K
  class space    used 583K, capacity 616K, committed 640K, reserved 1048576K
Event: 13.245 GC heap after
Heap after GC invocations=15 (full 3):
 PSYoungGen      total 784384K, used 104566K [0x000000076ab00000, 0x00000007a4100000, 0x00000007c0000000)
  eden space 656384K, 0% used [0x000000076ab00000,0x000000076ab00000,0x0000000792c00000)
  from space 128000K, 81% used [0x000000079c180000,0x00000007a279d8b0,0x00000007a3e80000)
  to   space 141824K, 0% used [0x0000000792c00000,0x0000000792c00000,0x000000079b680000)
 ParOldGen       total 467968K, used 288206K [0x00000006c0000000, 0x00000006dc900000, 0x000000076ab00000)
  object space 467968K, 61% used [0x00000006c0000000,0x00000006d19738c0,0x00000006dc900000)
 Metaspace       used 6409K, capacity 7280K, committed 7552K, reserved 1056768K
  class space    used 583K, capacity 616K, committed 640K, reserved 1048576K
}
Event: 14.927 GC heap before
{Heap before GC invocations=16 (full 3):
 PSYoungGen      total 784384K, used 760950K [0x000000076ab00000, 0x00000007a4100000, 0x00000007c0000000)
  eden space 656384K, 100% used [0x000000076ab00000,0x0000000792c00000,0x0000000792c00000)
  from space 128000K, 81% used [0x000000079c180000,0x00000007a279d8b0,0x00000007a3e80000)
  to   space 141824K, 0% used [0x0000000792c00000,0x0000000792c00000,0x000000079b680000)
 ParOldGen       total 467968K, used 288206K [0x00000006c0000000, 0x00000006dc900000, 0x000000076ab00000)
  object space 467968K, 61% used [0x00000006c0000000,0x00000006d19738c0,0x00000006dc900000)
 Metaspace       used 6415K, capacity 7280K, committed 7552K, reserved 1056768K
  class space    used 584K, capacity 616K, committed 640K, reserved 1048576K

Deoptimization events (10 events):
Event: 12.297 Thread 0x00007f497819b000 Uncommon trap: reason=unstable_if action=reinterpret pc=0x00007f4969ac436c method=com.android.dx.ssa.SsaMethod.getExitBlock()Lcom/android/dx/ssa/SsaBasicBlock; @ 4
Event: 12.297 Thread 0x00007f497819b000 Uncommon trap: reason=unstable_if action=reinterpret pc=0x00007f49692da1a0 method=com.android.dx.ssa.SsaMethod.getExitBlock()Lcom/android/dx/ssa/SsaBasicBlock; @ 4
Event: 12.297 Thread 0x00007f497819b000 Uncommon trap: reason=unstable_if action=reinterpret pc=0x00007f4969ae2fa0 method=com.android.dx.ssa.back.SsaToRop.convertBasicBlock(Lcom/android/dx/ssa/SsaBasicBlock;)Lcom/android/dx/rop/code/BasicBlock; @ 21
Event: 12.350 Thread 0x00007f497819b000 Uncommon trap: reason=unstable_if action=reinterpret pc=0x00007f4969af7794 method=java.util.ArrayList.<init>(I)V @ 5
Event: 12.791 Thread 0x00007f4978194800 Uncommon trap: reason=class_check action=maybe_recompile pc=0x00007f4969affdfc method=com.android.dx.ssa.SCCP.simulateBranch(Lcom/android/dx/ssa/SsaInsn;)V @ 145
Event: 12.791 Thread 0x00007f4978194800 Uncommon trap: reason=class_check action=maybe_recompile pc=0x00007f4969affdfc method=com.android.dx.ssa.SCCP.simulateBranch(Lcom/android/dx/ssa/SsaInsn;)V @ 145
Event: 12.794 Thread 0x00007f4978194800 Uncommon trap: reason=class_check action=maybe_recompile pc=0x00007f4969affdfc method=com.android.dx.ssa.SCCP.simulateBranch(Lcom/android/dx/ssa/SsaInsn;)V @ 145
Event: 12.794 Thread 0x00007f4978194800 Uncommon trap: reason=class_check action=maybe_recompile pc=0x00007f4969affdfc method=com.android.dx.ssa.SCCP.simulateBranch(Lcom/android/dx/ssa/SsaInsn;)V @ 145
Event: 13.924 Thread 0x00007f4978194800 Uncommon trap: reason=unstable_if action=reinterpret pc=0x00007f4969b90acc method=com.android.dx.dex.code.RopTranslator.outputBlock(Lcom/android/dx/rop/code/BasicBlock;I)V @ 140
Event: 14.635 Thread 0x00007f4978197800 Uncommon trap: reason=unstable_if action=reinterpret pc=0x00007f4969bdea60 method=com.android.dx.rop.type.Type.isReference()Z @ 6

Internal exceptions (9 events):
Event: 0.014 Thread 0x00007f497800a000 Exception <a 'java/lang/NoSuchMethodError': Method sun.misc.Unsafe.defineClass(Ljava/lang/String;[BII)Ljava/lang/Class; name or signature does not match> (0x000000076ab07c78) thrown at [/ssd/Android/AOSP-openjdk/external/jetbrains/jdk/hotspot/src/share/vm
Event: 0.014 Thread 0x00007f497800a000 Exception <a 'java/lang/NoSuchMethodError': Method sun.misc.Unsafe.prefetchRead(Ljava/lang/Object;J)V name or signature does not match> (0x000000076ab07f60) thrown at [/ssd/Android/AOSP-openjdk/external/jetbrains/jdk/hotspot/src/share/vm/prims/jni.cpp, li
Event: 0.781 Thread 0x00007f497819b000 Implicit null exception at 0x00007f49692c5522 to 0x00007f49692c5623
Event: 0.865 Thread 0x00007f4978197800 Implicit null exception at 0x00007f4969303ef3 to 0x00007f496930688d
Event: 1.090 Thread 0x00007f4978199000 Implicit null exception at 0x00007f496937f695 to 0x00007f49693821c9
Event: 1.231 Thread 0x00007f4978194800 Implicit null exception at 0x00007f49693aaf58 to 0x00007f49693ab13d
Event: 1.578 Thread 0x00007f4978194800 Exception <a 'java/lang/ArrayIndexOutOfBoundsException': 18> (0x000000076f832418) thrown at [/ssd/Android/AOSP-openjdk/external/jetbrains/jdk/hotspot/src/share/vm/interpreter/interpreterRuntime.cpp, line 366]
Event: 1.578 Thread 0x00007f4978194800 Exception <a 'java/lang/ArrayIndexOutOfBoundsException': 145> (0x000000076f833f98) thrown at [/ssd/Android/AOSP-openjdk/external/jetbrains/jdk/hotspot/src/share/vm/interpreter/interpreterRuntime.cpp, line 366]
Event: 1.590 Thread 0x00007f4978194800 Exception <a 'java/lang/ArrayIndexOutOfBoundsException'> (0x000000076f835280) thrown at [/ssd/Android/AOSP-openjdk/external/jetbrains/jdk/hotspot/src/share/vm/runtime/sharedRuntime.cpp, line 605]

Events (10 events):
Event: 14.909 Thread 0x00007f4978194800 DEOPT UNPACKING pc=0x00007f4969047373 sp=0x00007f496107ac08 mode 0
Event: 14.910 Thread 0x00007f497819b000 DEOPT PACKING pc=0x00007f4969411774 sp=0x00007f4960c771c0
Event: 14.910 Thread 0x00007f497819b000 DEOPT UNPACKING pc=0x00007f4969047373 sp=0x00007f4960c76ec0 mode 0
Event: 14.915 Thread 0x00007f4978194800 DEOPT PACKING pc=0x00007f496931b7fd sp=0x00007f496107ae80
Event: 14.915 Thread 0x00007f4978194800 DEOPT UNPACKING pc=0x00007f4969047373 sp=0x00007f496107ac08 mode 0
Event: 14.920 Thread 0x00007f4978194800 DEOPT PACKING pc=0x00007f4969379c38 sp=0x00007f496107af30
Event: 14.920 Thread 0x00007f4978194800 DEOPT UNPACKING pc=0x00007f4969047373 sp=0x00007f496107ad30 mode 0
Event: 14.921 Thread 0x00007f497800a000 DEOPT PACKING pc=0x00007f496931b7fd sp=0x00007f497f5d7580
Event: 14.921 Thread 0x00007f497800a000 DEOPT UNPACKING pc=0x00007f4969047373 sp=0x00007f497f5d7308 mode 0
Event: 14.925 Executing VM operation: ParallelGCFailedAllocation


Dynamic libraries:
00400000-00401000 r-xp 00000000 08:05 929732                             /opt/android-studio/jre/bin/java
00600000-00601000 r--p 00000000 08:05 929732                             /opt/android-studio/jre/bin/java
00601000-00602000 rw-p 00001000 08:05 929732                             /opt/android-studio/jre/bin/java
019e2000-01a03000 rw-p 00000000 00:00 0                                  [heap]
6c0000000-6dc900000 rw-p 00000000 00:00 0 
6dc900000-76ab00000 ---p 00000000 00:00 0 
76ab00000-7a4100000 rw-p 00000000 00:00 0 
7b3000000-7c0000000 ---p 00000000 00:00 0 
7c0000000-7c00a0000 rw-p 00000000 00:00 0 
7c00a0000-800000000 ---p 00000000 00:00 0 
7f490c000000-7f490c04d000 rw-p 00000000 00:00 0 
7f490c04d000-7f4910000000 ---p 00000000 00:00 0 
7f4914000000-7f4914042000 rw-p 00000000 00:00 0 
7f4914042000-7f4918000000 ---p 00000000 00:00 0 
7f4918000000-7f4918056000 rw-p 00000000 00:00 0 
7f4918056000-7f491c000000 ---p 00000000 00:00 0 
7f491c000000-7f491c03f000 rw-p 00000000 00:00 0 
7f491c03f000-7f4920000000 ---p 00000000 00:00 0 
7f4920000000-7f4920021000 rw-p 00000000 00:00 0 
7f4920021000-7f4924000000 ---p 00000000 00:00 0 
7f4924000000-7f4924021000 rw-p 00000000 00:00 0 
7f4924021000-7f4928000000 ---p 00000000 00:00 0 
7f4928000000-7f4928021000 rw-p 00000000 00:00 0 
7f4928021000-7f492c000000 ---p 00000000 00:00 0 
7f492c000000-7f492d620000 rw-p 00000000 00:00 0 
7f492d620000-7f4930000000 ---p 00000000 00:00 0 
7f4930000000-7f4930a83000 rw-p 00000000 00:00 0 
7f4930a83000-7f4934000000 ---p 00000000 00:00 0 
7f4934000000-7f4934021000 rw-p 00000000 00:00 0 
7f4934021000-7f4938000000 ---p 00000000 00:00 0 
7f4938000000-7f49394ee000 rw-p 00000000 00:00 0 
7f49394ee000-7f493c000000 ---p 00000000 00:00 0 
7f493c000000-7f493c021000 rw-p 00000000 00:00 0 
7f493c021000-7f4940000000 ---p 00000000 00:00 0 
7f4940000000-7f4940021000 rw-p 00000000 00:00 0 
7f4940021000-7f4944000000 ---p 00000000 00:00 0 
7f4944000000-7f494c000000 rw-p 00000000 00:00 0 
7f494c000000-7f494c021000 rw-p 00000000 00:00 0 
7f494c021000-7f4950000000 ---p 00000000 00:00 0 
7f4950000000-7f4950282000 rw-p 00000000 00:00 0 
7f4950282000-7f4954000000 ---p 00000000 00:00 0 
7f4954000000-7f4954021000 rw-p 00000000 00:00 0 
7f4954021000-7f4958000000 ---p 00000000 00:00 0 
7f495c000000-7f495c021000 rw-p 00000000 00:00 0 
7f495c021000-7f4960000000 ---p 00000000 00:00 0 
7f4960b53000-7f4960b78000 r--p 00000000 08:05 144167                     /usr/share/locale-langpack/es/LC_MESSAGES/libc.mo
7f4960b78000-7f4960b7b000 ---p 00000000 00:00 0 
7f4960b7b000-7f4960c79000 rw-p 00000000 00:00 0 
7f4960c79000-7f4960c7c000 ---p 00000000 00:00 0 
7f4960c7c000-7f4960d7a000 rw-p 00000000 00:00 0 
7f4960d7a000-7f4960d7d000 ---p 00000000 00:00 0 
7f4960d7d000-7f4960e7b000 rw-p 00000000 00:00 0 
7f4960e7b000-7f4960e7e000 ---p 00000000 00:00 0 
7f4960e7e000-7f4960f7c000 rw-p 00000000 00:00 0 
7f4960f7c000-7f4960f7f000 ---p 00000000 00:00 0 
7f4960f7f000-7f496107d000 rw-p 00000000 00:00 0 
7f496107d000-7f4961149000 r--s 0096a000 08:06 264919                     /home/lester/CONVERSA/Conversa-Android/app/build/intermediates/transforms/jarMerging/debug/jars/1/1f/combined.jar
7f4961149000-7f496114a000 ---p 00000000 00:00 0 
7f496114a000-7f496124a000 rw-p 00000000 00:00 0 
7f496124a000-7f496124d000 ---p 00000000 00:00 0 
7f496124d000-7f496134b000 rw-p 00000000 00:00 0 
7f496134b000-7f496134e000 ---p 00000000 00:00 0 
7f496134e000-7f496144c000 rw-p 00000000 00:00 0 
7f496144c000-7f496144f000 ---p 00000000 00:00 0 
7f496144f000-7f496154d000 rw-p 00000000 00:00 0 
7f496154d000-7f4961550000 ---p 00000000 00:00 0 
7f4961550000-7f496164e000 rw-p 00000000 00:00 0 
7f496164e000-7f4961651000 ---p 00000000 00:00 0 
7f4961651000-7f496174f000 rw-p 00000000 00:00 0 
7f496174f000-7f4961c9c000 r--p 00000000 08:05 1051794                    /usr/lib/locale/locale-archive
7f4961c9c000-7f4961c9f000 ---p 00000000 00:00 0 
7f4961c9f000-7f4961d9d000 rw-p 00000000 00:00 0 
7f4961d9d000-7f4961da0000 ---p 00000000 00:00 0 
7f4961da0000-7f4961e9e000 rw-p 00000000 00:00 0 
7f4961e9e000-7f4961e9f000 ---p 00000000 00:00 0 
7f4961e9f000-7f4962e31000 rw-p 00000000 00:00 0 
7f4962e31000-7f4963000000 r--s 03c1b000 08:05 929783                     /opt/android-studio/jre/jre/lib/rt.jar
7f4963000000-7f49636c0000 rw-p 00000000 00:00 0 
7f49636c0000-7f4963800000 ---p 00000000 00:00 0 
7f4963800000-7f4964000000 rw-p 00000000 00:00 0 
7f4964000000-7f4964021000 rw-p 00000000 00:00 0 
7f4964021000-7f4968000000 ---p 00000000 00:00 0 
7f4968010000-7f49681a8000 rw-p 00000000 00:00 0 
7f49681a8000-7f49681a9000 ---p 00000000 00:00 0 
7f49681a9000-7f496838e000 rw-p 00000000 00:00 0 
7f496838e000-7f49687ff000 ---p 00000000 00:00 0 
7f49687ff000-7f49688e4000 rw-p 00000000 00:00 0 
7f49688e4000-7f4968d54000 ---p 00000000 00:00 0 
7f4968d54000-7f4968f20000 rw-p 00000000 00:00 0 
7f4968f20000-7f4968fff000 ---p 00000000 00:00 0 
7f4968fff000-7f4969000000 rw-p 00000000 00:00 0 
7f4969000000-7f4969c10000 rwxp 00000000 00:00 0 
7f4969c10000-7f4978000000 ---p 00000000 00:00 0 
7f4978000000-7f49783ad000 rw-p 00000000 00:00 0 
7f49783ad000-7f497c000000 ---p 00000000 00:00 0 
7f497c019000-7f497c067000 rw-p 00000000 00:00 0 
7f497c067000-7f497c068000 ---p 00000000 00:00 0 
7f497c068000-7f497c168000 rw-p 00000000 00:00 0 
7f497c168000-7f497c169000 ---p 00000000 00:00 0 
7f497c169000-7f497c269000 rw-p 00000000 00:00 0 
7f497c269000-7f497c26a000 ---p 00000000 00:00 0 
7f497c26a000-7f497c39b000 rw-p 00000000 00:00 0 
7f497c39b000-7f497c72a000 ---p 00000000 00:00 0 
7f497c72a000-7f497c744000 r-xp 00000000 08:05 929798                     /opt/android-studio/jre/jre/lib/amd64/libzip.so
7f497c744000-7f497c944000 ---p 0001a000 08:05 929798                     /opt/android-studio/jre/jre/lib/amd64/libzip.so
7f497c944000-7f497c945000 r--p 0001a000 08:05 929798                     /opt/android-studio/jre/jre/lib/amd64/libzip.so
7f497c945000-7f497c946000 rw-p 0001b000 08:05 929798                     /opt/android-studio/jre/jre/lib/amd64/libzip.so
7f497c946000-7f497c951000 r-xp 00000000 08:05 657657                     /lib/x86_64-linux-gnu/libnss_files-2.23.so
7f497c951000-7f497cb50000 ---p 0000b000 08:05 657657                     /lib/x86_64-linux-gnu/libnss_files-2.23.so
7f497cb50000-7f497cb51000 r--p 0000a000 08:05 657657                     /lib/x86_64-linux-gnu/libnss_files-2.23.so
7f497cb51000-7f497cb52000 rw-p 0000b000 08:05 657657                     /lib/x86_64-linux-gnu/libnss_files-2.23.so
7f497cb52000-7f497cb58000 rw-p 00000000 00:00 0 
7f497cb58000-7f497cb63000 r-xp 00000000 08:05 657660                     /lib/x86_64-linux-gnu/libnss_nis-2.23.so
7f497cb63000-7f497cd62000 ---p 0000b000 08:05 657660                     /lib/x86_64-linux-gnu/libnss_nis-2.23.so
7f497cd62000-7f497cd63000 r--p 0000a000 08:05 657660                     /lib/x86_64-linux-gnu/libnss_nis-2.23.so
7f497cd63000-7f497cd64000 rw-p 0000b000 08:05 657660                     /lib/x86_64-linux-gnu/libnss_nis-2.23.so
7f497cd64000-7f497cd7a000 r-xp 00000000 08:05 657653                     /lib/x86_64-linux-gnu/libnsl-2.23.so
7f497cd7a000-7f497cf79000 ---p 00016000 08:05 657653                     /lib/x86_64-linux-gnu/libnsl-2.23.so
7f497cf79000-7f497cf7a000 r--p 00015000 08:05 657653                     /lib/x86_64-linux-gnu/libnsl-2.23.so
7f497cf7a000-7f497cf7b000 rw-p 00016000 08:05 657653                     /lib/x86_64-linux-gnu/libnsl-2.23.so
7f497cf7b000-7f497cf7d000 rw-p 00000000 00:00 0 
7f497cf7d000-7f497cf85000 r-xp 00000000 08:05 657666                     /lib/x86_64-linux-gnu/libnss_compat-2.23.so
7f497cf85000-7f497d184000 ---p 00008000 08:05 657666                     /lib/x86_64-linux-gnu/libnss_compat-2.23.so
7f497d184000-7f497d185000 r--p 00007000 08:05 657666                     /lib/x86_64-linux-gnu/libnss_compat-2.23.so
7f497d185000-7f497d186000 rw-p 00008000 08:05 657666                     /lib/x86_64-linux-gnu/libnss_compat-2.23.so
7f497d186000-7f497d1b3000 r-xp 00000000 08:05 929815                     /opt/android-studio/jre/jre/lib/amd64/libjava.so
7f497d1b3000-7f497d3b2000 ---p 0002d000 08:05 929815                     /opt/android-studio/jre/jre/lib/amd64/libjava.so
7f497d3b2000-7f497d3b3000 r--p 0002c000 08:05 929815                     /opt/android-studio/jre/jre/lib/amd64/libjava.so
7f497d3b3000-7f497d3b5000 rw-p 0002d000 08:05 929815                     /opt/android-studio/jre/jre/lib/amd64/libjava.so
7f497d3b5000-7f497d3c5000 r-xp 00000000 08:05 929788                     /opt/android-studio/jre/jre/lib/amd64/libverify.so
7f497d3c5000-7f497d5c4000 ---p 00010000 08:05 929788                     /opt/android-studio/jre/jre/lib/amd64/libverify.so
7f497d5c4000-7f497d5c6000 r--p 0000f000 08:05 929788                     /opt/android-studio/jre/jre/lib/amd64/libverify.so
7f497d5c6000-7f497d5c7000 rw-p 00011000 08:05 929788                     /opt/android-studio/jre/jre/lib/amd64/libverify.so
7f497d5c7000-7f497d5ce000 r-xp 00000000 08:05 657662                     /lib/x86_64-linux-gnu/librt-2.23.so
7f497d5ce000-7f497d7cd000 ---p 00007000 08:05 657662                     /lib/x86_64-linux-gnu/librt-2.23.so
7f497d7cd000-7f497d7ce000 r--p 00006000 08:05 657662                     /lib/x86_64-linux-gnu/librt-2.23.so
7f497d7ce000-7f497d7cf000 rw-p 00007000 08:05 657662                     /lib/x86_64-linux-gnu/librt-2.23.so
7f497d7cf000-7f497d8d7000 r-xp 00000000 08:05 657671                     /lib/x86_64-linux-gnu/libm-2.23.so
7f497d8d7000-7f497dad6000 ---p 00108000 08:05 657671                     /lib/x86_64-linux-gnu/libm-2.23.so
7f497dad6000-7f497dad7000 r--p 00107000 08:05 657671                     /lib/x86_64-linux-gnu/libm-2.23.so
7f497dad7000-7f497dad8000 rw-p 00108000 08:05 657671                     /lib/x86_64-linux-gnu/libm-2.23.so
7f497dad8000-7f497e6c9000 r-xp 00000000 08:05 929796                     /opt/android-studio/jre/jre/lib/amd64/server/libjvm.so
7f497e6c9000-7f497e8c9000 ---p 00bf1000 08:05 929796                     /opt/android-studio/jre/jre/lib/amd64/server/libjvm.so
7f497e8c9000-7f497e968000 r--p 00bf1000 08:05 929796                     /opt/android-studio/jre/jre/lib/amd64/server/libjvm.so
7f497e968000-7f497e991000 rw-p 00c90000 08:05 929796                     /opt/android-studio/jre/jre/lib/amd64/server/libjvm.so
7f497e991000-7f497e9d5000 rw-p 00000000 00:00 0 
7f497e9d5000-7f497e9ed000 r-xp 00000000 08:05 657659                     /lib/x86_64-linux-gnu/libpthread-2.23.so
7f497e9ed000-7f497ebec000 ---p 00018000 08:05 657659                     /lib/x86_64-linux-gnu/libpthread-2.23.so
7f497ebec000-7f497ebed000 r--p 00017000 08:05 657659                     /lib/x86_64-linux-gnu/libpthread-2.23.so
7f497ebed000-7f497ebee000 rw-p 00018000 08:05 657659                     /lib/x86_64-linux-gnu/libpthread-2.23.so
7f497ebee000-7f497ebf2000 rw-p 00000000 00:00 0 
7f497ebf2000-7f497ebf5000 r-xp 00000000 08:05 657665                     /lib/x86_64-linux-gnu/libdl-2.23.so
7f497ebf5000-7f497edf4000 ---p 00003000 08:05 657665                     /lib/x86_64-linux-gnu/libdl-2.23.so
7f497edf4000-7f497edf5000 r--p 00002000 08:05 657665                     /lib/x86_64-linux-gnu/libdl-2.23.so
7f497edf5000-7f497edf6000 rw-p 00003000 08:05 657665                     /lib/x86_64-linux-gnu/libdl-2.23.so
7f497edf6000-7f497efb6000 r-xp 00000000 08:05 657676                     /lib/x86_64-linux-gnu/libc-2.23.so
7f497efb6000-7f497f1b6000 ---p 001c0000 08:05 657676                     /lib/x86_64-linux-gnu/libc-2.23.so
7f497f1b6000-7f497f1ba000 r--p 001c0000 08:05 657676                     /lib/x86_64-linux-gnu/libc-2.23.so
7f497f1ba000-7f497f1bc000 rw-p 001c4000 08:05 657676                     /lib/x86_64-linux-gnu/libc-2.23.so
7f497f1bc000-7f497f1c0000 rw-p 00000000 00:00 0 
7f497f1c0000-7f497f1d6000 r-xp 00000000 08:05 929747                     /opt/android-studio/jre/lib/amd64/jli/libjli.so
7f497f1d6000-7f497f3d5000 ---p 00016000 08:05 929747                     /opt/android-studio/jre/lib/amd64/jli/libjli.so
7f497f3d5000-7f497f3d6000 r--p 00015000 08:05 929747                     /opt/android-studio/jre/lib/amd64/jli/libjli.so
7f497f3d6000-7f497f3d7000 rw-p 00016000 08:05 929747                     /opt/android-studio/jre/lib/amd64/jli/libjli.so
7f497f3d7000-7f497f3fd000 r-xp 00000000 08:05 657654                     /lib/x86_64-linux-gnu/ld-2.23.so
7f497f3ff000-7f497f406000 r--s 00000000 08:05 8623                       /usr/lib/x86_64-linux-gnu/gconv/gconv-modules.cache
7f497f406000-7f497f4d9000 rw-p 00000000 00:00 0 
7f497f4d9000-7f497f4dc000 ---p 00000000 00:00 0 
7f497f4dc000-7f497f5de000 rw-p 00000000 00:00 0 
7f497f5e2000-7f497f5f0000 r--s 000e0000 08:05 582483                     /root/Android/Sdk/build-tools/25.0.2/lib/dx.jar
7f497f5f0000-7f497f5f8000 rw-s 00000000 08:05 1856787                    /tmp/hsperfdata_root/8030
7f497f5f8000-7f497f5f9000 rw-p 00000000 00:00 0 
7f497f5f9000-7f497f5fa000 ---p 00000000 00:00 0 
7f497f5fa000-7f497f5fc000 rw-p 00000000 00:00 0 
7f497f5fc000-7f497f5fd000 r--p 00025000 08:05 657654                     /lib/x86_64-linux-gnu/ld-2.23.so
7f497f5fd000-7f497f5fe000 rw-p 00026000 08:05 657654                     /lib/x86_64-linux-gnu/ld-2.23.so
7f497f5fe000-7f497f5ff000 rw-p 00000000 00:00 0 
7fffa8bc3000-7fffa8be4000 rw-p 00000000 00:00 0                          [stack]
7fffa8be7000-7fffa8be9000 r--p 00000000 00:00 0                          [vvar]
7fffa8be9000-7fffa8beb000 r-xp 00000000 00:00 0                          [vdso]
ffffffffff600000-ffffffffff601000 r-xp 00000000 00:00 0                  [vsyscall]

VM Arguments:
jvm_args: -Djava.awt.headless=true -Xmx4g -Dfile.encoding=UTF-8 -Duser.country=GT -Duser.language=es -Duser.variant 
java_command: com.android.dx.command.Main --dex --num-threads=4 --multi-dex --main-dex-list /home/lester/CONVERSA/Conversa-Android/app/build/intermediates/multi-dex/debug/maindexlist.txt --output /home/lester/CONVERSA/Conversa-Android/app/build/intermediates/transforms/dex/debug/folders/1000/1f/main /home/lester/CONVERSA/Conversa-Android/app/build/intermediates/transforms/jarMerging/debug/jars/1/1f/combined.jar
java_class_path (initial): /root/Android/Sdk/build-tools/25.0.2/lib/dx.jar
Launcher Type: SUN_STANDARD

Environment Variables:
PATH=/usr/local/sbin:/usr/local/bin:/usr/sbin:/usr/bin:/sbin:/bin:/snap/bin
USERNAME=root
LD_LIBRARY_PATH=/opt/android-studio/bin:
SHELL=/bin/bash
DISPLAY=:0

Signal Handlers:
SIGSEGV: [libjvm.so+0x9e5150], sa_mask[0]=11111111011111111101111111111110, sa_flags=SA_RESTART|SA_SIGINFO
SIGBUS: [libjvm.so+0x9e5150], sa_mask[0]=11111111011111111101111111111110, sa_flags=SA_RESTART|SA_SIGINFO
SIGFPE: [libjvm.so+0x848450], sa_mask[0]=11111111011111111101111111111110, sa_flags=SA_RESTART|SA_SIGINFO
SIGPIPE: [libjvm.so+0x848450], sa_mask[0]=11111111011111111101111111111110, sa_flags=SA_RESTART|SA_SIGINFO
SIGXFSZ: [libjvm.so+0x848450], sa_mask[0]=11111111011111111101111111111110, sa_flags=SA_RESTART|SA_SIGINFO
SIGILL: [libjvm.so+0x848450], sa_mask[0]=11111111011111111101111111111110, sa_flags=SA_RESTART|SA_SIGINFO
SIGUSR1: SIG_DFL, sa_mask[0]=00000000000000000000000000000000, sa_flags=none
SIGUSR2: [libjvm.so+0x848320], sa_mask[0]=00100000000000000000000000000000, sa_flags=SA_RESTART|SA_SIGINFO
SIGHUP: [libjvm.so+0x848510], sa_mask[0]=11111111011111111101111111111110, sa_flags=SA_RESTART|SA_SIGINFO
SIGINT: [libjvm.so+0x848510], sa_mask[0]=11111111011111111101111111111110, sa_flags=SA_RESTART|SA_SIGINFO
SIGTERM: [libjvm.so+0x848510], sa_mask[0]=11111111011111111101111111111110, sa_flags=SA_RESTART|SA_SIGINFO
SIGQUIT: [libjvm.so+0x848510], sa_mask[0]=11111111011111111101111111111110, sa_flags=SA_RESTART|SA_SIGINFO


---------------  S Y S T E M  ---------------

OS:DISTRIB_ID=Ubuntu
DISTRIB_RELEASE=16.04
DISTRIB_CODENAME=xenial
DISTRIB_DESCRIPTION="Ubuntu 16.04.3 LTS"

uname:Linux 4.4.0-92-generic #115-Ubuntu SMP Thu Aug 10 09:04:33 UTC 2017 x86_64
libc:glibc 2.23 NPTL 2.23 
rlimit: STACK 8192k, CORE 0k, NPROC 31122, NOFILE 1048576, AS infinity
load average:2.88 1.09 1.30

/proc/meminfo:
MemTotal:        8075520 kB
MemFree:          147416 kB
MemAvailable:      73264 kB
Buffers:            3620 kB
Cached:           684692 kB
SwapCached:            0 kB
Active:          6314676 kB
Inactive:         612496 kB
Active(anon):    6284368 kB
Inactive(anon):   570548 kB
Active(file):      30308 kB
Inactive(file):    41948 kB
Unevictable:          32 kB
Mlocked:              32 kB
SwapTotal:             0 kB
SwapFree:              0 kB
Dirty:             19684 kB
Writeback:             0 kB
AnonPages:       6239684 kB
Mapped:           995108 kB
Shmem:            615264 kB
Slab:             104468 kB
SReclaimable:      57464 kB
SUnreclaim:        47004 kB
KernelStack:       13360 kB
PageTables:        49468 kB
NFS_Unstable:          0 kB
Bounce:                0 kB
WritebackTmp:          0 kB
CommitLimit:     4037760 kB
Committed_AS:   12114476 kB
VmallocTotal:   34359738367 kB
VmallocUsed:           0 kB
VmallocChunk:          0 kB
HardwareCorrupted:     0 kB
AnonHugePages:   3233792 kB
CmaTotal:              0 kB
CmaFree:               0 kB
HugePages_Total:       0
HugePages_Free:        0
HugePages_Rsvd:        0
HugePages_Surp:        0
Hugepagesize:       2048 kB
DirectMap4k:      191276 kB
DirectMap2M:     6000640 kB
DirectMap1G:     3145728 kB


CPU:total 4 (2 cores per cpu, 2 threads per core) family 6 model 61 stepping 4, cmov, cx8, fxsr, mmx, sse, sse2, sse3, ssse3, sse4.1, sse4.2, popcnt, avx, avx2, aes, clmul, erms, 3dnowpref, lzcnt, ht, tsc, tscinvbit, bmi1, bmi2, adx

/proc/cpuinfo:
processor	: 0
vendor_id	: GenuineIntel
cpu family	: 6
model		: 61
model name	: Intel(R) Core(TM) i7-5500U CPU @ 2.40GHz
stepping	: 4
microcode	: 0x18
cpu MHz		: 2129.343
cache size	: 4096 KB
physical id	: 0
siblings	: 4
core id		: 0
cpu cores	: 2
apicid		: 0
initial apicid	: 0
fpu		: yes
fpu_exception	: yes
cpuid level	: 20
wp		: yes
flags		: fpu vme de pse tsc msr pae mce cx8 apic sep mtrr pge mca cmov pat pse36 clflush dts acpi mmx fxsr sse sse2 ss ht tm pbe syscall nx pdpe1gb rdtscp lm constant_tsc arch_perfmon pebs bts rep_good nopl xtopology nonstop_tsc aperfmperf eagerfpu pni pclmulqdq dtes64 monitor ds_cpl vmx est tm2 ssse3 sdbg fma cx16 xtpr pdcm pcid sse4_1 sse4_2 x2apic movbe popcnt tsc_deadline_timer aes xsave avx f16c rdrand lahf_lm abm 3dnowprefetch epb intel_pt tpr_shadow vnmi flexpriority ept vpid fsgsbase tsc_adjust bmi1 avx2 smep bmi2 erms invpcid rdseed adx smap xsaveopt dtherm ida arat pln pts
bugs		:
bogomips	: 4788.90
clflush size	: 64
cache_alignment	: 64
address sizes	: 39 bits physical, 48 bits virtual
power management:

processor	: 1
vendor_id	: GenuineIntel
cpu family	: 6
model		: 61
model name	: Intel(R) Core(TM) i7-5500U CPU @ 2.40GHz
stepping	: 4
microcode	: 0x18
cpu MHz		: 2476.500
cache size	: 4096 KB
physical id	: 0
siblings	: 4
core id		: 1
cpu cores	: 2
apicid		: 2
initial apicid	: 2
fpu		: yes
fpu_exception	: yes
cpuid level	: 20
wp		: yes
flags		: fpu vme de pse tsc msr pae mce cx8 apic sep mtrr pge mca cmov pat pse36 clflush dts acpi mmx fxsr sse sse2 ss ht tm pbe syscall nx pdpe1gb rdtscp lm constant_tsc arch_perfmon pebs bts rep_good nopl xtopology nonstop_tsc aperfmperf eagerfpu pni pclmulqdq dtes64 monitor ds_cpl vmx est tm2 ssse3 sdbg fma cx16 xtpr pdcm pcid sse4_1 sse4_2 x2apic movbe popcnt tsc_deadline_timer aes xsave avx f16c rdrand lahf_lm abm 3dnowprefetch epb intel_pt tpr_shadow vnmi flexpriority ept vpid fsgsbase tsc_adjust bmi1 avx2 smep bmi2 erms invpcid rdseed adx smap xsaveopt dtherm ida arat pln pts
bugs		:
bogomips	: 4788.90
clflush size	: 64
cache_alignment	: 64
address sizes	: 39 bits physical, 48 bits virtual
power management:

processor	: 2
vendor_id	: GenuineIntel
cpu family	: 6
model		: 61
model name	: Intel(R) Core(TM) i7-5500U CPU @ 2.40GHz
stepping	: 4
microcode	: 0x18
cpu MHz		: 2101.500
cache size	: 4096 KB
physical id	: 0
siblings	: 4
core id		: 0
cpu cores	: 2
apicid		: 1
initial apicid	: 1
fpu		: yes
fpu_exception	: yes
cpuid level	: 20
wp		: yes
flags		: fpu vme de pse tsc msr pae mce cx8 apic sep mtrr pge mca cmov pat pse36 clflush dts acpi mmx fxsr sse sse2 ss ht tm pbe syscall nx pdpe1gb rdtscp lm constant_tsc arch_perfmon pebs bts rep_good nopl xtopology nonstop_tsc aperfmperf eagerfpu pni pclmulqdq dtes64 monitor ds_cpl vmx est tm2 ssse3 sdbg fma cx16 xtpr pdcm pcid sse4_1 sse4_2 x2apic movbe popcnt tsc_deadline_timer aes xsave avx f16c rdrand lahf_lm abm 3dnowprefetch epb intel_pt tpr_shadow vnmi flexpriority ept vpid fsgsbase tsc_adjust bmi1 avx2 smep bmi2 erms invpcid rdseed adx smap xsaveopt dtherm ida arat pln pts
bugs		:
bogomips	: 4788.90
clflush size	: 64
cache_alignment	: 64
address sizes	: 39 bits physical, 48 bits virtual
power management:

processor	: 3
vendor_id	: GenuineIntel
cpu family	: 6
model		: 61
model name	: Intel(R) Core(TM) i7-5500U CPU @ 2.40GHz
stepping	: 4
microcode	: 0x18
cpu MHz		: 2400.000
cache size	: 4096 KB
physical id	: 0
siblings	: 4
core id		: 1
cpu cores	: 2
apicid		: 3
initial apicid	: 3
fpu		: yes
fpu_exception	: yes
cpuid level	: 20
wp		: yes
flags		: fpu vme de pse tsc msr pae mce cx8 apic sep mtrr pge mca cmov pat pse36 clflush dts acpi mmx fxsr sse sse2 ss ht tm pbe syscall nx pdpe1gb rdtscp lm constant_tsc arch_perfmon pebs bts rep_good nopl xtopology nonstop_tsc aperfmperf eagerfpu pni pclmulqdq dtes64 monitor ds_cpl vmx est tm2 ssse3 sdbg fma cx16 xtpr pdcm pcid sse4_1 sse4_2 x2apic movbe popcnt tsc_deadline_timer aes xsave avx f16c rdrand lahf_lm abm 3dnowprefetch epb intel_pt tpr_shadow vnmi flexpriority ept vpid fsgsbase tsc_adjust bmi1 avx2 smep bmi2 erms invpcid rdseed adx smap xsaveopt dtherm ida arat pln pts
bugs		:
bogomips	: 4788.90
clflush size	: 64
cache_alignment	: 64
address sizes	: 39 bits physical, 48 bits virtual
power management:



Memory: 4k page, physical 8075520k(147416k free), swap 0k(0k free)

vm_info: OpenJDK 64-Bit Server VM (25.112-b06) for linux-amd64 JRE (1.8.0_112-release-b06), built on Dec  6 2016 12:11:18 by "builder" with gcc 4.8.4

time: Tue Sep  5 21:27:52 2017
elapsed time: 22 seconds (0d 0h 0m 22s)

